-1
6293
-1
19128
-1
-1
-1
28104
-1
-1
-1
26471
-1
-1
-1
-1
-1
5134
-1
-1
31281
-1
-1
-1
-1
-1
-1
-1
-1
14271
-1
19759
-1
-1
-1
-1
-1
16882
-1
-1
23658
-1
30180
-1
-1
-1
3047
-1
22980
-1
-1
-1
-1
32685
-1
-1
-1
-1
19749
-1
2257
-1
12028
-1
-1
27158
-1
-1
-1
-1
15919
-1
-1
-1
8799
-1
-1
26558
-1
-1
9075
-1
16406
-1
-1
-1
-1
-1
-1
13396
-1
31921
-1
-1
-1
10581
-1
-1
16705
-1
-1
27576
-1
18065
-1
-1
7624
-1
29965
-1
-1
22329
-1
-1
-1
-1
18938
-1
-1
-1
17258
-1
-1
-1
-1
19955
-1
-1
-1
-1
25774
-1
-1
13511
-1
-1
29041
-1
-1
-1
950
-1
9098
-1
1474
-1
30773
-1
8830
-1
-1
-1
11916
-1
-1
26606
-1
32386
-1
-1
4704
-1
25940
-1
14054
-1
17946
-1
-1
6689
-1
27571
-1
4778
-1
-1
23968
-1
-1
23146
-1
-1
-1
-1
-1
26881
-1
-1
11105
-1
-1
-1
22346
-1
-1
-1
4196
-1
18179
-1
1898
-1
9835
-1
13686
-1
-1
30250
-1
16954
-1
380
-1
17602
-1
32625
-1
11148
-1
-1
26776
-1
26422
-1
-1
13350
-1
-1
13178
-1
-1
-1
-1
-1
20539
-1
-1
14434
-1
-1
-1
12152
-1
26846
-1
-1
-1
17181
-1
-1
8877
-1
20012
-1
-1
-1
19386
-1
-1
-1
28241
-1
18726
-1
-1
30330
-1
6765
-1
-1
-1
24335
-1
-1
-1
2565
-1
-1
-1
21672
-1
-1
-1
-1
-1
10253
-1
-1
7576
-1
-1
28819
-1
-1
-1
26463
-1
-1
17822
-1
-1
30739
-1
19057
-1
-1
-1
6078
-1
-1
28499
-1
14307
-1
8670
-1
-1
21525
-1
-1
16494
-1
17244
-1
-1
20223
-1
-1
25541
-1
3650
-1
-1
12787
-1
-1
30992
-1
-1
1473
-1
-1
25197
-1
-1
920
-1
15740
-1
-1
27275
-1
-1
23165
-1
-1
21178
-1
-1
-1
-1
9883
-1
-1
-1
-1
-1
25673
-1
-1
-1
28853
-1
8441
-1
-1
-1
22003
-1
-1
15790
-1
6280
-1
3766
-1
23656
-1
-1
-1
26129
-1
-1
-1
-1
18387
-1
20552
-1
-1
-1
31977
-1
-1
12222
-1
-1
-1
13093
-1
-1
-1
28209
-1
-1
-1
-1
12638
-1
-1
30385
-1
-1
27290
-1
-1
-1
-1
-1
30918
-1
-1
4704
-1
-1
22933
-1
14035
-1
29030
-1
19571
-1
-1
-1
7145
-1
9855
-1
-1
26436
-1
24177
-1
-1
21640
-1
12693
-1
-1
-1
22833
-1
25219
-1
18319
-1
-1
29048
-1
2831
-1
31788
-1
-1
20001
-1
6934
-1
-1
-1
-1
19271
-1
26940
-1
-1
8845
-1
30104
-1
25300
-1
6779
-1
13138
-1
6458
-1
32233
-1
6852
-1
1172
-1
-1
-1
28924
-1
15109
-1
-1
10623
-1
24850
-1
-1
13722
-1
-1
29571
-1
16513
-1
-1
7165
-1
-1
21650
-1
-1
-1
10436
-1
2784
-1
17498
-1
-1
20125
-1
1467
-1
19518
-1
-1
27504
-1
-1
30811
-1
23265
-1
-1
-1
18930
-1
6900
-1
-1
22243
-1
-1
16454
-1
-1
24796
-1
-1
1473
-1
-1
19476
-1
19564
-1
-1
-1
-1
28706
-1
8469
-1
20170
-1
-1
7715
-1
20546
-1
-1
-1
-1
9156
-1
21231
-1
2452
-1
-1
21830
-1
14948
-1
18549
-1
-1
16199
-1
30872
-1
15672
-1
-1
-1
20642
-1
10556
-1
24068
-1
-1
-1
22862
-1
-1
10248
-1
-1
-1
-1
12842
-1
-1
-1
20124
-1
32497
-1
-1
26360
-1
-1
-1
-1
14057
-1
-1
-1
-1
-1
28946
-1
6871
-1
-1
26153
-1
16501
-1
16764
-1
4169
-1
-1
25655
-1
-1
-1
-1
7270
-1
11846
-1
23440
-1
16779
-1
22688
-1
-1
25226
-1
30905
-1
19662
-1
26871
-1
25143
-1
-1
2606
-1
-1
-1
21322
-1
10158
-1
-1
-1
22344
-1
-1
11414
-1
19763
-1
-1
31922
-1
-1
21668
-1
-1
-1
-1
25039
-1
-1
11536
-1
915
-1
-1
29398
-1
-1
22163
-1
-1
-1
-1
17561
-1
-1
10613
-1
-1
21242
-1
-1
28267
-1
15777
-1
12216
-1
-1
23739
-1
-1
-1
-1
-1
26101
-1
-1
25383
-1
-1
3955
-1
-1
-1
29735
-1
-1
-1
-1
22936
-1
-1
-1
-1
22381
-1
-1
-1
-1
24739
-1
-1
-1
4441
-1
31128
-1
-1
25309
-1
-1
-1
-1
-1
-1
20682
-1
21084
-1
13499
-1
28701
-1
-1
-1
12885
-1
-1
12389
-1
27282
-1
-1
-1
-1
32674
-1
-1
-1
17336
-1
-1
8468
-1
-1
14474
-1
8067
-1
18098
-1
7342
-1
-1
9823
-1
30065
-1
-1
12670
-1
22436
-1
-1
-1
-1
24099
-1
658
-1
-1
29683
-1
-1
19351
-1
16710
-1
-1
-1
32256
-1
2536
-1
-1
19766
-1
-1
3655
-1
6190
-1
16180
-1
-1
-1
22085
-1
-1
-1
6911
-1
23880
-1
24007
-1
4222
-1
-1
-1
30526
-1
-1
-1
24813
-1
-1
-1
25627
-1
-1
-1
28721
-1
-1
1611
-1
3045
-1
16788
-1
-1
-1
24284
-1
-1
9553
-1
32609
-1
-1
-1
760
-1
6312
-1
25285
-1
4719
-1
-1
2444
-1
23422
-1
25211
-1
13913
-1
24497
-1
-1
13176
-1
4776
-1
29898
-1
-1
-1
-1
-1
-1
16104
-1
28500
-1
-1
10569
-1
-1
22298
-1
-1
17344
-1
29787
-1
-1
-1
-1
11218
-1
15762
-1
24750
-1
-1
-1
-1
9448
-1
-1
-1
14267
-1
30052
-1
-1
-1
18227
-1
-1
2088
-1
18534
-1
-1
