18467 AO
26500 IIP
15724 ABIG
29358 PYL
24464 AMVZ
28145 HKK
16827 AHKK
491 NSC
11942 DKE
5436 GCQ
14604 AUWU
153 ETB
12382 KF
18716 YTA
19895 ACDJ
21726 HAM
11538 UVC
19912 BSW
26299 AKYE
9894 YEE
23811 APKY
30333 ATHR
4664 ZCS
7711 VJI
6868 AOTQ
27644 AKTO
32757 AVHF
12859 ACPQ
9741 LWM
778 ANRU
3035 RER
1842 AFUL
30106 KB
8942 MIR
22648 ABLX
23805 ANOP
6729 WMD
15350 AJAH
31101 VED
3548 AJBE
12623 ABZY
19954 AIPH
11840 AASJ
7376 GHZ
26308 TOU
32439 YAR
11323 AJKD
21538 HDY
2082 WUX
16541 AGWW
