779 CXLJAS
120346 CSYWFT
364211 FBQMJT
218082 DXZQOD
512278 DAWMTL
108395 FSPZZM
442339 FYEYMO
189259 DCKTES
56905 GXHHTB
91713 CQLUHP
615429 EBJHHT
74138 AGLNRS
5548 CETIBJ
330999 EZYDYB
374642 GNDBLA
103493 AVOXSH
280649 DMWOGD
35511 GQVUKF
487673 EKYOAU
323665 GMTJYH
545357 ACYMDW
595118 EDLMRM
335787 EOISCV
287679 EYRIIK
536807 GHAGLP
485393 BNLCPP
620578 AOQDRQ
380703 GFDLDE
165737 FFGVFO
523051 FNFTUD
234004 GRHXM
421610 GBGIGL
5472 GBDCXN
171760 GXGCRJ
366016 BMQIQB
521474 AEGPUK
301910 FCPIWU
463030 BXULBN
285114 GCFEGK
463467 DOYGUN
372951 EFMPLI
457596 HAATVZ
356364 GAYXXX
94354 CDJEQR
264689 EIZIOZ
321936 DGFOKE
467894 BRVFHE
105203 CKSQHV
306242 QYISD
435651 DNPPVO
