-1
859 ENB
6015 APS
98870 HRF
28035 LNB
61226 MDC
42966 PW
13094 GXC
62194 ILI
94251 FMS
98966 FRE
30966 FJV
64966 FZP
44866 DOE
42293 IMT
30787 LCC
19646 KLA
12398 CNS
89599 FLE
2328 JOO
93926 HIO
21967 JUL
69386 DNS
58580 BPK
23267 CCA
48069 CO
77241 IZR
37969 FMI
71369 KWC
84907 HTW
69124 HGN
31606 WL
50539 FHH
76336 HMN
56597 CNX
33884 HYP
32392 AHZ
63663 AD
6804 HKT
2351 DBK
76485 HQA
32664 HVP
41550 BWN
6466 AJR
79655 KMO
95239 IIR
68295 RZ
49604 MDK
33118 KWH
81167 LPW
111159 MRUH
106697 BBAWP
522192 CNNC
321471 AHYAV
728479 KDFF
115483 NNWO
619252 REOQ
144210 BAGRA
615871 VPWZ
117231 QGSI
551678 DSVG
210703 ANUFS
514165 DPCC
544065 ABHVK
92713 ORDQ
629050 JRQ
389643 VTFZ
321218 AEYC
715461 AJUCX
414161 AQWDH
355511 AREZM
638319 TTNK
343735 BBJJI
740807 AVZIW
557083 AZDQL
147706 JFIX
632638 DQKG
377499 BBFLI
20700 AIXTJ
431526 ACAAX
400430 BALPL
635352 AUDWN
495604 SJEK
634685 GCOI
82846 AROMK
236693 HCLS
215602 CXRF
105708 ALZPY
629004 AXRDM
452364 UTNF
190463 XKUU
1219 AYWYZ
607614 BBQXJ
158700 ATVSH
416921 AMYVK
85744 VJOF
566904 ABECG
409561 FNLU
329130 APEDP
524699 ZDJA
