66286 GEQ
41931 ENB
73190 APS
78036 HRF
53004 LNB
45559 MDC
62973 PW
69074 GXC
78109 ILI
90893 FMS
43743 FRE
90368 FJV
16285 FZP
18034 DOE
43764 IMT
92158 LCC
3554 KLA
42693 CNS
37406 FLE
43386 JOO
660169 AMBOV
720406 YIYD
406479 XKDV
348243 HKTP
649819 AUYKP
587581 TQBN
751226 ASQB
460851 BCUEL
200629 IDRM
633167 ASTQY
283268 ACMXH
510370 KZZR
6624 HJGP
207920 NOEB
443072 BDOFE
631258 PHXO
365470 BAPBC
560510 EMAK
345138 AJLQK
561039 ATTMD
451467 UOKE
553932 ACWQS
431388 DFHX
114218 AJTHI
320413 BCGCI
389712 AUJAO
566398 UCHE
127351 BGI
370714 LCFV
527367 KPBE
111159 MRUH
106697 BBAWP
522192 CNNC
321471 AHYAV
728479 KDFF
115483 NNWO
619252 REOQ
144210 BAGRA
615871 VPWZ
117231 QGSI
551678 DSVG
210703 ANUFS
514165 DPCC
544065 ABHVK
92713 ORDQ
629050 JRQ
389643 VTFZ
321218 AEYC
715461 AJUCX
414161 AQWDH
