This is XeTeX, Version 3.1415926-2.2-0.9995.2 (TeX Live 2009/Debian) (format=xelatex 2012.5.19)  11 DEC 2012 19:48
entering extended mode
 %&-line parsing enabled.
**89E.tex
(./89E.tex
LaTeX2e <2009/09/24>
Babel <v3.8l> and hyphenation patterns for english, usenglishmax, dumylang, noh
yphenation, pinyin, loaded.
! Undefined control sequence.
l.1 \newproblem
               {89D. Space mines}
? 
! Interruption.
<to be read again> 
                   {
l.1 \newproblem{
                89D. Space mines}
? q
OK, entering \batchmode...

! LaTeX Error: Missing \begin{document}.

See the LaTeX manual or LaTeX Companion for explanation.
Type  H <return>  for immediate help.
 ...                                              
                                                  
l.1 \newproblem{8
                 9D. Space mines}
You're in trouble here.  Try typing  <return>  to proceed.
If that doesn't work, type  X <return>  to quit.

Missing character: There is no 8 in font nullfont!
Missing character: There is no 9 in font nullfont!
Missing character: There is no D in font nullfont!
Missing character: There is no . in font nullfont!
Missing character: There is no S in font nullfont!
Missing character: There is no p in font nullfont!
Missing character: There is no a in font nullfont!
Missing character: There is no c in font nullfont!
Missing character: There is no e in font nullfont!
Missing character: There is no m in font nullfont!
Missing character: There is no i in font nullfont!
Missing character: There is no n in font nullfont!
Missing character: There is no e in font nullfont!
Missing character: There is no s in font nullfont!

! LaTeX Error: Environment prob undefined.

See the LaTeX manual or LaTeX Companion for explanation.
Type  H <return>  for immediate help.
 ...                                              
                                                  
l.2 \begin{prob}
                
Your command was ignored.
Type  I <command> <return>  to replace it with another command,
or  <return>  to continue without it.

Missing character: There is no 三 in font nullfont!
Missing character: There is no 维 in font nullfont!
Missing character: There is no 空 in font nullfont!
Missing character: There is no 间 in font nullfont!
Missing character: There is no 中 in font nullfont!
Missing character: There is no 布 in font nullfont!
Missing character: There is no 置 in font nullfont!
Missing character: There is no 着 in font nullfont!
LaTeX Font Info:    External font `cmex10' loaded for size
(Font)              <7> on input line 3.
LaTeX Font Info:    External font `cmex10' loaded for size
(Font)              <5> on input line 3.
Missing character: There is no 个 in font nullfont!
Missing character: There is no 地 in font nullfont!
Missing character: There is no 雷 in font nullfont!
Missing character: There is no ， in font nullfont!
Missing character: There is no 每 in font nullfont!
Missing character: There is no 个 in font nullfont!
Missing character: There is no 地 in font nullfont!
Missing character: There is no 雷 in font nullfont!
Missing character: There is no 由 in font nullfont!
Missing character: There is no 球 in font nullfont!
Missing character: There is no 形 in font nullfont!
Missing character: There is no 雷 in font nullfont!
Missing character: There is no 体 in font nullfont!
Missing character: There is no 和 in font nullfont!
Missing character: There is no 若 in font nullfont!
Missing character: There is no 干 in font nullfont!
Missing character: There is no 引 in font nullfont!
Missing character: There is no 线 in font nullfont!
Missing character: There is no 组 in font nullfont!
Missing character: There is no 成 in font nullfont!
Missing character: There is no 。 in font nullfont!
Missing character: There is no 雷 in font nullfont!
Missing character: There is no 体 in font nullfont!
Missing character: There is no 的 in font nullfont!
Missing character: There is no 半 in font nullfont!
Missing character: There is no 径 in font nullfont!
Missing character: There is no 为 in font nullfont!
Missing character: There is no ， in font nullfont!
Missing character: There is no 球 in font nullfont!
Missing character: There is no 心 in font nullfont!
Missing character: There is no 为 in font nullfont!
Missing character: There is no ； in font nullfont!
Missing character: There is no 每 in font nullfont!
Missing character: There is no 条 in font nullfont!
Missing character: There is no 引 in font nullfont!
Missing character: There is no 线 in font nullfont!
Missing character: There is no 可 in font nullfont!
Missing character: There is no 以 in font nullfont!
Missing character: There is no 被 in font nullfont!
Missing character: There is no 看 in font nullfont!
Missing character: There is no 作 in font nullfont!
Missing character: There is no 连 in font nullfont!
Missing character: There is no 接 in font nullfont!
Missing character: There is no 球 in font nullfont!
Missing character: There is no 心 in font nullfont!
Missing character: There is no 与 in font nullfont!
Missing character: There is no 球 in font nullfont!
Missing character: There is no 外 in font nullfont!
Missing character: There is no 某 in font nullfont!
Missing character: There is no 个 in font nullfont!
Missing character: There is no 点 in font nullfont!
Missing character: There is no 的 in font nullfont!
Missing character: There is no 线 in font nullfont!
Missing character: There is no 段 in font nullfont!
Missing character: There is no 。 in font nullfont!
Missing character: There is no 保 in font nullfont!
Missing character: There is no 证 in font nullfont!
Missing character: There is no 。 in font nullfont!

! LaTeX Error: \begin{document} ended by \end{prob}.

See the LaTeX manual or LaTeX Companion for explanation.
Type  H <return>  for immediate help.
 ...                                              
                                                  
l.4 \end{prob}
              
Your command was ignored.
Type  I <command> <return>  to replace it with another command,
or  <return>  to continue without it.


Overfull \hbox (20.0pt too wide) in paragraph at lines 1--5
[]
 []


Overfull \hbox (58.33197pt too wide) in paragraph at lines 1--5
\OML/cmm/m/it/10 n$$r$$O$$P$$\OMS/cmsy/m/n/10 j\OML/cmm/m/it/10 OP\OMS/cmsy/m/n
/10 j ^^T
 []


Overfull \hbox (11.17549pt too wide) in paragraph at lines 1--5
[]\OML/cmm/m/it/10 r$
 []


! LaTeX Error: Environment sol undefined.

See the LaTeX manual or LaTeX Companion for explanation.
Type  H <return>  for immediate help.
 ...                                              
                                                  
l.6 \begin{sol}
               
Your command was ignored.
Type  I <command> <return>  to replace it with another command,
or  <return>  to continue without it.


! LaTeX Error: \begin{document} ended by \end{sol}.

See the LaTeX manual or LaTeX Companion for explanation.
Type  H <return>  for immediate help.
 ...                                              
                                                  
l.7 \end{sol}
             
Your command was ignored.
Type  I <command> <return>  to replace it with another command,
or  <return>  to continue without it.


! Interruption.
l.2315775 
          
? 
! Interruption.
l.9845271 
          
? 
! Interruption.
l.10561021 
           
? q
OK, entering \batchmode...

! Interruption.
l.12712045 
           
? q
OK, entering \batchmode...

! Interruption.
l.16277843 
           
? 
! Interruption.
l.22549665 
           
? 1
Type <return> to proceed, S to scroll future error messages,
R to run without stopping, Q to run quietly,
I to insert something, E to edit your file,
H for help, X to quit.
? X
 
Here is how much of TeX's memory you used:
 10 strings out of 495713
 74 string characters out of 1188883
 45203 words of memory out of 3000000
 3246 multiletter control sequences out of 15000+50000
 3640 words of font info for 14 fonts, out of 3000000 for 9000
 28 hyphenation exceptions out of 8191
 18i,2n,12p,128b,58s stack positions out of 5000i,500n,10000p,200000b,50000s
No pages of output.
