This is XeTeX, Version 3.1415926-2.2-0.9995.2 (TeX Live 2009/Debian) (format=xelatex 2012.5.19)  13 DEC 2012 21:49
entering extended mode
 %&-line parsing enabled.
**97A.tex
(./97A.tex
LaTeX2e <2009/09/24>
Babel <v3.8l> and hyphenation patterns for english, usenglishmax, dumylang, noh
yphenation, pinyin, loaded.
! Undefined control sequence.
l.1 \newproblem
               {97A. Domino}
? q
OK, entering \batchmode...

! LaTeX Error: Missing \begin{document}.

See the LaTeX manual or LaTeX Companion for explanation.
Type  H <return>  for immediate help.
 ...                                              
                                                  
l.1 \newproblem{9
                 7A. Domino}
You're in trouble here.  Try typing  <return>  to proceed.
If that doesn't work, type  X <return>  to quit.

Missing character: There is no 9 in font nullfont!
Missing character: There is no 7 in font nullfont!
Missing character: There is no A in font nullfont!
Missing character: There is no . in font nullfont!
Missing character: There is no D in font nullfont!
Missing character: There is no o in font nullfont!
Missing character: There is no m in font nullfont!
Missing character: There is no i in font nullfont!
Missing character: There is no n in font nullfont!
Missing character: There is no o in font nullfont!

! LaTeX Error: Environment prob undefined.

See the LaTeX manual or LaTeX Companion for explanation.
Type  H <return>  for immediate help.
 ...                                              
                                                  
l.2 \begin{prob}
                
Your command was ignored.
Type  I <command> <return>  to replace it with another command,
or  <return>  to continue without it.

Missing character: There is no 有 in font nullfont!
Missing character: There is no 一 in font nullfont!
Missing character: There is no 副 in font nullfont!
LaTeX Font Info:    External font `cmex10' loaded for size
(Font)              <7> on input line 3.
LaTeX Font Info:    External font `cmex10' loaded for size
(Font)              <5> on input line 3.
Missing character: There is no 的 in font nullfont!
Missing character: There is no 骨 in font nullfont!
Missing character: There is no 牌 in font nullfont!
Missing character: There is no ， in font nullfont!
Missing character: There is no 共 in font nullfont!
Missing character: There is no 2 in font nullfont!
Missing character: There is no 8 in font nullfont!
Missing character: There is no 块 in font nullfont!
Missing character: There is no ， in font nullfont!
Missing character: There is no 骨 in font nullfont!
Missing character: There is no 牌 in font nullfont!
Missing character: There is no 的 in font nullfont!
Missing character: There is no 每 in font nullfont!
Missing character: There is no 一 in font nullfont!
Missing character: There is no 半 in font nullfont!
Missing character: There is no 包 in font nullfont!
Missing character: There is no 含 in font nullfont!
Missing character: There is no 一 in font nullfont!
Missing character: There is no 个 in font nullfont!
Missing character: There is no 0 in font nullfont!
Missing character: There is no 到 in font nullfont!
Missing character: There is no 6 in font nullfont!
Missing character: There is no 的 in font nullfont!
Missing character: There is no 数 in font nullfont!
Missing character: There is no 字 in font nullfont!
Missing character: There is no 。 in font nullfont!
Missing character: There is no 如 in font nullfont!
Missing character: There is no 下 in font nullfont!
Missing character: There is no 所 in font nullfont!
Missing character: There is no 示 in font nullfont!
Missing character: There is no ： in font nullfont!

Overfull \hbox (20.0pt too wide) in paragraph at lines 1--3
[]
 []


Overfull \hbox (12.77782pt too wide) in paragraph at lines 1--3
\OT1/cmr/m/n/10 2 \OMS/cmsy/m/n/10 ^^B
 []


Overfull \hbox (5.00002pt too wide) in paragraph at lines 1--3
\OT1/cmr/m/n/10 1$ 
 []

Missing character: There is no 　 in font cmtt10!
Missing character: There is no 　 in font cmtt10!

Overfull \hbox (141.74876pt too wide) in paragraph at lines 11--11
[]\OT1/cmtt/m/n/10 0-0 0-1 0-2 0-3 0-4 0-5 0-6[] 
 []

Missing character: There is no 　 in font cmtt10!
Missing character: There is no 　 in font cmtt10!

Overfull \hbox (120.74895pt too wide) in paragraph at lines 11--11
[]\OT1/cmtt/m/n/10 1-1 1-2 1-3 1-4 1-5 1-6[] 
 []

Missing character: There is no 　 in font cmtt10!
Missing character: There is no 　 in font cmtt10!

Overfull \hbox (99.74913pt too wide) in paragraph at lines 11--11
[]\OT1/cmtt/m/n/10 2-2 2-3 2-4 2-5 2-6[] 
 []

Missing character: There is no 　 in font cmtt10!
Missing character: There is no 　 in font cmtt10!

Overfull \hbox (78.74931pt too wide) in paragraph at lines 11--11
[]\OT1/cmtt/m/n/10 3-3 3-4 3-5 3-6[] 
 []

Missing character: There is no 　 in font cmtt10!
Missing character: There is no 　 in font cmtt10!

Overfull \hbox (57.7495pt too wide) in paragraph at lines 11--11
[]\OT1/cmtt/m/n/10 4-4 4-5 4-6[] 
 []

Missing character: There is no 　 in font cmtt10!
Missing character: There is no 　 in font cmtt10!

Overfull \hbox (36.74968pt too wide) in paragraph at lines 11--11
[]\OT1/cmtt/m/n/10 5-5 5-6[] 
 []

Missing character: There is no 　 in font cmtt10!
Missing character: There is no 　 in font cmtt10!

Overfull \hbox (15.74986pt too wide) in paragraph at lines 11--11
[]\OT1/cmtt/m/n/10 6-6[] 
 []


! LaTeX Error: \begin{document} ended by \end{prob}.

See the LaTeX manual or LaTeX Companion for explanation.
Type  H <return>  for immediate help.
 ...                                              
                                                  
l.12 \end{prob}
               
Your command was ignored.
Type  I <command> <return>  to replace it with another command,
or  <return>  to continue without it.


! LaTeX Error: Environment sol undefined.

See the LaTeX manual or LaTeX Companion for explanation.
Type  H <return>  for immediate help.
 ...                                              
                                                  
l.14 \begin{sol}
                
Your command was ignored.
Type  I <command> <return>  to replace it with another command,
or  <return>  to continue without it.


! LaTeX Error: \begin{document} ended by \end{sol}.

See the LaTeX manual or LaTeX Companion for explanation.
Type  H <return>  for immediate help.
 ...                                              
                                                  
l.15 \end{sol}
              
Your command was ignored.
Type  I <command> <return>  to replace it with another command,
or  <return>  to continue without it.

)
! Emergency stop.
<*> 97A.tex
           
*** (job aborted, no legal \end found)

 
Here is how much of TeX's memory you used:
 13 strings out of 495713
 99 string characters out of 1188883
 46203 words of memory out of 3000000
 3248 multiletter control sequences out of 15000+50000
 3808 words of font info for 15 fonts, out of 3000000 for 9000
 28 hyphenation exceptions out of 8191
 18i,1n,12p,89b,160s stack positions out of 5000i,500n,10000p,200000b,50000s
No pages of output.
