This is XeTeX, Version 3.1415926-2.2-0.9995.2 (TeX Live 2009/Debian) (format=xelatex 2012.5.19)  14 OCT 2012 20:02
entering extended mode
 %&-line parsing enabled.
**p3.tex
(./p3.tex
LaTeX2e <2009/09/24>
Babel <v3.8l> and hyphenation patterns for english, usenglishmax, dumylang, noh
yphenation, pinyin, loaded.
! Undefined control sequence.
l.1 \section
            {Á¨¨‰∏âÈ¢ò}
? q
OK, entering \batchmode...

! LaTeX Error: Missing \begin{document}.

See the LaTeX manual or LaTeX Companion for explanation.
Type  H <return>  for immediate help.
 ...                                              
                                                  
l.1 \section{Á¨¨
                ‰∏âÈ¢ò}
You're in trouble here.  Try typing  <return>  to proceed.
If that doesn't work, type  X <return>  to quit.

Missing character: There is no Á¨¨ in font nullfont!
Missing character: There is no ‰∏â in font nullfont!
Missing character: There is no È¢ò in font nullfont!
Missing character: There is no ÂΩì in font nullfont!
LaTeX Font Info:    External font `cmex10' loaded for size
(Font)              <7> on input line 2.
LaTeX Font Info:    External font `cmex10' loaded for size
(Font)              <5> on input line 2.
Missing character: There is no Êó∂ in font nullfont!

Overfull \hbox (20.0pt too wide) in paragraph at lines 1--2
[]
 []


Overfull \hbox (16.55786pt too wide) in paragraph at lines 1--2
\OML/cmm/m/it/10 n \OMS/cmsy/m/n/10 ^^T
 []


Overfull \hbox (10.00003pt too wide) in paragraph at lines 1--2
\OT1/cmr/m/n/10 14$
 []


! LaTeX Error: Missing \begin{document}.

See the LaTeX manual or LaTeX Companion for explanation.
Type  H <return>  for immediate help.
 ...                                              
                                                  
l.3 $
      \frac{\sqrt{(n+1)!}}{3^n} \le \sqrt{\frac{15!}{(3^{14})^2}} = \sqrt{\f...

You're in trouble here.  Try typing  <return>  to proceed.
If that doesn't work, type  X <return>  to quit.


Overfull \hbox (64.87117pt too wide) in paragraph at lines 3--3
[]$[] \OMS/cmsy/m/n/10 ^^T
 []


Overfull \hbox (44.40018pt too wide) in paragraph at lines 3--3
[] \OT1/cmr/m/n/10 =
 []


Overfull \hbox (58.2057pt too wide) in paragraph at lines 3--3
[]$ 
 []


! LaTeX Error: Missing \begin{document}.

See the LaTeX manual or LaTeX Companion for explanation.
Type  H <return>  for immediate help.
 ...                                              
                                                  
l.4 $
      \because \frac{(9+i)(9-i)}{9 \cdot 9} = \frac{9^2-i^2}{9^2} < 1, i = 1...

You're in trouble here.  Try typing  <return>  to proceed.
If that doesn't work, type  X <return>  to quit.

! Undefined control sequence.
l.4 $ \because
               \frac{(9+i)(9-i)}{9 \cdot 9} = \frac{9^2-i^2}{9^2} < 1, i = 1...
The control sequence at the end of the top line
of your error message was never \def'ed. If you have
misspelled it (e.g., `\hobx'), type `I' and the correct
spelling (e.g., `I\hbox'). Otherwise just continue,
and I'll forget about whatever was undefined.


Overfull \hbox (71.47533pt too wide) in paragraph at lines 4--4
[]$[] \OT1/cmr/m/n/10 =
 []


Overfull \hbox (33.8266pt too wide) in paragraph at lines 4--4
[] \OML/cmm/m/it/10 <
 []


Overfull \hbox (23.44507pt too wide) in paragraph at lines 4--4
\OT1/cmr/m/n/10 1\OML/cmm/m/it/10 ; i \OT1/cmr/m/n/10 =
 []


Overfull \hbox (41.66652pt too wide) in paragraph at lines 4--4
\OT1/cmr/m/n/10 1\OML/cmm/m/it/10 ; \OT1/cmr/m/n/10 2\OML/cmm/m/it/10 ; [] ; \O
T1/cmr/m/n/10 6$ 
 []


! LaTeX Error: Missing \begin{document}.

See the LaTeX manual or LaTeX Companion for explanation.
Type  H <return>  for immediate help.
 ...                                              
                                                  
l.5 $
      \therefore \sqrt{\frac{15!}{9^14}} < \sqrt{\frac{2}{9}} < 1, \therefor...

You're in trouble here.  Try typing  <return>  to proceed.
If that doesn't work, type  X <return>  to quit.

! Undefined control sequence.
l.5 $ \therefore
                 \sqrt{\frac{15!}{9^14}} < \sqrt{\frac{2}{9}} < 1, \therefor...
The control sequence at the end of the top line
of your error message was never \def'ed. If you have
misspelled it (e.g., `\hobx'), type `I' and the correct
spelling (e.g., `I\hbox'). Otherwise just continue,
and I'll forget about whatever was undefined.

! Undefined control sequence.
l.5 ...9^14}} < \sqrt{\frac{2}{9}} < 1, \therefore
                                                   \sqrt{\frac{(n+1)!}{(3^n)...
The control sequence at the end of the top line
of your error message was never \def'ed. If you have
misspelled it (e.g., `\hobx'), type `I' and the correct
spelling (e.g., `I\hbox'). Otherwise just continue,
and I'll forget about whatever was undefined.


Overfull \hbox (54.83061pt too wide) in paragraph at lines 5--5
[]$[] \OML/cmm/m/it/10 <
 []


Overfull \hbox (26.94165pt too wide) in paragraph at lines 5--5
[] \OML/cmm/m/it/10 <
 []


Overfull \hbox (55.98225pt too wide) in paragraph at lines 5--5
\OT1/cmr/m/n/10 1\OML/cmm/m/it/10 ; [] <
 []


Overfull \hbox (5.00002pt too wide) in paragraph at lines 5--5
\OT1/cmr/m/n/10 1$ 
 []


! LaTeX Error: Missing \begin{document}.

See the LaTeX manual or LaTeX Companion for explanation.
Type  H <return>  for immediate help.
 ...                                              
                                                  
l.6 $
      \because \lvert P_0P_i \rvert \ge d, i = 1,2,\cdots,n. $ \par
You're in trouble here.  Try typing  <return>  to proceed.
If that doesn't work, type  X <return>  to quit.

! Undefined control sequence.
l.6 $ \because
               \lvert P_0P_i \rvert \ge d, i = 1,2,\cdots,n. $ \par
The control sequence at the end of the top line
of your error message was never \def'ed. If you have
misspelled it (e.g., `\hobx'), type `I' and the correct
spelling (e.g., `I\hbox'). Otherwise just continue,
and I'll forget about whatever was undefined.

! Undefined control sequence.
l.6 $ \because \lvert
                      P_0P_i \rvert \ge d, i = 1,2,\cdots,n. $ \par
The control sequence at the end of the top line
of your error message was never \def'ed. If you have
misspelled it (e.g., `\hobx'), type `I' and the correct
spelling (e.g., `I\hbox'). Otherwise just continue,
and I'll forget about whatever was undefined.

! Undefined control sequence.
l.6 $ \because \lvert P_0P_i \rvert
                                    \ge d, i = 1,2,\cdots,n. $ \par
The control sequence at the end of the top line
of your error message was never \def'ed. If you have
misspelled it (e.g., `\hobx'), type `I' and the correct
spelling (e.g., `I\hbox'). Otherwise just continue,
and I'll forget about whatever was undefined.


Overfull \hbox (51.2112pt too wide) in paragraph at lines 6--6
[]$\OML/cmm/m/it/10 P[]P[] \OMS/cmsy/m/n/10 ^^U
 []


Overfull \hbox (23.64992pt too wide) in paragraph at lines 6--6
\OML/cmm/m/it/10 d; i \OT1/cmr/m/n/10 =
 []


Overfull \hbox (45.44664pt too wide) in paragraph at lines 6--6
\OT1/cmr/m/n/10 1\OML/cmm/m/it/10 ; \OT1/cmr/m/n/10 2\OML/cmm/m/it/10 ; [] ; n:
$ 
 []


! LaTeX Error: Missing \begin{document}.

See the LaTeX manual or LaTeX Companion for explanation.
Type  H <return>  for immediate help.
 ...                                              
                                                  
l.7 $
      \therefore \prod_{i=1}^{n} \lvert P_0P_i \rvert \ge d^n > d^n\frac{\sq...

You're in trouble here.  Try typing  <return>  to proceed.
If that doesn't work, type  X <return>  to quit.

! Undefined control sequence.
l.7 $ \therefore
                 \prod_{i=1}^{n} \lvert P_0P_i \rvert \ge d^n > d^n\frac{\sq...
The control sequence at the end of the top line
of your error message was never \def'ed. If you have
misspelled it (e.g., `\hobx'), type `I' and the correct
spelling (e.g., `I\hbox'). Otherwise just continue,
and I'll forget about whatever was undefined.

! Undefined control sequence.
l.7 $ \therefore \prod_{i=1}^{n} \lvert
                                        P_0P_i \rvert \ge d^n > d^n\frac{\sq...
The control sequence at the end of the top line
of your error message was never \def'ed. If you have
misspelled it (e.g., `\hobx'), type `I' and the correct
spelling (e.g., `I\hbox'). Otherwise just continue,
and I'll forget about whatever was undefined.

! Undefined control sequence.
l.7 ...refore \prod_{i=1}^{n} \lvert P_0P_i \rvert
                                                   \ge d^n > d^n\frac{\sqrt{...
The control sequence at the end of the top line
of your error message was never \def'ed. If you have
misspelled it (e.g., `\hobx'), type `I' and the correct
spelling (e.g., `I\hbox'). Otherwise just continue,
and I'll forget about whatever was undefined.


Overfull \hbox (75.77663pt too wide) in paragraph at lines 7--7
[]$[][] \OML/cmm/m/it/10 P[]P[] \OMS/cmsy/m/n/10 ^^U
 []


Overfull \hbox (21.2037pt too wide) in paragraph at lines 7--7
\OML/cmm/m/it/10 d[] >
 []


Overfull \hbox (117.41808pt too wide) in paragraph at lines 7--7
\OML/cmm/m/it/10 d[][]\OT1/cmr/m/n/10 ([])[][]$ 
 []


! LaTeX Error: Missing \begin{document}.

See the LaTeX manual or LaTeX Companion for explanation.
Type  H <return>  for immediate help.
 ...                                              
                                                  
l.8 ÂΩì
        $ n > 14 $ Êó∂ \par
You're in trouble here.  Try typing  <return>  to proceed.
If that doesn't work, type  X <return>  to quit.

Missing character: There is no ÂΩì in font nullfont!
Missing character: There is no Êó∂ in font nullfont!

Overfull \hbox (20.0pt too wide) in paragraph at lines 8--8
[]
 []


Overfull \hbox (16.55786pt too wide) in paragraph at lines 8--8
\OML/cmm/m/it/10 n >
 []


Overfull \hbox (10.00003pt too wide) in paragraph at lines 8--8
\OT1/cmr/m/n/10 14$
 []


! LaTeX Error: Missing \begin{document}.

See the LaTeX manual or LaTeX Companion for explanation.
Type  H <return>  for immediate help.
 ...                                              
                                                  
l.9 ËÆæ
        $ n = k $ Êó∂ÂëΩÈ¢òÊàêÁ´ã. \par
You're in trouble here.  Try typing  <return>  to proceed.
If that doesn't work, type  X <return>  to quit.

Missing character: There is no ËÆæ in font nullfont!
Missing character: There is no Êó∂ in font nullfont!
Missing character: There is no ÂëΩ in font nullfont!
Missing character: There is no È¢ò in font nullfont!
Missing character: There is no Êàê in font nullfont!
Missing character: There is no Á´ã in font nullfont!
Missing character: There is no . in font nullfont!

Overfull \hbox (20.0pt too wide) in paragraph at lines 9--9
[]
 []


Overfull \hbox (16.55786pt too wide) in paragraph at lines 9--9
\OML/cmm/m/it/10 n \OT1/cmr/m/n/10 =
 []


Overfull \hbox (5.52084pt too wide) in paragraph at lines 9--9
\OML/cmm/m/it/10 k$
 []


! LaTeX Error: Missing \begin{document}.

See the LaTeX manual or LaTeX Companion for explanation.
Type  H <return>  for immediate help.
 ...                                              
                                                  
l.10 ÂΩì
         $ n = k + 1 $ Êó∂,‰∏ãÈù¢Áî®ÂèçËØÅÊ≥ï.ËØÅÊòé:$\lvert P_0P_1 \rvert,\...

You're in trouble here.  Try typing  <return>  to proceed.
If that doesn't work, type  X <return>  to quit.

Missing character: There is no ÂΩì in font nullfont!
Missing character: There is no Êó∂ in font nullfont!
Missing character: There is no , in font nullfont!
Missing character: There is no ‰∏ã in font nullfont!
Missing character: There is no Èù¢ in font nullfont!
Missing character: There is no Áî® in font nullfont!
Missing character: There is no Âèç in font nullfont!
Missing character: There is no ËØÅ in font nullfont!
Missing character: There is no Ê≥ï in font nullfont!
Missing character: There is no . in font nullfont!
Missing character: There is no ËØÅ in font nullfont!
Missing character: There is no Êòé in font nullfont!
Missing character: There is no : in font nullfont!
! Undefined control sequence.
<recently read> \lvert 
                       
l.10 ... 1 $ Êó∂,‰∏ãÈù¢Áî®ÂèçËØÅÊ≥ï.ËØÅÊòé:$\lvert
                                                   P_0P_1 \rvert,\cdots,\lve...
The control sequence at the end of the top line
of your error message was never \def'ed. If you have
misspelled it (e.g., `\hobx'), type `I' and the correct
spelling (e.g., `I\hbox'). Otherwise just continue,
and I'll forget about whatever was undefined.

! Undefined control sequence.
l.10 ...¢Áî®ÂèçËØÅÊ≥ï.ËØÅÊòé:$\lvert P_0P_1 \rvert
                                                  ,\cdots,\lvert P_0P_{n+1}$...
The control sequence at the end of the top line
of your error message was never \def'ed. If you have
misspelled it (e.g., `\hobx'), type `I' and the correct
spelling (e.g., `I\hbox'). Otherwise just continue,
and I'll forget about whatever was undefined.

! Undefined control sequence.
l.10 ...ËØÅÊòé:$\lvert P_0P_1 \rvert,\cdots,\lvert
                                                   P_0P_{n+1}$‰∏≠,Â≠òÂú®‰∏Ä‰...
The control sequence at the end of the top line
of your error message was never \def'ed. If you have
misspelled it (e.g., `\hobx'), type `I' and the correct
spelling (e.g., `I\hbox'). Otherwise just continue,
and I'll forget about whatever was undefined.

Missing character: There is no ‰∏≠ in font nullfont!
Missing character: There is no , in font nullfont!
Missing character: There is no Â≠ò in font nullfont!
Missing character: There is no Âú® in font nullfont!
Missing character: There is no ‰∏Ä in font nullfont!
Missing character: There is no ‰∏™ in font nullfont!
Missing character: There is no Â§ß in font nullfont!
Missing character: There is no ‰∫é in font nullfont!
Missing character: There is no Á≠â in font nullfont!
Missing character: There is no ‰∫é in font nullfont!
Missing character: There is no . in font nullfont!

Overfull \hbox (20.0pt too wide) in paragraph at lines 10--10
[]
 []


Overfull \hbox (16.55786pt too wide) in paragraph at lines 10--10
\OML/cmm/m/it/10 n \OT1/cmr/m/n/10 =
 []


Overfull \hbox (13.29865pt too wide) in paragraph at lines 10--10
\OML/cmm/m/it/10 k \OT1/cmr/m/n/10 +
 []


Overfull \hbox (5.00002pt too wide) in paragraph at lines 10--10
\OT1/cmr/m/n/10 1$
 []


Overfull \hbox (115.0501pt too wide) in paragraph at lines 10--10
\OML/cmm/m/it/10 P[]P[]; [] ; P[]P[]$$[][]$ 
 []


! LaTeX Error: Missing \begin{document}.

See the LaTeX manual or LaTeX Companion for explanation.
Type  H <return>  for immediate help.
 ...                                              
                                                  
l.11 Âê¶
        Âàô,ÂÅáËÆæ‰∏çÊàêÁ´ã.Âàô‰ª•$P_0$‰ΩçÂúÜÂøÉ,$d(\frac{\sqrt{n+2}}{3}+\fr...

You're in trouble here.  Try typing  <return>  to proceed.
If that doesn't work, type  X <return>  to quit.

Missing character: There is no Âê¶ in font nullfont!
Missing character: There is no Âàô in font nullfont!
Missing character: There is no , in font nullfont!
Missing character: There is no ÂÅá in font nullfont!
Missing character: There is no ËÆæ in font nullfont!
Missing character: There is no ‰∏ç in font nullfont!
Missing character: There is no Êàê in font nullfont!
Missing character: There is no Á´ã in font nullfont!
Missing character: There is no . in font nullfont!
Missing character: There is no Âàô in font nullfont!
Missing character: There is no ‰ª• in font nullfont!
Missing character: There is no ‰Ωç in font nullfont!
Missing character: There is no ÂúÜ in font nullfont!
Missing character: There is no ÂøÉ in font nullfont!
Missing character: There is no , in font nullfont!
Missing character: There is no ‰∏∫ in font nullfont!
Missing character: There is no Âçä in font nullfont!
Missing character: There is no ÂæÑ in font nullfont!
Missing character: There is no ‰Ωú in font nullfont!
Missing character: There is no ÂúÜ in font nullfont!
Missing character: There is no ÂÜç in font nullfont!
Missing character: There is no ‰ª• in font nullfont!
Missing character: There is no ‰∏∫ in font nullfont!
Missing character: There is no ÂúÜ in font nullfont!
Missing character: There is no ÂøÉ in font nullfont!
Missing character: There is no , in font nullfont!
Missing character: There is no ‰∏∫ in font nullfont!
Missing character: There is no Âçä in font nullfont!
Missing character: There is no ÂæÑ in font nullfont!
Missing character: There is no ‰Ωú in font nullfont!
Missing character: There is no ÂúÜ in font nullfont!
Missing character: There is no . in font nullfont!
Missing character: There is no Âàô in font nullfont!
Missing character: There is no Âùá in font nullfont!
Missing character: There is no ÂÜÖ in font nullfont!
Missing character: There is no Âê´ in font nullfont!
Missing character: There is no ‰∫é in font nullfont!
! Undefined control sequence.
l.11 ...}+\frac{d}{3}\sqrt{n+2}>\frac{d}{2}+\lvert
                                                   P_0P_i \rvert $. \par
The control sequence at the end of the top line
of your error message was never \def'ed. If you have
misspelled it (e.g., `\hobx'), type `I' and the correct
spelling (e.g., `I\hbox'). Otherwise just continue,
and I'll forget about whatever was undefined.

! Undefined control sequence.
l.11 ...sqrt{n+2}>\frac{d}{2}+\lvert P_0P_i \rvert
                                                   $. \par
The control sequence at the end of the top line
of your error message was never \def'ed. If you have
misspelled it (e.g., `\hobx'), type `I' and the correct
spelling (e.g., `I\hbox'). Otherwise just continue,
and I'll forget about whatever was undefined.

Missing character: There is no . in font nullfont!

Overfull \hbox (71.81567pt too wide) in paragraph at lines 11--11
[]$\OML/cmm/m/it/10 P[]$$d\OT1/cmr/m/n/10 ([] +
 []


Overfull \hbox (37.91399pt too wide) in paragraph at lines 11--11
[]\OT1/cmr/m/n/10 )$$\OML/cmm/m/it/10 P[]\OT1/cmr/m/n/10 (\OML/cmm/m/it/10 i \O
T1/cmr/m/n/10 =
 []


Overfull \hbox (50.44666pt too wide) in paragraph at lines 11--11
\OT1/cmr/m/n/10 1\OML/cmm/m/it/10 ; \OT1/cmr/m/n/10 2\OML/cmm/m/it/10 ; [] ; n 
\OT1/cmr/m/n/10 +
 []


Overfull \hbox (50.86855pt too wide) in paragraph at lines 11--11
\OT1/cmr/m/n/10 1)$$[]$$\OMS/cmsy/m/n/10 ^^L\OML/cmm/m/it/10 P[]\OT1/cmr/m/n/10
 (\OML/cmm/m/it/10 i \OT1/cmr/m/n/10 =
 []


Overfull \hbox (50.44666pt too wide) in paragraph at lines 11--11
\OT1/cmr/m/n/10 1\OML/cmm/m/it/10 ; \OT1/cmr/m/n/10 2\OML/cmm/m/it/10 ; [] ; n 
\OT1/cmr/m/n/10 +
 []


Overfull \hbox (72.37129pt too wide) in paragraph at lines 11--11
\OT1/cmr/m/n/10 1)$$\OMS/cmsy/m/n/10 ^^L\OML/cmm/m/it/10 P[]\OT1/cmr/m/n/10 (\O
ML/cmm/m/it/10 d\OT1/cmr/m/n/10 ([] +
 []


Overfull \hbox (20.83054pt too wide) in paragraph at lines 11--11
[]\OT1/cmr/m/n/10 ) \OML/cmm/m/it/10 >
 []


Overfull \hbox (14.34067pt too wide) in paragraph at lines 11--11
[] \OT1/cmr/m/n/10 +
 []


Overfull \hbox (48.67624pt too wide) in paragraph at lines 11--11
[][] \OML/cmm/m/it/10 >
 []


Overfull \hbox (14.34067pt too wide) in paragraph at lines 11--11
[] \OT1/cmr/m/n/10 +
 []


Overfull \hbox (20.65569pt too wide) in paragraph at lines 11--11
\OML/cmm/m/it/10 P[]P[]$ 
 []


! LaTeX Error: Missing \begin{document}.

See the LaTeX manual or LaTeX Companion for explanation.
Type  H <return>  for immediate help.
 ...                                              
                                                  
l.12 ‰∏î
        $\odot P_i(i=1,2,\cdots,n+1)$ÂùáÂ§ñÁ¶ªÊàñÂ§ñÂàá(Âê¶Âàô,ËÆæ$\odot P_i...

You're in trouble here.  Try typing  <return>  to proceed.
If that doesn't work, type  X <return>  to quit.

Missing character: There is no ‰∏î in font nullfont!
Missing character: There is no Âùá in font nullfont!
Missing character: There is no Â§ñ in font nullfont!
Missing character: There is no Á¶ª in font nullfont!
Missing character: There is no Êàñ in font nullfont!
Missing character: There is no Â§ñ in font nullfont!
Missing character: There is no Âàá in font nullfont!
Missing character: There is no ( in font nullfont!
Missing character: There is no Âê¶ in font nullfont!
Missing character: There is no Âàô in font nullfont!
Missing character: There is no , in font nullfont!
Missing character: There is no ËÆæ in font nullfont!
Missing character: There is no ‰∏é in font nullfont!
Missing character: There is no ‰∫§ in font nullfont!
Missing character: There is no ‰∫é in font nullfont!
Missing character: There is no , in font nullfont!
Missing character: There is no ‰∏§ in font nullfont!
Missing character: There is no ÁÇπ in font nullfont!
Missing character: There is no , in font nullfont!
Missing character: There is no Âàô in font nullfont!
Missing character: There is no ‰∏ç in font nullfont!
Missing character: There is no ÂÖ± in font nullfont!
Missing character: There is no Á∫ø in font nullfont!
Missing character: There is no , in font nullfont!
! Undefined control sequence.
l.12 ...$B$‰∏§ÁÇπ,Âàô$P_i,A,P_j$‰∏çÂÖ±Á∫ø,$ \lvert
                                                   P_iP_j \rvert < \lvert P_...
The control sequence at the end of the top line
of your error message was never \def'ed. If you have
misspelled it (e.g., `\hobx'), type `I' and the correct
spelling (e.g., `I\hbox'). Otherwise just continue,
and I'll forget about whatever was undefined.

! Undefined control sequence.
l.12 ...P_i,A,P_j$‰∏çÂÖ±Á∫ø,$ \lvert P_iP_j \rvert
                                                   < \lvert P_iA \rvert + \l...
The control sequence at the end of the top line
of your error message was never \def'ed. If you have
misspelled it (e.g., `\hobx'), type `I' and the correct
spelling (e.g., `I\hbox'). Otherwise just continue,
and I'll forget about whatever was undefined.

! Undefined control sequence.
l.12 ...$‰∏çÂÖ±Á∫ø,$ \lvert P_iP_j \rvert < \lvert
                                                   P_iA \rvert + \lvert P_jA...
The control sequence at the end of the top line
of your error message was never \def'ed. If you have
misspelled it (e.g., `\hobx'), type `I' and the correct
spelling (e.g., `I\hbox'). Otherwise just continue,
and I'll forget about whatever was undefined.

! Undefined control sequence.
l.12 ... \lvert P_iP_j \rvert < \lvert P_iA \rvert
                                                   + \lvert P_jA \rvert = d....
The control sequence at the end of the top line
of your error message was never \def'ed. If you have
misspelled it (e.g., `\hobx'), type `I' and the correct
spelling (e.g., `I\hbox'). Otherwise just continue,
and I'll forget about whatever was undefined.

! Undefined control sequence.
l.12 ..._iP_j \rvert < \lvert P_iA \rvert + \lvert
                                                   P_jA \rvert = d. $ ÁüõÁõæ...
The control sequence at the end of the top line
of your error message was never \def'ed. If you have
misspelled it (e.g., `\hobx'), type `I' and the correct
spelling (e.g., `I\hbox'). Otherwise just continue,
and I'll forget about whatever was undefined.

! Undefined control sequence.
l.12 ... < \lvert P_iA \rvert + \lvert P_jA \rvert
                                                   = d. $ ÁüõÁõæ). \par
The control sequence at the end of the top line
of your error message was never \def'ed. If you have
misspelled it (e.g., `\hobx'), type `I' and the correct
spelling (e.g., `I\hbox'). Otherwise just continue,
and I'll forget about whatever was undefined.

Missing character: There is no Áüõ in font nullfont!
Missing character: There is no Áõæ in font nullfont!
Missing character: There is no ) in font nullfont!
Missing character: There is no . in font nullfont!

Overfull \hbox (55.41676pt too wide) in paragraph at lines 12--12
[]$\OMS/cmsy/m/n/10 ^^L\OML/cmm/m/it/10 P[]\OT1/cmr/m/n/10 (\OML/cmm/m/it/10 i 
\OT1/cmr/m/n/10 =
 []


Overfull \hbox (50.44666pt too wide) in paragraph at lines 12--12
\OT1/cmr/m/n/10 1\OML/cmm/m/it/10 ; \OT1/cmr/m/n/10 2\OML/cmm/m/it/10 ; [] ; n 
\OT1/cmr/m/n/10 +
 []


Overfull \hbox (128.12505pt too wide) in paragraph at lines 12--12
\OT1/cmr/m/n/10 1)$$\OMS/cmsy/m/n/10 ^^L\OML/cmm/m/it/10 P[]$$\OMS/cmsy/m/n/10 
^^L\OML/cmm/m/it/10 P[]$$A$$B$$P[]; A; P[]$$P[]P[] <
 []


Overfull \hbox (25.02724pt too wide) in paragraph at lines 12--12
\OML/cmm/m/it/10 P[]A \OT1/cmr/m/n/10 +
 []


Overfull \hbox (28.68922pt too wide) in paragraph at lines 12--12
\OML/cmm/m/it/10 P[]A \OT1/cmr/m/n/10 =
 []


Overfull \hbox (7.98265pt too wide) in paragraph at lines 12--12
\OML/cmm/m/it/10 d:$
 []


! LaTeX Error: Missing \begin{document}.

See the LaTeX manual or LaTeX Companion for explanation.
Type  H <return>  for immediate help.
 ...                                              
                                                  
l.13 ËÄÉ
        ËôëÂÆÉ‰ª¨ÁöÑÈù¢ÁßØÂàô $ \pid^2(\frac{\sqrt{n+2}}{3}+\frac{1}{2})^2>\...

You're in trouble here.  Try typing  <return>  to proceed.
If that doesn't work, type  X <return>  to quit.

Missing character: There is no ËÄÉ in font nullfont!
Missing character: There is no Ëôë in font nullfont!
Missing character: There is no ÂÆÉ in font nullfont!
Missing character: There is no ‰ª¨ in font nullfont!
Missing character: There is no ÁöÑ in font nullfont!
Missing character: There is no Èù¢ in font nullfont!
Missing character: There is no ÁßØ in font nullfont!
Missing character: There is no Âàô in font nullfont!
! Undefined control sequence.
l.13 ËÄÉËôëÂÆÉ‰ª¨ÁöÑÈù¢ÁßØÂàô $ \pid
                                    ^2(\frac{\sqrt{n+2}}{3}+\frac{1}{2})^2>\...
The control sequence at the end of the top line
of your error message was never \def'ed. If you have
misspelled it (e.g., `\hobx'), type `I' and the correct
spelling (e.g., `I\hbox'). Otherwise just continue,
and I'll forget about whatever was undefined.


Overfull \hbox (20.0pt too wide) in paragraph at lines 13--13
[]
 []


Overfull \hbox (40.19067pt too wide) in paragraph at lines 13--13
[]\OT1/cmr/m/n/10 ([] +
 []


Overfull \hbox (25.31667pt too wide) in paragraph at lines 13--13
[]\OT1/cmr/m/n/10 )[] \OML/cmm/m/it/10 >
 []


Overfull \hbox (34.1938pt too wide) in paragraph at lines 13--13
\OML/cmm/m/it/10 ^^Y[]\OT1/cmr/m/n/10 (\OML/cmm/m/it/10 n \OT1/cmr/m/n/10 +
 []


Overfull \hbox (8.88892pt too wide) in paragraph at lines 13--13
\OT1/cmr/m/n/10 1)$ 
 []


! LaTeX Error: Missing \begin{document}.

See the LaTeX manual or LaTeX Companion for explanation.
Type  H <return>  for immediate help.
 ...                                              
                                                  
l.14 $
       therefore \frac{n+2}{9} + \frac{1}{4} + \frac{\sqrt{n + 2}}{3} > \fra...

You're in trouble here.  Try typing  <return>  to proceed.
If that doesn't work, type  X <return>  to quit.


Overfull \hbox (88.98589pt too wide) in paragraph at lines 14--14
[]$\OML/cmm/m/it/10 therefore[] \OT1/cmr/m/n/10 +
 []


Overfull \hbox (14.16393pt too wide) in paragraph at lines 14--14
[] \OT1/cmr/m/n/10 +
 []


Overfull \hbox (34.59335pt too wide) in paragraph at lines 14--14
[] \OML/cmm/m/it/10 >
 []


Overfull \hbox (74.02618pt too wide) in paragraph at lines 14--14
[]\OML/cmm/m/it/10 ; \OT1/cmr/m/n/10 12[] \OML/cmm/m/it/10 >
 []


Overfull \hbox (18.78017pt too wide) in paragraph at lines 14--14
\OT1/cmr/m/n/10 5\OML/cmm/m/it/10 n \OMS/cmsy/m/n/10 ^^@
 []


Overfull \hbox (38.22462pt too wide) in paragraph at lines 14--14
\OT1/cmr/m/n/10 8\OML/cmm/m/it/10 ; \OT1/cmr/m/n/10 144\OML/cmm/m/it/10 n \OT1/
cmr/m/n/10 +
 []


Overfull \hbox (25.55556pt too wide) in paragraph at lines 14--14
\OT1/cmr/m/n/10 288 \OML/cmm/m/it/10 >
 []


Overfull \hbox (28.26631pt too wide) in paragraph at lines 14--14
\OT1/cmr/m/n/10 25\OML/cmm/m/it/10 n[] \OMS/cmsy/m/n/10 ^^@
 []


Overfull \hbox (23.78018pt too wide) in paragraph at lines 14--14
\OT1/cmr/m/n/10 80\OML/cmm/m/it/10 n \OT1/cmr/m/n/10 +
 []


Overfull \hbox (41.04413pt too wide) in paragraph at lines 14--14
\OT1/cmr/m/n/10 64\OML/cmm/m/it/10 :\OT1/cmr/m/n/10 25\OML/cmm/m/it/10 n[] \OMS
/cmsy/m/n/10 ^^@
 []


Overfull \hbox (28.7802pt too wide) in paragraph at lines 14--14
\OT1/cmr/m/n/10 224\OML/cmm/m/it/10 n \OMS/cmsy/m/n/10 ^^@
 []


Overfull \hbox (25.55556pt too wide) in paragraph at lines 14--14
\OT1/cmr/m/n/10 224 \OML/cmm/m/it/10 <
 []


Overfull \hbox (7.7778pt too wide) in paragraph at lines 14--14
\OT1/cmr/m/n/10 0\OML/cmm/m/it/10 :$ 
 []


! LaTeX Error: Missing \begin{document}.

See the LaTeX manual or LaTeX Companion for explanation.
Type  H <return>  for immediate help.
 ...                                              
                                                  
l.15 ËÆæ
        $f(x)=25x^2-224x-224, \therefore f(x) $ ÁöÑÂØπÁß∞ËΩ¥‰∏∫$x=\frac{112}...

You're in trouble here.  Try typing  <return>  to proceed.
If that doesn't work, type  X <return>  to quit.

Missing character: There is no ËÆæ in font nullfont!
! Undefined control sequence.
l.15 ËÆæ$f(x)=25x^2-224x-224, \therefore
                                         f(x) $ ÁöÑÂØπÁß∞ËΩ¥‰∏∫$x=\frac{112}...
The control sequence at the end of the top line
of your error message was never \def'ed. If you have
misspelled it (e.g., `\hobx'), type `I' and the correct
spelling (e.g., `I\hbox'). Otherwise just continue,
and I'll forget about whatever was undefined.

Missing character: There is no ÁöÑ in font nullfont!
Missing character: There is no ÂØπ in font nullfont!
Missing character: There is no Áß∞ in font nullfont!
Missing character: There is no ËΩ¥ in font nullfont!
Missing character: There is no ‰∏∫ in font nullfont!
Missing character: There is no . in font nullfont!

Overfull \hbox (50.02084pt too wide) in paragraph at lines 15--15
[]$\OML/cmm/m/it/10 f\OT1/cmr/m/n/10 (\OML/cmm/m/it/10 x\OT1/cmr/m/n/10 ) =
 []


Overfull \hbox (27.97923pt too wide) in paragraph at lines 15--15
\OT1/cmr/m/n/10 25\OML/cmm/m/it/10 x[] \OMS/cmsy/m/n/10 ^^@
 []


Overfull \hbox (28.49312pt too wide) in paragraph at lines 15--15
\OT1/cmr/m/n/10 224\OML/cmm/m/it/10 x \OMS/cmsy/m/n/10 ^^@
 []


Overfull \hbox (38.90979pt too wide) in paragraph at lines 15--15
\OT1/cmr/m/n/10 224\OML/cmm/m/it/10 ; f\OT1/cmr/m/n/10 (\OML/cmm/m/it/10 x\OT1/
cmr/m/n/10 )$
 []


Overfull \hbox (16.27078pt too wide) in paragraph at lines 15--15
\OML/cmm/m/it/10 x \OT1/cmr/m/n/10 =
 []


Overfull \hbox (24.9139pt too wide) in paragraph at lines 15--15
[] \OML/cmm/m/it/10 <
 []


Overfull \hbox (10.00003pt too wide) in paragraph at lines 15--15
\OT1/cmr/m/n/10 14$ 
 []


! LaTeX Error: Missing \begin{document}.

See the LaTeX manual or LaTeX Companion for explanation.
Type  H <return>  for immediate help.
 ...                                              
                                                  
l.16 Âèà
        $f(14)=126 \times 14 -224 > 0. \therefore n < 14$‰∏é$n \ge 14$ÁüõÁõæ...

You're in trouble here.  Try typing  <return>  to proceed.
If that doesn't work, type  X <return>  to quit.

Missing character: There is no Âèà in font nullfont!
! Undefined control sequence.
l.16 Âèà$f(14)=126 \times 14 -224 > 0. \therefore
                                                  n < 14$‰∏é$n \ge 14$ÁüõÁõæ...
The control sequence at the end of the top line
of your error message was never \def'ed. If you have
misspelled it (e.g., `\hobx'), type `I' and the correct
spelling (e.g., `I\hbox'). Otherwise just continue,
and I'll forget about whatever was undefined.

Missing character: There is no ‰∏é in font nullfont!
Missing character: There is no Áüõ in font nullfont!
Missing character: There is no Áõæ in font nullfont!
Missing character: There is no . in font nullfont!

Overfull \hbox (54.3056pt too wide) in paragraph at lines 16--16
[]$\OML/cmm/m/it/10 f\OT1/cmr/m/n/10 (14) =
 []


Overfull \hbox (22.77785pt too wide) in paragraph at lines 16--16
\OT1/cmr/m/n/10 126 \OMS/cmsy/m/n/10 ^^B
 []


Overfull \hbox (17.77783pt too wide) in paragraph at lines 16--16
\OT1/cmr/m/n/10 14 \OMS/cmsy/m/n/10 ^^@
 []


Overfull \hbox (25.55556pt too wide) in paragraph at lines 16--16
\OT1/cmr/m/n/10 224 \OML/cmm/m/it/10 >
 []


Overfull \hbox (24.33566pt too wide) in paragraph at lines 16--16
\OT1/cmr/m/n/10 0\OML/cmm/m/it/10 :n <
 []


Overfull \hbox (26.55789pt too wide) in paragraph at lines 16--16
\OT1/cmr/m/n/10 14$$\OML/cmm/m/it/10 n \OMS/cmsy/m/n/10 ^^U
 []


Overfull \hbox (10.00003pt too wide) in paragraph at lines 16--16
\OT1/cmr/m/n/10 14$ 
 []


! LaTeX Error: Missing \begin{document}.

See the LaTeX manual or LaTeX Companion for explanation.
Type  H <return>  for immediate help.
 ...                                              
                                                  
l.17 $
       \therefore$ ‰∏çÂ¶®ËÆæ$\lvert P_0P_{n+1} \rvert = \frac{d}{3}\sqrt{n+2...

You're in trouble here.  Try typing  <return>  to proceed.
If that doesn't work, type  X <return>  to quit.

! Undefined control sequence.
l.17 $ \therefore
                 $ ‰∏çÂ¶®ËÆæ$\lvert P_0P_{n+1} \rvert = \frac{d}{3}\sqrt{n+2...
The control sequence at the end of the top line
of your error message was never \def'ed. If you have
misspelled it (e.g., `\hobx'), type `I' and the correct
spelling (e.g., `I\hbox'). Otherwise just continue,
and I'll forget about whatever was undefined.

Missing character: There is no ‰∏ç in font nullfont!
Missing character: There is no Â¶® in font nullfont!
Missing character: There is no ËÆæ in font nullfont!
! Undefined control sequence.
<recently read> \lvert 
                       
l.17 $ \therefore$ ‰∏çÂ¶®ËÆæ$\lvert
                                    P_0P_{n+1} \rvert = \frac{d}{3}\sqrt{n+2...
The control sequence at the end of the top line
of your error message was never \def'ed. If you have
misspelled it (e.g., `\hobx'), type `I' and the correct
spelling (e.g., `I\hbox'). Otherwise just continue,
and I'll forget about whatever was undefined.

! Undefined control sequence.
l.17 ...refore$ ‰∏çÂ¶®ËÆæ$\lvert P_0P_{n+1} \rvert
                                                   = \frac{d}{3}\sqrt{n+2}$....
The control sequence at the end of the top line
of your error message was never \def'ed. If you have
misspelled it (e.g., `\hobx'), type `I' and the correct
spelling (e.g., `I\hbox'). Otherwise just continue,
and I'll forget about whatever was undefined.

Missing character: There is no . in font nullfont!

Overfull \hbox (20.0pt too wide) in paragraph at lines 17--17
[]$$
 []


Overfull \hbox (43.45029pt too wide) in paragraph at lines 17--17
\OML/cmm/m/it/10 P[]P[] \OT1/cmr/m/n/10 =
 []


Overfull \hbox (38.12073pt too wide) in paragraph at lines 17--17
[][]$ 
 []


! LaTeX Error: Missing \begin{document}.

See the LaTeX manual or LaTeX Companion for explanation.
Type  H <return>  for immediate help.
 ...                                              
                                                  
l.18 Áî±
        ÂΩíÁ∫≥ÂÅáËÆæ,Âõ†‰∏∫$P_0,P_1,\cdots,P_n$‰πãÈó¥Ë∑ùÁ¶ªÂ§ß‰∫éÁ≠â‰∫é$d$. ...

You're in trouble here.  Try typing  <return>  to proceed.
If that doesn't work, type  X <return>  to quit.

Missing character: There is no Áî± in font nullfont!
Missing character: There is no ÂΩí in font nullfont!
Missing character: There is no Á∫≥ in font nullfont!
Missing character: There is no ÂÅá in font nullfont!
Missing character: There is no ËÆæ in font nullfont!
Missing character: There is no , in font nullfont!
Missing character: There is no Âõ† in font nullfont!
Missing character: There is no ‰∏∫ in font nullfont!
Missing character: There is no ‰πã in font nullfont!
Missing character: There is no Èó¥ in font nullfont!
Missing character: There is no Ë∑ù in font nullfont!
Missing character: There is no Á¶ª in font nullfont!
Missing character: There is no Â§ß in font nullfont!
Missing character: There is no ‰∫é in font nullfont!
Missing character: There is no Á≠â in font nullfont!
Missing character: There is no ‰∫é in font nullfont!
Missing character: There is no . in font nullfont!
! Undefined control sequence.
<recently read> \therefore 
                           
l.18 ...n$‰πãÈó¥Ë∑ùÁ¶ªÂ§ß‰∫éÁ≠â‰∫é$d$. $\therefore
                                                   \prod_{i=1}{n}\lvert P_0P...
The control sequence at the end of the top line
of your error message was never \def'ed. If you have
misspelled it (e.g., `\hobx'), type `I' and the correct
spelling (e.g., `I\hbox'). Otherwise just continue,
and I'll forget about whatever was undefined.

! Undefined control sequence.
l.18 ...≠â‰∫é$d$. $\therefore \prod_{i=1}{n}\lvert
                                                   P_0P_i \rvert > (\frac{d}...
The control sequence at the end of the top line
of your error message was never \def'ed. If you have
misspelled it (e.g., `\hobx'), type `I' and the correct
spelling (e.g., `I\hbox'). Otherwise just continue,
and I'll forget about whatever was undefined.

! Undefined control sequence.
l.18 ...erefore \prod_{i=1}{n}\lvert P_0P_i \rvert
                                                   > (\frac{d}{3})^n\sqrt{(n...
The control sequence at the end of the top line
of your error message was never \def'ed. If you have
misspelled it (e.g., `\hobx'), type `I' and the correct
spelling (e.g., `I\hbox'). Otherwise just continue,
and I'll forget about whatever was undefined.

Missing character: There is no . in font nullfont!

Overfull \hbox (85.54733pt too wide) in paragraph at lines 18--18
[]$\OML/cmm/m/it/10 P[]; P[]; [] ; P[]$$d$
 []


Overfull \hbox (61.77898pt too wide) in paragraph at lines 18--18
[][] \OML/cmm/m/it/10 nP[]P[] >
 []


Overfull \hbox (63.5641pt too wide) in paragraph at lines 18--18
\OT1/cmr/m/n/10 ([])[][]$ 
 []


! LaTeX Error: Missing \begin{document}.

See the LaTeX manual or LaTeX Companion for explanation.
Type  H <return>  for immediate help.
 ...                                              
                                                  
l.19 $
       \therefore \prod_{i=1}^{n+1} \lvert P_0P_i \rvert > (\frac{d}{3})^n\s...

You're in trouble here.  Try typing  <return>  to proceed.
If that doesn't work, type  X <return>  to quit.

! Undefined control sequence.
l.19 $ \therefore
                  \prod_{i=1}^{n+1} \lvert P_0P_i \rvert > (\frac{d}{3})^n\s...
The control sequence at the end of the top line
of your error message was never \def'ed. If you have
misspelled it (e.g., `\hobx'), type `I' and the correct
spelling (e.g., `I\hbox'). Otherwise just continue,
and I'll forget about whatever was undefined.

! Undefined control sequence.
l.19 $ \therefore \prod_{i=1}^{n+1} \lvert
                                           P_0P_i \rvert > (\frac{d}{3})^n\s...
The control sequence at the end of the top line
of your error message was never \def'ed. If you have
misspelled it (e.g., `\hobx'), type `I' and the correct
spelling (e.g., `I\hbox'). Otherwise just continue,
and I'll forget about whatever was undefined.

! Undefined control sequence.
l.19 ...ore \prod_{i=1}^{n+1} \lvert P_0P_i \rvert
                                                   > (\frac{d}{3})^n\sqrt{(n...
The control sequence at the end of the top line
of your error message was never \def'ed. If you have
misspelled it (e.g., `\hobx'), type `I' and the correct
spelling (e.g., `I\hbox'). Otherwise just continue,
and I'll forget about whatever was undefined.


Overfull \hbox (77.89067pt too wide) in paragraph at lines 19--19
[]$[][] \OML/cmm/m/it/10 P[]P[] >
 []


Overfull \hbox (66.34189pt too wide) in paragraph at lines 19--19
\OT1/cmr/m/n/10 ([])[][] \OMS/cmsy/m/n/10 ^^A
 []


Overfull \hbox (48.67624pt too wide) in paragraph at lines 19--19
[][] \OT1/cmr/m/n/10 =
 []


Overfull \hbox (31.74583pt too wide) in paragraph at lines 19--19
\OT1/cmr/m/n/10 ([])[]\OML/cmm/m/it/10 n \OT1/cmr/m/n/10 +
 []


Overfull \hbox (55.44681pt too wide) in paragraph at lines 19--19
\OT1/cmr/m/n/10 1)[]\OML/cmm/m/it/10 :$ 
 []


! LaTeX Error: Missing \begin{document}.

See the LaTeX manual or LaTeX Companion for explanation.
Type  H <return>  for immediate help.
 ...                                              
                                                  
l.20 Áî±
        $n=k+1$Êó∂ÔºåÂëΩÈ¢òÊàêÁ´ã. \par
You're in trouble here.  Try typing  <return>  to proceed.
If that doesn't work, type  X <return>  to quit.

Missing character: There is no Áî± in font nullfont!
Missing character: There is no Êó∂ in font nullfont!
Missing character: There is no Ôºå in font nullfont!
Missing character: There is no ÂëΩ in font nullfont!
Missing character: There is no È¢ò in font nullfont!
Missing character: There is no Êàê in font nullfont!
Missing character: There is no Á´ã in font nullfont!
Missing character: There is no . in font nullfont!

Overfull \hbox (36.55786pt too wide) in paragraph at lines 20--20
[]$\OML/cmm/m/it/10 n \OT1/cmr/m/n/10 =
 []


Overfull \hbox (13.29865pt too wide) in paragraph at lines 20--20
\OML/cmm/m/it/10 k \OT1/cmr/m/n/10 +
 []


Overfull \hbox (5.00002pt too wide) in paragraph at lines 20--20
\OT1/cmr/m/n/10 1$ 
 []


! LaTeX Error: Missing \begin{document}.

See the LaTeX manual or LaTeX Companion for explanation.
Type  H <return>  for immediate help.
 ...                                              
                                                  
l.21 Áî±
        Êï∞Â≠¶ÂΩíÁ∫≥Ê≥ï,ÂëΩÈ¢òÂØπ$n \in N^{*}$ÊàêÁ´ãÂç≥$\prod_{i=1}^{n} \lve...

You're in trouble here.  Try typing  <return>  to proceed.
If that doesn't work, type  X <return>  to quit.

Missing character: There is no Áî± in font nullfont!
Missing character: There is no Êï∞ in font nullfont!
Missing character: There is no Â≠¶ in font nullfont!
Missing character: There is no ÂΩí in font nullfont!
Missing character: There is no Á∫≥ in font nullfont!
Missing character: There is no Ê≥ï in font nullfont!
Missing character: There is no , in font nullfont!
Missing character: There is no ÂëΩ in font nullfont!
Missing character: There is no È¢ò in font nullfont!
Missing character: There is no ÂØπ in font nullfont!
Missing character: There is no Êàê in font nullfont!
Missing character: There is no Á´ã in font nullfont!
Missing character: There is no Âç≥ in font nullfont!
! Undefined control sequence.
l.21 ...\in N^{*}$ÊàêÁ´ãÂç≥$\prod_{i=1}^{n} \lvert
                                                   P_0P_i \rvert > (\frac{d}...
The control sequence at the end of the top line
of your error message was never \def'ed. If you have
misspelled it (e.g., `\hobx'), type `I' and the correct
spelling (e.g., `I\hbox'). Otherwise just continue,
and I'll forget about whatever was undefined.

! Undefined control sequence.
l.21 ...´ãÂç≥$\prod_{i=1}^{n} \lvert P_0P_i \rvert
                                                   > (\frac{d}{3})^n\sqrt{(n...
The control sequence at the end of the top line
of your error message was never \def'ed. If you have
misspelled it (e.g., `\hobx'), type `I' and the correct
spelling (e.g., `I\hbox'). Otherwise just continue,
and I'll forget about whatever was undefined.

Missing character: There is no . in font nullfont!
)
! Emergency stop.
<*> p3.tex
          
*** (job aborted, no legal \end found)

 
Here is how much of TeX's memory you used:
 8 strings out of 495713
 64 string characters out of 1188883
 52203 words of memory out of 3000000
 3244 multiletter control sequences out of 15000+50000
 3640 words of font info for 14 fonts, out of 3000000 for 9000
 28 hyphenation exceptions out of 8191
 18i,4n,12p,276b,56s stack positions out of 5000i,500n,10000p,200000b,50000s
No pages of output.
