43471
69760
69089
33698
39575
72795
30827
72795
27010
66715
15319
72818
72818
66715
58706
58706
64786
64786
40999
32781
33812
16806
72795
51396
58706
62431
58706
58706
7872
53966
33698
56477
40999
43063
43798
64786
33698
58706
58706
72818
72818
56790
69760
59108
39635
70069
74040
48503
58706
64786
66715
69089
72818
66715
43063
20502
18440
27595
69760
58706
58706
66715
51396
72818
69760
58706
78078
58706
72818
58706
66715
58706
57773
1353
1438
58706
44696
72818
55379
35456
32599
18775
72818
27595
69089
19736
54426
68452
69089
33675
66715
53243
70069
66715
72818
58706
60367
38649
53381
25140
46104
66427
34618
66427
44961
59782
66427
20621
20621
49527
53770
66427
19117
52430
49527
66427
54588
66427
49527
66427
38256
66427
13923
49527
45020
66427
52430
66427
60568
62218
17278
62218
55920
49527
66427
66427
63991
66427
-7993
43103
21356
66427
63991
4238
66427
21356
33240
63991
39020
63991
63004
55920
49527
-17101
31874
49527
66427
63991
49527
66427
66427
66427
50442
43953
47288
32353
63991
42932
43079
49527
66427
66427
6258
-5061
22426
31303
38256
49527
49527
22426
49527
66427
-5349
51860
66427
21326
42859
46282
66427
66427
38256
56069
53892
66427
20130
66427
5526
35604
52162
19064
16625
47576
-611
47576
47576
47576
10410
13166
29507
34633
-4044
29507
29507
47576
14027
-10370
4519
-7599
26702
3205
47576
47576
29507
10663
29507
-6681
-1229
-26351
47576
29507
26702
29507
29507
16625
-21871
11168
3205
14027
34633
-27639
29507
16980
18437
26702
182
23343
29507
10663
38992
16625
26702
14027
-1142
22876
47576
23085
43944
25939
14027
29507
14027
14027
12947
-6681
172
47576
22355
1851
-3535
40220
47576
-91
47576
-3468
15729
26702
4519
29507
-11891
14027
12430
26702
47576
10142
4519
47576
14027
986
47576
13008
26702
26702
3205
-7757
47576
3205
25890
16625
16980
4519
20995
71515
91605
56063
91605
18790
20121
61421
54990
73019
40088
64649
7352
18420
64649
70501
72098
72098
23006
71515
6624
56063
-5775
45360
64649
51223
71515
59236
69925
71515
47800
59236
28869
41286
-1347
29004
41286
10337
56063
45360
41407
84148
43334
84148
16224
71515
48181
71515
51223
19250
91605
49197
51223
39067
52874
64649
34420
44768
37666
56063
59236
67783
51223
48251
29764
34420
51223
20121
44682
71515
-5775
-2281
15441
-2281
71515
42379
44768
28205
-2281
56063
51223
36813
32739
51223
75601
49954
71515
56063
27941
51223
71515
-5087
32739
61421
61421
51223
51223
63551
41286
28869
72313
26943
83178
29618
62985
76465
64158
84401
21937
63588
84401
84401
52951
84401
38266
46377
26943
63577
21342
75970
84401
64158
22131
57398
33426
37944
80339
70943
52785
59402
84401
34219
59657
51241
84401
72313
26947
21504
84401
36329
29618
84401
71490
42328
42328
84401
84401
42328
34018
42328
39654
76465
27901
39892
72256
80192
62985
42328
84401
70147
70943
22131
84401
34831
34831
84401
17604
46854
44593
84401
56847
83178
50929
76465
38080
84401
71524
27003
58942
20444
84401
34219
61586
76465
84401
83906
58942
71524
51241
84401
56847
84401
55203
84401
84401
56847
80339
68843
84401
84401
