996125
721428
974902
946071
938806
936566
982624
950340
943511
804952
936566
847285
936566
923654
936566
996125
974453
839249
929079
968891
745595
961013
906367
961013
860699
914954
979566
966903
805688
981458
950340
962262
984944
985289
918322
833175
965237
936566
982624
990701
973530
975543
943511
977975
974650
873709
913404
974395
860699
936566
969642
922172
936566
997985
956855
958940
936566
974395
936566
871564
967015
948297
973394
936566
961349
920149
987015
936566
957802
961013
943365
946214
936566
886441
993538
936566
817144
951242
988559
950602
917588
834132
950340
945482
991201
950340
967979
969131
936566
891309
969131
946214
986700
997186
984472
936566
936566
936566
924240
988536
957766
936566
860699
988559
988559
913404
986700
962942
974650
946071
939469
986723
950340
967663
869783
988856
975543
945482
961013
953671
977971
860699
936566
906367
980719
936566
945913
946214
883699
873709
936566
979566
957613
936566
688030
997908
936566
847285
974244
856916
936566
987015
936566
817758
950340
943511
924690
923158
950340
987015
936566
923218
893205
956949
978532
936566
947661
915306
990224
988813
922270
943511
860699
936566
967663
936566
936566
936566
873939
988559
974202
936566
965889
860699
950340
936566
936566
919289
974650
978293
936566
947395
943365
946071
936566
936566
967663
812787
975543
857073
963649
950340
966232
936566
964445
908656
930409
776431
965237
936566
946071
987015
936566
973394
913404
936566
926656
980920
956949
936566
945482
913404
936566
908762
936566
950340
973394
936566
997666
996997
979412
860699
978532
936566
936566
936566
978532
860699
805688
945482
936566
847285
966896
782719
700234
797160
984574
861913
850310
970787
976786
999486
943511
876552
945482
987015
981862
987015
936566
950340
936566
940486
946071
936566
871564
935598
965237
956753
987015
936566
936566
957613
940782
913404
956855
873709
946214
936566
917588
953128
936566
987091
913404
973493
847285
965237
945482
936566
864280
994535
986745
936566
936566
935809
961625
968891
964552
982135
915306
936566
930803
873333
936566
936566
998944
936566
974650
996275
936566
847285
936566
950340
982624
969642
936566
812205
978479
776431
936566
987015
992204
912340
974244
936566
883699
978532
936566
907033
955989
991494
936566
972542
997186
918557
884014
950340
943365
935934
974395
976627
976188
993697
989942
913404
988559
969131
947239
936566
979412
934201
936566
965889
936566
950340
936566
860699
890692
945482
982624
936566
943511
988536
971380
996275
847285
908762
985080
987015
936566
925493
987015
957613
934257
950340
975543
906367
758063
967015
938651
976907
978532
985595
936566
964697
936566
953185
978088
985595
853772
973218
997908
965237
906740
936566
853772
997016
968891
953671
936566
897461
916862
908762
950340
847285
935649
974580
981344
913404
936566
985325
936566
929955
933549
974811
936566
936566
984631
936566
858041
933549
997186
975566
943511
973107
986745
835181
936566
648997
482840
953671
936566
950961
978532
942224
988536
956949
997953
873709
968891
953671
988536
956656
936566
936566
964330
913404
847285
972702
936566
963183
860699
961302
913404
936566
921333
943365
936566
987763
963649
838871
974244
950340
936566
913404
818198
958940
974244
986745
964331
899065
936566
908762
812205
991494
969642
944207
888324
918102
936566
642286
964331
959242
936566
962301
971412
975566
943511
956949
936566
936566
950340
974580
952955
950340
933673
819106
936566
956949
943511
936566
853772
936566
907799
903690
860699
993794
860699
936566
863940
966903
870177
945482
959242
996275
950340
852228
990255
982624
940486
987015
860699
974244
936566
956949
913404
931306
776431
929366
936566
936566
680128
936566
936566
981843
838343
819106
992577
936566
936566
860699
982135
936566
988536
936566
986700
978088
943511
995025
936566
950340
943511
860699
950340
899613
933549
973394
942668
906290
936566
874045
952721
825538
992204
817895
936566
946071
953361
950340
936566
936566
887979
945482
950340
936566
864280
997908
993697
936566
997985
782782
999988
950340
686177
950340
913404
936566
990333
936566
953671
934060
936566
936566
830415
989279
812205
892388
792457
936566
929955
936566
938314
964697
990224
913404
853772
689301
973493
936566
933549
936566
987015
966903
863940
969021
933549
947395
860699
847285
863940
940073
844052
980519
858041
936566
943712
819106
936566
913404
946071
964331
908762
959381
873709
974453
936566
950602
987015
969131
998066
776431
987015
936566
998440
896915
966903
936566
936566
936566
940486
978532
974580
838343
936566
915306
953671
951416
936566
942662
936566
936566
860699
936566
936566
936566
973931
936566
917588
987015
913404
936566
909663
847285
981458
956949
945381
867345
956949
968891
936566
974202
974650
950340
917588
990224
950593
936566
948836
782719
901385
984472
945482
873709
853772
973394
763387
936566
938651
955660
969131
977756
838077
936566
974395
776431
999014
954889
939469
782719
950340
988559
873709
997666
936566
997465
938651
943511
982624
909824
936566
936566
936566
991131
936566
982624
986700
936566
991536
936566
952721
913404
847285
936566
936566
935649
907799
945482
974395
993763
947797
979412
853772
936566
953989
936566
913404
771993
936566
987015
995560
996486
999243
987015
936566
838169
936566
936566
982135
974395
963649
847285
994595
936566
978532
958940
961639
983242
936566
946071
936566
936566
936566
994872
948224
936566
950296
996275
974395
987015
936566
973931
860699
936566
945482
885171
997016
977717
990333
936566
907799
936566
978532
988880
967663
936566
936566
950340
936566
936566
936566
936566
936566
936566
936566
998066
964331
998066
963649
997666
945482
932743
991515
877869
860699
988880
853772
936566
936566
986745
967663
302929
936566
984472
913404
913404
936566
956949
950340
947395
909824
987052
953671
963183
940486
950340
936566
974395
973931
987015
936566
968891
936566
936566
860699
936566
931306
966903
961349
964908
962942
936566
860699
936566
957613
936566
930745
936566
946214
936566
936566
855455
987015
818141
622697
947032
860699
936566
931306
969131
936566
811942
913404
863940
974705
907799
914195
913404
833175
988532
958181
934060
997666
936566
860699
988536
974453
936566
946214
764049
936566
928265
841712
987015
961013
936566
785385
974580
887979
978532
950340
936566
988536
974202
988536
950763
976188
986700
909824
745349
988536
936566
956949
847285
936566
943996
936566
936566
936566
966903
873709
969131
936566
691331
956949
934298
936566
974395
936566
882415
982624
997666
991515
973394
936566
944261
964552
856916
936566
936566
986700
908762
947395
936566
988536
936566
969131
969131
881904
974580
724316
873709
828540
987015
943511
936566
936566
987015
913404
945482
967663
860699
881904
915306
961013
996236
945482
987015
988536
982135
936566
938013
944779
936566
847285
801100
874617
978088
997186
936566
936566
936566
936566
956949
988880
945482
973394
973107
981458
946071
991740
988532
838343
979412
936566
988893
936566
847285
942224
936566
969131
936566
913701
998440
909824
980429
902020
946071
885538
967663
969131
950340
819494
943919
892539
861913
936566
936566
936566
966903
987015
936566
974395
936566
936566
986942
974650
990333
936566
936566
858805
997666
913404
936566
950340
928265
936566
934353
974202
835892
936566
943511
969131
945482
964552
980110
936566
950340
936566
936566
982624
936566
951662
936566
936566
993697
943365
987015
987015
853772
936566
968891
945482
945482
965237
936566
988880
995560
973394
969131
997985
936566
915306
913404
911158
981984
949216
936566
945482
988545
936566
994126
997666
968891
936566
936566
847285
936566
982451
915306
913404
953671
987015
946071
915306
936566
936566
805688
943511
936566
981458
936566
961153
973813
986700
785385
854290
936566
987091
908762
988559
819494
811462
936566
973114
936566
916664
982451
946200
824593
936566
969131
981458
936566
913404
974650
968891
873709
860699
983047
936566
936566
989452
936566
936566
986745
966903
991515
936566
976817
961013
936566
930745
913404
766105
950340
936566
997985
936566
936566
776431
955660
936566
935883
964552
933549
973107
990333
988357
860699
853772
945482
936566
786851
991515
945482
979269
990224
922172
953671
913404
913404
918557
988559
913404
993697
943712
887979
915306
938651
936566
761540
974395
883213
969642
950340
759000
968891
929430
936566
606467
976817
988620
860699
968891
969642
913404
992204
936566
858041
912608
936566
915306
936566
943511
927045
950340
908762
936566
965237
936566
913404
969131
950340
950340
873709
936566
870294
978532
986700
936566
936566
913404
933549
968891
987015
996275
997186
774270
987015
828540
860699
933549
971412
936566
981862
873709
936566
988536
936566
913404
838343
974395
936566
973394
945482
881904
974395
950340
908040
974202
691331
981458
936566
988536
757282
648997
936566
950340
914195
936566
971198
950296
936566
873709
931432
933549
987015
906740
936566
975543
874144
691331
936566
961013
997953
987015
847285
956949
950340
975416
934353
965237
906597
989452
989942
996236
965237
936566
509431
997078
885930
877113
812190
936566
936566
936566
991401
936566
849519
988893
940782
981458
860699
936566
985595
957613
974202
966995
997908
858041
963760
997666
915306
903365
988536
938651
936566
911482
969642
990255
805688
943511
875391
691331
805688
882742
930337
934353
966903
978532
943511
936566
936566
936566
812446
981752
977971
919759
870294
936566
945482
858805
885930
902020
977879
936566
860600
950340
941238
967663
936566
936566
805688
985289
930317
965237
945482
969131
994535
745567
981752
936566
936566
936566
997666
776431
974580
943511
987015
968891
998066
936566
961484
889673
938651
873709
858805
841259
913404
981462
936566
966903
950340
973931
936566
936566
972542
933549
969642
936566
950340
936566
733407
969131
983242
918557
856687
936566
934257
923654
950340
988545
988536
938651
978532
858041
964697
735566
906290
873709
876117
978532
873709
936566
936566
936566
936566
939194
947797
947395
913404
968891
936566
913404
968891
990333
946671
936566
965237
943511
710907
997186
961013
916664
922172
936566
936566
901176
946214
908762
968891
947395
943511
983047
913404
945482
936566
936566
873709
999014
974395
911539
936566
972702
812739
936566
945482
936566
936566
946071
967015
922677
923956
974580
988559
982624
936566
936417
950340
988545
847285
936566
971400
965237
740754
936566
926196
936566
950296
971412
936566
945482
936566
936566
970416
847285
974395
922270
936566
964830
930337
936566
936566
828114
740662
936566
833399
936566
936566
936566
936566
940782
987015
997186
936566
993538
953671
741788
973931
988536
888167
974650
934257
860699
887979
789350
691331
974580
887979
853772
936566
936566
853772
950340
936566
883213
965237
950340
988559
972646
936566
930745
936566
798024
776431
924682
971390
865408
950340
964552
988536
965237
950340
991515
936566
915306
936566
936566
936566
975074
950340
950340
860699
936566
936566
974342
934060
991515
964552
936566
853772
988536
967206
936566
965237
957802
982624
986864
936566
970905
936566
969642
927644
989279
923654
863940
984472
978532
892585
938134
936566
988856
936566
942224
978532
946071
936566
950340
915306
945482
936566
956949
913404
988893
967663
936566
936566
990188
825739
997078
936566
974202
860699
950340
978532
805688
973394
936566
936566
985289
950340
945482
936566
945482
971412
936566
936566
958321
946214
936566
887542
700234
936566
990224
973493
950340
936566
973931
936566
936566
936566
990333
936566
936566
888167
996125
968891
964331
976188
936566
979412
949216
960107
973931
943511
987914
936566
857951
936566
805688
979566
946071
852228
913404
880870
866774
951744
936566
874411
936566
945902
930337
936566
984472
936566
936566
936566
977442
936566
982624
936566
950340
977756
969131
950340
965237
936566
936566
936566
950340
924240
936566
979412
942168
943365
936566
936566
686177
860699
873709
988536
972702
973931
969131
974453
947032
915306
936566
946071
936566
973493
979504
997908
936566
967663
978293
950340
945482
989452
965237
671363
913404
917588
936566
942668
913404
936566
964552
966903
991536
990090
933549
936566
915306
936566
838871
851832
936566
985289
950340
936566
847285
943511
936566
936566
936566
942224
936566
954255
950340
945482
887979
936566
948224
927133
936566
913404
913404
989452
913404
819106
987015
936566
986700
958181
982135
950340
908762
950340
987015
936566
936566
936941
966903
936566
919759
936566
966232
902020
936566
936566
982624
974580
936566
979412
936566
933549
997666
997666
974395
988893
936566
936566
950340
969642
933549
978532
936566
978088
936566
936566
913404
946071
974395
894675
950340
950340
982624
913404
982624
987015
956949
913404
936566
934353
942668
928946
936566
950340
971412
788192
936566
981458
860699
936566
847285
988559
936566
997465
961285
936566
945482
965237
959242
956949
973394
987015
996236
971380
950340
936566
966903
948762
936566
937800
974650
873709
936566
857890
883383
973931
887979
906290
982451
979412
913404
936566
955878
947395
978088
950340
959242
950340
883383
956949
900079
950340
916862
930337
997908
936566
936566
907033
945482
936566
860699
936566
936566
961153
936566
974244
950340
947395
853772
950340
930406
984472
971412
936566
988536
936566
987015
961306
906367
990333
855455
950340
936566
982624
948224
898584
934353
936566
860699
946071
864455
950340
966903
936566
757282
908762
936566
936566
936566
847285
936566
964552
853526
928946
936566
996275
936566
936566
943511
873709
997908
945482
936566
990224
974244
936566
990333
985374
988536
957613
974395
938674
988536
936566
969131
913701
969131
936566
979566
936566
945381
936566
850310
786262
877382
917780
983242
993763
936566
945482
936566
882415
969131
979504
936566
971412
968891
920515
988532
936566
936566
944836
973394
950340
982135
966903
887979
983047
936566
952271
973931
955510
936566
977717
906290
986700
938651
945482
892284
913404
936566
984472
936566
936566
936566
936566
990188
919759
936566
994535
936566
987625
936566
988620
991131
981458
946071
847285
950340
987015
936566
876542
699784
973394
966903
964445
943511
974395
936566
988536
936566
936566
936566
782719
987015
860699
988559
724862
782719
980920
860699
937966
943511
936566
936566
936566
936566
975543
946400
974395
977717
936566
996275
988559
936566
935883
936566
936566
998440
942224
936566
885538
967324
740754
954621
819106
936566
947661
950340
937222
974395
864280
936566
946200
936566
936566
936566
920515
933699
853526
853772
950340
936566
936566
817429
759432
936566
913404
987763
971412
989452
986864
758139
967663
956949
858041
936566
936566
819106
974580
973813
936566
936566
908762
950340
974395
907033
974705
936566
964331
903962
858041
996731
906812
865878
913404
936566
936566
936566
986745
974580
745620
974580
942224
913404
976225
936566
971539
976188
903365
936566
908762
951846
973394
945482
974580
950593
743853
950340
945902
847285
936566
988880
975543
936566
979566
936566
974811
889478
943511
847285
860699
981458
936566
913404
873169
936566
988536
936566
974244
988536
933950
923654
955808
936566
920360
947661
974395
979733
936566
992577
977821
973394
847285
936566
923654
982624
936566
936566
978532
936566
936566
980511
984583
913404
987015
936566
860699
936566
936566
936566
950340
936566
936566
986864
936566
969467
936566
936566
936566
936566
905314
873709
997186
862853
936566
997666
992577
936566
972702
873709
956949
913404
700815
991740
950340
953671
986745
978532
982624
812205
936566
961013
973394
936566
936566
805688
897762
936566
919324
936566
936566
976249
908656
913404
953671
991201
950340
957821
980920
805688
936566
936566
936566
957613
986781
896535
786851
983047
933549
939182
786851
860699
979129
982135
936566
942224
971198
978532
853772
936566
782719
943511
936566
873709
978088
858041
946214
895448
960107
910312
980647
905314
936566
936566
940782
988559
912504
887979
945482
943996
973813
962294
929430
984472
929366
689301
936566
933549
913404
936566
950593
956855
951744
989724
946214
961013
987015
936566
936566
961013
981581
982624
926887
936566
987015
850927
745595
936566
948224
987015
934353
945902
913404
936566
944261
942224
968891
960840
975472
974395
969131
936566
609191
711115
987015
969021
988536
853772
930745
953671
936566
987015
974244
936566
953671
945902
972702
860699
958940
996731
988559
936566
974395
936566
936566
981752
936566
805688
936566
908762
943365
936566
873709
978088
857073
946030
920299
936566
974811
920360
936566
873709
920890
981458
973394
943511
812205
971539
936566
965237
947395
936566
936566
997666
943511
936566
936566
980519
936566
873939
894763
988536
686177
969131
982624
981458
954889
945482
946071
936566
653398
936566
965889
786851
966903
950340
923359
936566
971412
946214
991536
936566
913404
936566
947395
959474
700234
902020
936566
936566
998440
936566
946071
936566
873709
968891
853772
942224
950593
997666
936566
978293
757282
812205
997213
956949
936566
945482
869378
993697
938651
973218
950340
936566
693572
967663
991131
966995
940486
975543
942668
950340
936566
805688
920515
936566
950340
978532
973114
936566
993697
945482
934353
860699
945482
953671
957521
926392
997772
936566
950340
975543
936566
961013
933549
936566
913404
911127
950593
838343
915306
936566
946071
950340
936566
936566
936566
788349
978532
936566
978532
989452
974395
950340
943511
914954
873709
969131
911591
847285
737173
944207
936566
936566
973394
981458
882415
965237
936566
913404
994806
955989
945482
950130
913404
860699
936566
945482
936566
812902
936566
978804
936566
860699
997186
986723
988536
936566
964552
926974
962294
974244
776431
936566
860699
936566
931479
968891
789350
936566
964552
936566
971380
950296
936566
991131
938651
976188
952721
936566
953671
946071
936566
996731
913404
978532
936566
942668
936566
985289
691331
950340
853772
975543
974395
950340
950340
873709
847285
966903
691331
958181
973530
873709
969131
975543
950340
889265
984063
936566
997666
907033
873709
973931
989452
714616
936566
936566
831524
987015
786851
974395
936566
988880
936566
936566
936566
936566
936566
862576
936566
936566
899595
913404
936566
997186
936566
959985
936566
917588
950340
936566
988536
936566
950340
938806
860699
984063
950340
993697
997186
953671
982624
978532
830415
936566
932783
923654
936566
968891
865878
936566
936566
969131
885538
968891
936566
950340
958321
908656
936566
946071
950340
996731
936566
531703
847285
902020
934353
881904
936566
934463
936566
860699
805688
991916
936566
961013
947395
936566
869783
950340
946214
990090
998066
936566
936566
946071
860699
828114
936566
987015
936566
982624
870294
818484
936566
853772
997908
936566
933549
965889
853772
966903
948771
965889
936566
782719
936566
990188
936566
913701
988893
959474
828540
967324
918371
865408
966903
936566
860699
873709
996275
950340
950340
907799
978532
936566
961285
860699
971539
961581
873709
945482
936566
936566
913404
945482
936566
913404
967082
991515
981458
860699
974395
946071
936566
936566
974395
974342
894401
977756
942668
847285
988880
982624
913404
981458
943365
947395
936566
966903
950340
936566
936566
976188
936566
939469
860699
908762
974395
936566
936566
967663
962294
974811
946071
996486
961153
978088
950340
979566
982135
947032
979412
972646
950340
997908
936566
899595
997186
953671
988536
945482
700234
936566
936566
368097
967663
936566
936566
991515
894959
927045
883712
913404
996236
844052
922519
974650
920515
982451
888167
936566
971390
893035
936566
950340
805688
819106
936566
986018
936566
936566
798024
936566
997078
805688
860699
993967
860699
973135
936566
913404
988880
953671
878232
922172
943511
936566
917588
936566
906740
936566
936566
953671
855455
936566
936566
788349
860699
936566
943247
901168
936566
936566
936566
971412
858805
982294
961581
834926
812902
936566
974244
743719
946071
913404
936566
982624
946071
862385
896535
691331
913404
973394
938651
943511
929442
936566
967663
936566
936566
888324
936566
936566
974244
858805
946214
988536
974650
950340
847819
913404
968891
873709
945482
936566
957766
936566
981458
978532
936566
936566
945482
971380
974244
674062
847409
973218
936566
865408
990333
960186
936566
785385
997666
950340
968891
956949
955230
978532
913404
824216
858041
961013
936566
964552
965237
988536
913404
786851
950340
892388
993967
936566
936566
936566
911822
966896
974811
936566
825128
883213
936566
950340
910312
962262
979412
873709
989279
812446
969131
876700
947797
936566
984631
909824
987015
999014
936566
940782
981862
967324
853772
740662
957613
781124
979412
936566
993697
936566
899595
987015
964552
936566
971390
964331
860699
936566
936566
913404
947395
936417
988536
961306
997186
936027
847285
934353
740662
974395
936566
936566
936566
896915
943511
936566
936566
974811
996125
993763
997078
936566
858041
913404
936566
913404
978532
906740
812446
936566
858041
790835
973394
911539
982135
898796
913404
944779
967199
936566
963649
966903
936566
938992
860699
950340
914195
936566
953671
969642
988559
936566
973931
967324
969094
777003
966903
965237
943511
936566
987015
968891
936566
869783
797664
936566
936566
978532
936566
982624
835919
936566
999680
691331
943996
974202
988559
936566
987072
911539
862853
979504
974650
860699
969131
936566
946071
967350
952284
936566
932325
847285
950340
919271
936566
812378
913404
980647
979412
996869
842483
936566
908762
860699
945482
950340
936566
987015
946071
936566
990470
984472
947395
962294
997953
913404
955128
938651
936566
936566
998440
969131
936566
913404
957821
936566
843455
782719
936566
936566
936566
913404
914419
853772
901385
936566
996236
991401
936566
893283
936566
936566
936566
950340
950340
964697
996275
983234
979412
945482
997666
936566
961013
984517
964331
936566
933549
974395
990188
950340
936566
867296
943511
936566
984472
936566
936566
968891
956949
972702
987914
936566
864603
972702
936566
968891
846978
966903
974650
936566
853772
971412
936566
936566
957407
970519
936566
943511
948506
999014
936566
997666
847285
946071
965237
894675
956949
953671
950340
936566
963649
936566
936566
856298
982624
973931
956949
985325
936566
979566
997908
987015
860360
950340
987015
829323
991515
761540
936566
984472
913404
936566
936566
969131
653398
936566
974769
722487
877314
881904
950340
936566
950340
887979
936566
873709
936566
894450
936566
997709
979566
987015
943511
936566
936566
847285
913404
948103
913404
860699
896535
950340
936566
936566
936566
940486
950340
954502
913404
913404
933549
936566
936566
936566
950340
860699
927045
936566
947395
950340
873709
946063
777440
956949
936566
860699
974395
982624
936566
913404
950340
936566
985686
972581
936566
936566
936566
938931
973931
812205
934353
950340
934066
997666
853772
936566
974301
983242
975543
860699
963649
997666
946071
847285
943511
951662
864603
997666
913404
974580
961625
936566
936566
975566
936566
936566
936566
936566
860699
906812
872135
978532
936566
974244
993794
936566
860699
951662
955390
936566
950340
936566
933549
454408
945482
930317
917588
936566
936566
996125
977756
991916
997186
964552
974342
860699
950340
915306
950340
691331
819106
943511
940486
943511
907872
936566
933549
936566
936566
936566
980719
902020
936566
951662
946071
864280
987015
984574
936566
962262
988559
974244
936566
923654
950340
767376
936566
766502
950340
987049
945482
936566
873333
936566
936566
974650
950340
907799
786851
936566
933549
973394
782719
936566
902394
927045
945482
936566
936566
942203
994595
936566
599991
948224
987015
936566
974650
943511
936566
997908
988536
926101
936566
965237
847285
860699
992577
946071
984664
902020
936566
950593
759432
926849
971380
945482
981458
936566
973394
924690
966903
942668
945482
679864
935649
938992
955660
936566
865177
936566
936566
955230
906367
776431
936566
936566
936566
938651
981462
788197
987015
940486
986723
897762
997666
936566
936566
936566
934353
936566
860699
853772
996731
988545
982624
765930
886441
950340
936566
936566
936566
833117
973218
953361
933549
776431
916170
776431
943511
936566
936566
976188
936566
776431
936566
942668
936566
974395
803424
643406
936566
984063
873709
936566
873709
987625
936566
973931
979504
943919
946071
936566
983047
936566
998066
990333
936566
990333
908762
931306
745349
952721
860699
943511
936566
988536
798088
953671
968891
936566
961013
985289
860699
863940
950340
974811
950340
942224
927304
950340
912438
997908
860699
943996
887217
948285
881904
927045
942224
936566
948762
939469
950340
913248
913404
773764
860699
936566
915306
936566
940486
936566
853772
936566
969021
961306
923654
966262
982624
936566
936566
921175
964429
945482
917588
936566
943996
936566
946200
691331
936566
873709
984063
805688
982624
936566
986700
984063
915306
997666
974202
858041
936566
953671
906740
936566
953671
950340
999014
962301
946214
862576
973931
860699
975807
913404
997186
965237
975543
980811
965237
958181
936566
990224
847928
863925
968891
972251
945913
966903
936566
936891
936566
998561
936566
932817
936566
972791
990224
936566
938651
969131
990804
908691
930745
936566
979412
745567
974395
816853
936566
946071
950340
994595
950340
998530
996731
936566
994258
917588
936566
865408
798024
945482
790835
934353
993697
988545
982624
968891
847285
981581
936566
985289
873709
981458
974580
873709
955128
936566
950340
996236
936566
936566
887464
913404
936566
974395
936566
936566
946063
949216
936566
936566
671363
945482
964331
873709
956949
933549
835892
936566
936566
971412
975566
936566
913404
973394
957613
860699
950340
860699
887217
998440
939934
920515
936566
984472
989279
936566
974395
938651
936566
979566
886415
977975
953361
989452
961013
945482
977442
933549
978532
936566
991493
936566
955390
938651
950340
974811
913404
915306
936566
987015
906367
873709
936566
974395
786851
985686
982624
936566
936566
917588
936566
736562
908762
973394
954165
936566
930337
936566
776431
991131
936566
957766
999014
936488
936566
936566
937783
997666
936566
982624
913404
903996
988536
954696
966903
860699
940486
965237
950340
936566
680128
936566
942306
950763
942668
913404
981462
986283
945482
908691
936566
936566
936566
936566
936566
967663
936566
691331
806242
957407
994535
974395
950296
938651
921333
990968
871564
888167
910290
974395
990188
883712
776431
945482
862925
987015
913404
978293
943511
988620
965237
936566
900618
853772
776500
887979
860699
936566
957667
997186
711115
897461
834082
943511
936566
950340
950340
973394
936566
812205
957889
943076
987015
855880
936566
936566
966896
814708
936566
936566
991131
997078
933549
860699
966578
991657
936566
977038
936566
936566
936566
936566
990188
936566
853772
936566
987015
965237
978532
965237
971400
936566
936566
956949
945482
996731
936566
974395
912916
961013
971390
938651
936566
860699
936566
987015
776431
974811
995076
740754
906740
946214
940486
945482
936566
860699
936566
936566
860699
962099
936566
936566
801100
936566
936566
935146
936566
945482
921211
933290
832829
936566
936566
936566
913404
873709
990333
936566
946071
973493
776623
974244
974395
936566
920515
950340
908312
942224
974395
938806
969642
936566
973394
915306
936566
936566
959474
998440
970519
998440
943996
973493
950340
942224
936566
939469
936566
950763
988559
974580
936566
923654
936566
805688
985080
965237
950340
936566
680477
976929
974202
936566
936566
947032
971198
917588
961639
710523
968721
936566
950340
936566
950340
936566
938013
997666
953671
991201
930337
950296
936566
936566
914404
936566
936566
982294
953185
966903
936566
964137
936566
987015
902020
956949
937966
964137
981458
847285
936566
947395
936566
950340
994535
923654
951846
945482
962942
936566
913404
936566
953128
887113
860699
936566
991131
936566
966903
853526
984664
812205
945482
961349
686177
950340
936566
936566
915306
936566
978088
860699
936566
847285
936566
936566
945482
882415
975903
957613
948771
973931
971390
950340
998440
992204
929391
987015
945482
969131
961013
862576
936566
936566
973493
784440
964552
974811
969131
988880
955989
936566
936566
824216
887979
974580
930409
891554
936566
866337
936566
936566
936566
936566
945482
936566
936566
873169
825128
950340
936566
936566
965237
863940
950954
936566
988536
964552
819106
907799
847285
942416
908574
936566
927041
840959
853772
943511
997186
996275
933549
893205
965889
991515
912916
936566
860699
911158
913404
963183
936566
936566
953671
997709
936566
906367
850310
982624
968891
949216
858805
974395
971412
989452
936566
955240
973493
968891
965237
936566
593050
936566
814988
913404
963649
873709
977038
923654
967663
986864
989452
936566
966903
969131
936566
936566
936566
997594
936566
946071
805688
972542
998042
936566
911822
971412
936566
887979
987955
974811
936566
964552
847285
946071
913404
917800
936566
936566
936566
945482
936566
936566
956855
974244
873709
964552
899595
974650
936566
936566
853772
950593
964331
936566
973813
936566
805688
986745
884014
906367
926656
950954
946071
733017
979714
986745
936566
936566
936566
957889
869378
818198
978532
913404
786851
955660
909824
860699
974580
936566
961013
973931
936566
858041
906367
913404
292629
929430
955230
936566
896915
950340
998440
966896
853772
691331
970905
950340
976627
988559
853772
965237
983047
865408
946063
971412
956855
921175
923136
964552
936566
860699
986745
950340
963649
997078
782719
956949
946214
997953
936566
936566
936566
936566
810953
936566
936566
997213
936566
993862
933549
936566
964552
987015
943511
951662
936566
913404
936566
993794
936566
940486
946063
805688
936566
936566
956949
945482
862853
858041
936566
936566
950340
954889
978532
865177
936566
892539
945482
936566
936566
988536
978532
847285
873709
943511
986745
950340
920515
936566
975543
936566
957821
740754
512392
863940
940782
978088
942224
936566
737173
974202
943511
936566
936566
927045
956949
975472
906597
875249
936566
965237
913404
782719
962294
973813
983047
936566
963649
950340
971412
988559
981458
956949
936566
936566
945482
936566
950340
967663
873709
933549
860699
740754
936566
930462
989452
938651
818484
970218
936566
858041
942224
936566
936566
950340
917588
987015
782719
988536
832399
992286
974244
977442
936566
974244
938314
936566
962824
974395
918349
986700
974650
934353
936566
936566
949216
928265
987015
936566
936566
979412
950340
945482
913404
943511
965237
936566
920369
947395
957802
934353
950340
984944
936566
969642
936566
936566
936566
943996
936566
943511
945381
989452
860699
971539
950340
786262
969131
965237
812902
936566
821222
937966
776838
860699
857073
936566
996092
961013
987015
966903
847285
936566
950340
974244
945482
923654
853772
860699
981458
936566
936566
988536
975566
910461
936566
991401
896535
936566
981458
847285
936566
936566
873709
936566
936566
857073
936566
896915
950340
936566
888679
964362
860699
945482
936566
936566
936566
945482
913404
913404
936566
936566
936566
946671
860699
965889
936566
936566
966903
936566
983242
782719
853772
961013
936566
936566
936566
936566
984517
936566
974244
950340
950340
936566
945527
936566
950340
936566
965237
860699
873709
963649
936566
847285
969642
953048
996731
976188
957821
974244
936566
827771
805688
936566
838343
891554
997666
936566
765070
969642
973394
891309
936566
996731
913404
936566
754977
950340
946071
760026
962394
936566
860699
969642
873709
691331
936566
997953
950340
936566
988536
860699
860699
936566
776431
950340
858572
826268
889265
936566
945482
913404
950340
936566
875720
996731
825739
985289
964908
936566
962006
887979
860699
996731
847285
649177
812205
948927
936566
969131
936566
972251
969131
936566
971412
792457
959242
990333
979566
936566
860699
858805
913404
913404
964331
989452
865341
974811
988536
955808
932203
860699
887979
936566
936566
971539
936566
969131
936566
997908
955878
936566
952721
936566
965889
950340
782719
965237
936566
927045
936566
936566
888167
936566
997186
928265
960840
946214
988893
988559
997186
951662
943365
903996
936566
942668
988559
948947
849978
936566
847285
936566
975566
965237
860699
971412
936566
936566
855455
974202
936566
936566
946071
964552
936566
976188
908312
943511
860699
887979
978532
950340
982624
986700
894450
936566
964331
894450
913404
856916
936566
959242
997666
973931
950340
798569
960107
987015
993538
950340
957221
812446
813466
900079
987015
906004
936566
722002
936566
974395
936566
993697
966903
858041
936566
955660
936566
973530
966903
776431
965237
838871
977717
936566
873939
988559
950130
936566
997666
936566
936566
936566
936566
936566
967663
975543
982624
990255
936566
987015
916664
847285
936566
966232
936566
936566
835376
965237
985289
945482
936566
997666
860699
777003
966903
950296
805688
943365
987015
786851
936566
711115
936566
997908
962294
978532
936566
936566
970905
828114
812205
981458
886014
936566
722487
936566
909663
987015
947395
885538
936566
936566
973394
966903
936566
906290
936566
857927
950340
913404
936566
981458
962294
936566
961285
984631
936566
736153
936566
964552
974650
967663
988880
946071
956949
974202
956949
933549
936566
977971
936566
936566
936566
892460
991515
968721
950340
987763
973931
928265
850310
979412
936566
949216
825739
936566
950340
995025
961153
978088
943511
913404
838343
950340
987015
974395
974580
936566
892698
996236
950340
945482
946071
981843
936566
946071
943511
873709
932817
936566
936566
680128
793756
945482
936566
972581
741788
946071
949573
913404
988536
987015
983234
940782
936566
973530
976121
923082
967663
909824
936566
936566
987015
936566
873709
993697
793756
864280
995025
936566
844954
936566
936566
967206
936566
969642
971198
973931
860699
936566
940782
957667
936566
952955
936566
915306
943511
887979
956855
979412
936566
873709
961302
996731
990333
965237
983047
869783
931306
997186
996492
906290
963760
969131
966903
936566
950340
950296
896827
982624
891688
981458
967663
961153
936566
936566
860699
873709
936566
950340
950340
936566
867345
860699
833175
945913
936566
950340
988559
911261
936566
836104
933549
917766
985744
979566
873709
974395
978246
956855
860699
936566
978088
740754
936566
936566
936566
950340
936566
908762
971412
965237
981697
988536
936566
945482
996275
913701
971412
913404
981984
833127
936566
936566
873709
875249
873939
936566
936566
968891
936566
942733
953671
936566
936566
785877
933549
997666
972251
943365
936566
936566
800173
886441
860699
998066
905682
950340
691331
998125
936566
947032
928712
971198
936566
950593
936566
933549
953671
990333
985595
990333
796681
973931
860699
950340
950340
936566
967663
877614
936566
950340
974342
860699
936566
936566
967663
984063
964552
840959
997078
936566
936566
869783
936566
952721
968891
996587
740754
953671
786851
906536
991916
906290
991131
979412
997953
988536
981697
936566
772209
950340
978532
912504
969131
968891
867285
974811
936566
805688
847285
991657
805688
955989
940486
847285
911539
730252
957667
691331
844052
987015
990224
993697
873709
805688
989279
888679
963183
963649
847285
917588
952955
888167
991131
988536
946214
996275
936566
936566
945482
952955
905682
973394
771993
829029
893205
913404
955230
949216
936566
936566
957766
680128
936566
973394
980519
954165
862576
887979
974811
936566
988559
936566
823323
936566
966903
936566
847285
853772
996997
913404
715454
936566
913404
950340
978532
936566
936566
860699
978532
940486
936566
988893
860699
950961
942224
984472
945482
988559
982231
962262
849978
964330
812739
860699
885171
747063
966903
924240
974400
979412
936566
982624
980519
860699
933549
887979
988536
956949
917588
985289
969621
990711
936566
809509
953671
962824
995912
909044
981697
982624
936566
973107
948285
894675
974580
987763
980429
998992
967663
936566
936566
936566
629563
936566
990701
782719
997666
936566
873939
936566
983234
991916
936566
936566
984063
950340
936566
936566
860699
997908
936566
946200
950340
971390
942224
966317
950340
881904
979129
974650
986700
858041
858572
936566
988559
950763
936566
812446
860699
936566
950340
934298
940486
936566
950340
880442
936566
936566
957821
936566
936566
936566
950340
936566
936566
974580
950340
860699
983234
984631
936566
950340
938651
974395
950340
964552
853772
908762
936566
978088
936566
920515
950340
917588
847285
981458
986745
936566
917588
969642
930462
957821
938651
936566
988880
936566
860699
936566
853772
973931
936566
915306
987015
968891
945482
861011
976627
709616
969642
950340
885538
971412
979504
740754
946071
936566
978532
969131
955230
936566
936566
956855
906367
936566
829013
950340
907799
936566
936566
987015
915306
936566
979504
936566
936566
792457
964552
943996
936566
913404
988536
945482
936566
965237
936566
935809
998042
976225
974395
793756
892460
936566
936566
996275
936566
950340
936566
997186
969131
548755
865408
936566
966903
943365
865408
936566
986723
804952
878160
877340
930745
863940
913404
948285
860699
927045
873709
879146
977038
936566
955148
936566
936566
986723
830082
936566
971412
969131
842638
971539
936566
936566
936566
913404
936566
991131
947395
985289
936566
982624
989942
691331
819106
812787
990968
936566
772209
976786
865341
950296
946071
899595
933549
913404
950340
936566
936566
945482
700234
943511
981458
860699
990224
973394
949573
858041
950340
998440
936566
961013
965237
950340
956949
936566
936566
983047
936566
936566
873709
936566
949573
965237
828540
987015
936566
936566
936566
974650
936566
950340
961649
888104
976907
978532
936566
956656
936566
977008
940486
997078
936566
936566
936566
921333
936566
935809
931479
971412
998440
969642
953671
936566
973931
987015
924240
997186
940782
953361
936566
951662
976627
913404
943511
941238
936566
978532
860699
943511
987015
977756
913404
936566
934353
988536
964552
936566
978532
957407
936566
958321
978532
899595
908040
997908
936566
967663
982624
965237
978532
943919
983242
882415
936566
936566
925115
860699
974395
936566
936566
874712
936566
936566
973931
936566
961013
984631
920515
980110
917588
936891
936566
936566
964552
969131
957766
873939
986283
936566
999486
847285
971412
950763
936566
976817
930462
893205
974395
939469
936566
987015
873709
940782
936566
936566
936566
873709
812902
990188
961484
994138
959090
758139
936566
938651
804952
912050
740662
864455
964331
936566
974244
950340
805688
936566
936566
988880
936566
913404
975543
917312
878652
945482
975543
933549
936566
988536
930745
936566
965237
936566
936566
914404
957613
936566
805688
853772
985686
965237
905682
950340
909824
936566
997908
974400
873709
938651
936566
974395
924240
982624
906367
969131
957613
936566
973931
973394
976907
996275
945482
905682
974342
908574
934353
936566
936566
913404
945482
951662
913248
953671
776431
936566
936566
982624
988559
908656
945482
936566
998440
873709
986745
936566
946071
913404
936566
988545
936566
991401
860699
936566
955904
936566
956949
942306
971390
913404
936566
983047
936566
986745
936566
927304
957613
860699
860699
899595
991131
946200
962294
978532
910312
853772
936566
932325
936566
950340
919803
776431
936566
946200
978532
913404
860699
776431
978532
936566
974395
929391
950340
974244
950340
886014
966903
936566
858041
756945
936566
987015
918557
969021
979412
980719
974650
936566
957889
873709
913701
987015
923136
950340
991401
997709
936566
785877
950340
812739
944207
782719
961013
988559
936566
873709
860699
877382
936566
982135
913404
938674
908762
735566
936566
936566
824593
943511
882415
950340
946071
929391
890692
936566
950340
936566
936566
933549
979412
840538
985686
996731
936566
936566
943511
936566
911482
847285
936566
936566
950340
936566
970905
936566
776431
913404
837195
847285
913404
979412
936566
950340
988559
805688
956949
936566
905574
981458
997666
936566
966903
860699
908040
944261
938651
997953
906740
936566
936566
782719
945902
987015
936566
901573
860699
994595
966903
968891
921175
936566
782719
943712
975566
899595
981458
995560
936566
945482
936566
744453
847285
974395
933549
873939
956855
916862
691331
936566
936566
936566
946071
936566
964552
873709
969642
847285
853772
860699
946071
925724
936566
936566
980854
936566
973493
887979
757282
967015
870294
936566
986723
936566
936566
913404
973394
986745
929391
930408
980647
950340
935883
936566
953671
979412
930745
950340
928378
853772
750810
922140
924240
936566
924240
804952
860699
978532
996236
936566
971539
968528
985595
968891
965237
936566
936566
955989
933549
836880
936566
978532
953671
936566
962301
860699
987015
987052
945482
936566
976112
631861
786851
936566
936566
936566
964429
943076
979566
950340
991401
913404
938013
873709
842887
936566
936566
982624
997908
987015
946214
700234
782719
957407
936566
909824
913404
977270
936566
961013
967199
936566
966896
936566
901168
920489
968891
917588
811227
936566
936488
961581
948224
913404
886588
926849
936566
864280
847285
965237
936566
990711
950340
858805
936566
979412
873709
967663
936566
936566
955240
936566
936566
954165
936566
967663
936566
956949
943996
936566
917588
936566
946071
973931
957802
936566
987015
990333
936566
917588
724101
936566
978532
988536
897113
965237
860699
962942
936566
980920
955660
936566
847285
943511
936566
936566
936566
973107
936566
966903
936566
936566
985686
936566
936566
822533
950340
997078
970416
834132
782719
981458
936566
978532
909824
978532
950340
936566
946071
940486
847285
936566
745349
971198
936566
936566
913404
990333
943511
936566
953671
985744
936566
853772
988880
973931
979412
973394
849978
982135
973931
943511
988559
948771
913404
950340
858041
866690
680142
862254
998440
998440
996275
936566
974395
913404
936566
989211
897461
994535
936566
936566
987015
962472
936566
858041
936566
936566
933549
950340
936566
860699
997908
938134
870294
936566
691331
906367
936566
945482
974902
809374
998440
899595
936566
962301
934257
840085
978532
853772
973493
830425
950340
936566
942224
968891
997666
996275
936566
959242
977756
982624
986745
943511
875521
997908
986310
936566
974244
853772
936566
853772
936566
936566
936566
988880
997213
906004
974650
936566
936566
950340
988536
946214
913404
988880
805380
936566
819263
979504
945482
936566
828385
975566
936566
983047
818141
974811
847285
988536
990333
913404
947395
936566
913404
978532
936566
986745
936566
961484
936566
936566
991515
888324
858041
936566
943511
936566
990711
943076
965237
936566
936566
936566
987015
974811
945482
972791
955128
990333
936566
965237
953420
950340
984472
929430
936566
982294
991515
965237
920360
936566
981458
936566
936566
945482
933549
913404
955878
950340
936566
991201
974244
793756
956949
942224
936566
983047
923359
997908
943511
725090
991916
984472
936566
946071
936566
903996
961013
936566
915306
936566
875521
936566
950340
997666
929955
936566
969642
662078
936566
907033
920515
936566
972646
820582
946214
860699
974453
936566
828114
936566
938651
942203
936566
936566
936566
984472
974811
986283
936566
945482
936566
936566
936566
853772
899595
998042
973493
896915
950340
936566
885062
936566
998066
894763
943511
932371
936566
936566
913404
943511
999267
936566
987015
973394
865408
936566
965237
931432
906004
936566
984472
946671
997666
936566
936566
981458
873709
969642
955808
974342
945482
994806
936566
940782
936566
936566
936566
936566
975566
973931
988536
853772
858041
936566
865408
974650
964830
936566
979566
946200
973813
899595
906170
936566
936566
860699
933549
961013
913404
961306
873709
936566
997985
936566
936566
967663
740662
971412
975472
943511
906367
897248
950340
972702
991494
982231
956949
961013
936566
953671
953671
987015
945482
771596
966903
936566
936566
955128
936566
987015
936566
994126
936566
936566
908574
936566
896915
936566
873709
479432
860699
935649
946200
908762
936566
936566
946071
946071
936566
842638
936566
860699
974395
948947
950296
974811
908762
936566
991401
933549
917605
863940
706525
973394
782719
776431
936566
836104
834082
964552
936566
987015
853772
936566
936566
981458
950340
936566
997728
988559
982624
860699
997666
936566
990224
936566
860699
938651
938651
936566
927045
973931
880932
936566
998925
980788
913248
936566
964552
943511
869378
975543
776431
968528
882415
981458
999486
938651
969131
936566
962294
936566
987015
978532
945482
649560
981697
961013
976188
902020
936566
915306
880870
921333
936566
905682
975531
974580
913701
798397
936566
982135
936566
928378
160276
965237
953671
936566
971412
936566
913404
947687
936566
943511
936566
936891
864280
988536
979566
936566
975543
782719
860699
963649
973931
936566
976112
874712
776431
997078
936566
995025
936566
936566
933290
974395
992204
936566
913404
976112
799408
858041
973218
841259
936566
985289
842483
974244
996869
915306
965237
988559
990188
936566
863940
929391
936566
971412
950763
936566
971539
964552
886441
968891
936566
936566
978532
936566
936566
944565
936566
974650
812739
936566
936566
936566
936566
812205
936566
988536
998992
936566
557002
947395
936566
910461
987015
942668
903409
936566
805688
986745
923218
785385
989724
936566
964552
936566
833175
906367
891554
873709
950340
873709
986723
908656
997666
936566
936566
966903
992577
961013
902020
950340
873709
863940
982624
855455
860699
987415
953030
847285
991515
936566
973394
943996
978532
950340
936566
858041
966903
740754
974650
956949
989942
936566
950340
893035
936566
965237
955240
690310
936566
936566
913404
936566
987015
913404
976929
936566
936566
936566
950340
945482
913404
936566
990701
936566
936566
983234
936566
978532
950340
950340
913404
995025
936566
936566
968891
942224
950340
936566
975566
981752
936566
991101
968891
998561
860699
850671
956949
817144
953185
860699
936566
901863
974395
927133
877113
913404
950340
936566
978532
950340
973218
969642
936566
903837
864280
936566
946200
936566
936566
983234
973931
930622
897248
968891
938651
979504
853772
945482
819263
969642
873709
936566
936566
862254
964362
860699
936566
735566
906290
936566
936566
936566
943076
847285
987015
896606
986781
936566
955808
974811
978532
986692
936566
699784
888104
997213
936566
853772
936566
919638
984472
991401
812739
982624
997728
936566
862254
982624
939469
887979
985289
932371
832812
782719
966903
933549
988536
979566
936566
928265
997728
936566
803424
945482
979566
847285
902761
945913
993538
850295
987843
936566
858041
949216
973931
913248
786851
947661
858041
950340
936566
940782
906367
936566
860699
940486
936566
860699
950340
936566
936566
936566
936566
950340
936566
977821
936566
913404
938651
733407
906367
961649
828641
961013
936566
966896
864280
936566
984472
967663
936566
968891
943511
936566
965237
936566
943511
990711
987015
936566
988880
936566
860699
948285
936566
936566
936566
946071
988536
913404
936566
887979
858041
936566
943511
858041
744581
936566
955240
981752
825739
917312
956949
950296
936566
691331
936566
950340
976188
987015
915306
913404
936566
946071
847285
981752
961581
981697
936566
956949
936566
943511
987015
939469
936566
913404
995912
938651
997186
948297
978669
906740
938806
929430
974650
936566
913404
936566
985289
868755
936566
936566
937783
997709
950340
913404
982624
945482
964330
686177
902020
962006
950340
936566
950340
936566
930462
968891
936566
950340
908762
942668
936566
950340
936566
936566
936566
974650
978532
991916
857073
972251
918948
974202
950340
966903
721089
974580
847285
549943
930462
936566
936566
936566
915306
902761
847285
936566
948285
860699
864240
967979
948224
953760
936566
936566
965237
936566
969131
987015
950340
643406
950340
936566
983242
936566
936566
860699
939469
858041
958321
973394
860699
936566
936566
987015
929955
922172
936566
954502
836119
953671
974811
973530
860699
786851
974811
786851
936566
975566
987015
936566
945482
936566
990333
956949
977975
945073
936566
936566
908762
987914
953671
917588
974395
936566
936566
945482
913404
953989
950340
929430
964445
950340
950340
965237
973218
978532
950340
936566
883213
936566
990333
987015
994595
956949
968891
950340
988545
936566
974580
968891
853772
803330
985289
812902
997186
936566
936566
978532
979412
805688
997953
782719
760026
842638
987072
961013
946063
973931
945482
946071
974244
976188
987015
936566
950340
913701
740662
978532
984472
936566
991740
936566
860699
735566
740754
825739
970519
936566
860699
898796
923654
953671
945381
987052
863994
936566
988536
847285
936566
981984
982624
936566
863994
950340
936566
936566
936566
853772
936566
961581
988536
691331
936566
987015
853374
909824
847285
973493
987015
847285
950340
959242
913404
976188
943511
957613
950340
932743
936566
936566
967663
925115
691331
990711
982624
981458
961306
984631
936566
973493
791043
943511
860699
919375
973394
997953
987015
873709
936566
982624
873939
936566
985374
975074
958321
863940
991131
971539
988620
953671
986745
850310
936566
965889
974244
987091
831776
887979
931165
915306
936566
936566
936566
936566
993538
978532
936566
981458
776431
935973
936566
922685
961013
991401
990224
905682
973394
936566
874353
860699
982624
997953
936566
973931
873709
973394
857073
965237
806643
691331
980920
936566
977975
990090
936566
936566
961639
870294
936566
996869
982624
936566
978532
973135
956949
986745
988559
847285
817895
819494
972251
965237
962262
936566
760953
936566
984944
955808
936566
950340
953671
933549
943511
805688
990188
781906
805688
936566
987015
847285
936566
950340
936566
837047
974395
913404
950340
883712
982624
853772
786851
969131
936566
981458
956949
857951
997908
973394
776431
964429
936566
932371
873709
812205
872525
974580
936566
936566
913404
946071
936566
988545
936566
906004
991401
971539
913404
913404
994535
913404
955989
936566
990333
943365
973813
965237
997186
936566
950340
906004
957613
945482
945482
989724
936566
983234
913404
936566
936566
936566
936566
945482
946071
978532
959794
952271
935973
955128
936566
926849
945482
934353
945482
998440
916149
959242
995912
976624
988559
936566
936566
936566
974244
936566
896915
991494
971412
936566
936566
988536
926849
936566
969131
988536
927045
855880
942668
913404
998925
950340
916170
971412
950340
903690
936566
947395
936566
979504
973394
913404
821222
873709
963649
997186
886014
936566
991401
950340
936566
929391
771993
913404
936566
936566
873709
936566
996275
976627
991101
910379
950340
950340
936566
691331
974395
950340
952721
847285
982135
883383
942224
978532
888698
981458
936566
982624
824593
950340
936566
936566
950340
860699
873709
936566
967663
982624
892460
917588
998561
960840
947395
955148
916862
956949
906740
942668
966903
950340
936566
936566
851230
936566
936566
975472
918322
936566
942416
997186
936566
966903
897250
922140
966903
945482
909824
936566
740662
936566
997666
977975
908762
901863
805688
973218
936566
969131
961581
936566
936566
982624
873709
961153
936566
987015
953671
988559
936566
973530
936566
924240
936566
873939
936566
936566
950340
936566
976627
961013
844199
971539
936566
909824
950340
860699
974811
995560
936566
906740
936566
936566
936566
936566
967663
835181
936566
936566
936566
936566
943996
847285
936566
972581
966903
936566
946071
965237
987049
997186
953671
733407
953671
946071
952955
936566
936566
966903
955128
836104
869378
933549
988893
946071
946071
961013
961013
984371
945482
954696
916501
847285
987015
978532
936566
968891
993967
987015
936566
933549
982624
974811
921175
946071
936566
997186
869783
821131
812446
945902
969512
834082
974395
986745
985289
936566
945482
936566
936566
936566
936566
936566
887878
955230
936417
981462
988559
990188
945482
936566
847285
946071
782719
930745
936566
933549
946071
999123
847285
691331
936566
853772
961013
967663
913404
888167
907342
857360
988536
944565
936566
887979
934353
974811
988536
997666
961285
819106
988559
932903
936566
936566
997186
945482
853772
971412
965237
953671
936566
956949
936566
981458
936566
923732
936566
913404
865408
873709
911539
860699
936566
832812
951846
936566
950763
936566
964552
966903
949216
945482
946071
974811
978532
956949
936566
965031
936566
982135
936566
936566
838991
908762
934353
936566
936566
917588
936566
936566
873709
913404
974395
997908
936566
936566
948617
936566
988559
917588
904962
847285
847285
954889
860699
917588
918349
936566
930317
936566
945482
936566
936566
956949
629270
969131
819106
936566
936566
950340
936566
896535
819106
887979
985595
876700
966896
900079
936566
908040
936566
996125
966903
919803
979504
961013
936566
967324
883400
946671
913404
951662
946214
965889
913404
953671
873709
872525
982624
936566
994595
838871
942668
964331
844052
950340
988559
850310
950340
906740
982135
993584
996869
913404
936566
908762
942306
940486
947395
936566
936566
989452
982624
973813
990577
957889
967663
936566
973394
946200
936566
936566
880127
942416
860699
873709
965237
818141
913404
926656
976624
887979
936566
913404
986310
936566
973394
965237
946071
945902
936566
934353
983047
740754
985289
887979
943511
936566
994595
950340
946063
983047
997908
993584
782719
641163
953671
853772
936566
988536
938651
847285
943511
933549
986700
966232
909824
966003
908656
879146
982624
968891
936566
934353
917303
936566
695260
936566
950340
895926
889318
991131
869641
956949
935883
936566
990968
936566
936566
978532
955878
847285
860699
973530
936566
936566
917588
969131
994806
987015
936566
947797
936566
976929
898796
920489
936566
997666
936566
653398
997078
983047
946071
987015
736153
983047
964552
936566
948224
913404
937783
947797
988536
942306
936566
936566
929430
858041
884014
740662
936566
936566
987091
699784
936566
806503
936566
962262
883712
936566
996236
974902
945482
935649
946071
960186
956949
987015
964552
936566
990333
984472
936566
936566
948224
862254
936566
913404
982624
913404
967663
936566
973394
853772
974650
936566
943511
937783
979412
913404
976907
936566
964331
936566
936566
950340
838343
947395
936566
936566
933549
936566
936601
950340
983479
929430
978532
973931
805688
950340
937222
936566
945482
989452
873709
936566
864280
848471
936566
984063
975566
936566
936566
936566
892942
945482
953671
981458
972702
936566
966903
913404
967663
936566
950340
965237
961013
936566
936566
936566
913404
938651
830415
936566
936566
757282
912438
978088
990090
987015
933549
945902
987015
860699
945482
776431
805380
961013
641163
964331
945482
908762
989452
887979
950340
947032
983047
996731
943365
943511
996997
881819
936566
964552
863940
940486
936566
988536
923956
936566
936566
934353
966578
936566
946071
966903
809374
936566
968891
996731
988612
994806
973931
988559
977971
936566
936566
967979
936566
836880
972251
936566
936566
936566
968891
936566
847285
936566
943511
700645
936566
936566
786851
865177
991916
860699
904446
988536
991493
936566
987091
885538
982624
936566
999267
969131
782782
946071
936566
943511
860699
711133
936566
984944
973493
860699
850295
943365
950340
936566
863994
991401
996486
908762
909545
936566
740662
987015
936566
965237
838871
978532
929430
956949
950340
936566
997186
964362
964552
776431
973931
936566
950340
950340
880115
913404
955904
936566
936566
839535
805688
953361
991131
873709
936566
936566
936566
936566
936566
976817
936566
936566
980920
936566
936566
902020
870294
936566
987015
950340
936566
936566
873709
853772
938651
908656
988545
936566
996731
936566
943087
977971
936566
987015
933549
936566
913248
936566
996092
990188
908762
936566
936566
991131
936566
936566
957613
936566
962301
913404
819106
936566
891554
936566
943511
867345
971412
938651
936566
904446
987015
945482
936566
936566
726410
978532
997908
986723
988536
979504
853772
936566
873709
840959
853772
956855
984574
865717
936566
957766
885062
945482
635521
936566
936566
942224
950340
946030
973107
933549
991401
962301
973931
945482
966759
936566
936566
936566
973813
942224
969131
936566
945482
994535
934463
936566
936566
936566
969131
950340
953348
936566
894959
919759
987015
852228
953185
955808
847285
963649
934628
936566
954696
974580
936488
936566
936566
899595
970905
987015
860699
973218
936566
824593
986745
828859
947395
936566
955230
936566
955240
936566
950961
860699
936566
740754
936566
860699
987015
988536
866774
912916
965237
943511
987015
740754
891554
855991
950340
853772
889318
838871
913404
982624
421491
984472
903876
974705
946071
913404
966903
996731
766893
936566
968721
946071
979566
936566
936566
934353
981862
923218
847285
997186
953671
853772
981458
936566
900079
873169
816853
936566
936566
680477
971412
860699
851864
869378
973173
936566
974342
953671
940486
760026
950340
847285
942224
864280
964331
985686
969131
936566
985374
908762
950340
913404
997666
891554
982135
936566
986723
860699
936566
936566
950340
965237
936566
913404
936566
936566
936566
977756
936566
908656
885171
887464
936566
936566
964552
700815
957613
976225
874045
950340
961306
978246
936566
968891
945482
953671
967324
950340
950340
881904
936566
936566
805688
937222
950779
933549
965237
946071
991916
940486
936566
873709
999486
936566
847285
999486
987763
709616
972646
950340
950340
964552
987015
835892
933549
966903
965237
978532
888324
957613
847285
961013
668315
978532
936566
936566
978532
947395
899595
936566
821176
920515
974395
933549
978532
953671
984472
936566
700234
950340
974811
929430
956949
936566
971390
936566
982624
974650
936566
819106
991916
973218
936566
987015
936566
786851
941702
728834
943511
990333
936566
936566
936566
936566
991515
961285
936566
947395
963649
936566
988893
942416
997908
973931
936566
970905
917093
983234
990188
860699
936566
973394
981984
933549
887979
988536
936566
936566
936566
936566
852228
990188
994872
971412
928265
979412
664901
956855
997985
936566
961013
812205
847285
988536
936566
936566
945482
724316
962472
936566
943511
860699
860699
950961
913404
950340
996997
936566
996275
947395
931306
947395
953671
936566
961484
896915
928946
936566
869641
798088
950340
936566
936566
936566
936566
873709
967199
936566
936566
953671
936566
873709
991131
880529
936566
873709
936566
936566
981752
961639
985289
875249
936566
950340
936566
940486
968891
936566
936566
967663
938134
847285
936566
689301
860699
936566
988545
936566
899595
936566
887878
988536
983047
936566
966903
938314
970905
936566
936566
936566
936566
945482
931432
812205
943365
956855
929442
988559
946214
950340
950340
945482
680477
957667
950340
993538
936566
940486
969131
936566
971412
936566
860699
836104
946071
936566
946071
953671
913404
986692
873709
957613
881904
860699
936566
936566
936566
936566
910461
969131
891688
936566
936566
936566
997709
950340
973931
887979
980519
867345
979504
965237
957613
961013
913404
950340
964552
968747
824593
752268
936566
847285
923359
992577
956949
936566
936566
998925
858041
950340
979566
847285
847285
936566
999014
887979
973394
913404
974244
700645
987015
936566
913404
847285
853772
936566
974395
982624
974244
936566
955660
936566
962099
969621
974395
981458
998291
940486
950340
936566
957521
936566
936566
973394
982624
825538
950340
740754
929955
978532
936566
974811
936566
954889
936566
936566
860699
936566
924240
850310
936566
966903
936566
936566
936566
936566
936566
969131
971539
946071
979566
936566
953361
718638
964697
936566
936566
936566
936566
975543
936566
917588
942224
945482
936566
946214
915306
969131
936566
933699
943511
967663
907033
860699
987015
936566
974650
913404
961302
960186
936566
906170
891688
979566
991401
977270
981984
944261
999243
997186
648210
865408
945902
964331
913404
955230
936566
653398
936566
978532
936566
962301
936566
988536
936566
973931
936566
936566
936566
847285
853772
805688
897250
976627
966903
955128
997078
936566
978088
805688
936566
964552
687946
936566
936566
934353
686177
936566
953671
936566
964331
985686
974395
743728
943365
936566
993700
936566
917588
906367
913404
820357
906740
950340
965237
974580
950340
945482
936566
847285
977971
869783
988536
922270
971412
946200
960840
839495
962394
936566
978532
947395
961581
758622
974244
936566
974580
936566
978532
998440
847285
945482
971412
913404
724101
945482
864455
956855
873709
981458
936566
934353
979269
936566
946214
988536
956855
950340
936566
819106
948285
920515
838343
936566
921591
933549
953671
953361
936566
936566
936566
894450
908762
913404
860699
952646
860699
936566
936566
865177
936566
943511
913404
955878
973931
936566
934353
860699
936566
936566
936566
936566
936566
913404
883712
994535
910312
936566
853080
987015
860699
973931
973931
686177
936566
973107
950340
936566
964137
956949
870294
997666
971380
913404
983047
974244
873709
959242
991101
877340
938913
965237
928265
968891
907799
981752
888698
996731
936566
906367
961639
847285
936566
936566
974580
801100
628241
984472
936566
945482
962262
936566
950340
936566
964445
936566
936566
860699
847285
950340
847285
950340
976627
936566
936566
913404
943511
985686
936566
860699
978532
961013
964331
936566
860699
959474
810537
989452
913404
972646
936566
936566
987015
912504
936566
873709
993012
950340
776431
949398
900618
917588
781906
863940
935973
936566
847285
964908
947395
956949
936566
936566
974650
945482
956855
913701
847285
950340
979412
991515
936566
936566
913404
969131
921333
968891
936566
928265
965237
847285
879146
936566
936566
949216
896915
967324
936566
945902
963760
998066
973218
979566
987015
877113
945482
890692
950340
967015
943712
976786
850310
782782
936566
965237
936566
711115
936566
973493
991515
994595
936566
936566
961013
955808
936566
950340
953671
863994
847285
936566
734759
936566
936566
864455
936566
990090
988559
936566
971412
857927
945482
981458
956855
982624
936566
936566
946071
984472
997728
946214
956949
945482
930462
936566
965237
969131
966903
936566
936566
956949
936566
936566
942203
913404
939469
965237
982135
933549
985686
988559
935973
936566
916862
810537
968891
968891
936566
984472
936566
973931
950340
858041
936566
860699
936566
942306
936566
990224
983047
965237
936566
936566
944565
973493
894401
861913
913404
943511
963649
987015
934353
943511
686177
946214
991401
913404
936566
798397
943511
788197
970519
956949
978532
842638
936566
936566
965237
964552
945482
931615
724862
945482
860699
934353
960338
936566
998440
956949
988559
936566
978532
934353
936566
889318
936566
936566
967979
936566
936566
987914
950340
974811
913404
936566
862385
987015
830082
997953
908762
935146
974395
957613
936566
860699
936566
936566
998440
964552
936566
984063
987378
979566
948224
942733
812042
988880
936566
936566
981458
936566
982624
936566
887979
936566
929391
950340
984517
988357
999014
934463
936566
847285
955240
921591
936566
936566
882415
983714
950340
952955
936566
950340
936566
936566
936566
891688
860699
847285
936566
860699
933699
945482
966903
950340
988536
936566
929391
835892
786851
805688
908200
936566
873709
970416
947395
897250
973931
936566
945482
916501
984472
936566
943511
913404
971539
974811
961013
936566
882415
950340
943511
936566
838422
936566
886227
950340
996731
976929
956656
950340
968891
990188
724316
936566
936566
896535
945482
936566
926849
930406
979566
936566
987015
946063
936566
998440
947661
974202
945482
988880
936566
913404
936566
936566
898584
936566
759804
950340
982624
973394
974395
906004
988536
997186
950340
968891
938931
855455
936566
863940
943511
936566
865177
969642
950340
906170
936566
936566
763387
860699
964552
948771
782719
936566
965237
974202
891554
885062
936566
955989
989942
954696
936566
903690
938806
936566
996731
936566
936566
950763
970905
997666
945482
987015
929955
987015
785385
913404
776431
936566
847285
820357
964330
936566
936566
963649
945482
973394
950340
991515
982624
864603
997908
945482
776431
973394
917588
933549
977821
936566
990333
964552
936566
936566
939469
949216
973394
936566
968891
936566
945482
947661
811942
957802
936566
997666
913404
950340
819494
936566
936566
936566
913404
997908
988536
891554
950340
943511
965237
973107
943511
944779
847285
964331
987015
988532
903609
965889
936566
961013
889318
936566
934066
913404
971412
860699
987015
936566
988536
860699
936566
865408
982135
987015
936566
924240
930462
936566
847285
991131
916149
877630
966903
607145
936566
950340
936566
936566
974580
960107
936566
936566
936566
936566
974650
964552
971412
798397
987015
847285
994872
967663
988559
936566
954889
946071
967614
974650
989452
936566
977821
847285
917588
945482
979129
980854
957802
936566
936566
968747
936566
982624
887979
858041
950340
864280
945482
936566
847285
997666
967199
936566
936566
936566
777003
936566
946071
974244
997772
950340
936566
936566
936566
853772
945482
847285
891554
936566
950340
940486
988536
948927
929955
982624
933549
913404
909824
855455
973931
950340
984263
847285
934353
936566
936566
962942
983047
981752
936566
853772
945482
936566
997666
992772
936566
847285
989279
936566
945482
950340
987015
974580
994535
961306
936566
936566
936566
973325
968587
847285
987015
847285
905347
913404
936566
936566
936566
936566
982624
946071
956949
987843
936566
936566
936566
906857
945482
860699
913404
936566
950340
978532
936566
956949
840303
943365
936566
936566
962294
969131
913404
943511
950340
988536
860699
987015
900079
686177
908762
956949
936566
928265
847285
919324
936566
971239
873709
976929
988545
905694
979412
967663
936566
873689
945482
936566
952721
870294
986745
847285
853772
776431
975416
942168
808388
860699
783425
966896
439057
806800
936566
735339
957802
880442
978532
977270
936566
953671
936566
988620
947032
973931
943511
853772
989452
974650
952646
850310
979412
830425
979412
936566
979412
982624
935809
931306
957613
975543
936566
776431
776431
830415
985686
936566
936566
971412
936566
956949
996731
936566
988545
988545
950340
940073
936566
950296
996731
930462
936566
993584
950340
936566
936566
862254
847285
947395
936566
936566
977756
969131
969642
948927
920515
942224
984263
936566
947395
973931
936566
808383
988559
907620
936566
860699
926849
974650
936566
863940
945482
991916
945482
914954
745349
901168
967979
936566
918349
946071
837474
870125
936566
936566
991740
936566
974650
997213
936566
943511
757982
936566
782782
915306
987015
985289
936566
945482
961013
112828
785385
982624
936566
996275
888905
936566
950340
950340
819106
974202
975472
847285
973931
847285
950340
936566
962294
986942
936566
782782
929391
914954
936566
936566
936566
877869
968891
860699
835181
938674
971400
936566
892698
974580
829372
989942
950340
936566
936566
785385
963649
974395
973931
963649
988893
978532
850310
930462
927505
911539
953240
945482
936566
936566
933549
934066
863925
936566
960347
997666
979733
943511
936566
936566
968891
936566
945902
936566
997953
946214
945482
936566
963292
936566
936566
811942
936566
936566
936566
936566
933549
819494
948771
826260
873709
715203
936566
887979
987015
808664
867713
938134
989452
950340
969131
991740
936566
936566
838077
986018
997908
936566
812902
863940
936566
844052
978532
936566
989452
939934
940486
974650
943511
982624
932371
946063
962942
936566
973493
978532
974244
971412
844954
987015
938134
973493
988559
961013
964429
974244
978532
978532
991494
926432
996731
947395
903876
913404
970905
945482
982451
967979
940782
819263
982135
829013
866196
968891
968891
930462
991916
877869
964331
936566
988559
988536
936566
599991
984472
968891
936566
936566
936566
950340
936566
936566
979412
862385
899362
936566
974395
982624
913404
957336
841259
936566
974395
997186
896535
987015
913404
988620
832829
946071
997023
987015
919324
977971
964552
860699
936566
936566
936566
957766
643300
936566
982294
936566
865177
936566
936566
760026
979412
987015
950340
945482
847285
922270
805688
923956
945482
937222
988880
860699
798024
936566
965237
964330
994595
936566
936566
945482
821131
741788
982135
940782
982624
936566
847285
917588
887979
950340
938013
860699
936566
847285
956949
936566
936566
936566
936566
860699
969131
936566
936566
974395
987091
906597
730387
873939
972702
776431
950340
955808
852228
899595
974395
723980
936566
917588
886014
981462
974580
998066
943511
936566
936566
974395
680128
936566
986723
811678
950340
975543
980429
936566
776431
929391
929391
867345
944779
894959
947797
953671
964908
938913
942224
973931
936566
973218
965237
975566
833175
945482
936566
908656
950340
965237
873709
988536
936566
956949
969131
837423
936566
953671
950340
965237
936566
847285
949573
752268
936566
987015
913404
940486
933549
990090
936566
994535
961349
936566
988536
946214
860699
936566
981458
984517
936566
952721
984664
961013
969131
936566
936566
835181
936566
980519
973493
936566
745349
936566
965237
961013
956949
936566
936566
943365
979412
950340
899595
967663
950340
933549
965237
965237
943511
950340
984583
908574
936566
984517
912916
821896
936566
975807
936566
805688
757982
997186
936566
945482
896915
936566
913404
921175
913404
936566
905314
998440
913404
978532
913404
936566
936566
990090
957613
945482
908762
877113
990333
984664
938651
936566
812205
974580
971380
968891
995025
936566
860699
988545
858041
936566
978532
847285
888324
988880
936566
853772
994595
974650
992286
936566
923359
936566
936566
964552
936566
959985
819494
973218
913404
988536
943511
913404
866690
979412
913404
936566
973394
989942
950340
847285
906740
955148
936566
936566
943511
954502
922172
883712
936566
668315
968891
940486
939469
847285
926887
903609
776431
945482
968891
953671
974580
933549
873169
802654
936566
936566
812446
936566
954889
776431
971412
967663
869378
936566
936566
936566
873709
950340
965237
936566
988880
863940
928946
987015
974244
936566
936566
864603
913404
987015
853772
936566
936566
936566
936566
971412
798397
954502
838343
961190
936566
896915
873709
860699
927045
964552
950340
967979
950340
936566
936566
864280
924240
848471
936566
998440
960107
863940
936566
936566
936566
936566
945482
936566
987015
936566
978532
936566
936566
967663
987914
987015
946071
967663
931848
982135
917588
998440
915306
942662
936566
950340
812446
933549
935146
936566
936566
913404
936566
943996
928167
934353
889978
936566
981843
945482
977442
936566
973394
936566
997666
936566
937966
968891
936566
936566
966903
998440
990711
987015
966903
936566
936566
740754
947395
973394
936566
936566
936566
851832
805688
936566
955989
918371
913404
860699
964331
936566
860699
965237
936566
998944
936566
974811
936566
847285
943511
930803
912608
936566
991740
785385
936566
943247
936566
816853
961013
860699
756883
820582
936566
805688
945482
950340
945913
990090
812446
936566
936566
945482
860699
871337
962294
936566
978532
858041
908040
974395
961013
936566
936566
963649
936566
936566
913404
938651
936566
988536
936566
974811
936566
974580
930454
936566
921175
812446
936566
938931
956855
997666
825538
945482
853772
860360
962262
936566
936566
936566
950340
984472
782719
950340
936566
936566
936566
988536
945482
936566
936566
936566
960840
959242
966903
