This is XeTeX, Version 3.1415926-2.2-0.9995.2 (TeX Live 2009/Debian) (format=xelatex 2011.7.13)  14 JUL 2011 23:40
entering extended mode
 %&-line parsing enabled.
**solve_equation.tex
(./solve_equation.tex
LaTeX2e <2009/09/24>
Babel <v3.8l> and hyphenation patterns for english, usenglishmax, dumylang, noh
yphenation, farsi, arabic, croatian, bulgarian, ukrainian, russian, czech, slov
ak, danish, dutch, finnish, french, basque, ngerman, german, german-x-2009-06-1
9, ngerman-x-2009-06-19, ibycus, monogreek, greek, ancientgreek, hungarian, san
skrit, italian, latin, latvian, lithuanian, mongolian2a, mongolian, bokmal, nyn
orsk, romanian, irish, coptic, serbian, turkish, welsh, esperanto, uppersorbian
, estonian, indonesian, interlingua, icelandic, kurmanji, slovenian, polish, po
rtuguese, spanish, galician, catalan, swedish, ukenglish, pinyin, loaded.
(/usr/share/texmf-texlive/tex/latex/base/article.cls
Document Class: article 2007/10/19 v1.4h Standard LaTeX document class
(/usr/share/texmf-texlive/tex/latex/base/size10.clo
File: size10.clo 2007/10/19 v1.4h Standard LaTeX file (size option)
)
\c@part=\count80
\c@section=\count81
\c@subsection=\count82
\c@subsubsection=\count83
\c@paragraph=\count84
\c@subparagraph=\count85
\c@figure=\count86
\c@table=\count87
\abovecaptionskip=\skip41
\belowcaptionskip=\skip42
\bibindent=\dimen102
)
(/usr/share/texmf-texlive/tex/xelatex/fontspec/fontspec.sty
Package: fontspec 2008/08/09 v1.18 Advanced font selection for XeLaTeX

(/usr/share/texmf-texlive/tex/generic/ifxetex/ifxetex.sty
Package: ifxetex 2009/01/23 v0.5 Provides ifxetex conditional
)
\c@zf@newff=\count88
\c@zf@index=\count89
\c@zf@script=\count90
\c@zf@language=\count91

(/usr/share/texmf-texlive/tex/latex/tools/calc.sty
Package: calc 2007/08/22 v4.3 Infix arithmetic (KKT,FJ)
\calc@Acount=\count92
\calc@Bcount=\count93
\calc@Adimen=\dimen103
\calc@Bdimen=\dimen104
\calc@Askip=\skip43
\calc@Bskip=\skip44
LaTeX Info: Redefining \setlength on input line 76.
LaTeX Info: Redefining \addtolength on input line 77.
\calc@Ccount=\count94
\calc@Cskip=\skip45
)
(/usr/share/texmf-texlive/tex/latex/xkeyval/xkeyval.sty
Package: xkeyval 2008/08/13 v2.6a package option processing (HA)

(/usr/share/texmf-texlive/tex/generic/xkeyval/xkeyval.tex
\XKV@toks=\toks14
\XKV@tempa@toks=\toks15
\XKV@depth=\count95
File: xkeyval.tex 2008/08/13 v2.6a key=value parser (HA)

(/usr/share/texmf-texlive/tex/generic/xkeyval/keyval.tex)))
(/usr/share/texmf-texlive/tex/latex/base/fontenc.sty
Package: fontenc 2005/09/27 v1.99g Standard LaTeX package

(/usr/share/texmf-texlive/tex/xelatex/euenc/eu1enc.def
File: eu1enc.def 2008/03/08 v0.1d Experimental unicode font encoding
)
LaTeX Font Info:    Try loading font information for EU1+lmr on input line 100.


(/usr/share/texmf-texlive/tex/xelatex/euenc/eu1lmr.fd
File: eu1lmr.fd 2007/01/14 v1.3 Font defs for Latin Modern
))
LaTeX Info: Redefining \itshape on input line 1163.
LaTeX Info: Redefining \slshape on input line 1166.
LaTeX Info: Redefining \scshape on input line 1169.
LaTeX Info: Redefining \upshape on input line 1172.

fontspec.cfg loaded.
(/usr/share/texmf-texlive/tex/xelatex/fontspec/fontspec.cfg))
(/usr/share/texmf-texlive/tex/latex/tools/indentfirst.sty
Package: indentfirst 1995/11/23 v1.03 Indent first paragraph (DPC)
)
(/usr/share/texmf-texlive/tex/latex/listings/listings.sty
\lst@mode=\count96
\lst@gtempboxa=\box26
\lst@token=\toks16
\lst@length=\count97
\lst@currlwidth=\dimen105
\lst@column=\count98
\lst@pos=\count99
\lst@lostspace=\dimen106
\lst@width=\dimen107
\lst@newlines=\count100
\lst@lineno=\count101
\lst@maxwidth=\dimen108

(/usr/share/texmf-texlive/tex/latex/listings/lstmisc.sty
File: lstmisc.sty 2007/02/22 1.4 (Carsten Heinz)
\c@lstnumber=\count102
\lst@skipnumbers=\count103
\lst@framebox=\box27
)
(/usr/share/texmf-texlive/tex/latex/listings/listings.cfg
File: listings.cfg 2007/02/22 1.4 listings configuration
))
Package: listings 2007/02/22 1.4 (Carsten Heinz)

(/usr/share/texmf-texlive/tex/latex/hyperref/hyperref.sty
Package: hyperref 2009/10/09 v6.79a Hypertext links for LaTeX

(/usr/share/texmf-texlive/tex/generic/oberdiek/ifpdf.sty
Package: ifpdf 2009/04/10 v2.0 Provides the ifpdf switch (HO)
Package ifpdf Info: pdfTeX in pdf mode not detected.
)
(/usr/share/texmf-texlive/tex/generic/oberdiek/ifvtex.sty
Package: ifvtex 2008/11/04 v1.4 Switches for detecting VTeX and its modes (HO)
Package ifvtex Info: VTeX not detected.
)
(/usr/share/texmf-texlive/tex/latex/oberdiek/hycolor.sty
Package: hycolor 2009/10/02 v1.5 Code for color options of hyperref/bookmark (H
O)

(/usr/share/texmf-texlive/tex/latex/oberdiek/xcolor-patch.sty
Package: xcolor-patch 2009/10/02 xcolor patch
))
\@linkdim=\dimen109
\Hy@linkcounter=\count104
\Hy@pagecounter=\count105

(/usr/share/texmf-texlive/tex/latex/hyperref/pd1enc.def
File: pd1enc.def 2009/10/09 v6.79a Hyperref: PDFDocEncoding definition (HO)
)
(/usr/share/texmf-texlive/tex/generic/oberdiek/etexcmds.sty
Package: etexcmds 2007/12/12 v1.2 Prefix for e-TeX command names (HO)

(/usr/share/texmf-texlive/tex/generic/oberdiek/infwarerr.sty
Package: infwarerr 2007/09/09 v1.2 Providing info/warning/message (HO)
)
Package etexcmds Info: Could not find \expanded.
(etexcmds)             That can mean that you are not using pdfTeX 1.50 or
(etexcmds)             that some package has redefined \expanded.
(etexcmds)             In the latter case, load this package earlier.
)
(/usr/share/texmf-texlive/tex/xelatex/xetexconfig/hyperref.cfg
File: hyperref.cfg 2008/07/11 v1.2 hyperref configuration for XeLaTeX
)
(/usr/share/texmf-texlive/tex/latex/oberdiek/kvoptions.sty
Package: kvoptions 2009/08/13 v3.4 Keyval support for LaTeX options (HO)

(/usr/share/texmf-texlive/tex/generic/oberdiek/kvsetkeys.sty
Package: kvsetkeys 2009/07/30 v1.5 Key value parser with default handler suppor
t (HO)
))
Package hyperref Info: Option `colorlinks' set `true' on input line 2864.
Package hyperref Info: Hyper figures OFF on input line 2975.
Package hyperref Info: Link nesting OFF on input line 2980.
Package hyperref Info: Hyper index ON on input line 2983.
Package hyperref Info: Plain pages OFF on input line 2990.
Package hyperref Info: Backreferencing OFF on input line 2995.

Implicit mode ON; LaTeX internals redefined
Package hyperref Info: Bookmarks ON on input line 3191.
(/usr/share/texmf-texlive/tex/latex/ltxmisc/url.sty
\Urlmuskip=\muskip10
Package: url 2006/04/12  ver 3.3  Verb mode for urls, etc.
)
LaTeX Info: Redefining \url on input line 3428.

(/usr/share/texmf-texlive/tex/generic/oberdiek/bitset.sty
Package: bitset 2007/09/28 v1.0 Data type bit set (HO)

(/usr/share/texmf-texlive/tex/generic/oberdiek/intcalc.sty
Package: intcalc 2007/09/27 v1.1 Expandable integer calculations (HO)
)
(/usr/share/texmf-texlive/tex/generic/oberdiek/bigintcalc.sty
Package: bigintcalc 2007/11/11 v1.1 Expandable big integer calculations (HO)

(/usr/share/texmf-texlive/tex/generic/oberdiek/pdftexcmds.sty
Package: pdftexcmds 2009/09/23 v0.6 LuaTeX support for pdfTeX utility functions
 (HO)

(/usr/share/texmf-texlive/tex/generic/oberdiek/ifluatex.sty
Package: ifluatex 2009/04/17 v1.2 Provides the ifluatex switch (HO)
Package ifluatex Info: LuaTeX not detected.
)
(/usr/share/texmf-texlive/tex/generic/oberdiek/ltxcmds.sty
Package: ltxcmds 2009/08/05 v1.0 Some LaTeX kernel commands for general use (HO
)
)
Package pdftexcmds Info: LuaTeX not detected.
Package pdftexcmds Info: pdfTeX >= 1.30 not detected.
Package pdftexcmds Info: \pdf@primitive is available.
Package pdftexcmds Info: \pdf@ifprimitive is available.
)))
\Fld@menulength=\count106
\Field@Width=\dimen110
\Fld@charsize=\dimen111
\Field@toks=\toks17
Package hyperref Info: Hyper figures OFF on input line 4377.
Package hyperref Info: Link nesting OFF on input line 4382.
Package hyperref Info: Hyper index ON on input line 4385.
Package hyperref Info: backreferencing OFF on input line 4392.
Package hyperref Info: Link coloring ON on input line 4395.
Package hyperref Info: Link coloring with OCG OFF on input line 4402.
Package hyperref Info: PDF/A mode OFF on input line 4407.

(/usr/share/texmf-texlive/tex/generic/oberdiek/atbegshi.sty
Package: atbegshi 2008/07/31 v1.9 At begin shipout hook (HO)
)
\Hy@abspage=\count107
\c@Item=\count108
\c@Hfootnote=\count109
)
*hyperref using default driver hdvipdfm*
(/usr/share/texmf-texlive/tex/latex/hyperref/hdvipdfm.def
File: hdvipdfm.def 2009/10/09 v6.79a Hyperref driver for dvipdfm
\pdfm@box=\box28
\c@Hy@AnnotLevel=\count110
\HyField@AnnotCount=\count111
\Fld@listcount=\count112
)
\c@zf@famc@ÊñáÊ≥âÈ©øÂæÆÁ±≥Èªë=\count113
Package fontspec Info: Defining font family for 'ÊñáÊ≥âÈ©øÂæÆÁ±≥Èªë' with optio
ns [] on input line 7.
Package fontspec Info: Could not resolve font ÊñáÊ≥âÈ©øÂæÆÁ±≥Èªë/B (it might no
t exist) on input line 7.
Package fontspec Info: Could not resolve font ÊñáÊ≥âÈ©øÂæÆÁ±≥Èªë/I (it might no
t exist) on input line 7.
Package fontspec Info: Could not resolve font ÊñáÊ≥âÈ©øÂæÆÁ±≥Èªë/BI (it might n
ot exist) on input line 7.

(./solve_equation.aux)
\openout1 = `solve_equation.aux'.

LaTeX Font Info:    Checking defaults for OML/cmm/m/it on input line 12.
LaTeX Font Info:    ... okay on input line 12.
LaTeX Font Info:    Checking defaults for T1/cmr/m/n on input line 12.
LaTeX Font Info:    ... okay on input line 12.
LaTeX Font Info:    Checking defaults for OT1/cmr/m/n on input line 12.
LaTeX Font Info:    ... okay on input line 12.
LaTeX Font Info:    Checking defaults for OMS/cmsy/m/n on input line 12.
LaTeX Font Info:    ... okay on input line 12.
LaTeX Font Info:    Checking defaults for OMX/cmex/m/n on input line 12.
LaTeX Font Info:    ... okay on input line 12.
LaTeX Font Info:    Checking defaults for U/cmr/m/n on input line 12.
LaTeX Font Info:    ... okay on input line 12.
LaTeX Font Info:    Checking defaults for EU1/lmr/m/n on input line 12.
LaTeX Font Info:    ... okay on input line 12.
LaTeX Font Info:    Checking defaults for PD1/pdf/m/n on input line 12.
LaTeX Font Info:    ... okay on input line 12.
Package fontspec Info: Adjusting the maths setup (use [no-math] to avoid this).
 on input line 12.
\symlegacymaths=\mathgroup4
LaTeX Font Info:    Overwriting symbol font `legacymaths' in version `bold'
(Font)                  OT1/cmr/m/n --> OT1/cmr/bx/n on input line 12.
LaTeX Font Info:    Redeclaring math accent \acute on input line 12.
LaTeX Font Info:    Redeclaring math accent \grave on input line 12.
LaTeX Font Info:    Redeclaring math accent \ddot on input line 12.
LaTeX Font Info:    Redeclaring math accent \tilde on input line 12.
LaTeX Font Info:    Redeclaring math accent \bar on input line 12.
LaTeX Font Info:    Redeclaring math accent \breve on input line 12.
LaTeX Font Info:    Redeclaring math accent \check on input line 12.
LaTeX Font Info:    Redeclaring math accent \hat on input line 12.
LaTeX Font Info:    Redeclaring math accent \dot on input line 12.
LaTeX Font Info:    Redeclaring math accent \mathring on input line 12.
LaTeX Font Info:    Redeclaring math symbol \colon on input line 12.
LaTeX Font Info:    Redeclaring math symbol \Gamma on input line 12.
LaTeX Font Info:    Redeclaring math symbol \Delta on input line 12.
LaTeX Font Info:    Redeclaring math symbol \Theta on input line 12.
LaTeX Font Info:    Redeclaring math symbol \Lambda on input line 12.
LaTeX Font Info:    Redeclaring math symbol \Xi on input line 12.
LaTeX Font Info:    Redeclaring math symbol \Pi on input line 12.
LaTeX Font Info:    Redeclaring math symbol \Sigma on input line 12.
LaTeX Font Info:    Redeclaring math symbol \Upsilon on input line 12.
LaTeX Font Info:    Redeclaring math symbol \Phi on input line 12.
LaTeX Font Info:    Redeclaring math symbol \Psi on input line 12.
LaTeX Font Info:    Redeclaring math symbol \Omega on input line 12.
LaTeX Font Info:    Redeclaring math symbol \mathdollar on input line 12.
LaTeX Font Info:    Redeclaring symbol font `operators' on input line 12.
LaTeX Font Info:    Encoding `OT1' has changed to `EU1' for symbol font
(Font)              `operators' in the math version `normal' on input line 12.
LaTeX Font Info:    Overwriting symbol font `operators' in version `normal'
(Font)                  OT1/cmr/m/n --> EU1/ÊñáÊ≥âÈ©øÂæÆÁ±≥Èªë(0)/m/n on input 
line 12.
LaTeX Font Info:    Encoding `OT1' has changed to `EU1' for symbol font
(Font)              `operators' in the math version `bold' on input line 12.
LaTeX Font Info:    Overwriting symbol font `operators' in version `bold'
(Font)                  OT1/cmr/bx/n --> EU1/ÊñáÊ≥âÈ©øÂæÆÁ±≥Èªë(0)/m/n on input
 line 12.
LaTeX Font Info:    Overwriting symbol font `operators' in version `normal'
(Font)                  EU1/ÊñáÊ≥âÈ©øÂæÆÁ±≥Èªë(0)/m/n --> EU1/ÊñáÊ≥âÈ©øÂæÆÁ±≥Èª
ë(0)/m/n on input line 12.
LaTeX Font Info:    Overwriting math alphabet `\mathrm' in version `normal'
(Font)                  EU1/ÊñáÊ≥âÈ©øÂæÆÁ±≥Èªë(0)/m/n --> EU1/ÊñáÊ≥âÈ©øÂæÆÁ±≥Èª
ë(0)/m/n on input line 12.
LaTeX Font Info:    Overwriting math alphabet `\mathit' in version `normal'
(Font)                  OT1/cmr/m/it --> EU1/ÊñáÊ≥âÈ©øÂæÆÁ±≥Èªë(0)/m/it on inpu
t line 12.
LaTeX Font Info:    Overwriting math alphabet `\mathbf' in version `normal'
(Font)                  OT1/cmr/bx/n --> EU1/ÊñáÊ≥âÈ©øÂæÆÁ±≥Èªë(0)/bx/n on inpu
t line 12.
LaTeX Font Info:    Overwriting math alphabet `\mathsf' in version `normal'
(Font)                  OT1/cmss/m/n --> EU1/lmss/m/n on input line 12.
LaTeX Font Info:    Overwriting math alphabet `\mathtt' in version `normal'
(Font)                  OT1/cmtt/m/n --> EU1/lmtt/m/n on input line 12.
LaTeX Font Info:    Overwriting symbol font `operators' in version `bold'
(Font)                  EU1/ÊñáÊ≥âÈ©øÂæÆÁ±≥Èªë(0)/m/n --> EU1/ÊñáÊ≥âÈ©øÂæÆÁ±≥Èª
ë(0)/bx/n on input line 12.
LaTeX Font Info:    Overwriting math alphabet `\mathrm' in version `bold'
(Font)                  EU1/ÊñáÊ≥âÈ©øÂæÆÁ±≥Èªë(0)/m/n --> EU1/ÊñáÊ≥âÈ©øÂæÆÁ±≥Èª
ë(0)/bx/n on input line 12.
LaTeX Font Info:    Overwriting math alphabet `\mathit' in version `bold'
(Font)                  OT1/cmr/bx/it --> EU1/ÊñáÊ≥âÈ©øÂæÆÁ±≥Èªë(0)/bx/it on in
put line 12.
LaTeX Font Info:    Overwriting math alphabet `\mathsf' in version `bold'
(Font)                  OT1/cmss/bx/n --> EU1/lmss/bx/n on input line 12.
LaTeX Font Info:    Overwriting math alphabet `\mathtt' in version `bold'
(Font)                  OT1/cmtt/m/n --> EU1/lmtt/bx/n on input line 12.
\c@lstlisting=\count114
 (/usr/share/texmf-texlive/tex/latex/graphics/color.sty
Package: color 2005/11/14 v1.0j Standard LaTeX Color (DPC)

(/etc/texmf/tex/latex/config/color.cfg
File: color.cfg 2007/01/18 v1.5 color configuration of teTeX/TeXLive
)
Package color Info: Driver file: xetex.def on input line 130.

(/usr/share/texmf-texlive/tex/xelatex/xetex-def/xetex.def
File: xetex.def 2009/11/22 v0.94 LaTeX color/graphics driver for XeTeX (RRM/JK)

))
Package hyperref Info: Link coloring ON on input line 12.

(/usr/share/texmf-texlive/tex/latex/hyperref/nameref.sty
Package: nameref 2007/05/29 v2.31 Cross-referencing by name of section

(/usr/share/texmf-texlive/tex/latex/oberdiek/refcount.sty
Package: refcount 2008/08/11 v3.1 Data extraction from references (HO)
)
\c@section@level=\count115
)
LaTeX Info: Redefining \ref on input line 12.
LaTeX Info: Redefining \pageref on input line 12.

(./solve_equation.out) (./solve_equation.out)
\@outlinefile=\write3
\openout3 = `solve_equation.out'.

\AtBeginShipoutBox=\box29
LaTeX Font Info:    External font `cmex10' loaded for size
(Font)              <17.28> on input line 14.
LaTeX Font Info:    External font `cmex10' loaded for size
(Font)              <12> on input line 14.
LaTeX Font Info:    External font `cmex10' loaded for size
(Font)              <8> on input line 14.
LaTeX Font Info:    External font `cmex10' loaded for size
(Font)              <6> on input line 14.
LaTeX Font Info:    External font `cmex10' loaded for size
(Font)              <5> on input line 14.
LaTeX Font Info:    Font shape `EU1/ÊñáÊ≥âÈ©øÂæÆÁ±≥Èªë(0)/bx/n' undefined
(Font)              using `EU1/ÊñáÊ≥âÈ©øÂæÆÁ±≥Èªë(0)/m/n' instead on input line
 14.
 (./solve_equation.toc
LaTeX Font Info:    External font `cmex10' loaded for size
(Font)              <7> on input line 3.
)
\tf@toc=\write4
\openout4 = `solve_equation.toc'.


Overfull \hbox (5.69028pt too wide) in paragraph at lines 19--20
[]$\OML/cmm/m/it/10 r$\EU1/ÊñáÊ≥âÈ©øÂæÆÁ±≥Èªë(0)/bx/n/10 ÂØπ Ê®°$\OML/cmm/m/it/
10 m$\EU1/ÊñáÊ≥âÈ©øÂæÆÁ±≥Èªë(0)/bx/n/10 ÁöÑ Êåá Êï∞$\OML/cmm/m/it/10 Ord[]\OT1/
cmr/m/n/10 (\OML/cmm/m/it/10 r\OT1/cmr/m/n/10 )$\EU1/ÊñáÊ≥âÈ©øÂæÆÁ±≥Èªë(0)/bx/n
/10 ‰∏∫ ‰Ωø$\OML/cmm/m/it/10 r[] \OMS/cmsy/m/n/10 ^^Q \OT1/cmr/m/n/10 1 (\OML/c
mm/m/it/10 mod m\OT1/cmr/m/n/10 )$\EU1/ÊñáÊ≥âÈ©øÂæÆÁ±≥Èªë(0)/bx/n/10 Êàê Á´ã Áö
Ñ ÊúÄ Â∞è Ê≠£ Êï¥ Êï∞Ôºå Ëã•$\OML/cmm/m/it/10 Ord[]\OT1/cmr/m/n/10 (\OML/cmm/m/
it/10 r\OT1/cmr/m/n/10 ) =
 []

[1

]
LaTeX Font Info:    External font `cmex10' loaded for size
(Font)              <14.4> on input line 26.


Package hyperref Warning: Token not allowed in a PDF string (PDFDocEncoding):
(hyperref)                removing `math shift' on input line 26.


Package hyperref Warning: Token not allowed in a PDF string (PDFDocEncoding):
(hyperref)                removing `math shift' on input line 26.


Package hyperref Warning: Token not allowed in a PDF string (PDFDocEncoding):
(hyperref)                removing `math shift' on input line 28.


Package hyperref Warning: Token not allowed in a PDF string (PDFDocEncoding):
(hyperref)                removing `math shift' on input line 28.

[2] [3] (./solve_equation.aux)
LaTeX Font Info:    Some font shapes were not available, defaults substituted.
 ) 
Here is how much of TeX's memory you used:
 6805 strings out of 494665
 113608 string characters out of 1166477
 214322 words of memory out of 3000000
 9958 multiletter control sequences out of 15000+50000
 8283 words of font info for 39 fonts, out of 3000000 for 9000
 669 hyphenation exceptions out of 8191
 38i,11n,39p,464b,378s stack positions out of 5000i,500n,10000p,200000b,50000s

Output written on solve_equation.pdf (3 pages).
