\BOOKMARK [1][-]{section.1}{Volume I}{}
\BOOKMARK [2][-]{subsection.1.1}{7E. Defining Macros}{section.1}
\BOOKMARK [2][-]{subsection.1.2}{8D. Two Friends}{section.1}
\BOOKMARK [2][-]{subsection.1.3}{8E. Beads}{section.1}
\BOOKMARK [2][-]{subsection.1.4}{10E. Greedy Change}{section.1}
\BOOKMARK [2][-]{subsection.1.5}{15E. Triangles}{section.1}
\BOOKMARK [2][-]{subsection.1.6}{17E. Palisection}{section.1}
\BOOKMARK [2][-]{subsection.1.7}{17C. Balance}{section.1}
\BOOKMARK [2][-]{subsection.1.8}{19E. Fairy}{section.1}
\BOOKMARK [2][-]{subsection.1.9}{23D. Tetragon}{section.1}
\BOOKMARK [2][-]{subsection.1.10}{23E. Tree}{section.1}
\BOOKMARK [1][-]{section.2}{Volume II}{}
\BOOKMARK [2][-]{subsection.2.1}{26E. Multithreading}{section.2}
\BOOKMARK [2][-]{subsection.2.2}{28D. Do not fear, DravDe is kind}{section.2}
\BOOKMARK [2][-]{subsection.2.3}{30D. Kings Problem?}{section.2}
\BOOKMARK [2][-]{subsection.2.4}{30E. Tricky and Clever Password}{section.2}
\BOOKMARK [2][-]{subsection.2.5}{32E. Hide-and-Seek}{section.2}
\BOOKMARK [2][-]{subsection.2.6}{35E. Parade}{section.2}
\BOOKMARK [2][-]{subsection.2.7}{36E. Two paths}{section.2}
\BOOKMARK [2][-]{subsection.2.8}{37E. Trial for Chief}{section.2}
\BOOKMARK [2][-]{subsection.2.9}{39C. Moon Craters}{section.2}
\BOOKMARK [2][-]{subsection.2.10}{39A. C*++ Calculations}{section.2}
\BOOKMARK [1][-]{section.3}{Volume III}{}
\BOOKMARK [2][-]{subsection.3.1}{39E. What Has Dirichlet Got to Do with That?}{section.3}
\BOOKMARK [2][-]{subsection.3.2}{40E. Number Table}{section.3}
\BOOKMARK [2][-]{subsection.3.3}{43E. Race}{section.3}
\BOOKMARK [2][-]{subsection.3.4}{44J. Triminoes}{section.3}
\BOOKMARK [2][-]{subsection.3.5}{45G. Prime Problem}{section.3}
\BOOKMARK [2][-]{subsection.3.6}{45E. Director}{section.3}
\BOOKMARK [2][-]{subsection.3.7}{46F. HerculePoirot Problem}{section.3}
\BOOKMARK [2][-]{subsection.3.8}{47E. Cannon}{section.3}
\BOOKMARK [2][-]{subsection.3.9}{49E. Common ancestor}{section.3}
\BOOKMARK [2][-]{subsection.3.10}{51F. Caterpillar}{section.3}
\BOOKMARK [1][-]{section.4}{Volume IV}{}
\BOOKMARK [2][-]{subsection.4.1}{53E. Dead Ends}{section.4}
\BOOKMARK [2][-]{subsection.4.2}{57D. Journey}{section.4}
\BOOKMARK [2][-]{subsection.4.3}{226E. Noble Knights Path}{section.4}
\BOOKMARK [2][-]{subsection.4.4}{217D. Bitonix' Patrol}{section.4}
\BOOKMARK [2][-]{subsection.4.5}{67E. Save the City!}{section.4}
\BOOKMARK [2][-]{subsection.4.6}{67C. Sequence of Balls}{section.4}
\BOOKMARK [2][-]{subsection.4.7}{70D. Professors task}{section.4}
\BOOKMARK [2][-]{subsection.4.8}{70E. Information Reform}{section.4}
\BOOKMARK [2][-]{subsection.4.9}{156E. Mrs. Hudson's Pancakes}{section.4}
\BOOKMARK [2][-]{subsection.4.10}{105D. Entertaining Geodetics}{section.4}
\BOOKMARK [1][-]{section.5}{Volume V}{}
\BOOKMARK [2][-]{subsection.5.1}{193D. Two Segments}{section.5}
\BOOKMARK [2][-]{subsection.5.2}{75E. Ships Shortest Path}{section.5}
\BOOKMARK [2][-]{subsection.5.3}{76F. Tourist}{section.5}
\BOOKMARK [2][-]{subsection.5.4}{76A. Gift}{section.5}
\BOOKMARK [2][-]{subsection.5.5}{77E. Martian Food}{section.5}
\BOOKMARK [2][-]{subsection.5.6}{79D. Password}{section.5}
\BOOKMARK [2][-]{subsection.5.7}{81E. Pairs}{section.5}
\BOOKMARK [2][-]{subsection.5.8}{82E. Corridor}{section.5}
\BOOKMARK [2][-]{subsection.5.9}{83E. Two Subsequences}{section.5}
\BOOKMARK [2][-]{subsection.5.10}{85E. Guard Towers}{section.5}
\BOOKMARK [1][-]{section.6}{Volume VI}{}
\BOOKMARK [2][-]{subsection.6.1}{86E. Long sequence}{section.6}
\BOOKMARK [2][-]{subsection.6.2}{89D. Space mines}{section.6}
\BOOKMARK [2][-]{subsection.6.3}{91D. Grocer's Problem}{section.6}
\BOOKMARK [2][-]{subsection.6.4}{93D. Flags}{section.6}
\BOOKMARK [2][-]{subsection.6.5}{97C. Winning Strategy}{section.6}
\BOOKMARK [2][-]{subsection.6.6}{97A. Domino}{section.6}
\BOOKMARK [2][-]{subsection.6.7}{98D. Help Monks}{section.6}
\BOOKMARK [2][-]{subsection.6.8}{98C. Help Greg the Dwarf}{section.6}
\BOOKMARK [2][-]{subsection.6.9}{191D. Metro Scheme}{section.6}
\BOOKMARK [2][-]{subsection.6.10}{164D. Minimum Diameter}{section.6}
\BOOKMARK [1][-]{section.7}{Volumn VII}{}
\BOOKMARK [2][-]{subsection.7.1}{150E. Freezing with Style}{section.7}
\BOOKMARK [2][-]{subsection.7.2}{101E. Candies and Stones}{section.7}
\BOOKMARK [2][-]{subsection.7.3}{103E. Buying Sets}{section.7}
\BOOKMARK [2][-]{subsection.7.4}{105E. Lift and Throw}{section.7}
\BOOKMARK [2][-]{subsection.7.5}{107D. Crime Management}{section.7}
\BOOKMARK [2][-]{subsection.7.6}{113D. Museum}{section.7}
\BOOKMARK [2][-]{subsection.7.7}{115D. Unambiguous Arithmetic Expression}{section.7}
\BOOKMARK [2][-]{subsection.7.8}{120I. Luck is in Numbers}{section.7}
\BOOKMARK [2][-]{subsection.7.9}{123E. Maze}{section.7}
\BOOKMARK [2][-]{subsection.7.10}{125E. MST Company}{section.7}
\BOOKMARK [1][-]{section.8}{Volumn VIII}{}
\BOOKMARK [2][-]{subsection.8.1}{193E. Fibonacci Number}{section.8}
\BOOKMARK [2][-]{subsection.8.2}{145D. Lucky Pair}{section.8}
\BOOKMARK [2][-]{subsection.8.3}{132E. Bits of merry old England}{section.8}
\BOOKMARK [2][-]{subsection.8.4}{138D. World of Darkraft}{section.8}
\BOOKMARK [2][-]{subsection.8.5}{140F. New Year Snowflake}{section.8}
\BOOKMARK [2][-]{subsection.8.6}{147B. Smile House}{section.8}
\BOOKMARK [2][-]{subsection.8.7}{152D. Frame}{section.8}
\BOOKMARK [2][-]{subsection.8.8}{183D. T-shirt}{section.8}
\BOOKMARK [2][-]{subsection.8.9}{217E. Alien DNA}{section.8}
\BOOKMARK [2][-]{subsection.8.10}{135E. Weak Subsequence}{section.8}
\BOOKMARK [1][-]{section.9}{Volume IX}{}
\BOOKMARK [2][-]{subsection.9.1}{163D. Large Refrigerator}{section.9}
\BOOKMARK [2][-]{subsection.9.2}{167E. Wizards and Bets}{section.9}
\BOOKMARK [2][-]{subsection.9.3}{232D. Fence}{section.9}
\BOOKMARK [2][-]{subsection.9.4}{175E. Power Defence}{section.9}
\BOOKMARK [2][-]{subsection.9.5}{176D. Hyper string}{section.9}
\BOOKMARK [2][-]{subsection.9.6}{178F. Representative Sampling}{section.9}
\BOOKMARK [2][-]{subsection.9.7}{178E. The Beaver's Problem II}{section.9}
\BOOKMARK [2][-]{subsection.9.8}{180B. Divisibility Rules}{section.9}
\BOOKMARK [2][-]{subsection.9.9}{185D. Visit of the Great}{section.9}
\BOOKMARK [2][-]{subsection.9.10}{187D. BRT Contract}{section.9}
\BOOKMARK [1][-]{section.10}{Volume X}{}
\BOOKMARK [2][-]{subsection.10.1}{176E. Archaeology}{section.10}
\BOOKMARK [2][-]{subsection.10.2}{196D. The Next Good String}{section.10}
\BOOKMARK [2][-]{subsection.10.3}{198E. Gripping Story}{section.10}
\BOOKMARK [2][-]{subsection.10.4}{200E. Tractor College}{section.10}
\BOOKMARK [2][-]{subsection.10.5}{200A. Cinema}{section.10}
\BOOKMARK [2][-]{subsection.10.6}{201E. Thoroughly Bureaucratic Organization}{section.10}
\BOOKMARK [2][-]{subsection.10.7}{201D. Brand New Problem}{section.10}
\BOOKMARK [2][-]{subsection.10.8}{204E. Little Elephant and Strings}{section.10}
\BOOKMARK [2][-]{subsection.10.9}{207B. Military Trainings}{section.10}
\BOOKMARK [2][-]{subsection.10.10}{207A. Beaver's Calculator}{section.10}
\BOOKMARK [1][-]{section.11}{Volume XI}{}
\BOOKMARK [2][-]{subsection.11.1}{167D. Wizards and Roads}{section.11}
\BOOKMARK [2][-]{subsection.11.2}{209C. Trails and Glades}{section.11}
\BOOKMARK [2][-]{subsection.11.3}{212B. Polycarpus is Looking for Good Substrings}{section.11}
\BOOKMARK [2][-]{subsection.11.4}{212D. Cutting a Fence}{section.11}
\BOOKMARK [2][-]{subsection.11.5}{212C. Cowboys}{section.11}
\BOOKMARK [2][-]{subsection.11.6}{213E. Two Permutations}{section.11}
\BOOKMARK [2][-]{subsection.11.7}{217C. Formurosa}{section.11}
\BOOKMARK [2][-]{subsection.11.8}{229E. Gifts}{section.11}
