-1
-1
-1
-1
-1
-1
-1
-1
-1
-1
-1
-1
-1
-1
-1
-1
-1
-1
-1
-1
-1
-1
-1
-1
-1
-1
-1
-1
-1
-1
-1
-1
-1
-1
-1
-1
-1
-1
-1
-1
-1
-1
-1
-1
-1
-1
-1
-1
-1
-1
-1
-1
-1
-1
-1
-1
-1
-1
-1
-1
-1
-1
-1
-1
-1
-1
-1
-1
-1
-1
-1
-1
-1
-1
-1
-1
-1
-1
-1
-1
-1
-1
-1
-1
-1
-1
-1
-1
-1
-1
-1
-1
-1
-1
-1
-1
-1
-1
-1
-1
-1
-1
-1
-1
-1
-1
-1
-1
-1
-1
-1
-1
-1
-1
-1
-1
-1
-1
-1
-1
-1
-1
-1
-1
-1
-1
-1
-1
-1
-1
-1
-1
-1
-1
-1
-1
-1
-1
-1
-1
-1
-1
-1
-1
-1
-1
-1
-1
-1
9
-1
-1
-1
-1
-1
-1
-1
-1
-1
-1
-1
-1
-1
-1
-1
-1
-1
-1
-1
-1
-1
-1
-1
-1
-1
-1
-1
-1
-1
-1
-1
-1
-1
-1
-1
-1
-1
-1
-1
-1
-1
-1
-1
-1
-1
-1
-1
-1
-1
-1
-1
-1
-1
-1
-1
-1
-1
-1
-1
-1
-1
-1
-1
-1
-1
-1
-1
-1
-1
-1
-1
-1
-1
-1
-1
-1
-1
-1
-1
-1
-1
-1
-1
-1
-1
-1
-1
-1
-1
-1
-1
-1
-1
-1
-1
-1
-1
-1
-1
-1
-1
-1
-1
-1
-1
-1
-1
-1
-1
-1
-1
-1
-1
-1
-1
-1
-1
-1
-1
-1
-1
-1
-1
-1
-1
-1
-1
-1
-1
-1
-1
-1
-1
-1
-1
-1
-1
-1
-1
-1
-1
-1
-1
-1
-1
-1
-1
-1
-1
-1
-1
-1
-1
-1
-1
-1
-1
-1
-1
-1
-1
-1
-1
-1
-1
-1
-1
-1
-1
-1
-1
-1
-1
-1
-1
-1
-1
-1
-1
-1
-1
-1
-1
-1
-1
-1
-1
-1
-1
-1
-1
-1
-1
-1
-1
-1
-1
-1
-1
-1
-1
-1
-1
-1
-1
-1
-1
-1
-1
-1
-1
-1
-1
-1
-1
-1
-1
-1
-1
-1
-1
-1
-1
-1
-1
-1
-1
-1
-1
-1
-1
-1
-1
-1
-1
-1
-1
-1
-1
-1
-1
-1
-1
-1
-1
-1
-1
-1
-1
-1
-1
-1
-1
-1
-1
-1
-1
-1
-1
-1
-1
-1
-1
-1
-1
-1
-1
-1
-1
-1
-1
-1
-1
-1
-1
-1
-1
-1
-1
-1
-1
-1
-1
-1
-1
-1
-1
-1
-1
-1
-1
-1
-1
-1
-1
-1
-1
-1
-1
-1
-1
-1
-1
-1
-1
-1
-1
-1
-1
-1
-1
-1
-1
-1
-1
-1
-1
-1
-1
-1
-1
-1
-1
-1
-1
-1
-1
-1
-1
-1
-1
-1
-1
-1
-1
-1
-1
-1
-1
-1
-1
-1
-1
-1
-1
-1
-1
-1
-1
-1
-1
-1
-1
-1
-1
-1
-1
-1
-1
-1
-1
-1
3
-1
-1
-1
-1
-1
-1
-1
-1
-1
-1
-1
-1
-1
-1
-1
-1
-1
-1
-1
-1
-1
-1
-1
-1
-1
-1
-1
-1
-1
-1
-1
-1
-1
-1
-1
-1
-1
-1
-1
-1
-1
-1
-1
-1
-1
-1
-1
-1
80
-1
66
31
-1
-1
106
-1
-1
-1
-1
-1
-1
-1
-1
-1
-1
198
-1
-1
-1
-1
-1
-1
-1
-1
-1
-1
-1
-1
173
-1
-1
-1
-1
-1
-1
-1
82
-1
-1
-1
-1
217
-1
-1
-1
-1
-1
-1
-1
373
39
-1
-1
-1
-1
-1
-1
-1
30
-1
-1
-1
-1
-1
478
-1
-1
-1
-1
-1
-1
-1
-1
-1
-1
-1
-1
-1
-1
634
617
-1
-1
-1
676
582
-1
-1
619
-1
-1
657
604
-1
-1
-1
-1
-1
-1
642
-1
-1
-1
-1
-1
-1
-1
807
-1
777
-1
-1
842
-1
-1
837
-1
850
-1
827
-1
-1
-1
-1
-1
861
886
-1
832
869
878
-1
-1
-1
-1
989
-1
-1
-1
981
-1
1000
977
-1
-1
-1
-1
1103
-1
-1
-1
-1
-1
1163
-1
-1
-1
-1
1140
-1
-1
-1
-1
1190
-1
1212
-1
1204
-1
1213
-1
-1
1219
1222
-1
1216
-1
1214
1245
-1
1232
-1
-1
-1
1229
1244
1223
-1
1215
1219
-1
-1
-1
-1
-1
1250
-1
-1
1272
-1
1277
1244
1268
1254
1264
1257
1247
1282
-1
-1
1306
1293
1290
-1
1281
-1
1282
1287
-1
-1
1353
1370
1315
1308
-1
-1
1334
-1
1370
-1
-1
-1
1399
1452
-1
1427
-1
1430
-1
-1
1597
1597
1606
1651
-1
-1
1706
1677
1686
-1
-1
-1
1764
-1
-1
1775
1823
-1
-1
-1
-1
-1
1869
1891
1889
1903
-1
1903
1894
1943
1929
1944
1995
1997
2010
-1
2001
-1
2004
1990
-1
1998
2006
-1
2005
2036
2013
-1
2049
2049
2054
-1
-1
2062
-1
2082
-1
-1
2064
2064
-1
2100
2088
-1
-1
2156
-1
2143
2158
-1
2165
-1
-1
2175
2165
2171
-1
-1
2207
2217
2208
2222
-1
2231
-1
-1
2219
2224
-1
-1
-1
-1
-1
-1
-1
2259
-1
2269
2275
-1
2285
2303
-1
-1
-1
-1
2294
2316
2316
2354
2334
-1
2364
2376
2364
2375
2392
-1
-1
2376
2408
-1
-1
2425
2412
2418
2439
2427
-1
-1
2427
2419
2432
2420
2466
-1
-1
2505
2505
2535
-1
2530
2531
2537
2525
-1
2525
2525
2525
2554
2534
-1
2525
2548
-1
-1
-1
-1
2544
-1
2550
2553
-1
2551
-1
2577
2560
-1
2578
2569
2557
2591
-1
-1
-1
-1
-1
2595
2616
-1
-1
2690
2691
2688
2678
-1
-1
-1
-1
2695
2722
2705
2727
2712
2697
2697
2697
2749
2769
2769
2795
2781
2795
2769
2822
2816
2835
2792
-1
-1
-1
-1
2845
2812
2877
2875
2881
2878
-1
-1
2901
-1
2905
2906
2902
2900
2961
2958
2961
2941
2992
3006
-1
3009
3009
-1
3015
3026
3015
3005
3022
3024
-1
3048
-1
-1
3059
3055
-1
3060
3052
3074
3074
3074
3074
3084
-1
3077
3065
-1
3061
3071
-1
3061
3061
-1
3083
3090
3097
3081
-1
3092
3083
3088
-1
-1
3102
3111
3111
-1
3118
3121
3122
3130
3131
3132
3127
3125
-1
3138
3137
3159
3173
3170
3163
3177
3172
3168
3194
-1
3175
3175
3175
3175
3186
3182
3188
-1
3197
3193
3198
3197
-1
3205
3214
-1
3216
3209
3264
-1
-1
3229
3237
3243
3248
3249
3252
3249
3263
3264
3278
-1
3255
-1
3246
-1
-1
3271
3261
3261
3264
-1
-1
3267
-1
3258
3284
3274
-1
-1
3274
3271
3271
3271
3271
3271
-1
3271
3276
3276
3299
3295
3291
3296
-1
3296
-1
-1
-1
-1
3335
-1
3351
3355
3355
3363
-1
-1
3381
3410
3399
3415
-1
3428
3434
3460
3451
3482
-1
3485
3484
3476
3473
3486
3480
-1
-1
3489
3489
3490
3483
3490
3495
3498
-1
3514
3489
3502
-1
-1
3516
3512
3524
-1
3509
3509
3523
3524
3523
3525
3533
-1
3542
3538
-1
3556
3539
-1
3535
3535
3535
3551
3551
3546
3540
3556
3571
3566
3577
3567
3567
3568
-1
3577
3565
3565
3570
3577
3590
3590
3589
-1
3599
3612
-1
3620
3599
3599
3608
3593
-1
3599
3599
-1
3599
3617
3644
3654
-1
3662
3675
3668
3676
3666
3666
3668
3668
3705
-1
3667
3679
3679
3713
3712
3734
3734
3747
3741
3739
3740
3764
3758
3758
3760
-1
3758
3774
3757
3774
3765
3779
3764
3770
3783
3774
3796
3794
3811
-1
3808
3798
3798
-1
-1
3806
-1
-1
3808
3810
3816
-1
3812
3812
3819
3817
3834
3828
3828
3827
3831
3831
3845
3875
3875
-1
3881
-1
3901
3909
3909
-1
3905
3912
3926
3907
3915
3908
3918
3936
3936
3931
3931
3931
-1
-1
3958
3958
3956
-1
3964
3976
4002
3995
4004
4003
-1
4013
4005
4005
4010
4025
4012
4014
4011
4014
-1
4033
4025
4058
4055
4062
4072
4062
4070
4070
4089
4074
4081
4074
4078
4076
4074
4074
4074
-1
4089
-1
4086
4086
4105
4105
4102
4111
4103
4105
4106
4114
4130
4128
4126
4126
4142
4147
4158
4151
4151
4159
4151
4155
4153
-1
-1
-1
4176
4172
4158
4149
4159
4151
-1
4166
-1
-1
4175
4175
4183
4178
4178
4178
4178
4189
4189
4190
4198
-1
4210
4190
4201
4211
4204
4241
4280
4274
4274
4274
4283
4284
4277
4274
4278
4293
4296
4311
4300
-1
4299
4308
4301
4306
4306
4307
4307
4342
4330
-1
4315
4320
4319
-1
4319
4319
4319
4319
4319
4328
4331
4334
4327
4327
4327
4325
4332
4317
-1
4316
4310
4323
4310
4315
4329
4315
4323
4323
4323
-1
-1
4323
4325
4339
4339
4342
4342
4352
4347
4347
4351
-1
4346
4349
4358
4349
4360
4345
4358
4363
4372
4366
4371
4374
4378
4368
4370
4370
4379
4377
4384
4384
4392
4394
4394
4400
4406
4410
4413
4433
4437
4443
4441
4449
4448
4441
4444
4444
-1
4434
4435
4435
4428
4441
4428
4428
4428
4428
4427
4429
4427
4433
4444
4450
4455
4455
4462
4475
4478
4471
4476
4471
4471
4471
4477
4477
4492
4493
4493
4506
4506
4507
4512
4519
-1
4520
4510
4510
4520
4522
4517
4518
4518
4521
-1
-1
4531
4549
4549
4555
4553
4553
4560
-1
4574
4575
4575
4573
4573
-1
-1
4583
4591
4600
4607
4617
4607
4607
4609
4609
4625
4612
4619
4623
4628
4628
4631
4635
4644
4634
4634
4634
4634
4634
4637
4639
4639
4637
4647
-1
-1
4649
4640
4649
4649
4649
4650
4650
4653
4653
4673
4663
4660
4670
4670
4661
4661
4668
4667
4667
4674
-1
4667
4667
4669
4684
4696
4694
4700
4696
4696
4698
4702
4702
4709
4709
4716
4712
4707
-1
4697
4690
4690
4690
4684
4686
4684
4684
4684
4684
4684
4687
4678
4678
4678
4678
4678
4679
4679
4679
-1
4682
4679
4691
4689
4689
4689
4705
4695
4689
4698
4698
4698
4698
4702
4698
4698
4698
4710
4708
4704
4705
4700
4713
4725
4727
4728
4726
4726
4726
4721
-1
4727
4730
4730
4740
4730
4730
4730
4735
4732
4745
4745
-1
4748
4753
4753
4750
4756
4756
4756
4774
4766
4771
4767
4763
4763
4768
4768
4768
4768
4784
4776
4786
4780
4779
4779
-1
4782
4780
4780
4780
4795
4780
4780
4780
4794
4805
4795
4795
4803
4803
4790
4790
4795
4795
4795
4797
4818
4832
4832
4835
4835
4835
4831
4831
4831
4831
4829
4829
-1
4837
4829
4829
4829
4829
4838
4829
4829
-1
4833
4840
4840
4841
4841
4841
4832
4832
4832
4841
4832
4843
4833
4833
4842
4854
4840
4841
4841
4838
4838
4839
4838
4845
4835
4835
4837
4825
4824
4824
4824
4826
4826
4826
4827
4832
4832
4824
4826
4826
4835
4829
4842
4834
4834
4831
4829
4829
4829
4829
4833
4836
4840
4849
4843
4852
4847
4847
4847
4855
4855
4855
4855
4855
4855
4861
4867
4866
4866
4866
4860
4859
-1
4864
4864
4868
4870
4881
4884
4880
4878
4878
4878
4886
4886
4885
4885
4885
4904
4904
4911
4911
4911
4918
4918
4926
4926
4926
4936
4926
4936
4939
4943
4943
4936
4936
4936
4939
4942
4939
4936
4939
4943
4948
4948
4948
4951
4948
4948
4937
4944
4944
4959
4954
4954
4973
4973
4973
4981
4975
-1
4975
4975
4975
4975
4981
4981
4981
-1
4981
4981
-1
4985
4981
4981
4978
4978
4984
4984
4984
4984
4983
4972
4977
4975
4976
4975
4979
4973
4966
4966
4961
4959
4959
4965
4959
4959
-1
4966
4976
4966
4966
4966
4966
4966
4972
4972
-1
4976
4976
4973
4975
4977
4966
4966
4977
4977
4975
4975
4985
4975
-1
4983
4974
4977
4977
4977
4973
4985
4985
5011
5001
5001
5006
5006
5006
5006
5006
-1
5002
5006
5010
5006
5006
5006
5006
5024
5021
5019
5019
5022
5022
5024
5028
5026
5026
5022
5013
5013
5013
5013
5012
5018
-1
5018
5018
5018
5021
5021
5021
5029
5025
5021
5020
5020
5020
-1
5025
5029
5031
5025
5025
5022
5029
5029
5029
5029
5033
5046
5038
5058
5058
5058
5058
5059
5059
5064
5064
5064
5064
5064
5064
5071
5071
5073
5083
5083
5081
5086
5081
5085
5085
5085
5089
5089
5089
5089
5089
5089
5101
5116
5109
5109
5112
5115
5115
5116
5115
5115
-1
5111
5112
5112
5106
5106
-1
5111
5135
5144
5146
5154
5154
5154
5156
5156
5162
5163
5161
5161
5161
5171
5167
5168
5173
5187
5187
5185
5185
5185
5185
5184
5185
5188
5188
5192
5194
5203
5196
5196
5191
5191
5197
5197
5197
5194
5200
5205
-1
5200
5194
5203
5203
5203
5207
5214
5220
5214
5216
5217
5210
5210
5219
5225
5225
5225
5228
-1
5243
5236
5229
5234
5225
5228
5228
5228
5228
5224
5224
5217
5219
5216
5216
-1
5216
5216
5222
5221
5214
5214
5219
5217
5217
5218
5218
5218
5218
5218
5218
-1
5218
5218
5218
5218
5218
5218
5220
5216
5209
-1
5209
5207
5207
5211
5211
5216
5211
5211
5211
5212
5224
5216
5216
5216
5216
5212
5212
5212
5211
5211
5211
5210
5210
5207
5216
5210
5210
5212
5212
5221
5204
5205
5211
5207
5207
5207
5213
5213
5218
5213
5213
5205
5199
5205
5205
5205
5205
5205
5205
5205
-1
5205
5216
5218
5225
5225
5225
5225
5225
5232
5231
5231
5231
5231
5231
5231
5231
5240
5238
5239
5236
5237
5237
5236
5235
5237
5232
5226
5226
5231
5229
5235
5240
5230
5230
5229
5237
5237
5237
5227
5226
5229
5229
5232
5232
5232
5232
5232
5224
5221
5225
5215
5213
5215
5215
5215
5205
5205
5205
5199
5199
5199
5199
5197
5197
5197
5197
5193
5195
5191
5191
5184
5184
5180
5175
5175
5176
5176
5176
5180
5180
5180
5180
5180
5180
5188
5191
5191
5191
5191
5200
5191
5202
5196
5194
5202
-1
5201
5201
5197
5200
5205
-1
5196
5198
5198
5198
5198
5198
5200
5200
5192
5192
5192
5200
5200
5200
5200
5196
5198
5236
5235
5223
5223
5223
5223
5213
5213
5209
5212
5212
5212
5212
5212
5219
5219
5219
5219
5226
5226
5229
5229
5229
5229
5226
5226
5226
5220
5207
5207
5211
5209
5209
5209
5209
5209
5209
5209
5203
5214
5210
5213
5208
5208
5204
5204
5209
5209
5209
5209
5198
5198
5185
5182
5194
5191
5181
5194
5194
5194
5193
5192
5196
5196
5196
5196
5200
5200
5200
5197
5196
5197
5198
5197
5196
5196
5217
5207
5207
5207
5207
5212
5212
5212
5213
5213
5206
5207
5231
5221
5222
5229
5236
5236
5236
5246
5236
5237
5228
5228
5228
5231
5230
5224
5224
5224
5237
5237
5237
5245
5237
5244
5244
5230
5229
5230
5230
5219
5234
5228
5228
5228
5225
5219
5229
5229
5229
5229
5228
5233
5233
5232
5239
5232
5232
5232
5228
5230
5230
5230
5222
5222
5226
5222
5225
5219
5211
5211
5216
5228
5245
5245
5244
5250
5246
5246
5246
5246
5243
5247
5244
5244
5243
5243
5249
5249
5249
5254
5259
5263
5255
5252
5252
5254
5254
5254
5252
5246
5246
5259
5252
5257
5262
5275
5263
5263
5263
5259
5257
5257
5258
5258
5262
5264
5263
5263
5269
5269
5261
5271
5274
5277
5276
5276
5283
5274
5274
5279
5281
5276
5276
5280
5280
5280
5280
5280
5282
5287
5301
5302
5298
5301
5298
5298
5298
5290
5291
5290
5293
5293
5293
5294
5293
5293
5294
5286
5286
5296
5300
5281
5277
5286
5272
5272
5263
5263
5263
5274
5274
5274
5269
5269
5274
5274
5279
5267
5262
5264
5278
5280
5275
5275
5275
5284
5284
5281
5277
5277
5277
5277
5277
5276
5269
-1
5266
5266
5259
5259
5261
5261
5270
5272
5277
5277
5282
5295
5297
5296
5296
5299
5293
5293
5299
5293
5300
5303
5289
5289
5287
5291
5299
5299
5299
5293
5293
5286
5292
5292
5292
5301
5304
5299
5297
5292
5292
5292
5297
5304
5304
5304
5304
5305
5310
5317
5317
5317
5306
5311
5315
5315
5315
5324
5328
5328
5325
5325
5325
5328
5338
5338
5330
5330
5330
5335
5335
5326
5326
5326
5327
5326
5325
5325
5318
5318
5322
5327
5327
5327
5328
5331
5330
5330
5330
5326
5326
5329
5328
5326
5322
5322
5322
5322
5320
5327
5327
5334
5331
5336
5336
5336
5338
5338
5342
5342
5340
5349
5360
5345
5342
5342
5346
5346
5349
5349
5351
5347
5344
5344
5344
5324
5324
5324
5324
5317
5317
5318
5314
5313
5313
5313
5313
5317
5315
5314
5316
5316
5316
5314
5324
5316
5316
5316
5316
5316
5316
5316
5316
5316
5313
5316
5316
5322
5322
5324
5324
-1
5331
5327
5331
5331
5331
5331
5331
5332
5332
5332
5332
5328
5328
5328
5328
5330
5330
5330
5323
5329
5323
5323
5322
5323
5325
5325
5325
5325
5325
5325
5325
5321
5316
5334
5337
5337
5338
5347
5337
5338
5337
5337
5337
5338
5338
5338
5334
5332
5332
5332
5346
5346
5346
5346
5346
5346
5346
5337
5338
5338
5337
5337
5337
5337
5330
5330
5330
5330
5330
5329
5332
5332
5335
5338
5338
5341
5341
5344
5339
5339
5334
5337
5337
5337
5337
5337
5337
5341
5345
5345
5347
5347
5348
5348
5348
5348
5353
5353
5353
5353
5353
5354
5353
5351
5356
5364
5362
5362
5362
5362
5362
5362
5360
5360
5360
5355
-1
5351
5359
5359
5359
5359
5359
5355
5361
5363
5363
5363
5366
5366
5378
5372
5372
5370
5370
5370
5370
5372
5372
5372
5370
5370
5369
5369
5367
5377
5368
5368
5365
5365
5365
5357
5367
5364
5377
5377
5376
5376
5375
5375
5373
5372
5368
5368
5361
5360
5360
5360
5360
5360
5352
5352
5352
5352
5352
5351
5349
5352
5352
5356
5356
5361
5375
5375
5377
5377
5377
5377
5377
5374
5376
5376
5376
5374
5374
5372
5367
5367
5367
5367
5367
5367
5367
5367
5358
5352
5358
5358
5358
5358
5358
5361
5361
5361
5361
5361
5362
5362
5362
5363
5362
5362
5368
5362
5362
5362
5349
5349
5349
5349
5349
5349
5349
5349
5344
5345
5342
5342
5342
5340
5340
5343
5343
5343
5343
5343
5343
5343
5343
5343
5343
5343
5347
5347
5348
5348
5348
5352
5352
5356
5353
5353
5358
5355
5351
5351
5358
5358
5358
5349
5349
5349
5329
5329
5329
5329
5329
5328
5332
5337
5337
5337
5334
5336
5337
5337
5337
5337
5337
5337
5337
5335
5335
5333
5333
5336
5335
5338
5339
5340
5339
5347
5329
5328
5328
5329
5329
5329
5330
5329
5329
5329
5330
5328
5336
5337
5342
5342
5335
5337
5337
5338
5337
5333
5329
5329
5329
5327
5327
5322
5329
5329
5329
5325
5325
5325
5323
5323
5328
5328
5328
5328
5332
5331
5331
5340
5340
5340
5340
5340
5340
5339
5354
5364
5358
5355
5355
5357
5365
5365
5365
5365
5374
5374
5374
5374
5374
5393
5393
5403
5393
5388
5388
5390
5390
5390
5390
5374
5374
5371
5371
5371
5360
5360
5360
5360
5360
5360
5367
5367
5367
5367
5356
5356
5362
5369
5369
5369
5366
5364
5364
5364
5360
5361
5360
5359
5359
5359
5356
5356
5356
5356
5353
5349
5352
5350
5348
5348
5341
5340
5343
5343
5343
5348
5348
5350
5350
5345
5345
5345
5345
5345
5347
5347
5347
5343
5342
5357
5350
5350
5351
5356
5348
5339
5339
5339
5330
5332
5332
5326
5326
5326
5336
5322
5322
5322
5326
5319
5324
5315
5315
5312
5312
5306
5306
5321
5321
5322
5322
5322
5322
5328
5328
5328
5328
5328
5321
5321
5321
5326
5325
5318
5323
5323
5320
5320
5320
5320
5324
5314
5313
5313
5313
5310
5315
5315
5316
5315
5323
5315
5315
5315
5315
5315
5315
5315
5315
5315
5319
5324
5324
5315
5315
5315
5315
5323
5323
5323
5323
5323
5318
5321
5321
5321
5321
5321
5321
5321
5321
5321
5319
5318
5318
5318
5324
5322
5321
5321
5321
5317
5322
5317
5313
5313
5310
5309
5309
5317
5314
5318
5318
5324
5324
5324
5324
5324
5315
5311
5311
