469375840
472243550
467735583
470445711
471473300
471556598
469375840
465886615
465264521
503698956
475817876
474088314
465480406
517628114
463566006
467791412
473975474
471337464
488830272
484989383
474577930
464684962
466377318
470040000
468129457
468129457
466107780
475699822
467148200
476318107
466189484
470548149
473720048
470040000
499020070
469103854
467172169
515908699
505269721
507713837
493470992
476318107
473141567
473267834
465767104
467285052
465864317
469375840
468718341
466185561
486920759
468114739
467014787
473267834
472236513
471556598
466894680
549331820
471337464
471004469
473848315
501110608
471438177
495119367
480378858
465864317
472243550
469111778
477489311
471473300
502699277
472450597
476318107
477728631
465083742
467739582
468778793
501499921
471337464
468778793
481235046
478659940
467285052
467791412
473360810
487612897
469957192
470862720
467791412
471980779
465733763
489757351
473848315
468778793
473267834
468074857
492847895
471556598
471980779
468778793
486292981
499020070
510111780
471438177
486920759
468802531
471380159
471337464
479034744
471980779
468778793
463566006
485909975
469912755
468778793
484603672
500129880
467455468
470445711
484989383
474088314
466232666
574156880
473875194
466189484
489814748
475370315
467791412
471980779
467794395
482401149
466185561
471473300
470445711
469103854
470006873
469491178
487792221
467172169
471023583
473848315
469103854
473720048
460449988
465938275
468637833
463694206
490718653
466774371
473141567
477002842
476318107
468778793
471380159
478554645
468129457
468778793
467285052
473104956
489960211
466894680
470040000
469375840
470445711
463197650
465767104
490747622
471337464
474800583
471957105
468129457
464982042
470040000
468129457
468541385
542999635
471145336
477002842
472576731
473178361
468434849
471980779
470548149
476318107
468778793
515367176
471712180
478659940
473267834
488830272
471380159
466774371
471712180
482177073
471824623
503543334
488642979
463694206
484989383
464982042
515598337
481368773
465886615
475817876
479954941
474800583
469019135
475011909
478302532
470445711
489960211
467845484
462543589
467735583
481235046
470862720
467735583
467739582
482969051
473848315
463561500
470006873
467791412
461556038
488642979
473267834
468778793
524106994
468778793
479284454
498610115
501110608
479954941
468802531
473848315
482401149
469375840
472243550
504537625
466744249
483760595
495585630
465686053
464132554
468802531
475944951
470445711
502699277
471363720
488642979
472052277
494857100
493905952
481616403
471957105
475817876
465938275
461700754
465686053
470445711
467148200
467014787
470445711
465164669
471337464
481368773
486485266
469103854
471337464
471980779
462701377
465992741
476807878
467285052
486896849
481721200
482401149
468778793
469375840
463566006
495119367
459162199
528112588
471980779
487792221
467285052
464684962
495119367
484701596
471824623
486292981
475423061
467388018
488603219
462709534
488093352
471980779
469491178
508109417
471980779
477728631
474775193
462536397
475370315
468051358
472262219
465264521
469019135
492062428
464449402
468778793
471337464
471103775
516677777
468637833
466607018
471223642
473104956
471473300
480392839
470040000
466189484
494402035
487308931
468802531
473720048
488093352
470006873
553084340
468649749
563451890
473212684
482401149
490747622
466314336
470006873
476318107
466185561
478595055
469657136
465264521
509682916
473848315
465864317
495585630
502699277
470006873
472956392
468478149
473141567
472243550
471556598
486920759
468478149
468129457
468778793
580224329
473267834
510262108
467845484
480015867
480705430
469375840
487612897
468434849
470445711
468778793
473267834
485972642
479284454
488093352
473267834
463197650
468778793
473267834
463880199
494857100
474770249
494857100
476318107
495119367
463694206
467014787
465458103
473848315
471337464
499020070
488937616
467455468
465480406
476807878
463694206
471824623
471980779
465733763
514230180
477887339
466189484
475817876
469454114
469657136
468778793
466232666
470040000
470445711
467735583
473141567
468778793
468778793
477077565
482177073
466266018
488603219
465264521
482637738
476318107
473267834
462709534
468129457
474800583
476807878
470040000
471824623
465938275
487792221
465347152
458762148
534038355
524748189
471097546
469912755
469719240
495119367
467739582
489253703
468778793
535268033
479427291
471797961
463877873
467148200
464132554
466314336
488093352
481403159
467148200
494224357
469719240
467148200
471556598
468778793
473848315
467735583
466314336
471980779
475817876
461791281
475699822
467148200
514605476
463566006
476807878
470548149
466744249
468129457
473141567
489319068
466314336
468778793
473848315
468649749
481616403
468696929
473360810
470445711
499519965
466744249
471337464
467455468
469375840
477032170
488093352
465686053
474577930
482401149
462896307
473267834
473360810
471004469
476709265
468778793
467148200
465480406
481368773
501499921
473267834
471380159
490747622
501247812
478302532
472243550
538061629
520096118
461791281
477783829
470445711
491192553
468637833
469019135
475817876
471824623
474529024
473338345
468778793
464449402
471337464
478662601
467148200
466314336
473848315
499839709
470548149
465864317
470006873
471824623
484708749
488642979
470548149
467845484
473848315
471023583
471380159
468718341
473267834
468649749
486896849
472262219
473267834
467802326
488642979
479284454
468649749
471797961
494124690
467735583
479923780
467845484
468778793
471438177
469019135
469657136
463197650
481616403
477332035
471380159
470445711
468778793
486920759
470040000
470862720
470862720
492847895
467735583
471380159
468778793
478595055
467388018
466314336
471980779
471337464
471980779
468114739
473141567
502340709
462263294
468541385
473705537
474586617
490747622
581306067
470445711
474974149
471337464
475011909
468129457
475423061
470862720
465480406
466232666
486872373
466266018
467791412
466266219
468129457
481616403
470040000
470040000
473360810
465686053
487612897
499519965
532472178
476807878
467455468
473141567
470862720
470403629
497086332
471380159
469491178
471473300
473720048
476318107
486292981
470445711
470040000
469111778
466266219
469375840
465621635
483136568
493467726
470548149
469957192
467455468
460005539
476223791
471712180
477728631
475817876
482401149
467285052
470164451
473848315
479923780
482762678
465886615
471023583
506964144
470079620
462701377
481616403
471004469
482314797
473875194
474775193
488093352
472243550
507603322
473267834
474801635
475803852
468637833
463694206
480392839
470548149
462852211
467014787
499429782
470941563
469103854
465992741
470548149
482314797
473848315
474800583
480015867
478662601
466096562
463566006
467845484
467735583
477901204
468778793
515367176
468778793
467791412
479284454
476807878
501110608
472956392
466266018
470164451
505254090
473848315
487792221
470040000
492809246
468778793
465864317
467148200
462287489
464306401
507686165
472491207
501216020
470862720
505269721
488830272
469912755
471103775
482401149
466314336
472450597
471337464
466774371
492914119
473141567
493905952
510689660
467148200
471980779
463110556
468778793
472236513
473267834
468778793
463197650
472243550
466189484
489333408
473848315
481368773
470862720
472491207
472576731
464684962
473720048
472243550
488093352
466774371
474529024
468778793
468649749
473141567
468802531
467845484
470040000
477728631
488093352
469103854
466232666
474833016
467845484
468434849
472262219
472576731
477901204
472243550
476807878
519667044
473848315
479954941
469375840
489960211
468129457
464803628
466314336
500728835
476318107
468778793
477327869
492847895
461467368
467735583
464132554
475011909
468114739
461467368
471337464
481235046
468778793
472243550
461467368
477156542
488642979
474800583
467421997
463834039
473267834
467791412
488642979
473267834
466232666
470548149
473267834
464802344
468778793
489319068
498610115
472287063
492847895
467148200
470862720
466314336
477332035
469912755
474833016
492702606
470006873
471023583
470040000
547089271
476807878
468802531
471473300
468074857
539068105
471380159
490747622
465886615
470006873
478302532
500061099
467735583
470006873
488603219
471337464
471337464
556315939
471824623
473178361
461486872
465458103
468778793
467014787
473514771
477728631
473455462
494402035
473848315
507477218
465264521
475817876
465264521
468718341
475960239
479341488
461130557
487792221
466744249
475817876
468778793
468778793
467845484
471556598
471380159
468114739
530967527
469912755
466189484
465864317
472569408
473848315
482401149
471380159
470006873
500061099
477728631
466049796
503481178
473848315
473720048
473141567
487792221
477443811
463566006
482401149
459730636
471023583
471438177
477728631
466266018
468541385
466314336
480705430
468778793
468718341
468478149
473848315
469957192
467455468
473267834
471980779
464684962
473267834
468778793
473267834
462536397
473267834
501499921
470445711
480378858
492914119
472243550
472287063
473847196
471380159
471556598
467388018
472243550
490562385
486872373
466266018
471337464
469657136
471380159
473141567
475423061
464910358
473141567
473267834
471980779
464132554
476318107
467014787
464132554
479034744
498610115
473514771
476807878
470862720
470862720
468802531
478824646
468778793
465733763
468074857
467735583
471145336
470006873
479034744
471023583
473141567
471004469
465864317
465621635
473267834
479341488
464802344
471438177
468778793
471980779
473848315
507713837
473267834
488830272
468649749
471145336
468074857
475817876
483136568
467455468
467455468
473848315
486292981
466268113
478974259
470239345
473875194
469957192
467791412
477901204
475944951
467735583
467285052
468778793
468649749
478554645
473178361
467739582
469454114
524652369
471337464
469657136
485833029
472052277
493897545
467421997
463877873
544963731
467735583
468778793
467014787
462373425
469103854
470006873
467285052
461467368
468802531
470040000
475817876
480340985
473267834
487792221
472243550
506868237
461467368
481235046
466034564
468802531
486292981
468129457
465886615
515598337
488586328
489319068
465886615
482969051
468637833
467285052
470941563
468649749
472243550
479034744
471824623
472503914
469454114
471337464
475370315
470006873
467455468
468649749
499020070
469103854
478659940
460754497
469375840
468074857
461491605
473739712
478554645
472262219
463694206
489690666
479822525
466232666
545218381
478659940
468778793
468718341
468802531
467791412
468778793
477901204
465767104
471980779
478659940
469111778
468802531
486292981
468778793
467845484
471438177
470445711
466774371
479341488
473267834
472243550
465264521
482314797
465807855
471473300
467421997
471980779
473267834
468778793
492914119
482401149
467455468
492157262
512298201
471473300
491549287
470006873
467148200
487164712
497017713
470862720
482401149
471980779
471097546
471858046
464802344
467285052
473267834
487528977
486872373
465458103
468434849
462287489
478659940
471380159
467743280
469912755
471103775
473848315
482401149
487308931
488586328
478659940
482401149
467148200
471473300
468718341
466774371
463877873
468404381
469103854
466744249
473720048
481616403
470040000
465864317
476078985
475803852
468778793
488642979
488642979
473141567
474431436
482314797
473141567
471337464
468637833
478302532
470006873
467845484
469657136
466266219
468129457
474586617
473848315
488093352
472262219
468129457
467743280
478662601
468778793
468778793
473720048
466774371
477901204
468129457
472243550
467455468
470040000
471556598
471223642
488093352
473267834
470079620
469657136
481368773
470445711
469719240
468778793
473848315
469657136
487345611
472236513
466774371
471337464
467388018
471556598
469375840
465733763
465301116
470862720
492847895
463694206
473848315
460720010
486292981
473848315
464132554
470040000
465264521
464910358
487257937
467845484
467285052
467148200
514605476
499020070
472243550
464132554
470862720
471980779
478302532
473141567
469375840
471145336
499020070
473720048
467388018
475423061
463566006
483760595
463566006
471223642
481368773
473141567
464132554
476807878
495119367
473141567
465264521
468778793
469657136
489365384
466266018
471363720
482401149
469103854
478659940
466774371
468802531
468478149
476318107
481235046
489960211
468718341
468778793
466314336
469375840
463694206
475817876
473848315
479034744
482401149
504158377
477728631
482401149
467735583
505254090
486896849
471380159
507603322
474775193
501110608
475817876
463694206
469103854
471824623
471980779
466189484
477901204
467845484
461486872
483760595
474088314
467148200
469019135
474800583
471223642
465864317
477728631
479284454
460476966
465733763
512298201
514230180
475944951
488603219
494224357
471797961
472503914
479427291
471473300
466774371
458635311
468778793
469957192
478659940
478974259
470862720
466744249
471223642
468129457
473848315
467791412
470445711
488093352
472243550
469657136
468910174
469657136
470862720
479034744
471980779
470164451
481721200
488642979
473848315
482762678
468778793
471387199
466189484
469912755
465347152
472200719
473875194
469103854
543506355
467845484
465621635
492847895
471592467
465621635
468778793
473975474
466774371
487792221
466314336
463877873
488093352
479954941
462287489
477728631
475011909
466744249
465733763
465807855
487528977
467148200
462387730
473267834
470040000
499848316
465264521
482401149
469103854
470445711
487792221
474800583
486555892
460720010
472503914
472236513
467845484
479284454
472243550
465480406
465621635
467794395
473720048
467791412
467148200
468129457
471380159
473338345
469454114
467285052
482401149
472243550
471858046
470040000
470862720
470548149
468074857
465864317
523428413
477489311
473848315
488093352
488830272
470445711
476318107
473848315
468114739
467148200
465164669
477901204
497983882
471337464
463303198
471980779
479954941
492847895
512298201
476807878
486872373
467388018
467014787
475011909
504537625
468074857
471980779
465733763
473848315
477332035
488093352
468129457
479034744
469375840
482401149
514752398
473848315
473267834
470006873
470040000
491549287
470445711
467739582
482401149
465264521
495119367
463694206
470445711
468434849
467148200
467148200
470445711
471438177
464891730
465264521
480015867
466086485
469019135
472243550
458103597
462701377
470862720
473720048
531488651
489960211
486872373
468778793
473141567
473848315
467739582
479861193
470164451
468778793
466034564
468778793
466314336
468637833
480015867
489333408
465461379
468778793
473875194
468778793
474833016
482401149
486896849
479954941
492847895
472243550
467421997
472243550
476318107
469375840
490562385
471380159
487792221
475817876
467739582
476709265
470040000
479954941
466774371
467791412
473848315
466744249
482314797
468778793
490562385
492914119
492847895
471980779
481616403
544276428
487792221
475817876
467148200
472262219
471223642
497983882
465733763
466607018
490747622
471337464
466314336
478974259
484082512
468778793
466185561
470445711
473141567
481219226
471980779
465767104
473104956
474529024
505254090
503123012
468778793
486292981
471023583
471556598
473848315
486263913
473267834
469912755
470862720
478659940
462896307
485972642
482401149
468778793
466314336
471097546
477728631
488093352
469657136
476318107
470548149
459870471
514398916
468051358
466314336
470006873
478974259
467148200
465807855
468778793
487792221
463425625
466744249
481616403
482401149
488642979
480378858
468114739
473360810
465264521
472243550
478302532
505332205
497017713
468478149
483760595
461467368
465480406
469375840
468778793
471980779
488642979
482401149
471380159
468778793
473267834
467739582
514605476
473848315
473267834
466314336
499055241
468778793
481721200
467791412
473338345
473848315
466377318
468649749
469912755
488271829
479284454
489974656
472262219
473720048
472243550
466607018
481616403
466774371
467739119
468910174
476223791
471556598
471980779
475817876
487792221
471380159
508109417
467735583
465264521
472503914
468129457
479822525
470941563
472243550
467455468
473141567
488769723
469019135
468434849
473141567
467845484
484603672
473267834
470445711
464132554
467802326
477728631
489974656
469103854
470445711
473360810
470006873
469657136
476318107
461652081
482314797
473848315
492610571
486292981
507603322
470006873
464802344
494402035
472262219
466189484
467285052
489814748
476318107
467455468
505269721
489960211
490562385
480378858
500061099
473104956
467285052
462937709
467148200
482885622
468434849
527984019
468649749
471712180
468802531
468778793
480015867
465264521
475817876
473848315
468778793
475817876
526864580
468778793
476807878
482314797
472243550
489960211
467735583
473360810
470862720
473141567
481616403
490747622
480378858
468718341
473848315
463566006
532041705
473875194
488093352
471023583
478662601
466314336
471337464
470548149
466268113
482401149
473848315
468637833
484989383
468778793
499429782
473267834
472503914
465807855
466049796
470445711
467285052
489333408
486292981
470445711
496241350
467791412
477728631
463694206
467148200
471337464
470548149
479034744
471473300
461700754
465513808
466232666
481616403
473360810
471712180
468802531
470006873
468718341
463566006
468778793
468778793
477901204
470862720
466744249
512562425
472243550
466894680
478824646
462852211
495119367
470548149
481368773
465733763
484201445
506801216
495119367
489960211
472262219
556927061
467845484
468051358
463566006
481235046
506542132
469375840
488642979
469912755
480378858
475817876
490747622
467455468
469657136
516836921
472243550
478659940
468778793
466894680
481235046
467735583
468778793
484708749
465886615
465992741
463834039
463905376
476318107
466185561
475817876
488830272
473875194
465264521
468778793
468541385
480015867
462332971
471337464
472287063
481616403
470548149
468114739
473360810
465938275
487792221
468541385
476318107
474800583
463303198
471145336
467455468
469657136
469454114
469454114
468778793
463197650
475817876
468129457
488830272
484989383
470006873
476318107
502647588
470445711
471824623
473933984
468129457
481616403
467791412
464684962
465264521
490747622
466086485
476709265
468051358
467739582
476318107
471380159
466607018
466314336
471380159
483760595
466189484
482401149
468013035
472243550
473720048
474801635
471473300
467845484
468778793
468129457
464132554
470164451
465807855
474529024
470548149
473267834
465864317
466189484
466991200
470445711
471023583
465886615
469019135
471337464
468778793
468649749
468778793
467148200
466266018
468778793
472243550
486292981
463694206
487792221
463561500
468778793
497017713
472491207
472450597
473267834
486896849
482401149
471556598
489757351
472243550
470445711
533214471
463694206
469657136
471473300
482762678
488642979
473104956
468778793
488093352
467735583
470445711
473267834
490747622
471556598
467735583
466185561
473848315
468778793
476807878
478659940
468051358
469111778
468778793
465083742
492847895
468114739
471023583
472243550
469019135
469657136
465458103
473141567
465886615
471023583
468129457
465864317
483136568
487792221
477728631
477002842
471380159
463197650
540684706
486292981
461784252
488642979
487792221
464802344
544963731
489960211
472569408
471980779
468778793
469103854
465301116
472243550
468637833
473267834
469375840
477728631
500322190
465938275
469103854
470164451
467743280
466096562
465621635
477728631
472243550
496165109
486896849
472243550
473141567
473267834
513555782
486485266
470862720
471337464
513555782
473267834
472569408
468434849
499848316
477728631
482401149
475817876
473720048
468129457
470445711
467791412
467285052
527037143
467739582
459133276
463880199
465886615
471337464
488093352
488830272
548338042
553159601
473720048
525827395
471980779
465864317
471980779
473848315
471980779
514840984
473178361
478683660
473141567
465273896
470445711
465118295
478302532
482401149
475817876
471223642
482401149
473875194
472243550
477728631
467845484
470445711
485909975
477728631
487164712
562931040
466314336
478302532
466185561
474577930
468432406
505254090
482401149
494816160
483760595
479034744
467791412
467148200
473338345
472287063
482314797
464910358
498381054
471337464
484603672
471380159
468759278
519208301
468778793
486292981
468802531
475817876
494857100
473764307
476318107
471337464
468718341
465807855
467455468
469103854
470079620
468718341
468778793
468129457
505332205
471473300
528822564
465264521
467735583
471473300
469019135
467172169
471858046
469957192
473848315
462373425
488642979
466268113
462937709
473848315
475817876
486292981
473848315
488586328
469375840
473178361
472956392
499519965
473267834
481403159
479284454
486896849
469454114
479284454
473141567
471337464
548893883
479030884
487792221
478554645
463697772
472982101
475817876
467739582
473178361
487308931
468778793
468051358
476318107
489319068
468129457
471141324
470239345
488586328
475497765
477728631
471858046
494816160
474775193
463697772
468718341
470040000
464684962
486555892
468778793
472243550
471980779
468778793
477728631
483760595
466744249
464517976
471556598
468778793
471337464
465864317
466185561
465767104
468637833
473267834
471337464
501964427
488093352
466774371
476223791
467455468
475803852
465886615
463905376
467285052
471004469
465864317
465886615
479034744
463768960
471712180
471980779
471337464
463694206
466744249
471980779
470548149
465264521
480378858
480412260
468778793
467014787
515705441
471337464
473455462
481235046
460929218
468778793
480392839
476807878
510689660
467735583
468649749
512298201
470445711
473267834
468778793
495119367
465621635
485972642
475011909
463566006
467845484
471980779
488093352
499020070
471337464
470445711
467735583
486896849
468778793
470239345
468434849
465938275
469111778
505332205
479284454
497983882
482323446
468434849
486292981
468802531
468802531
468778793
466774371
471556598
463110556
468802531
472569408
478659940
470040000
476318107
466774371
467735583
483760595
469719240
465480406
489333408
464684962
466277108
470862720
473848315
468778793
473720048
468649749
468778793
469657136
472243550
461784252
470445711
470428858
472262219
474832925
512298201
473875194
482401149
466232666
468114739
482314797
470445711
466774371
473267834
473267834
473141567
481850402
471556598
468802531
488937616
488642979
471980779
485919025
474775193
469454114
473848315
467455468
488603219
486872373
489960211
473178361
486292981
479427291
465621635
468074857
467421997
464684962
465938275
464449402
516215467
465513808
473720048
471029968
471980779
471337464
468637833
481258937
490747622
480340985
464191683
476318107
587542376
485972642
471473300
469657136
466774371
470445711
488093352
477156542
471097546
469103854
476807878
499020070
473267834
477783829
470445711
492847895
475803852
468696929
470862720
488093352
476807878
473848315
477332035
479284454
461669182
473141567
514398916
467285052
467791412
473848315
467455468
540684706
467739582
466049796
480340985
470862720
471337464
468637833
467148200
473360810
473848315
468778793
463905376
471556598
466185561
462701377
465164669
490562385
470040000
472576731
470040000
464802344
473141567
468649749
478302532
487792221
474800583
479034744
473104956
470040000
463694206
467845484
468778793
488642979
468778793
466744249
471380159
495119367
473360810
466744249
471337464
468434849
473267834
468778793
471380159
483760595
473267834
482401149
473178361
466744249
479284454
466189484
464306401
472503914
463566006
473141567
474800583
468129457
463927769
489960211
467455468
473455462
461245012
479284454
489319068
476807878
481368773
514605476
466991200
499848316
467455468
482401149
467739582
467791412
471337464
466232666
488642979
473104956
521980642
473705537
475817876
468778793
499020070
470006873
461467368
482401149
486666485
472754534
472236513
468129457
479954941
470445711
483136568
469491178
466189484
468649749
472243550
471363720
466774371
463834039
466314336
475817876
468910174
581014540
488642979
490747622
465083742
471438177
473875194
479954941
468778793
466232666
476318107
495119367
466232666
468778793
478662601
465264521
482969051
479034744
492847895
468649749
468910174
467791412
544976396
492914119
495119367
478302532
461491605
467735583
471980779
460754497
466314336
468778793
471004469
467735583
486896849
497983882
471337464
468778793
580090149
484989383
479954941
471712180
478659940
487792221
467791412
488093352
508888179
473267834
471556598
488642979
466744249
469957192
469657136
486896849
464132554
468778793
472406441
471337464
466034564
489333408
510689660
470548149
482401149
473212684
470006873
479034744
476318107
468778793
488642979
467845484
471980779
470445711
467739582
470006873
472243550
463561500
473875194
473141567
472243550
468778793
476807878
486292981
482314797
464517976
471980779
489960211
463877873
463694206
463566006
489960211
464803628
467739119
472503914
465480406
469657136
481368773
506209039
467802326
471337464
463566006
473848315
471337464
469375840
466991200
486263913
478974259
470040000
482785488
471473300
471023583
467455468
478659940
468649749
468434849
464132554
471556598
482969051
469103854
465458103
471380159
467735583
488769723
473141567
541746604
470862720
472450597
464802344
499020070
465767104
487241357
474975808
468778793
468910174
479034744
467739582
466774371
467845484
468434849
476807878
469375840
476709265
473875194
468802531
468649749
485909975
492847895
477728631
466232666
475011909
473141567
465301116
503912734
471337464
468649749
483760595
473848315
473338345
468114739
478974259
488642979
468129457
527427585
475817876
479614178
465264521
488093352
468778793
486292981
495119367
471337464
468696929
469375840
469957192
482401149
478554645
475817876
473720048
482401149
469375840
484603672
475011909
466314336
471957105
469103854
465513808
467455468
468910174
481616403
471473300
461467368
473141567
471903124
467014787
471380159
472262219
462709534
468541385
471980779
476318107
464910358
466314336
468649749
475817876
462701377
473875194
466314336
489319068
464449402
473267834
486555892
471337464
487164712
489960211
476709265
467739582
470006873
495119367
464802344
470445711
466189484
474088314
467735583
487164712
465992741
473267834
465733763
464132554
470040000
463566006
463929559
471337464
481245871
467735583
476709265
474775193
469375840
467148200
472236513
499020070
471380159
468637833
469019135
468778793
465864317
471023583
474800583
476709265
463566006
468718341
500294304
477332035
491549287
543999787
478974259
473267834
473267834
489960211
477887339
466774371
471103775
465458103
468114739
571260759
482177073
489974656
463561500
470862720
492085459
487792221
492062428
470862720
465264521
473720048
469375840
467285052
461669182
499848316
461467368
487792221
476318107
471145336
632729988
471980779
489960211
470445711
464803628
495119367
471980779
477728631
493806302
468802531
471980779
470548149
499848316
466774371
486292981
463561500
463566006
469375840
466744249
467791412
470445711
471980779
466232666
479284454
477783829
472450597
502460919
489960211
471337464
481368773
466185561
478824646
471337464
471023583
588548226
475817876
471556598
475817876
548631032
473141567
623265922
470445711
463561500
467455468
516532241
489960211
462832864
483760595
470040000
464132554
489960211
489333408
492157262
466744249
471145336
487257937
463905376
471029968
473267834
469657136
558707675
504025253
482885622
472262219
486263913
465301116
466744249
487792221
463566006
549655980
506964144
465767104
471337464
588372786
460754497
468778793
468802531
470548149
473848315
471980779
487792221
476078985
468478149
468478149
473338345
514398916
487792221
494857100
473267834
478659940
468649749
468778793
470445711
472243550
470164451
472243550
488093352
470040000
474974149
470445711
467791412
468778793
468778793
466744249
488769723
457928429
477728631
480015867
465083742
489333408
483760595
525668629
471712180
468649749
470040000
486896849
488093352
473267834
467455468
471023583
472052277
470006873
461245012
480392839
465264521
481368773
467421997
503461275
476020920
473848315
474974149
486872373
474775193
505254090
487792221
469375840
471380159
473848315
463566006
470548149
473267834
466314336
470445711
471004469
473267834
470239345
477901204
468129457
479923780
473267834
463694206
463303198
498744959
488830272
463694206
471097546
470862720
483760595
471223642
462287489
465264521
514398916
475817876
476223791
471824623
575907886
488093352
489365384
466189484
463566006
471097546
463566006
473875194
473360810
471712180
463110556
468778793
479284454
465164669
500744798
477728631
473848315
471824623
466774371
473267834
463694206
469375840
469957192
498610115
460720010
470040000
479954941
471337464
464803628
471337464
479252221
469375840
473267834
490747622
466185561
476318107
469719240
465992741
468013035
477728631
468778793
470862720
471337464
471712180
532472178
470006873
479030884
472262219
477501474
481368773
473141567
477901204
484989383
470445711
482836690
472503914
488093352
470428858
476807878
470040000
471980779
489974656
473267834
465301116
470548149
479341488
524106994
471380159
473848315
487792221
486292981
471380159
465301116
470445711
473178361
488642979
469491178
468802531
473141567
471097546
473141567
468649749
466189484
467739582
471380159
561425417
469657136
464803628
488642979
547024832
477728631
487792221
471957105
463694206
501247812
463905376
490018645
471097546
482762678
470445711
471004469
464684962
465083742
471337464
470006873
488642979
478586990
467791412
468778793
463303198
471337464
467148200
477077565
468432406
476318107
473267834
476223791
460476966
476318107
476807878
464132554
465523213
475423061
482401149
467735583
470006873
477901204
466185561
488603219
501216020
468778793
482314797
515598337
468778793
468778793
489333408
469103854
469491178
482401149
477728631
469375840
499020070
491549287
473720048
476318107
470040000
467735583
470862720
482401149
504343915
477728631
531092457
476807878
482836690
468778793
476318107
501247812
473848315
472243550
466607018
466774371
470862720
471980779
467735583
474800583
487792221
513805664
492852689
484989383
469454114
479822525
489333408
469375840
471097546
470862720
473875194
462701377
465886615
471337464
479954941
495119367
471556598
470040000
462832864
463110556
471145336
468637833
466185561
464803628
473360810
468802531
463566006
467148200
473141567
467148200
465733763
471980779
463694206
478659940
473360810
469103854
475011909
477327869
473141567
470445711
467148200
476709265
487792221
466377318
469657136
471556598
474577930
468778793
480412260
481616403
470941563
488093352
467791412
467455468
469375840
473720048
481235046
480412260
467014787
470006873
478662601
467735583
468129457
468778793
466266018
465458103
468778793
465767104
477728631
463197650
466894680
465938275
471438177
468478149
471023583
473848315
476709265
466185561
514809452
482401149
467791412
468114739
467791412
467148200
490747622
470164451
471380159
468637833
471337464
490562385
488833269
467735583
466314336
494286053
474832925
489974656
488769723
483136568
471145336
468778793
469375840
468778793
471337464
476318107
473360810
469103854
473141567
575654047
476318107
468778793
465767104
466377318
494142258
468802531
479034744
482762678
483760595
480412260
473267834
468637833
471824623
472262219
477332035
471858046
471223642
493470992
488642979
481035063
471023583
468649749
476318107
463694206
495119367
470445711
465807855
481235046
486292981
482401149
473875194
471337464
466034564
472243550
478838305
459870471
468778793
465807855
471980779
465458103
468778793
482401149
512298201
466096562
472287063
467014787
461491605
468013035
470862720
466185561
472243550
463694206
472200719
466314336
467148200
473267834
469375840
479034744
470239345
465458103
479034744
462263294
480412260
468637833
473267834
471980779
490747622
469375840
468434849
471337464
467388018
468802531
473267834
499848316
465164669
468802531
470445711
465461379
478974259
462937709
473848315
463303198
505269721
467735583
463197650
473104956
473141567
471980779
482401149
465264521
466189484
486920759
465264521
468637833
471473300
460622047
467735583
467845484
471980779
466185561
470040000
468778793
468778793
466096562
470445711
468778793
466991200
476318107
475817876
467735583
483760595
522449761
470811969
470445711
471337464
466185561
482401149
471337464
468778793
468114739
469103854
469019135
467148200
468802531
542999635
485972642
467735583
463197650
466774371
473360810
467791412
471380159
482401149
464982042
468778793
481235046
477077565
473267834
473875194
477783829
467148200
469657136
467148200
471380159
469912755
468778793
473720048
465264521
482401149
472243550
471337464
471473300
470006873
474833016
486292981
466607018
504343915
471337464
477032170
466189484
473267834
466185561
488603219
479284454
463566006
465686053
478659940
482401149
474832925
468051358
475817876
467148200
472243550
467802326
485308924
468778793
470445711
467148200
478824646
470811969
471141324
469491178
465992741
475011909
468051358
465621635
531829852
482401149
468778793
486263913
530884406
486920759
473104956
469454114
468778793
473178361
468778793
502340709
466185561
479034744
471145336
505254090
471824623
465733763
471980779
465886615
494402035
476807878
474801635
471380159
463929559
470040000
471438177
468637833
478595055
479513450
468541385
478595055
469454114
471380159
459105350
466744249
468129457
471309594
471592467
500191476
466314336
488093352
471473300
478662601
470862720
467791412
656249035
476709265
471473300
463880199
471980779
473141567
470445711
471980779
473360810
476318107
469957192
470445711
468778793
500768678
460476966
472262219
472243550
463768960
473875194
489960211
471337464
488642979
561722618
481616403
468778793
468649749
471337464
495119367
467014787
468649749
484201445
472243550
475817876
467285052
467421997
473360810
486896849
478659940
495119367
469912755
469103854
581999350
467148200
471103775
481721200
472243550
470548149
473848315
468074857
473141567
473720048
490562385
481368773
466774371
487792221
477728631
469375840
465807855
468778793
472287063
463561500
467455468
465513808
481368773
486292981
466096562
523849765
465621635
471380159
473267834
482323446
468778793
475944951
462308283
476223791
475526215
463566006
467739582
471380159
473848315
467743280
471980779
476223791
473720048
469103854
487792221
478302532
476807878
468778793
467388018
471223642
486292981
584624898
494402035
480015867
466096562
479707483
499020070
466607018
468129457
488830272
468637833
488093352
486292981
486263913
505254090
468778793
473848315
472236513
474800583
489960211
488642979
466189484
492914119
462536397
466744249
494857100
464802344
489960211
471473300
467735583
470006873
468718341
468802531
473141567
482314797
479004982
467791412
482177073
479030884
469103854
498544494
466744249
472243550
476318107
473141567
484989383
469375840
465264521
490397586
481235046
482401149
468649749
497983882
464982042
471337464
467148200
463694206
471337464
482762678
473720048
472262219
487792221
471023583
473178361
490747622
464132554
474529024
465733763
467791412
465301116
471145336
483897390
466744249
473360810
463694206
470006873
493897545
468802531
475817876
531217974
466991200
466314336
463110556
465264521
464910358
470811969
468778793
474974149
470862720
467739582
477728631
477728631
463566006
473848315
458482394
466189484
494816160
462701377
494402035
473267834
492847895
465264521
482401149
473360810
489757351
491549287
468129457
473720048
468802531
469375840
470445711
482762678
469657136
532041705
468778793
473267834
468649749
475803852
474800583
470006873
466232666
473141567
464982042
467148200
465458103
469375840
477032170
476223791
503481178
466894680
468478149
476318107
470445711
476223791
473267834
469103854
466268113
470445711
470862720
467791412
468778793
502340709
486896849
489814748
468778793
472450597
470040000
495119367
467421997
478659940
466086485
468778793
467285052
467791412
468778793
482401149
473455462
471797961
467791412
465992741
498381054
467735583
486292981
467739582
468114739
537140714
470445711
472243550
479954941
471980779
465264521
478659940
469375840
482401149
466185561
471380159
472243550
466607018
477489311
468129457
471380159
468114739
467148200
471380159
467148200
524652369
482401149
482401149
472243550
487792221
476446185
469375840
473267834
468778793
468778793
469375840
469019135
465886615
482401149
489960211
549331820
472569408
476807878
468074857
472262219
466774371
470006873
489960211
470862720
470811969
488642979
468778793
478659940
468802531
468637833
469454114
486872373
469375840
474800583
878533190
473338345
468759278
465886615
471337464
470445711
473141567
468778793
463566006
465886615
467735583
487164712
475817876
488642979
471980779
471223642
486292981
469375840
494402035
559801645
483760595
467845484
466774371
493480396
470445711
468129457
463509672
477728631
469657136
473720048
465164669
489702850
471337464
488093352
467845484
511201779
494857100
481616403
472243550
464132554
470445711
471712180
545484089
477728631
473360810
470239345
473141567
471337464
467845484
473848315
584624898
506542132
467791412
471712180
471337464
473267834
466607018
474577930
466185561
476318107
468802531
490562385
472236513
472243550
468778793
470445711
467172169
471980779
507315684
487792221
465807855
473267834
471980779
476318107
492914119
465864317
470811969
465347152
475817876
486807455
472262219
471337464
504158377
504025253
472243550
477032170
465264521
462701377
473848315
470006873
466232666
471473300
472243550
472243550
469491178
466744249
483897390
471223642
468114739
468778793
466189484
486292981
467148200
463877873
471556598
468802531
469912755
466314336
473848315
466185561
533458999
470445711
471337464
475370315
474775193
488603219
466744249
465807855
486872373
470862720
474529024
473720048
463566006
471556598
472243550
471337464
462832864
482401149
469657136
467739119
475011909
463694206
489333408
472236513
467455468
470040000
469019135
473720048
463566006
488642979
466314336
473178361
467791412
499020070
467014787
473514771
473848315
486292981
476318107
481616403
466314336
486388043
479284454
473848315
473267834
490747622
465992741
466314336
471097546
482401149
470006873
490562385
465807855
471380159
468802531
462387730
488642979
468778793
473848315
484461598
476020920
470862720
465458103
476318107
476807878
486920759
473720048
468541385
468778793
467148200
468778793
488830272
473267834
469657136
468778793
472450597
469957192
689007504
488642979
467148200
471712180
471380159
465992741
470862720
471380159
464132554
469111778
468910174
469912755
467148200
514605476
470548149
469375840
470006873
478302532
473848315
550981470
468778793
468129457
481721200
466607018
484201445
486872373
464910358
466232666
482401149
473848315
472262219
466034564
464802344
479034744
467735583
473360810
486920759
462852211
489814748
470006873
472982101
468637833
473141567
500061099
465164669
478662601
473975474
507603322
511091327
471980779
471824623
471980779
460305584
467388018
490446001
466991200
483136568
468778793
467388018
475817876
495448323
490562385
484461598
468649749
469103854
471223642
466314336
468778793
465938275
473933984
490747622
478659940
475817876
471380159
476318107
470862720
477077565
469375840
665254755
471438177
482314797
464517976
473141567
467455468
462709534
473848315
474529024
473848315
480392839
489974656
469957192
490144573
468802531
467845484
470006873
468637833
467285052
471337464
470862720
464684962
467014787
472262219
495119367
467735583
473104956
468051358
471438177
471824623
468778793
463561500
466232666
460449988
471438177
466774371
501288988
654847314
468778793
470040000
477002842
469957192
499848316
463905376
472243550
472262219
473848315
473267834
469103854
465938275
488642979
474800583
489960211
471980779
476318107
471029968
511201779
461669182
470548149
563095400
470445711
465461379
469375840
494754187
488093352
470445711
467148200
497983882
470862720
472450597
474975808
476709265
482401149
474775193
468778793
477327869
470239345
475497765
476078985
466607018
470548149
479954941
489960211
493099514
469657136
471223642
499519965
463566006
467014787
475817876
487792221
465686053
473141567
465164669
479954941
470445711
468649749
465480406
470445711
465767104
475526215
471387199
467285052
474775193
464910358
466268113
471980779
472243550
477728631
468778793
478595055
470445711
471980779
474974149
467148200
475817876
469912755
472243550
471473300
471980779
479252221
503123012
463768960
467791412
473267834
469375840
488093352
482401149
489974656
465083742
463303198
467791412
466185561
469491178
471556598
474975808
480340985
471380159
467455468
479034744
466277108
486388043
475817876
499020070
462536397
471858046
473848315
467455468
464132554
486292981
479284454
462263294
495119367
469491178
466107780
479284454
495119367
466034564
472243550
473338345
469912755
490562385
465767104
524381993
533966778
471438177
467014787
469454114
465807855
466314336
475817876
487164712
465301116
469491178
469657136
470006873
474586617
465461379
467014787
465864317
465458103
473267834
475817876
464684962
486292981
478302532
466314336
467845484
473267834
508255775
467455468
471380159
467735583
476223791
469657136
486555892
469019135
481616403
475011909
467735583
482401149
467285052
479034744
471980779
472236513
470548149
466744249
465118295
492914119
482323446
466189484
489690666
464982042
470006873
472243550
476709265
473267834
513631048
467148200
482401149
468637833
463110556
471556598
470548149
477728631
476223791
466744249
473720048
478659940
483136568
471380159
478659940
485308924
524106994
470040000
471980779
468778793
471380159
465864317
468637833
468778793
468129457
494224357
470445711
469454114
473338345
507713837
477501474
469491178
468649749
463834039
470445711
470445711
488586328
477783829
467014787
468778793
469719240
475960239
465301116
473848315
464191683
495119367
488093352
468778793
494402035
474974149
466185561
468802531
470941563
494402035
508109417
479954941
463694206
513805664
479954941
465992741
461652081
468802531
471438177
471438177
492847895
471380159
475817876
540771783
467455468
489333408
478302532
472450597
482762678
466314336
467845484
473360810
489333408
471337464
468778793
488093352
471980779
482637738
465264521
468778793
468778793
466232666
492847895
490747622
473514771
472243550
493897545
472236513
471337464
471023583
470445711
479954941
512562425
461104707
496379498
479427291
472243550
470079620
465733763
466232666
546619859
475817876
470079620
467148200
466266219
472569408
465458103
468759278
471380159
492157262
471337464
473267834
470445711
468778793
475817876
489690666
470040000
469375840
464684962
489814748
470164451
469019135
473141567
471824623
488642979
484461598
489960211
464078560
470445711
486896849
469957192
566727114
473360810
475817876
465864317
468114739
470445711
489960211
486292981
471145336
467735583
470862720
467739119
468778793
466189484
486292981
472450597
473267834
471145336
473267834
462453267
471980779
461467368
472243550
471337464
471337464
499839709
492847895
469912755
473267834
470862720
472262219
468404381
462308283
495119367
486920759
484989383
467421997
464517976
471380159
469375840
473360810
484708749
467791412
466314336
478659940
480015867
470428858
486292981
468778793
489333408
486555892
470006873
501110608
468778793
468074857
482401149
465733763
505254090
470239345
466096562
488093352
473720048
473141567
466034564
470040000
480378858
474529024
467791412
470862720
470079620
540684706
514605476
470445711
468404381
469019135
489960211
490144573
468778793
465523213
467735583
469657136
476318107
471380159
470006873
475817876
470006873
466774371
473764307
473267834
467421997
466377318
465264521
474529024
473141567
466314336
468541385
463834039
470040000
462453267
468637833
473267834
465118295
470040000
516836921
465807855
471438177
470006873
503123012
467845484
470040000
486666485
483760595
492847895
478302532
482401149
473514771
471380159
471980779
471103775
488642979
466034564
470006873
473141567
479252221
707690964
468778793
471223642
469491178
480015867
467455468
469491178
471980779
471004469
477728631
470862720
463929559
514605476
476318107
523506982
471023583
466185561
473848315
460929218
485972642
508109417
471556598
467791412
479284454
503161737
470006873
470006873
471337464
470445711
486872373
508109417
464891730
507686165
463303198
475011909
478974259
473933984
482401149
481368773
466314336
536537111
469103854
473267834
499020070
482401149
476709265
468910174
471337464
467845484
479954941
461700754
478662601
490018645
473267834
510489773
468778793
468778793
469103854
511030066
470445711
469103854
487792221
478302532
471103775
467148200
485308924
476807878
474586617
465621635
481721200
473739712
466894680
469375840
471004469
501288988
478683660
482401149
471438177
482762678
466189484
482401149
468478149
471023583
467455468
492847895
468778793
505254090
486180648
476318107
464078560
467285052
481616403
477489311
466185561
468649749
467148200
468129457
465807855
470040000
481616403
467455468
465264521
495119367
466607018
470862720
465686053
470445711
468637833
480412260
488441368
463566006
471380159
493522299
468778793
486292981
470239345
473739712
466774371
491549287
468778793
468778793
466744249
473720048
472503914
475817876
489333408
473178361
478302532
504158377
501499921
470006873
527427585
475817876
471473300
501110608
463880199
540318616
467148200
466034564
477728631
466774371
472243550
479284454
489690666
468778793
466034564
473141567
492157262
469103854
476318107
468910174
504537625
466189484
477077565
509682916
498920378
465938275
477901204
466189484
495565636
468910174
481235046
468649749
471337464
473141567
459730636
475817876
465864317
526830103
473141567
462332971
488271829
490562385
468778793
468778793
484989383
473720048
467802326
465767104
463566006
473720048
495119367
466744249
468778793
468802531
486263913
477728631
470040000
530967527
495119367
471438177
472243550
471858046
476318107
471980779
563491242
479513450
505489308
474431436
471712180
476318107
489960211
467791412
471858046
472956392
469019135
473360810
505254090
488642979
492847895
488093352
486292981
466314336
473848315
467791412
471337464
492847895
467455468
471473300
470862720
467735583
469957192
468051358
479284454
466314336
468778793
464684962
465458103
479513450
472243550
461467368
481616403
486292981
465767104
468637833
461791281
477728631
470445711
468778793
467388018
478662601
463694206
493806302
468778793
481368773
466266219
495119367
473720048
472262219
468541385
473360810
489319068
489319068
464684962
479034744
468129457
473267834
463880199
470445711
505254090
494224357
469454114
468778793
482429802
473360810
468778793
470862720
469657136
499020070
471980779
471980779
488093352
476591322
465886615
473848315
499519965
470862720
482401149
470006873
464802344
473267834
471145336
464802344
465767104
469491178
473267834
470040000
473267834
472243550
472052277
468404381
482401149
472243550
459285960
468778793
468778793
505254090
474833016
479284454
468778793
476318107
479341488
468778793
465733763
467845484
511201779
469111778
542036967
466774371
473267834
472262219
476807878
486292981
490747622
488093352
466607018
474431436
487612897
470079620
499020070
475817876
466189484
484603672
468478149
481721200
472262219
477728631
478586990
486807455
537306875
489702850
470445711
499020070
499020070
465083742
470445711
463566006
495119367
468718341
467845484
468778793
471004469
482401149
471980779
464306401
474529024
470445711
482401149
468129457
541368996
624756710
473720048
470445711
468778793
465164669
476078985
479954941
473514771
463694206
468718341
469375840
467285052
473720048
472243550
467455468
478302532
498610115
467148200
493099514
469491178
467455468
473267834
473141567
471712180
471145336
486485266
489690666
494857100
468637833
505254090
488642979
487053294
471592467
468778793
463566006
483760595
473267834
471223642
468478149
465083742
468778793
473267834
467735583
482762678
486292981
464684962
478595055
481368773
471824623
487792221
471023583
504242164
498610115
471556598
467148200
468802531
483760595
468778793
465767104
470006873
471380159
489319068
466107780
463303198
465264521
486292981
465264521
463509672
476807878
470445711
465264521
473267834
469375840
488093352
465733763
468778793
477901204
476318107
470079620
471337464
468478149
486920759
516836921
470445711
472243550
472236513
467148200
474775193
472243550
479034744
471004469
469103854
467455468
468802531
469912755
466314336
472236513
480015867
469375840
492914119
478302532
464982042
501499921
468778793
471473300
488830272
469019135
468778793
489956093
489319068
460508910
474800583
468778793
500061099
467735583
463197650
475011909
469912755
472243550
470040000
495119367
470006873
471380159
467802326
487612897
466266219
470006873
465621635
472262219
475699822
471980779
473720048
467421997
473848315
483897390
488093352
581014540
507315684
467791412
468541385
470006873
488093352
482762678
470040000
489960211
474577930
473178361
471337464
472243550
471337464
475460931
469491178
489960211
492914119
473720048
463905376
482401149
486896849
468778793
470548149
465118295
482762678
471473300
465992741
472243550
468778793
468649749
467735583
467845484
487792221
462287489
469375840
462536397
471380159
495119367
466607018
478974259
473848315
486872373
461556038
468802531
469255634
468778793
482401149
467148200
469912755
470445711
472243550
512298201
478595055
491549287
487792221
468649749
465938275
508109417
466314336
474833016
506801216
468778793
473267834
473267834
488642979
473875194
473141567
485972642
465686053
499020070
470164451
468541385
463110556
465523213
470040000
471980779
483136568
462709534
479341488
468129457
478974259
471473300
512298201
472243550
466774371
465513808
470445711
475497765
488093352
471824623
473178361
460929218
467148200
565292659
511201779
472243550
468802531
471473300
471712180
468637833
463697772
478662601
468718341
475011909
482836690
495119367
480705430
470445711
490713247
461791281
489960211
465733763
470548149
471473300
464132554
467285052
469491178
484989383
494816160
468478149
486292981
468404381
467845484
489960211
500795347
462387730
471380159
471337464
495119367
470862720
468778793
470006873
508888179
480378858
493806302
478659940
494142258
466314336
472503914
473338345
514605476
495119367
546188299
471337464
477728631
461784252
476807878
467388018
478302532
495119367
471337464
465864317
771926969
487164712
468910174
464982042
464449402
479954941
467285052
473267834
467148200
481235046
468802531
472450597
467148200
470445711
467845484
488093352
465083742
477783829
487792221
471337464
473360810
516677777
545762416
463197650
465938275
510262108
487792221
542999635
465864317
477332035
463929559
468129457
467421997
473178361
469019135
470006873
481368773
506801216
472569408
488093352
480015867
468778793
473267834
468802531
580260413
470445711
535568277
466266219
467735583
468432406
474775193
468778793
489757351
465458103
471141324
466314336
486896849
465886615
467421997
474775193
482401149
478659940
469375840
478659940
469454114
465886615
489062086
505254090
469375840
464910358
468129457
472243550
544976396
468114739
479954941
476591322
467285052
471556598
462216085
479954941
505254090
480378858
471337464
465264521
482969051
470548149
471097546
462937709
471556598
473267834
467172169
467014787
469019135
464910358
461700754
469103854
462701377
472243550
461791281
464780635
473848315
496586689
475011909
459730636
473141567
475817876
485972642
472503914
473360810
471980779
468778793
537306875
461491605
468946732
471337464
469491178
483897390
472669044
471337464
473360810
490562385
485909975
473848315
469019135
487257937
476318107
470040000
476318107
487792221
473267834
482401149
470445711
463566006
468649749
473141567
479341488
479030884
466314336
473848315
499020070
470445711
481616403
463303198
470040000
470006873
471023583
473875194
486292981
528112588
688411998
488093352
471980779
472243550
470040000
465458103
464802344
465886615
472262219
467735583
461130557
465264521
473178361
479284454
471824623
473720048
467455468
471141324
473267834
473141567
471380159
476223791
473338345
483760595
471556598
468778793
468074857
488093352
478662601
465767104
469454114
496165109
469912755
468129457
473141567
467791412
473267834
474770249
471223642
468778793
470548149
569098956
465886615
472243550
488093352
463768960
466034564
470548149
471712180
473360810
471980779
465480406
470862720
486920759
467148200
467739582
471337464
471337464
473848315
482401149
478302532
476709265
488093352
467455468
478659940
470862720
470040000
466189484
471824623
486292981
499549063
470548149
467845484
476807878
467285052
466894680
479284454
468778793
480412260
513555782
466232666
579086669
510689660
476807878
468404381
475011909
466744249
467791412
464802344
467739582
494224357
470239345
465273896
468541385
468778793
467455468
482314797
471980779
464982042
473141567
508980843
472243550
470040000
468778793
489757351
473267834
474800583
473360810
473360810
467148200
472243550
489956093
468114739
479341488
468778793
473360810
488830272
471145336
468802531
470006873
479513450
474775193
473338345
469912755
486872373
495119367
470006873
467455468
466991200
469912755
475817876
486872373
465621635
476318107
468129457
460754497
558633312
465864317
465864317
476318107
494402035
473267834
470040000
465864317
468910174
468778793
473848315
471824623
468637833
471980779
463566006
466774371
472243550
478554645
475817876
512298201
477077565
468696929
58031768