0
0
0
0
0
0
0
0
0
0
0
0
0
0
23
21
87
0
0
0
0
0
0
0
64
0
91
0
43
0
71
0
0
0
0
0
0
0
0
107
43
0
0
0
81
0
0
0
0
0
0
43
0
97
11
95
0
0
0
73
0
0
64
0
0
58
0
0
0
0
0
0
0
0
87
0
126
0
0
0
37
25
0
46
0
0
0
0
0
25
0
0
0
21
162
29
0
29
0
0
49
0
0
0
0
82
99
0
91
151
21
0
0
37
0
138
132
29
0
0
83
29
107
0
207
0
0
72
82
83
0
151
292
27
85
0
18
292
0
0
0
0
0
0
0
66
64
82
85
0
35
155
72
25
91
95
0
118
66
82
0
292
91
0
162
223
84
164
15
23
162
0
88
91
12
14
53
0
0
78
269
88
137
115
12
69
223
39
92
0
94
16
95
29
144
123
0
69
92
43
165
28
75
77
60
75
27
60
67
21
69
82
43
0
92
0
292
269
0
67
75
72
292
122
136
94
1
272
54
87
58
94
117
185
127
87
75
177
47
31
133
181
52
117
276
0
0
154
54
97
221
127
94
43
77
162
48
151
87
211
109
12
24
58
44
54
162
0
156
54
158
137
185
0
39
49
117
33
117
136
49
338
0
158
383
69
180
24
149
69
261
0
0
164
47
68
68
24
12
152
228
180
16
58
248
0
151
173
47
261
138
109
160
129
23
160
123
261
241
261
87
49
173
221
179
203
274
148
221
80
44
33
91
117
44
136
267
273
68
229
64
111
86
69
61
138
91
125
166
69
157
100
86
68
62
91
87
31
194
54
85
80
119
48
24
126
405
168
69
152
294
136
58
27
25
118
276
24
80
267
243
64
166
0
64
236
306
138
243
75
180
75
80
156
59
88
165
92
182
183
184
54
310
75
167
49
215
112
61
149
98
173
89
118
421
215
180
136
79
239
241
180
239
267
158
233
173
142
71
171
0
154
239
158
363
101
48
177
144
77
21
157
383
463
80
405
215
203
171
129
198
59
154
151
69
79
156
87
162
201
128
49
80
168
129
89
