0
0
0
0
0
0
0
0
0
0
0
0
0
0
0
0
0
0
0
0
0
0
0
0
0
0
0
0
0
0
0
0
0
0
0
0
0
0
0
0
0
0
0
0
0
0
0
0
0
0
0
0
0
0
0
0
0
0
0
0
0
0
0
0
0
0
0
0
0
0
0
0
0
0
0
0
0
0
0
0
0
0
0
0
0
0
0
0
0
0
0
0
0
0
0
0
0
0
0
0
0
0
0
0
0
0
0
0
0
0
0
0
0
64
0
0
0
0
0
0
0
0
0
0
0
0
0
0
0
0
0
0
0
0
50
0
0
0
0
0
0
0
0
0
0
0
0
0
0
0
0
0
0
0
0
16
0
0
0
0
0
0
0
0
0
0
0
0
0
0
0
0
0
0
0
0
0
0
0
0
0
0
0
0
0
0
0
0
0
0
0
0
0
39
0
0
0
0
0
0
0
0
0
0
0
0
0
0
86
0
53
86
0
0
0
59
48
0
0
0
0
0
0
0
0
0
0
29
0
0
0
0
87
0
0
0
13
0
72
0
0
0
0
0
0
0
0
0
0
0
0
0
0
0
0
0
0
0
0
11
0
0
0
0
9
0
44
0
0
0
0
0
0
43
0
0
0
0
75
0
87
90
0
0
32
0
0
0
0
0
0
29
87
80
0
0
0
0
0
0
0
0
0
0
0
0
0
0
0
0
0
0
0
0
25
0
0
0
0
44
0
0
0
0
0
0
0
39
0
80
0
0
0
0
0
0
0
0
0
0
86
0
0
82
0
92
26
0
0
0
0
0
0
0
76
0
0
52
158
0
0
0
0
0
0
79
0
0
28
84
0
0
0
0
0
0
0
54
68
0
46
0
0
0
0
0
0
0
0
0
0
15
5
0
0
0
0
0
0
0
0
0
86
0
12
0
0
0
0
0
0
2
0
11
87
0
0
0
0
0
0
0
0
0
0
0
0
0
0
0
0
0
0
0
0
0
0
109
0
80
0
0
0
45
0
0
0
18
97
53
13
0
0
91
0
23
0
0
0
0
24
0
0
0
0
0
96
56
0
0
0
0
0
0
0
13
0
0
31
0
0
63
0
0
0
0
69
0
168
0
23
81
0
0
0
0
0
0
0
0
0
72
0
0
0
0
58
0
0
54
99
0
66
0
0
0
0
86
4
18
0
94
0
0
0
0
126
0
0
0
0
0
0
78
0
0
0
69
0
33
0
0
0
0
0
0
92
91
0
0
0
0
13
5
43
0
0
0
87
0
2
0
45
0
63
0
0
0
13
0
0
13
55
0
30
65
0
90
90
0
0
0
0
0
0
42
0
0
0
0
24
70
59
28
68
0
0
61
0
0
0
0
0
0
0
0
46
73
0
0
0
0
0
0
0
55
0
47
56
69
0
0
0
0
0
0
0
22
6
10
0
0
39
0
71
82
0
0
201
0
89
0
0
0
44
0
0
0
39
10
0
0
0
0
0
0
0
0
27
0
0
0
31
145
0
48
56
0
0
10
173
0
0
25
0
0
0
0
91
29
0
69
0
86
0
0
0
0
0
0
10
0
22
63
85
0
0
0
92
0
0
11
0
63
8
13
0
0
96
92
0
0
15
0
0
4
0
64
0
72
0
0
0
0
68
94
88
0
73
81
55
0
82
0
0
76
63
0
0
90
21
25
112
0
39
0
23
97
0
0
0
0
0
0
16
36
97
90
97
0
0
1
64
0
0
0
0
0
0
0
84
4
47
0
69
28
0
0
0
5
0
41
38
121
96
0
0
0
60
0
83
0
87
42
0
0
0
0
55
0
0
0
0
56
0
99
14
0
138
0
0
0
0
79
0
0
0
0
106
43
78
0
0
0
0
0
0
0
78
71
0
0
0
0
28
0
0
42
0
0
44
103
0
0
0
52
58
0
0
0
0
54
0
61
46
0
0
0
0
96
0
0
0
0
0
0
0
0
87
0
0
0
61
113
0
0
0
12
76
0
59
0
0
18
94
10
0
24
0
64
0
64
0
52
10
0
0
0
91
18
0
93
0
92
0
0
70
0
0
60
0
0
0
128
0
0
57
28
79
0
84
0
0
136
0
0
0
29
0
27
43
81
0
0
0
0
0
0
0
0
0
0
60
0
11
0
52
0
30
7
14
47
30
0
65
0
0
0
0
0
101
0
0
0
90
0
0
82
0
76
0
90
0
0
83
0
0
46
0
0
0
0
0
6
101
134
4
0
92
72
10
72
78
0
0
0
28
0
57
0
30
0
0
75
0
134
0
143
87
0
0
11
0
0
53
0
145
0
0
30
0
32
83
63
0
0
69
69
0
65
0
137
109
0
135
0
0
0
0
168
89
86
0
0
57
0
60
0
74
105
61
0
2
0
74
12
91
0
87
91
0
0
0
0
0
84
82
90
0
0
0
46
46
48
33
88
0
63
205
0
0
0
11
14
0
86
0
0
89
95
84
42
0
20
87
41
0
88
68
0
0
0
14
117
67
0
45
45
98
117
92
0
73
0
0
24
0
31
0
11
79
127
0
118
0
21
99
0
0
0
37
0
73
0
0
77
0
70
139
10
0
54
43
23
0
0
75
0
0
105
0
0
0
184
230
0
61
0
11
45
34
0
0
14
13
87
0
28
29
0
0
0
16
89
0
0
143
123
0
58
0
117
142
0
0
76
0
97
0
0
46
38
0
101
88
100
0
59
0
178
59
0
77
92
138
18
0
101
56
0
46
0
0
0
0
132
0
9
80
0
145
0
46
0
90
0
98
0
0
53
69
27
21
0
0
84
33
0
0
61
0
86
13
0
0
99
0
0
0
20
10
0
38
0
156
61
0
1
45
90
97
0
0
0
0
0
80
48
0
173
4
0
0
0
9
14
0
39
65
37
86
19
0
0
84
89
0
0
89
0
90
0
61
61
48
0
118
67
36
0
88
0
0
0
52
87
0
0
92
90
89
0
29
0
0
0
208
82
89
0
0
0
22
0
27
0
42
43
77
49
19
0
0
0
88
116
0
0
144
60
0
0
30
0
0
85
0
18
39
34
108
0
94
0
0
14
34
0
0
0
274
139
75
0
128
97
0
0
0
0
0
56
0
10
0
0
168
32
0
132
60
0
89
117
33
118
75
61
0
116
37
104
62
0
0
87
0
0
87
76
9
158
0
57
0
39
0
25
87
0
13
24
138
121
0
26
11
73
0
29
158
148
79
84
58
45
24
48
49
0
0
31
98
0
0
106
0
0
38
0
51
0
0
0
6
0
58
0
80
0
55
37
71
0
91
0
44
86
25
0
0
0
0
0
17
0
0
0
0
0
97
82
82
0
139
55
0
0
21
0
0
186
0
33
0
0
0
0
0
211
10
0
0
0
0
80
82
98
26
0
86
169
131
0
0
76
0
122
68
92
48
157
0
166
0
0
98
0
0
90
0
91
0
0
29
21
18
0
26
0
0
0
0
0
0
0
21
0
0
230
21
132
58
104
94
0
0
0
95
91
1
164
177
37
0
94
18
98
0
0
6
55
46
0
26
0
0
0
1
163
0
58
6
218
82
98
0
0
62
0
35
20
42
0
0
0
0
57
109
0
171
49
0
0
0
131
0
81
49
87
62
0
28
62
0
42
0
43
0
0
0
53
0
99
99
11
170
1
0
92
0
0
0
25
0
69
0
119
178
236
122
83
0
0
0
36
95
49
42
10
193
88
181
0
59
94
10
0
47
90
0
97
36
21
39
59
0
50
89
0
69
181
0
0
73
78
0
0
57
82
86
75
26
84
54
0
56
118
40
17
56
18
87
36
332
28
69
0
39
0
0
112
0
58
0
92
153
90
60
29
78
86
161
158
171
78
92
0
0
69
137
38
29
45
26
28
128
55
81
0
0
0
0
0
59
63
14
49
0
201
98
137
84
40
39
21
0
18
90
47
0
0
92
124
0
38
34
10
90
16
27
0
37
0
52
0
61
0
0
0
56
32
0
46
84
111
91
69
0
135
0
0
2
75
0
123
0
195
20
6
71
55
0
43
138
72
96
204
85
78
71
0
0
0
0
78
69
89
28
26
93
0
24
229
213
89
0
7
49
0
80
106
0
0
0
90
142
46
0
63
88
19
135
43
0
157
91
124
119
200
0
154
76
75
64
24
0
0
83
57
65
212
45
2
0
204
0
90
118
0
48
184
60
0
0
46
174
0
19
55
257
36
0
0
78
0
88
26
49
0
0
0
125
0
0
0
0
50
92
125
124
161
98
0
143
57
0
55
93
50
61
52
86
0
50
61
0
173
166
51
0
0
0
3
0
24
185
84
77
137
93
0
36
90
76
0
62
210
126
150
118
55
0
139
0
61
51
0
0
84
68
79
81
178
0
76
100
134
57
36
53
47
143
6
108
89
39
99
75
90
132
42
72
27
0
0
0
41
34
73
60
107
0
77
210
90
114
54
47
74
0
43
0
81
14
45
0
185
0
133
0
190
89
65
0
85
140
73
77
0
72
72
0
0
0
0
170
0
12
0
0
49
86
90
217
78
80
47
104
112
174
0
37
55
18
0
75
149
0
0
0
38
0
80
61
0
200
0
178
0
0
49
103
0
101
82
66
84
14
61
90
84
98
83
0
0
0
27
92
71
81
0
150
416
0
49
218
0
0
76
94
72
37
0
74
194
26
142
36
33
74
112
76
23
62
0
10
0
0
0
241
72
109
137
52
81
0
0
0
35
96
76
61
25
157
133
91
60
7
91
9
7
0
119
0
209
81
0
72
4
0
56
192
146
0
52
47
0
53
61
0
0
88
97
69
0
37
150
35
0
62
0
124
65
9
32
89
251
176
0
6
57
0
0
12
55
77
0
218
6
79
99
0
184
109
69
113
153
66
4
12
70
98
74
63
163
93
196
0
90
0
50
57
86
71
0
140
0
116
47
168
23
75
142
0
81
0
82
23
189
57
60
126
72
98
11
0
163
90
18
0
87
0
61
57
25
98
0
157
181
0
155
172
6
56
55
95
97
6
0
94
45
273
0
258
165
37
28
144
104
85
49
139
163
150
166
57
14
86
0
0
56
162
69
17
0
117
71
56
90
71
1
83
98
89
52
0
266
0
64
111
114
137
0
28
0
0
274
29
45
62
39
0
28
0
5
197
37
1
82
25
0
62
0
209
79
59
133
141
58
0
26
0
129
4
48
50
0
155
45
57
112
57
153
0
0
100
68
0
96
125
106
84
0
88
59
80
66
100
217
59
0
181
0
150
142
118
0
125
135
72
50
140
15
165
208
95
48
181
71
0
318
48
92
104
74
58
0
57
75
36
45
81
220
37
86
27
18
0
140
10
7
42
60
99
16
229
0
96
84
133
14
69
112
0
57
135
0
96
74
140
80
98
0
161
128
50
3
0
68
0
261
59
41
12
114
133
91
57
90
65
80
145
146
121
94
7
37
145
59
174
0
38
73
254
86
98
0
45
118
0
144
0
47
238
118
99
109
156
75
52
69
68
91
101
0
195
157
146
97
148
103
5
95
14
0
0
84
16
18
104
172
217
0
43
0
86
89
90
173
118
155
0
7
240
80
0
94
198
91
85
0
69
0
66
72
0
69
57
210
78
118
35
62
72
89
40
0
0
110
0
85
154
121
155
0
0
0
116
133
91
50
137
0
0
43
158
61
0
67
183
50
235
4
255
106
61
211
104
89
29
44
0
44
136
416
0
14
45
90
125
87
37
26
157
21
101
0
84
10
74
220
154
96
49
0
95
109
140
50
0
15
217
0
0
0
80
0
147
84
43
155
133
136
164
49
0
72
0
214
108
61
147
0
67
178
53
30
0
125
0
105
77
95
161
69
28
72
29
56
30
32
110
102
37
0
302
31
152
65
27
0
0
55
99
83
236
0
164
115
57
210
56
0
0
52
25
201
86
0
142
74
133
31
18
0
0
0
0
237
216
86
0
86
112
88
123
115
104
59
0
103
0
75
42
69
0
52
32
118
104
0
0
64
46
216
51
0
9
124
154
78
0
0
302
90
42
84
221
80
52
133
122
203
0
48
109
149
64
103
226
84
53
76
303
62
160
73
57
0
162
224
273
40
172
110
58
111
0
82
56
57
218
0
154
341
177
276
150
78
150
108
45
46
0
87
225
0
67
0
129
137
56
86
83
53
16
18
60
169
72
162
0
42
71
208
125
0
176
116
95
21
0
0
174
42
135
74
192
141
104
65
211
0
0
24
111
103
31
106
76
64
174
161
185
162
158
108
83
162
189
64
89
146
123
108
216
0
76
9
164
38
0
98
137
0
0
10
33
59
145
155
184
137
0
158
53
77
38
210
0
21
219
158
163
96
0
90
132
151
69
235
0
62
71
198
0
106
106
35
195
0
74
208
74
211
123
86
267
0
172
260
106
0
71
43
0
92
135
94
169
0
300
72
0
56
80
28
16
135
173
24
220
0
19
125
101
138
0
198
78
16
122
0
92
143
34
59
99
147
140
156
57
242
0
69
67
101
0
181
71
36
130
159
81
308
104
0
147
49
0
226
174
10
147
4
195
119
9
1
0
95
97
39
49
104
85
58
136
91
124
140
0
136
0
61
156
65
33
55
83
57
79
195
127
125
71
52
0
274
90
57
206
137
13
113
319
0
189
126
166
69
90
220
149
91
41
13
147
216
101
72
0
125
36
38
66
181
118
219
147
99
87
95
51
86
67
19
50
60
210
136
73
0
95
74
36
69
83
158
147
30
158
178
31
0
50
131
31
302
46
104
126
96
144
172
56
317
69
86
174
254
202
178
79
36
7
0
74
38
156
51
140
122
11
108
96
82
69
263
183
88
0
0
0
97
154
40
215
55
166
52
77
24
118
0
0
0
87
28
109
21
84
0
57
303
58
75
10
137
92
133
174
0
166
27
172
11
100
235
4
3
78
42
0
143
185
181
57
18
0
216
116
227
156
0
137
151
121
195
0
136
49
25
28
186
191
188
172
0
143
15
91
159
29
276
154
301
39
241
136
90
0
52
0
165
65
55
143
125
142
89
27
88
101
72
145
110
272
142
173
48
97
223
29
0
0
0
0
132
15
98
0
24
248
33
1
0
7
82
89
184
24
194
156
54
95
0
90
0
50
34
59
90
140
142
116
1
142
4
254
0
61
135
125
108
37
0
135
35
73
100
96
44
95
178
27
108
0
90
83
64
0
0
219
250
273
58
73
266
0
174
55
0
236
125
129
12
108
10
84
115
62
96
45
195
143
145
136
63
129
222
92
80
99
90
72
47
92
82
257
24
242
273
30
0
134
121
239
0
136
57
0
55
84
146
0
7
128
24
58
72
198
221
319
30
134
49
116
130
29
186
211
116
194
22
235
134
241
148
211
96
97
136
13
96
0
133
6
192
261
89
88
155
0
154
18
208
60
261
38
190
116
112
273
196
136
21
9
0
95
172
21
94
44
78
113
183
96
94
0
0
0
310
92
78
129
5
0
0
43
93
103
115
115
0
48
90
208
267
79
348
105
172
99
53
61
34
217
0
208
115
90
27
177
269
248
63
48
97
51
37
87
90
133
170
45
125
203
93
188
0
130
166
196
177
142
221
95
27
74
120
43
0
74
14
87
126
15
164
33
233
150
172
55
72
59
166
0
13
222
78
0
309
78
204
134
136
118
327
56
97
212
96
116
96
282
269
90
45
7
103
86
70
218
41
103
82
115
234
308
19
37
58
215
215
273
189
12
33
301
71
98
164
20
190
255
51
68
135
132
137
56
88
210
145
300
0
153
242
183
207
159
174
83
202
186
68
166
185
92
191
151
134
133
47
109
359
0
0
173
128
89
104
135
261
0
38
58
0
160
120
0
163
142
196
50
121
190
146
234
10
164
195
84
0
33
0
46
0
80
86
110
55
142
84
154
64
75
55
58
157
7
137
0
133
134
194
106
133
0
22
92
88
110
177
208
0
92
43
0
41
13
283
209
74
156
267
58
276
15
195
0
67
133
174
204
84
94
0
82
120
73
81
103
93
400
57
24
222
103
145
51
67
121
10
160
208
38
72
401
98
49
56
120
137
184
182
174
293
91
129
34
88
184
108
98
201
12
201
222
3
243
198
123
156
150
69
133
0
258
12
118
247
0
35
193
0
268
72
272
0
145
78
179
44
157
34
133
158
152
155
229
213
106
47
152
176
0
32
41
221
0
255
216
53
148
202
175
147
93
81
40
152
51
109
78
13
130
0
78
177
78
291
18
205
99
142
33
133
264
77
104
30
26
332
75
72
123
0
126
110
90
0
143
196
183
76
0
217
231
30
211
99
61
140
123
137
136
225
53
86
60
223
209
33
318
34
88
63
184
106
213
22
150
109
230
162
142
188
150
51
79
59
153
24
77
0
90
51
175
171
428
0
147
74
142
209
79
128
273
75
198
140
33
0
0
0
146
143
202
68
87
256
151
93
0
96
136
174
30
150
0
224
71
28
46
45
43
0
311
128
205
131
358
483
45
0
132
62
147
0
258
198
152
195
188
121
41
181
61
223
123
204
202
217
356
0
0
90
167
15
141
286
97
140
0
108
132
195
94
113
95
0
81
171
166
137
133
83
157
106
78
258
46
165
267
66
223
82
1
258
170
80
273
64
136
79
232
55
196
58
145
223
34
310
27
147
338
0
0
57
273
190
196
116
0
0
96
169
195
254
61
0
83
0
188
211
0
120
118
166
18
271
256
166
197
105
146
255
262
114
37
122
0
11
82
0
91
72
149
32
395
24
162
0
222
107
104
68
87
49
87
287
118
237
267
195
334
219
53
127
172
34
39
49
113
72
131
45
79
59
102
212
198
107
90
202
97
125
212
49
76
165
47
165
0
101
139
224
143
232
0
15
131
101
87
47
285
109
90
140
274
171
0
230
123
167
40
133
77
318
57
76
163
0
160
46
175
47
90
166
84
90
26
185
51
88
187
146
198
43
160
156
23
42
0
257
126
285
209
86
0
188
255
101
274
233
339
273
186
110
222
91
83
108
63
133
101
121
272
137
125
150
256
119
255
76
69
49
186
267
47
14
223
15
211
89
46
299
277
0
57
155
108
119
213
57
23
22
34
62
161
166
0
24
198
36
170
196
42
25
187
163
121
69
199
207
55
17
78
138
79
73
105
137
155
33
172
133
0
163
169
106
12
56
65
36
177
175
132
60
105
57
230
155
36
2
52
67
267
108
57
133
78
120
36
178
95
300
0
97
178
52
13
89
12
84
77
0
76
37
306
57
274
166
275
0
0
280
195
133
203
7
102
249
109
191
136
222
10
141
131
226
51
0
76
5
0
0
190
267
300
133
56
97
389
365
32
155
56
104
198
84
84
58
56
135
181
0
42
120
21
109
85
284
359
196
189
0
140
72
190
134
346
36
114
111
94
65
7
139
118
80
76
241
283
87
120
94
256
234
223
0
181
73
278
172
55
255
41
161
196
110
231
209
395
360
91
204
118
147
163
260
172
169
16
106
164
127
19
177
148
234
132
0
51
163
157
0
157
133
0
325
189
124
0
138
97
167
77
23
0
90
256
228
223
0
171
77
155
133
71
135
36
36
4
195
34
121
273
375
3
58
299
68
255
234
101
85
58
365
300
18
35
167
81
193
222
46
432
178
166
118
299
209
50
88
86
251
146
231
211
65
177
101
34
262
199
133
133
65
23
133
52
131
187
0
174
125
167
104
148
0
141
341
74
133
232
147
243
88
62
190
76
211
153
55
0
94
62
273
122
235
49
109
189
63
90
181
116
190
84
123
207
24
125
147
101
145
136
332
37
323
285
10
57
157
237
0
98
155
40
316
16
102
0
92
232
144
279
0
57
406
208
186
188
45
188
115
5
63
169
251
474
132
251
144
145
372
145
224
90
110
183
84
163
148
40
58
129
0
375
5
110
45
162
30
106
150
297
169
73
122
136
212
52
206
115
171
92
562
146
10
154
311
170
143
79
198
270
37
78
133
147
103
196
226
289
143
166
29
248
254
97
129
101
182
247
120
21
302
260
165
118
445
138
75
99
121
291
174
31
97
216
222
225
147
182
174
172
220
63
209
184
105
36
95
150
181
136
88
33
439
123
104
57
177
51
262
35
233
241
166
90
79
82
152
163
195
235
63
198
133
304
129
365
49
160
120
80
152
90
264
84
262
69
203
285
265
113
29
171
0
307
224
366
131
59
235
253
216
102
110
79
138
140
146
269
153
137
97
23
0
0
221
79
129
133
374
82
0
221
0
285
135
15
36
162
169
200
254
268
104
27
404
33
24
126
58
113
206
141
80
90
126
0
401
188
141
88
136
148
199
34
91
133
129
138
153
34
124
166
413
65
296
174
424
0
204
351
179
170
139
55
311
82
173
167
167
51
91
355
365
142
289
236
235
223
61
120
302
262
330
97
244
27
233
86
125
156
144
251
91
157
136
71
27
67
106
137
174
120
151
100
98
96
190
92
82
175
109
0
74
81
121
212
200
169
66
258
207
138
0
288
212
188
124
135
44
46
146
439
304
215
63
49
90
166
56
273
0
333
384
72
181
133
96
234
84
10
297
183
118
0
95
185
169
1
227
187
49
99
23
213
145
107
169
123
168
156
239
16
71
42
75
118
0
55
129
25
114
205
0
153
127
12
216
34
124
105
288
241
75
133
231
73
517
46
125
443
260
138
199
99
282
129
17
62
349
404
79
190
139
119
222
33
391
29
188
47
273
253
37
155
252
62
221
138
152
140
27
171
230
93
96
90
87
162
474
73
141
158
135
175
0
413
246
201
24
187
137
227
216
190
71
222
139
86
417
264
172
467
57
156
83
259
92
65
0
169
147
115
127
406
0
249
256
285
59
88
141
0
79
216
240
48
25
150
141
96
100
92
146
47
474
94
102
56
208
145
118
101
123
235
101
92
95
26
65
107
0
157
0
161
157
53
197
175
31
112
88
282
268
91
374
67
201
172
218
57
62
123
394
92
128
173
136
143
105
159
208
176
293
224
82
0
123
263
115
98
88
176
33
10
118
