This is XeTeX, Version 3.1415926-2.2-0.9995.2 (TeX Live 2009/Debian) (format=xelatex 2012.5.19)  13 JUN 2012 20:33
entering extended mode
 %&-line parsing enabled.
**prob1.tex
(./prob1.tex
LaTeX2e <2009/09/24>
Babel <v3.8l> and hyphenation patterns for english, usenglishmax, dumylang, noh
yphenation, pinyin, loaded.
! Undefined control sequence.
l.1 \question
             [1]{\begin{large}\textbf{ä½ å¥½ï¼Œä¸–ç•Œï¼} \end{large}}
? q
OK, entering \batchmode...

! LaTeX Error: Missing \begin{document}.

See the LaTeX manual or LaTeX Companion for explanation.
Type  H <return>  for immediate help.
 ...                                              
                                                  
l.1 \question[
              1]{\begin{large}\textbf{ä½ å¥½ï¼Œä¸–ç•Œï¼} \end{large}}
You're in trouble here.  Try typing  <return>  to proceed.
If that doesn't work, type  X <return>  to quit.

Missing character: There is no [ in font nullfont!
Missing character: There is no 1 in font nullfont!
Missing character: There is no ] in font nullfont!

! LaTeX Error: Environment large undefined.

See the LaTeX manual or LaTeX Companion for explanation.
Type  H <return>  for immediate help.
 ...                                              
                                                  
l.1 \question[1]{\begin{large}
                              \textbf{ä½ å¥½ï¼Œä¸–ç•Œï¼} \end{large}}
Your command was ignored.
Type  I <command> <return>  to replace it with another command,
or  <return>  to continue without it.

Missing character: There is no ä½  in font cmbx10!
Missing character: There is no å¥½ in font cmbx10!
Missing character: There is no ï¼Œ in font cmbx10!
Missing character: There is no ä¸– in font cmbx10!
Missing character: There is no ç•Œ in font cmbx10!
Missing character: There is no ï¼ in font cmbx10!

! LaTeX Error: \begin{document} ended by \end{large}.

See the LaTeX manual or LaTeX Companion for explanation.
Type  H <return>  for immediate help.
 ...                                              
                                                  
l.1 ...rge}\textbf{ä½ å¥½ï¼Œä¸–ç•Œï¼} \end{large}
                                                  }
Your command was ignored.
Type  I <command> <return>  to replace it with another command,
or  <return>  to continue without it.


Overfull \hbox (20.0pt too wide) in paragraph at lines 1--3
[]
 []


! LaTeX Error: Missing \begin{document}.

See the LaTeX manual or LaTeX Companion for explanation.
Type  H <return>  for immediate help.
 ...                                              
                                                  
l.3 \par è¯·
            åœ¨ä¸‹é¢çš„æ¨ªçº¿ä¸Šå†™ä¸‹"Hello world!"(ä¸å«å¼•å·ï¼Œè¯·ä»”ç...

You're in trouble here.  Try typing  <return>  to proceed.
If that doesn't work, type  X <return>  to quit.

Missing character: There is no è¯· in font nullfont!
Missing character: There is no åœ¨ in font nullfont!
Missing character: There is no ä¸‹ in font nullfont!
Missing character: There is no é¢ in font nullfont!
Missing character: There is no çš„ in font nullfont!
Missing character: There is no æ¨ª in font nullfont!
Missing character: There is no çº¿ in font nullfont!
Missing character: There is no ä¸Š in font nullfont!
Missing character: There is no å†™ in font nullfont!
Missing character: There is no ä¸‹ in font nullfont!
Missing character: There is no " in font nullfont!
Missing character: There is no H in font nullfont!
Missing character: There is no e in font nullfont!
Missing character: There is no l in font nullfont!
Missing character: There is no l in font nullfont!
Missing character: There is no o in font nullfont!
Missing character: There is no w in font nullfont!
Missing character: There is no o in font nullfont!
Missing character: There is no r in font nullfont!
Missing character: There is no l in font nullfont!
Missing character: There is no d in font nullfont!
Missing character: There is no ! in font nullfont!
Missing character: There is no " in font nullfont!
Missing character: There is no ( in font nullfont!
Missing character: There is no ä¸ in font nullfont!
Missing character: There is no å« in font nullfont!
Missing character: There is no å¼• in font nullfont!
Missing character: There is no å· in font nullfont!
Missing character: There is no ï¼Œ in font nullfont!
Missing character: There is no è¯· in font nullfont!
Missing character: There is no ä»” in font nullfont!
Missing character: There is no ç»† in font nullfont!
Missing character: There is no å®¡ in font nullfont!
Missing character: There is no é¢˜ in font nullfont!
Missing character: There is no ï¼Œ in font nullfont!
Missing character: There is no æ… in font nullfont!
Missing character: There is no é‡ in font nullfont!
Missing character: There is no åš in font nullfont!
Missing character: There is no ç­” in font nullfont!
Missing character: There is no ) in font nullfont!
)
! Emergency stop.
<*> prob1.tex
             
*** (job aborted, no legal \end found)

 
Here is how much of TeX's memory you used:
 9 strings out of 495713
 72 string characters out of 1188883
 45203 words of memory out of 3000000
 3244 multiletter control sequences out of 15000+50000
 3948 words of font info for 15 fonts, out of 3000000 for 9000
 28 hyphenation exceptions out of 8191
 13i,1n,10p,82b,74s stack positions out of 5000i,500n,10000p,200000b,50000s
No pages of output.
