Case 1: 1
Case 2: 1
Case 3: 1
Case 4: 1
Case 5: 1 239 4649 1111111
Case 6: 1
Case 7: 1
Case 8: 1
Case 9: 1
Case 10: 1
Case 11: 1
Case 12: 1
Case 13: 1 11 239 2629 4649 51139 909091 1111111 10000001 12222221 217272749 2390000239 4226364059 46490004649 1010101010101 11111111111111
Case 14: 1 11 239 2629 4649 51139 909091 1111111 10000001 12222221 217272749 2390000239 4226364059 46490004649 1010101010101 11111111111111
Case 15: 1
Case 16: 1
Case 17: 1
Case 18: 1
Case 19: 1
Case 20: 1
Case 21: 1
Case 22: 1
Case 23: 1
Case 24: 1
Case 25: 1
Case 26: 1
Case 27: 1
Case 28: 1 11
Case 29: 1
Case 30: 1
Case 31: 1
Case 32: 1
Case 33: 1
Case 34: 1
Case 35: 1
Case 36: 1
Case 37: 1 11 239 2629 4649 51139 909091 1111111 10000001 12222221 217272749 2390000239 4226364059 46490004649 1010101010101 11111111111111
Case 38: 1 11 239 2629 4649 51139 909091 1111111 10000001 12222221 217272749 2390000239 4226364059 46490004649 1010101010101 11111111111111
Case 39: 1
Case 40: 1
Case 41: 1
Case 42: 1
Case 43: 1
Case 44: 1
Case 45: 1 11 239 2629 4649 51139 909091 1111111 10000001 12222221 217272749 2390000239 4226364059 46490004649 1010101010101 11111111111111
Case 46: 1
Case 47: 1
Case 48: 1
Case 49: 1
Case 50: 1
Case 51: 1
Case 52: 1
Case 53: 1 11 239 2629 4649 51139 909091 1111111 10000001 12222221 217272749 2390000239 4226364059 46490004649 1010101010101 11111111111111
Case 54: 1
Case 55: 1
Case 56: 1
Case 57: 1
Case 58: 1
Case 59: 1
Case 60: 1
Case 61: 1
Case 62: 1
Case 63: 1
Case 64: 1
Case 65: 1 11 239 2629 4649 51139 909091 1111111 10000001 12222221 217272749 2390000239 4226364059 46490004649 1010101010101 11111111111111
Case 66: 1
Case 67: 1
Case 68: 1
Case 69: 1 11 239 2629 4649 51139 909091 1111111 10000001 12222221 217272749 2390000239 4226364059 46490004649 1010101010101 11111111111111
Case 70: 1
Case 71: 1
Case 72: 1
Case 73: 1 11 239 2629 4649 51139 909091 1111111 10000001 12222221 217272749 2390000239 4226364059 46490004649 1010101010101 11111111111111
Case 74: 1
Case 75: 1
Case 76: 1
Case 77: 1 11
Case 78: 1
Case 79: 1 11 239 2629 4649 51139 909091 1111111 10000001 12222221 217272749 2390000239 4226364059 46490004649 1010101010101 11111111111111
Case 80: 1 11
Case 81: 1
Case 82: 1 11 239 2629 4649 51139 909091 1111111 10000001 12222221 217272749 2390000239 4226364059 46490004649 1010101010101 11111111111111
Case 83: 1 11
Case 84: 1 11
Case 85: 1
Case 86: 1
Case 87: 1
Case 88: 1
Case 89: 1
Case 90: 1
Case 91: 1
Case 92: 1
Case 93: 1
Case 94: 1
Case 95: 1
Case 96: 1 11 239 2629 4649 51139 909091 1111111 10000001 12222221 217272749 2390000239 4226364059 46490004649 1010101010101 11111111111111
Case 97: 1 11
Case 98: 1
Case 99: 1
Case 100: 1
