3
2
4
2
4
14
4
1
6
7
4
6
2
50
2
5
2
2
6
7
14
1
3
4
4
4
3
2
3
3
5
4
4
250
6
3
4
7
5
6
4
2
3
4
4
8
4
4
2
3
4
4
2
5
3
3
4
5
3
5
250
4
5
2
2
2
6
4
5
4
3
5
4
4
5
5
999
7
5
4
2
6
3
4
1
4
2
1
7
2
4
4
5
4
17
5
5
5
3
4
5
4
3
6
3
1
3
2
3
6
1
3
4
2
6
1
1
105
4
5
5
6
61
4
5
1
5
3
5
4
5
3
2
4
3
2
8
3
6
1
0
4
4
4
3
3
3
4
3
2
5
3
1
7
2
3
4
6
3
3
999
7
6
4
4
4
136
5
1
4
3
2
2
8
16
3
3
9
4
1
3
5
1
7
5
4
4
4
4
1
5
4
4
5
5
4
1
6
2
2
2
2
2
6
3
2
1
4
5
3
3
2
2
2
2
5
7
4
5
15
7
4
1
8
3
3
2
4
4
3
7
7
2
3
4
6
3
1
4
3
5
3
2
8
4
106
4
4
2
9
8
4
5
3
2
494
4
4
3
1
2
2
5
2
4
1
1
5
4
3
1
4
4
3
6
3
0
3
4
3
1
4
2
3
4
7
4
4
7
8
3
5
3
4
15
251
4
4
4
1
3
3
4
5
4
3
4
7
6
2
3
7
5
4
4
14
3
7
3
2
2
3
5
2
1
4
5
7
1
7
2
3
8
4
5
3
0
2
4
4
8
4
2
6
6
5
3
6
3
4
4
6
4
4
6
2
5
2
3
3
3
4
11
5
4
4
3
6
3
3
2
3
7
4
4
2
17
2
4
5
6
2
2
4
3
5
8
2
5
5
3
251
4
7
5
3
2
11
4
2
3
4
1
3
7
4
5
106
5
3
2
0
6
2
3
4
2
4
2
3
7
2
1
1
4
2
5
5
4
5
3
4
5
1
4
4
1
8
4
3
8
2
5
1
4
4
3
3
2
8
2
6
14
1
4
1
494
3
106
14
3
5
1
6
4
3
3
3
7
4
5
4
2
3
4
3
14
5
5
3
0
4
11
9
6
3
2
2
9
7
1
4
4
3
1
5
2
2
2
5
3
5
2
1
3
2
2
5
4
3
3
4
5
8
2
3
4
1
4
3
4
106
5
3
4
4
3
4
2
4
6
7
251
3
26
3
2
4
4
2
7
5
4
999
0
5
145
6
1
7
3
3
3
4
3
5
4
6
4
2
3
5
4
3
8
4
5
2
4
1
5
5
4
3
3
4
3
4
3
4
5
4
2
4
2
4
4
1
3
1
11
6
8
4
4
2
5
0
4
2
3
5
7
1
3
3
5
2
3
3
4
1
12
4
2
3
3
3
7
3
7
3
2
6
5
4
6
3
2
4
4
2
2
2
2
4
6
2
7
4
3
3
2
4
4
1
3
1
3
2
3
4
5
15
6
3
3
3
3
6
1
6
2
5
4
4
8
3
4
4
2
6
2
3
1
4
4
8
2
2
3
4
3
4
4
5
7
3
2
14
5
1
1
3
5
3
4
6
5
5
3
4
3
3
2
4
3
5
2
5
3
3
3
3
4
4
2
2
1
11
2
1
52
3
2
4
4
3
3
9
2
6
54
5
12
1
5
6
3
4
5
4
3
3
9
4
2
3
4
9
6
3
4
4
3
4
4
5
4
4
494
6
15
2
5
4
3
4
3
4
4
4
4
6
4
2
4
5
3
4
7
2
1
1
3
4
1
3
2
1
5
4
8
3
4
4
2
1
6
5
2
6
4
5
3
6
4
2
2
4
5
3
4
6
2
1
11
3
4
7
1
3
11
1
4
4
6
123
3
2
3
3
4
14
249
5
5
4
2
4
5
3
1
3
6
9
14
2
3
3
1
6
8
7
4
1
4
2
1
7
1
4
5
4
4
5
3
4
14
11
7
4
4
1
15
252
2
2
16
1
4
6
5
6
14
3
3
7
0
4
4
1
3
3
1
2
1
6
3
3
4
7
5
4
4
14
2
3
1
1
4
2
4
50
1
2
3
8
7
2
1
4
6
6
7
3
4
7
4
3
1
10
1
5
4
7
4
5
5
4
7
3
5
6
5
2
4
1
5
5
3
2
4
5
4
6
3
3
2
4
6
4
2
4
2
2
3
5
4
27
50
2
3
3
7
2
8
3
1
8
3
7
8
6
1
999
4
4
3
9
2
2
3
5
7
3
6
6
1
6
4
52
4
4
9
3
11
7
1
2
3
4
4
8
4
3
1
4
4
4
1
4
999
3
2
3
4
8
5
4
6
8
7
7
1
8
12
3
5
2
2
4
5
3
3
4
7
7
5
7
3
3
5
4
6
4
8
1
2
1
4
4
4
5
3
2
4
3
3
6
4
7
3
9
5
2
65
4
2
2
4
3
4
1
3
3
3
2
3
1
3
2
3
4
2
1
4
5
7
4
2
3
3
7
4
3
16
4
5
3
4
4
2
5
4
2
3
4
3
7
1
4
2
1
4
5
4
3
7
4
3
1
3
11
4
4
5
4
4
3
2
1
6
7
248
8
3
2
2
4
5
4
54
4
7
4
4
6
4
2
5
3
1
3
3
4
3
3
2
5
3
3
5
3
999
2
3
3
6
1
4
4
5
2
5
4
3
6
4
4
6
4
3
1
1
494
2
7
2
4
4
23
6
3
1
6
1
8
5
4
2
3
2
1
3
4
1
8
9
2
3
1
4
1
26
2
5
2
4
3
8
3
1
5
5
7
4
4
4
4
4
5
3
7
2
7
1
2
2
1
4
3
3
3
2
2
5
3
5
4
3
5
8
4
3
4
4
4
4
2
6
5
2
1
5
3
12
5
3
2
4
3
4
50
4
4
5
2
7
4
4
3
3
6
3
7
3
4
4
1
2
4
2
3
2
251
3
2
137
4
12
3
3
4
5
2
5
7
24
6
1
7
1
0
999
14
7
3
2
2
4
3
4
4
4
0
7
4
5
999
2
2
3
3
3
3
3
3
1
6
6
6
34
3
9
3
4
24
1
6
7
4
3
3
3
2
4
9
2
4
0
4
1
7
3
0
6
2
5
1
3
4
73
4
4
4
6
7
4
4
3
2
7
3
1
5
4
14
1
2
5
2
4
5
4
4
4
4
1
2
4
2
3
4
3
1
6
7
5
5
2
5
4
2
5
4
2
5
4
2
1
4
4
1
6
1
2
5
4
9
8
6
4
4
0
3
5
5
1
4
4
3
1
6
8
2
14
2
2
3
3
5
4
2
50
1
6
2
3
4
5
4
3
3
3
40
3
7
2
4
999
1
246
1
6
2
17
1
1
3
3
3
4
3
4
2
4
5
3
2
4
9
4
1
4
3
2
5
5
1
3
3
1
2
3
3
11
2
3
11
9
4
5
3
4
13
6
2
3
1
3
2
1
1
4
8
4
4
3
4
2
3
5
4
3
5
1
3
1
2
4
4
2
3
5
6
4
3
4
4
7
4
8
5
2
4
3
3
4
2
5
5
1
1
9
2
2
2
4
3
2
7
2
6
2
4
8
4
4
4
4
3
4
4
4
5
2
2
9
12
5
9
5
4
3
4
2
3
7
2
5
3
7
4
5
4
4
3
2
4
5
2
5
1
3
3
4
3
3
4
1
3
4
3
3
3
5
3
2
1
4
6
4
999
3
3
3
4
5
4
0
2
4
5
5
4
3
9
5
8
4
4
2
5
4
4
1
4
4
5
4
4
3
1
5
4
4
1
3
2
7
8
999
2
2
4
4
8
1
2
1
4
5
4
4
4
5
3
8
7
3
5
4
2
5
3
2
0
3
9
2
4
4
2
5
4
3
1
2
5
7
4
4
1
3
2
4
3
7
6
5
7
2
3
3
5
0
4
2
5
3
6
3
5
1
2
3
3
1
4
4
1
6
2
4
4
4
4
4
1
28
4
2
1
4
67
5
6
11
4
4
1
3
1
5
5
2
5
5
4
3
5
1
15
3
1
9
3
6
5
4
4
10
5
1
4
1
4
2
8
2
3
4
3
4
3
4
14
4
6
2
4
2
3
2
1
11
4
5
7
4
1
3
5
2
7
3
0
2
2
4
8
2
3
3
4
0
3
0
2
2
4
4
2
3
2
4
4
7
4
3
2
4
6
3
3
4
3
6
2
1
4
6
3
4
2
3
4
5
6
2
1
3
4
4
7
5
4
5
1
2
2
2
3
6
1
3
2
4
5
3
3
4
8
4
1
3
1
8
8
1
4
5
5
2
6
3
2
5
5
3
3
5
5
3
5
3
8
11
11
4
1
4
1
7
2
2
50
999
6
2
2
4
9
14
4
2
4
3
15
999
3
5
2
3
2
1
4
4
3
3
4
4
3
1
4
1
5
2
5
4
3
3
7
4
1
4
1
4
4
3
2
4
7
6
2
6
4
11
5
4
9
3
3
1
4
3
2
11
6
2
3
3
106
3
4
2
1
3
2
