36
7
5
3
5
5
5
6
7
5
2
4
3
5
2
4
2
1
7
8
2
9
5
4
2
4
7
3
3
4
8
2
1
1
4
1
4
6
9
3
2
4
7
2
2
5
8
28
3
2
7
4
7
5
5
7
5
2
6
7
4
2
8
7
5
17
4
7
2
2
7
230
5
4
4
4
2
0
4
3
2
6
8
5
6
6
1
5
5
6
2
5
3
2
2
4
4
4
5
4
1
5
4
1
4
1
2
4
3
4
1
3
4
7
4
74
3
5
2
1
2
3
4
5
4
2
4
3
5
4
3
2
4
6
4
5
4
4
6
5
5
1
7
2
6
2
4
2
2
4
29
6
6
3
3
31
3
4
2
9
6
4
5
3
4
4
8
6
5
3
2
4
4
5
7
4
5
5
4
3
5
3
3
3
4
5
3
3
9
3
6
1
5
229
4
5
7
3
8
5
4
3
3
3
4
4
4
2
999
5
5
7
3
4
280
5
3
2
6
5
5
1
2
4
1
4
8
5
6
4
6
5
4
3
6
4
5
5
8
2
5
4
2
1
4
4
2
7
2
17
0
4
8
3
7
2
5
1
3
3
0
2
1
4
5
3
3
3
4
4
5
7
3
1
4
5
8
4
3
7
0
2
9
3
4
2
7
2
5
5
8
3
9
999
2
6
3
5
3
7
5
3
2
4
4
3
3
4
2
3
5
2
5
2
3
5
4
535
5
4
3
2
74
4
4
5
5
1
4
5
7
4
2
4
6
5
5
7
4
4
5
5
2
2
6
7
1
5
6
4
1
4
6
6
3
7
6
4
5
4
2
0
3
6
3
6
3
2
2
4
5
4
5
3
3
4
6
5
4
2
3
3
4
6
3
2
5
4
6
6
4
6
4
4
1
4
5
4
3
6
5
3
0
4
5
2
8
5
3
8
7
6
5
4
5
6
2
3
4
3
5
8
6
5
7
3
4
2
3
4
7
4
4
6
6
3
7
4
3
3
4
3
5
5
4
4
2
4
5
3
2
5
5
0
6
6
4
7
2
6
6
6
2
5
3
5
3
7
4
7
6
8
3
3
0
5
5
6
5
4
5
2
6
3
6
536
4
2
3
72
2
7
8
4
3
4
5
7
5
4
17
2
2
2
4
2
2
2
7
4
4
2
4
3
2
7
7
3
5
3
3
3
1
9
1
5
4
2
2
4
7
2
9
4
5
5
5
5
5
4
999
4
128
4
4
3
9
4
6
4
7
2
3
5
1
1
3
7
1
5
3
4
2
5
7
2
8
5
3
5
5
2
6
2
4
4
3
3
4
3
5
4
103
5
3
5
3
2
1
2
3
1
537
9
0
3
4
5
9
7
3
3
2
2
2
6
999
7
4
278
5
1
3
5
4
5
4
3
6
2
3
6
58
3
4
3
4
3
3
4
7
1
5
4
1
3
5
2
2
4
5
2
6
4
999
3
3
2
4
7
2
3
4
6
5
7
7
5
229
1
4
6
3
6
3
4
3
6
2
7
4
5
6
6
2
4
6
7
3
4
3
2
5
5
3
5
4
2
5
1
14
5
5
4
5
6
4
2
4
6
4
5
5
3
4
5
4
8
4
2
3
3
7
3
2
5
3
2
6
6
14
3
1
4
5
8
2
5
3
2
127
3
8
0
4
4
4
6
5
5
9
3
4
2
2
7
7
5
1
4
3
3
4
4
8
3
5
6
128
6
2
5
2
2
1
2
4
1
5
5
3
4
5
5
3
6
2
4
3
2
2
2
6
9
3
4
4
6
5
1
4
2
5
4
7
5
4
3
5
4
7
5
5
4
3
4
5
2
4
3
5
3
4
4
999
4
6
5
5
4
6
1
3
4
28
5
6
5
2
4
3
5
20
7
2
3
3
4
2
3
5
4
4
3
9
2
1
3
9
1
4
3
6
4
2
3
3
6
5
3
5
3
4
2
2
4
3
4
6
1
5
1
4
4
5
3
3
3
4
4
3
3
6
5
1
7
3
2
3
5
9
3
5
7
4
2
3
4
6
5
4
2
3
2
2
3
6
3
4
2
9
7
3
3
4
2
3
6
8
9
4
4
5
3
4
4
1
7
1
7
6
8
3
5
4
1
5
6
1
6
2
69
4
3
999
5
3
2
5
4
4
6
7
1
0
2
5
7
6
1
4
3
2
1
7
3
3
5
4
3
0
2
3
3
4
5
3
4
6
3
6
2
3
2
2
5
5
2
2
7
5
4
2
5
3
2
3
3
5
2
