2591893010809977
4366537892662393
4379213143560464
7788461822317224
8461189577859075
11019354129635225
11019354129635225
11019354129635225
11019354129635225
11270960512910427
11270960512910427
11270960512910427
11377485835997587
12068538660456888
12068538660456888
12068538660456888
12068538660456888
12133471600910657
12133471600910657
12194882329758124
12194882329758124
12194882329758124
12314677948015590
12314677948015590
12314677948015590
12445040368056008
13394620087219463
13394620087219463
13394620087219463
13394620087219463
14397451805635905
14397451805635905
14397451805635905
14927741673791813
14927741673791813
14927741673791813
14927741673791813
14927741673791813
14927741673791813
14927741673791813
15054747462007755
15054747462007755
15054747462007755
15073988877101499
15073988877101499
15073988877101499
15100501005822866
15100501005822866
15100501005822866
15100501005822866
15100501005822866
15174898564995836
15174898564995836
15174898564995836
15174898564995836
15174898564995836
15174898564995836
15499478099594953
15499478099594953
16229290971040569
16229290971040569
16229290971040569
16573297860556287
16573297860556287
16650376295566894
16827309143435275
16827309143435275
16827309143435275
16827309143435275
17040533071393832
17098258047714436
17347107121864711
17347107121864711
17347107121864711
17347107121864711
17347107121864711
17347107121864711
17388310699739521
17410848512889975
17440869338409975
17619868413062498
17619868413062498
17619868413062498
17619868413062498
17619868413062498
17619868413062498
17619868413062498
17619868413062498
17619868413062498
17632316535370350
17675834435172921
17675834435172921
17675834435172921
17675834435172921
17675834435172921
17675834435172921
17675834435172921
17675834435172921
17675834435172921
17675834435172921
17675834435172921
17675834435172921
17675834435172921
17675834435172921
17879368386146716
17879368386146716
17879368386146716
17905730012180016
17905730012180016
17905730012180016
17905730012180016
17905730012180016
17963150103206826
17963150103206826
17963150103206826
17963150103206826
17963150103206826
17963150103206826
17963150103206826
18047748685927960
18047748685927960
18047748685927960
18047748685927960
18047748685927960
18047748685927960
18047748685927960
18047748685927960
18220194954217071
18220194954217071
18220194954217071
18220194954217071
18220194954217071
18220194954217071
18220194954217071
18220194954217071
18220194954217071
18220194954217071
18220194954217071
18220194954217071
18244737974225049
18244737974225049
18244737974225049
18244737974225049
18244737974225049
18244737974225049
18244737974225049
18244737974225049
18244737974225049
18244737974225049
18244737974225049
18244737974225049
18244737974225049
18244737974225049
18244737974225049
18244737974225049
18244737974225049
18244737974225049
18244737974225049
18244737974225049
18244737974225049
18244737974225049
18298351136672463
18298351136672463
18298351136672463
18298351136672463
18298351136672463
18298351136672463
18298351136672463
18298351136672463
18298351136672463
18298351136672463
18298351136672463
18298351136672463
18298351136672463
18298351136672463
18298351136672463
18298351136672463
18298351136672463
18315332282047344
18315332282047344
18315332282047344
18315332282047344
18315332282047344
18315332282047344
18315332282047344
18315332282047344
18315332282047344
18315332282047344
18315332282047344
18315332282047344
18315332282047344
18315332282047344
18315332282047344
18315332282047344
18315332282047344
18315332282047344
18315332282047344
18315332282047344
18315332282047344
18315332282047344
18315332282047344
18315332282047344
18315332282047344
18315332282047344
18315332282047344
18397901733346818
18397901733346818
18397901733346818
18397901733346818
18397901733346818
18397901733346818
18397901733346818
18397901733346818
18397901733346818
18397901733346818
18397901733346818
18397901733346818
18397901733346818
18397901733346818
18397901733346818
18397901733346818
18397901733346818
18397901733346818
18397901733346818
18397901733346818
18406910575898047
18406910575898047
18406910575898047
18406910575898047
18406910575898047
18406910575898047
18485840994203739
18485840994203739
18485840994203739
18485840994203739
18485840994203739
18485840994203739
18485840994203739
18485840994203739
18485840994203739
18485840994203739
18485840994203739
18485840994203739
18485840994203739
18485840994203739
18485840994203739
18485840994203739
18485840994203739
18684146393327722
18684146393327722
18684146393327722
18684146393327722
18684146393327722
18684146393327722
18684146393327722
18684146393327722
18684146393327722
18684146393327722
18684146393327722
18684146393327722
18684146393327722
18684146393327722
18684146393327722
18684146393327722
18684146393327722
18684146393327722
18684146393327722
18730453533771957
18730453533771957
18730453533771957
18730453533771957
18730453533771957
18730453533771957
18730453533771957
18730453533771957
18730453533771957
18730453533771957
18730453533771957
18730453533771957
18730453533771957
18730453533771957
18730453533771957
18730453533771957
18730453533771957
18730453533771957
18730453533771957
18730453533771957
18730453533771957
18730453533771957
18730453533771957
18730453533771957
18730453533771957
18730453533771957
18730453533771957
18730453533771957
18730453533771957
18730453533771957
18730453533771957
18730453533771957
18730453533771957
18730453533771957
18730453533771957
18730453533771957
18730453533771957
18730453533771957
18730453533771957
18767449282084751
18767449282084751
18767449282084751
18767449282084751
18767449282084751
18767449282084751
18767449282084751
18767449282084751
18767449282084751
18767449282084751
18767449282084751
18767449282084751
18767449282084751
18767449282084751
18767449282084751
18767449282084751
18767449282084751
18767449282084751
18767449282084751
18767449282084751
18767449282084751
18767449282084751
18767449282084751
18767449282084751
18885914405461151
18885914405461151
18885914405461151
18885914405461151
18885914405461151
18885914405461151
18885914405461151
18885914405461151
18885914405461151
18885914405461151
18885914405461151
18885914405461151
18885914405461151
18885914405461151
18885914405461151
18885914405461151
18885914405461151
18885914405461151
18885914405461151
18885914405461151
18885914405461151
18885914405461151
18885914405461151
18885914405461151
18885914405461151
18885914405461151
18885914405461151
18885914405461151
18885914405461151
18885914405461151
18885914405461151
18885914405461151
18885914405461151
18885914405461151
18885914405461151
18885914405461151
18885914405461151
18885914405461151
18885914405461151
18885914405461151
18885914405461151
18885914405461151
18885914405461151
18885914405461151
18885914405461151
18885914405461151
18885914405461151
18885914405461151
18885914405461151
18885914405461151
18885914405461151
18885914405461151
18885914405461151
18885914405461151
18885914405461151
18885914405461151
18885914405461151
18885914405461151
18885914405461151
18885914405461151
18885914405461151
18885914405461151
18885914405461151
18885914405461151
18885914405461151
18885914405461151
18885914405461151
18885914405461151
18885914405461151
18885914405461151
18885914405461151
18885914405461151
18885914405461151
18885914405461151
18885914405461151
18885914405461151
18885914405461151
18885914405461151
18885914405461151
18885914405461151
18885914405461151
18885914405461151
18895727526538150
18895727526538150
18895727526538150
18895727526538150
18895727526538150
18895727526538150
18895727526538150
18895727526538150
18895727526538150
18895727526538150
18895727526538150
18895727526538150
18895727526538150
18895727526538150
18895727526538150
18895727526538150
18895727526538150
18895727526538150
18895727526538150
18895727526538150
18895727526538150
18895727526538150
18895727526538150
18895727526538150
18895727526538150
18895727526538150
18895727526538150
18895727526538150
18895727526538150
18895727526538150
18895727526538150
18895727526538150
18895727526538150
18895727526538150
18895727526538150
18895727526538150
18895727526538150
18895727526538150
18895727526538150
18895727526538150
18895727526538150
18895727526538150
18895727526538150
18895727526538150
18895727526538150
18895727526538150
18895865536518208
18895865536518208
18895865536518208
18895865536518208
19004227688655518
19004227688655518
19004227688655518
19004227688655518
19004227688655518
19004227688655518
19004227688655518
19004227688655518
19004227688655518
19004227688655518
19004227688655518
19004227688655518
19004227688655518
19004227688655518
19004227688655518
19004227688655518
19004227688655518
19004227688655518
19004227688655518
19004227688655518
19004227688655518
19004227688655518
19004227688655518
19004227688655518
19004227688655518
19004227688655518
19004227688655518
19104666868727360
19104666868727360
19104666868727360
19104666868727360
19104666868727360
19104666868727360
19104666868727360
19104666868727360
19104666868727360
19104666868727360
19104666868727360
19104666868727360
19104666868727360
19104666868727360
19104666868727360
19104666868727360
19104666868727360
19104666868727360
19104666868727360
19104666868727360
19104666868727360
19120531364254590
19120531364254590
19120531364254590
19120531364254590
19120531364254590
19120531364254590
19120531364254590
19120531364254590
19120531364254590
19120531364254590
19120531364254590
19120531364254590
19120531364254590
19120531364254590
19120531364254590
19120531364254590
19120531364254590
19120531364254590
19120531364254590
19120531364254590
19120531364254590
19120531364254590
19120531364254590
19120531364254590
19120531364254590
19120878176226352
19120878176226352
19120878176226352
19120878176226352
19120878176226352
19120878176226352
19120878176226352
19123171236305774
19123171236305774
19123171236305774
19123171236305774
19123171236305774
19157311525544105
19157311525544105
19157311525544105
19157311525544105
19157311525544105
19157311525544105
19157311525544105
19157311525544105
19157311525544105
19157311525544105
19157311525544105
19160424719869199
19160424719869199
19160424719869199
19160424719869199
19160424719869199
19160424719869199
19160424719869199
19160424719869199
19161674311274058
19161674311274058
19161674311274058
19161674311274058
19236920481513723
19236920481513723
19236920481513723
19236920481513723
19236920481513723
19236920481513723
19236920481513723
19236920481513723
19236920481513723
19236920481513723
19236920481513723
19236920481513723
19236920481513723
19236920481513723
19236920481513723
19236920481513723
19236920481513723
19236920481513723
19236920481513723
19236920481513723
19236920481513723
19282745503935327
19282745503935327
19282745503935327
19282745503935327
19282745503935327
19282745503935327
19282745503935327
19282745503935327
19282745503935327
19282745503935327
19282745503935327
19282745503935327
19282745503935327
19282745503935327
19282745503935327
19282745503935327
19282745503935327
19282745503935327
19282745503935327
19282745503935327
19282745503935327
19282745503935327
19392413146734091
19392413146734091
19392413146734091
19392413146734091
19392413146734091
19392413146734091
19392413146734091
19392413146734091
19392413146734091
19392413146734091
19392413146734091
19392413146734091
19392413146734091
19392413146734091
19392413146734091
19453464137235880
19453464137235880
19453464137235880
19453464137235880
19453464137235880
19453464137235880
19453464137235880
19453464137235880
19453464137235880
19453464137235880
19453464137235880
19453464137235880
19453464137235880
19453464137235880
19453464137235880
19459070022968688
19459070022968688
19459070022968688
19459070022968688
19459070022968688
19459070022968688
19459070022968688
19459070022968688
19459070022968688
19459070022968688
19459070022968688
19459070022968688
19459070022968688
19459070022968688
19459070022968688
19459070022968688
19478102900498742
19478102900498742
19478102900498742
19478102900498742
19478102900498742
19478102900498742
19478102900498742
19478102900498742
19478102900498742
19478102900498742
19478102900498742
19478102900498742
19478102900498742
19478102900498742
19478102900498742
19521703446735998
19521703446735998
19521703446735998
19521703446735998
19521703446735998
19521703446735998
19521703446735998
19521703446735998
19521703446735998