1530297504448396
1594186198367634
3704146910957655
3848845127464622
4344855872313122
5719428409410510
6444646977208374
9936814761937691
9936814761937691
10700653156960842
10700653156960842
11947682600691266
11947682600691266
11947682600691266
11947682600691266
11947682600691266
12134510278940694
12134510278940694
12134510278940694
12134510278940694
12134510278940694
12146654006917209
13013596232977437
13013596232977437
13272615265218489
13272615265218489
13272615265218489
13272615265218489
13272615265218489
13272615265218489
13272615265218489
13650490455200610
13650490455200610
13650490455200610
13650490455200610
13650490455200610
13650490455200610
13650490455200610
13650490455200610
14145508186778056
14145508186778056
14145508186778056
14145508186778056
14145508186778056
14145508186778056
14145508186778056
14145508186778056
14145508186778056
14234355546012031
14234355546012031
14234355546012031
14234355546012031
14747928088142058
14747928088142058
14747928088142058
14747928088142058
14747928088142058
14747928088142058
14747928088142058
14747928088142058
14747928088142058
14747928088142058
14747928088142058
14747928088142058
14747928088142058
14747928088142058
14747928088142058
15609276138118680
15609276138118680
15609276138118680
15649996080138168
15649996080138168
15649996080138168
16204391567498032
16204391567498032
16204391567498032
16204391567498032
16204391567498032
16204391567498032
16204391567498032
16204391567498032
16204391567498032
16204391567498032
16394747961779098
16394747961779098
16394747961779098
16394747961779098
16394747961779098
16394747961779098
16555666089153698
16555666089153698
16582802622827478
16582802622827478
16582802622827478
16582802622827478
16582802622827478
16582802622827478
16582802622827478
16582802622827478
16582802622827478
16582802622827478
16582802622827478
16582802622827478
16582802622827478
16582802622827478
16582802622827478
16582802622827478
16582802622827478
16582802622827478
16582802622827478
16582802622827478
16582802622827478
16644770557058258
16644770557058258
16644770557058258
16644770557058258
16644770557058258
16644770557058258
16644770557058258
16644770557058258
16644770557058258
16644770557058258
16644770557058258
16644770557058258
16644770557058258
16644770557058258
16657726421132892
16745935432358050
16860977476609393
16860977476609393
16860977476609393
16860977476609393
16868909879557005
16868909879557005
16868909879557005
16868909879557005
16868909879557005
16868909879557005
16868909879557005
16868909879557005
16868909879557005
16868909879557005
16868909879557005
16868909879557005
16977101540667923
16977101540667923
16977101540667923
16977101540667923
16977101540667923
16977101540667923
16977101540667923
16977101540667923
16977101540667923
17041782313559957
17041782313559957
17041782313559957
17041782313559957
17041782313559957
17041782313559957
17041782313559957
17041782313559957
17041782313559957
17041782313559957
17359090404093210
17378691597347162
17378691597347162
17378691597347162
17378691597347162
17378691597347162
17378691597347162
17378691597347162
17378691597347162
17378691597347162
17378691597347162
17580427338309872
17649466042530286
17649466042530286
17716614444507864
17716614444507864
18359934741956651
18359934741956651
18359934741956651
18359934741956651
18359934741956651
18359934741956651
18359934741956651
18359934741956651
18359934741956651
18359934741956651
18359934741956651
18359934741956651
18359934741956651
18410203289169543
18410203289169543
18410203289169543
18410203289169543
18563599447292823
18563599447292823
18563599447292823
18563599447292823
18563599447292823
18563599447292823
18563599447292823
18563599447292823
18563599447292823
18652560740938683
18652560740938683
18652560740938683
18652560740938683
18652560740938683
18652560740938683
18652560740938683
18652560740938683
18652560740938683
18652560740938683
18652560740938683
18652560740938683
18652560740938683
18652560740938683
18673091710921518
18673091710921518
18673091710921518
18673091710921518
18673091710921518
18673091710921518
18673091710921518
18673091710921518
18673091710921518
18673091710921518
18673091710921518
18673091710921518
18673091710921518
18673091710921518
18673091710921518
18673091710921518
18673091710921518
18673091710921518
18673091710921518
18673091710921518
18673091710921518
18673091710921518
18673091710921518
18673091710921518
18673091710921518
18673091710921518
18673091710921518
18673091710921518
18673091710921518
18673091710921518
18673091710921518
18673091710921518
18673091710921518
18673091710921518
18673091710921518
18673091710921518
18673091710921518
18673091710921518
18673091710921518
18673091710921518
18673091710921518
18696267252923102
18696267252923102
18696267252923102
18696267252923102
18696267252923102
18696267252923102
18696267252923102
18696267252923102
18780915197144016
18786630234812743
18786630234812743
18786630234812743
18786630234812743
18786630234812743
18786630234812743
18786630234812743
18786630234812743
18786630234812743
18786630234812743
18786630234812743
18786630234812743
18890292324053189
18890292324053189
18890292324053189
18890292324053189
18890292324053189
18890292324053189
18917272704331713
18917272704331713
18917272704331713
18917272704331713
18917272704331713
18917272704331713
18917272704331713
18917272704331713
18917272704331713
18917272704331713
18917272704331713
18917272704331713
18917272704331713
18934428559989295
18934428559989295
18934428559989295
18934428559989295
18934428559989295
18937645762719565
18937645762719565
18937645762719565
18937645762719565
18937645762719565
18937645762719565
18937645762719565
18937645762719565
18937645762719565
18937645762719565
18937645762719565
18937645762719565
18937645762719565
18937645762719565
18937645762719565
18937645762719565
18937645762719565
18937645762719565
18937645762719565
18937645762719565
18937645762719565
18937645762719565
18937645762719565
18937645762719565
18937645762719565
18937645762719565
18937645762719565
18937645762719565
18937645762719565
18937645762719565
18937645762719565
18937645762719565
18937645762719565
18937645762719565
18937645762719565
18937645762719565
18937645762719565
18937645762719565
18937645762719565
18937645762719565
18937645762719565
18937645762719565
18937645762719565
18998162503083499
18998162503083499
18998162503083499
18998162503083499
18998162503083499
18998162503083499
18998162503083499
18998162503083499
18998162503083499
18998162503083499
18998162503083499
18998162503083499
18998162503083499
18998162503083499
18998162503083499
18998162503083499
18998162503083499
18998162503083499
18998162503083499
18998162503083499
18998162503083499
18998162503083499
18998162503083499
18998162503083499
18998162503083499
18998162503083499
18998162503083499
18998162503083499
18998162503083499
18998162503083499
18998162503083499
18998162503083499
18998162503083499
18998162503083499
18998162503083499
18998162503083499
18998162503083499
18998162503083499
18998162503083499
19049562144073279
19049562144073279
19049562144073279
19049562144073279
19049562144073279
19049562144073279
19049562144073279
19084316959241465
19084316959241465
19084316959241465
19084316959241465
19084316959241465
19084316959241465
19084316959241465
19084316959241465
19084316959241465
19084316959241465
19084316959241465
19084316959241465
19084316959241465
19084316959241465
19084316959241465
19084316959241465
19166000499603346
19166000499603346
19218089225915846
19218089225915846
19218089225915846
19218089225915846
19218089225915846
19218089225915846
19218089225915846
19234150687464583
19234150687464583
19234150687464583
19234150687464583
19234150687464583
19234150687464583
19234150687464583
19234150687464583
19234150687464583
19234150687464583
19234150687464583
19234150687464583
19234150687464583
19234150687464583
19234150687464583
19234150687464583
19234150687464583
19234150687464583
19234150687464583
19234150687464583
19234150687464583
19234150687464583
19234150687464583
19234150687464583
19234150687464583
19250638282337194
19250638282337194
19250638282337194
19250638282337194
19250638282337194
19328259905239402
19328259905239402
19328259905239402
19328259905239402
19328259905239402
19328259905239402
19328259905239402
19328259905239402
19328259905239402
19328259905239402
19328259905239402
19328259905239402
19328259905239402
19328259905239402
19328259905239402
19328259905239402
19328259905239402
19328259905239402
19328259905239402
19328259905239402
19328259905239402
19328259905239402
19328259905239402
19328259905239402
19328259905239402
19328259905239402
19328259905239402
19328259905239402
19328259905239402
19328259905239402
19328259905239402
19340719300465312
19340719300465312
19340719300465312
19340719300465312
19340719300465312
19340719300465312
19340719300465312
19340719300465312
19340719300465312
19340719300465312
19340719300465312
19340719300465312
19340719300465312
19340719300465312
19340719300465312
19340719300465312
19340719300465312
19340719300465312
19340719300465312
19340719300465312
19340719300465312
19340719300465312
19340719300465312
19340719300465312
19340719300465312
19340719300465312
19340719300465312
19340719300465312
19340719300465312
19340719300465312
19340719300465312
19340719300465312
19340719300465312
19340719300465312
19340719300465312
19340719300465312
19340719300465312
19340719300465312
19340719300465312
19340719300465312
19340719300465312
19340719300465312
19340719300465312
19340719300465312
19340719300465312
19393428859594896
19393428859594896
19398023079352986
19398023079352986
19398023079352986
19398023079352986
19398023079352986
19398023079352986
19398023079352986
19398023079352986
19398023079352986
19398023079352986
19398023079352986
19398023079352986
19398023079352986
19398023079352986
19398023079352986
19398023079352986
19398023079352986
19398023079352986
19398023079352986
19398023079352986
19398023079352986
19398023079352986
19398023079352986
19398023079352986
19398023079352986
19398023079352986
19398023079352986
19398023079352986
19398023079352986
19398023079352986
19398023079352986
19398023079352986
19398023079352986
19398023079352986
19398023079352986
19398023079352986
19398023079352986
19398023079352986
19398023079352986
19398023079352986
19398023079352986
19398023079352986
19398023079352986
19398023079352986
19398023079352986
19398023079352986
19398023079352986
19398023079352986
19398023079352986
19398023079352986
19398023079352986
19398023079352986
19398023079352986
19421457484709695
19421457484709695
19421457484709695
19421457484709695
19421457484709695
19421457484709695
19421457484709695
19421457484709695
19421457484709695
19421457484709695
19421457484709695
19421457484709695
19421457484709695
19421457484709695
19421457484709695
19421457484709695
19421457484709695
19421457484709695
19421457484709695
19421457484709695
19421457484709695
19421457484709695
19421457484709695
19421457484709695
19421457484709695
19421457484709695
19421457484709695
19421457484709695
19421457484709695
19421457484709695
19421457484709695
19421457484709695
19421457484709695
19421457484709695
19421457484709695
19421457484709695
19421457484709695
19421457484709695
19421457484709695
19421457484709695
19421457484709695
19421457484709695
19421457484709695
19421457484709695
19421457484709695
19421457484709695
19421457484709695
19421457484709695
19421457484709695
19421457484709695
19421457484709695
19421457484709695
19421457484709695
19421457484709695
19421457484709695
19421457484709695
19421457484709695
19421457484709695
19421457484709695
19421457484709695
19421457484709695
19433506583167335
19433506583167335
19433506583167335
19433506583167335
19433506583167335
19433506583167335
19437810827030571
19437810827030571
19437810827030571
19437810827030571
19437810827030571
19437810827030571
19437810827030571
19437810827030571
19437810827030571
19437810827030571
19437810827030571
19437810827030571
19437810827030571
19437810827030571
19437810827030571
19437810827030571
19462044323561327
19462044323561327
19462044323561327
19462044323561327
19462044323561327
19462044323561327
19462044323561327
19462044323561327
19462044323561327
19462044323561327
19462044323561327
19462044323561327
19462044323561327
19462044323561327
19462044323561327
19462044323561327
19462044323561327
19462044323561327
19462044323561327
19462044323561327
19462044323561327
19462044323561327
19462044323561327
19462044323561327
19462044323561327
19462044323561327
19462044323561327
19462044323561327
19462044323561327
19462044323561327
19462044323561327
19462044323561327
19462044323561327
19462044323561327
19462044323561327
19462044323561327
19462044323561327
19462044323561327
19462044323561327
19462044323561327
19462044323561327
19462044323561327
19478563330065082
19478563330065082
19478563330065082
19478563330065082
19478563330065082
19478563330065082
19478563330065082
19478563330065082
19478563330065082
19478563330065082
19478563330065082
19478563330065082
19478563330065082
19478563330065082
19478563330065082
19478563330065082
19478563330065082
19478563330065082
19478563330065082
19478563330065082
19478563330065082
19478563330065082
19478563330065082
19478563330065082
19478563330065082
19478563330065082
19478563330065082
19478563330065082
19478563330065082
19478563330065082
19479221371507183
19479221371507183
19479221371507183
19479221371507183
19479221371507183
19479221371507183
19479221371507183
19479221371507183
19479221371507183
19479221371507183
19479221371507183
19479221371507183
19479221371507183
19479221371507183
19479221371507183
19479221371507183
19479221371507183
19479221371507183
19479221371507183
19479221371507183
19483946854399963
19483946854399963
19483946854399963
19483946854399963
19483946854399963
19483946854399963
19483946854399963
19483946854399963
19483946854399963
19483946854399963
19483946854399963
19483946854399963
19483946854399963
19483946854399963
19483946854399963
19483946854399963
19483946854399963
19483946854399963
19483946854399963
19483946854399963
19483946854399963
19483946854399963
19483946854399963
19483946854399963
19483946854399963
19483946854399963
19483946854399963
19483946854399963
19483946854399963
19483946854399963
19483946854399963
19483946854399963
19483946854399963
19483946854399963
19483946854399963
19483946854399963
19483946854399963
19483946854399963
19483946854399963
19483946854399963
19483946854399963
19483946854399963
19483946854399963
19483946854399963
19483946854399963
19483946854399963
19483946854399963
19483946854399963
19483946854399963
19483946854399963
19483946854399963
19483946854399963
19483946854399963
19483946854399963
19483946854399963
19483946854399963
19483946854399963
19483946854399963
19483946854399963
19483946854399963
19483946854399963
19483946854399963
19483946854399963
19483946854399963
19483946854399963
19483946854399963
19483946854399963
19483946854399963
19483946854399963
19483946854399963
19483946854399963
19483946854399963
19483946854399963
19483946854399963
19483946854399963
19483946854399963
19483946854399963
19483946854399963
19483946854399963
19483946854399963
19483946854399963
19483946854399963
19483946854399963
19483946854399963
19483946854399963
19483946854399963
19483946854399963
19483946854399963
19483946854399963
19483946854399963
19483946854399963
19483946854399963
19483946854399963
19483946854399963
19483946854399963
19483946854399963
19483946854399963
19483946854399963
19483946854399963
19483946854399963
19483946854399963
19483946854399963
19483946854399963
19483946854399963
19483946854399963
19483946854399963
19505121407460601
19505121407460601
19505121407460601
19505121407460601
19505121407460601
19505121407460601
19505121407460601
19505121407460601
19505121407460601
19505121407460601
19505121407460601
19505121407460601
19505121407460601
19505121407460601
19505121407460601
19505121407460601
19505121407460601
19505121407460601
19505121407460601
19505121407460601
19505121407460601
19505121407460601
19505121407460601
19505121407460601
19505121407460601
19505121407460601
19505121407460601
19505121407460601
19505121407460601
19505121407460601
19505121407460601
19505121407460601
19505121407460601
19505121407460601
19505121407460601
19505121407460601
19505121407460601
19505121407460601
19505121407460601
19505121407460601
19505121407460601
19505121407460601
19505121407460601
19505121407460601
19505121407460601
19505121407460601
19505121407460601
19505121407460601
19505121407460601
19505121407460601
19505121407460601
19505121407460601
19505121407460601
19505121407460601
19505121407460601
19518092758951105
19518092758951105
19518092758951105
19518092758951105
19518092758951105
19518092758951105
19518092758951105
19518092758951105
19518092758951105
19518092758951105
19518092758951105
19518092758951105
19518092758951105
19518092758951105
19518092758951105
19518092758951105
19518092758951105
19518092758951105
19518092758951105
19518092758951105
19518092758951105
19518092758951105
19518092758951105
19518092758951105
19518092758951105
19518092758951105
19518092758951105
19518092758951105
19518092758951105
19518092758951105
19518092758951105
19518092758951105
19518092758951105
19518092758951105
19518092758951105
19518092758951105
19518092758951105
19518092758951105
19518092758951105
19518092758951105
19518092758951105
19518092758951105
19518092758951105
19518092758951105
19518092758951105
19518092758951105
19518092758951105
19518092758951105
19518092758951105
19518092758951105
19518092758951105
19518092758951105
19518092758951105
19518092758951105
19518092758951105
19518092758951105
19518092758951105
19518092758951105
19518092758951105
19518092758951105
19518092758951105
19518092758951105
19518092758951105
19528193575104203
19528193575104203
19528193575104203
19528193575104203
19528193575104203
19528193575104203
19528193575104203
19528193575104203
19528193575104203
19528193575104203
19528193575104203
19528193575104203
19528193575104203
19528193575104203
19528193575104203
19528193575104203
19528193575104203
19528193575104203
19528193575104203
19528193575104203
19528193575104203
