195233655
943482450
417551304
563138281
94658033
10480811
70723865
876912081
158050797
142968511
6719941
446525193
824061499
218572086
625931619
300722528
839310776
495248891
733191095
666571266
322414947
18118195
95942126
882549131
230866052
4678917
821647669
489109407
616641701
101715363
236791851
190577677
900368283
999411733
480458968
596575260
44931884
754048975
319897933
119016871
234861518
851365807
266886030
430821420
988177481
120738196
471298014
412490743
495044555
156920659
69869343
70323397
163823902
461979943
708968644
379622259
865206033
439987572
919318833
215982655
108945601
752783702
907625367
627039442
89031225
604953100
878843310
81128311
237373070
791938136
784700118
44298187
601577624
563138281
319793566
416134214
443166571
561242936
991219977
37121269
316780400
384792251
439831943
920234425
499163961
768417922
908301451
910786260
239444152
394307623
716735264
304682849
68628480
420443783
612205448
815654628
66579092
350154260
570885907
973042153
665054486
692045461
760852845
713215132
468210438
331220079
288200403
346607096
347040610
737365380
154722612
934051621
784871023
972464420
332213576
163898002
54240492
32186812
44133505
769562998
871898853
251977720
861402504
51219459
633162540
157313670
710939868
671796187
393310270
459009651
368721439
458443467
962479398
536984632
879163397
606758422
694232945
704029489
741215775
78462849
47565071
251977720
477524953
725737508
817459635
898410975
567271626
365670649
715170636
446525193
756020276
38828855
146915705
890515850
641683507
952587885
800973951
694346975
138780761
543005791
585596907
95676188
395041817
626797211
986253539
470237291
741631128
24576676
538195486
413553242
44990838
409662357
809908332
519059591
41575152
549207199
991876246
126278904
569220154
372118698
39288793
439010439
788092674
12271725
469785212
983074962
900754656
810374017
976377371
258727087
351303561
684234438
370471243
161860447
701267341
400667299
702745960
831740942
913431638
511896394
419267082
119016871
123797893
56363585
560895486
831614457
397398520
126814598
582704089
515631436
738822816
662320590
374599376
347276967
520871354
178952725
234767858
604953100
328130187
572397513
660701770
101469670
438702735
868178276
665054486
245582596
34127608
416113886
372192780
346893236
355362335
481828490
242166891
100812193
665054486
321631665
849391806
73858519
630105712
898254478
729653257
257358725
39948789
563068629
489000589
667106613
712584159
333437305
873816066
825599762
395162985
751049064
542991007
907168340
171382754
264499130
210267990
783971194
354089575
3704516
992936540
445872552
151561766
234861518
453018102
578663107
970534081
54639766
136505785
522146240
760127102
905560604
836985491
945710195
319977504
528409751
349299753
115000764
751621207
258727087
105202005
75199588
839152737
556073782
514916887
129726448
48820787
734464534
304682849
704018020
112575765
829401432
402641681
513634045
83015481
807517951
651435598
803513260
299187933
200473643
412638898
226506096
4461930
962633311
114546874
69219418
724008836
93778241
620962047
327908197
729631510
110132058
600656125
81242890
290566877
666844941
235089922
716288587
140595641
678746709
954318055
230787894
100633617
354543545
757757816
819942456
915626954
824625486
489001371
597437986
616288030
10967428
870362811
686456648
62653785
899190261
340512512
665196745
112065851
279431442
314900638
624093068
460614363
87760871
715575726
459282252
647424908
198813050
116763955
98829246
770986867
32848612
51090561
15343175
253579687
413808917
938358198
221947528
650753847
132017398
114583498
792937000
681114334
88861125
10074958
44573746
686374157
73916283
376107122
207900743
133663010
511172740
685245034
524106161
902782867
586915107
440362380
156005865
248830600
118437467
521210649
4678917
84974374
952587885
59552576
939589220
400836890
228154637
645615839
699212587
141684008
678049176
831614457
487655518
345501536
749180198
766018184
143131088
368662877
446473035
814767914
751684840
994239022
537403435
681879082
75564111
41234935
326864890
263598047
246696230
258290154
733817046
369341167
134998964
269696349
824872363
293233883
287756056
588673311
711122309
83734865
748155607
702583055
786586073
478818812
623270333
86171964
95722800
48043896
8307253
60050506
394307623
65212470
266497581
685272607
367362367
566264242
757733606
570995886
838297689
54730407
470572272
18080702
561920193
181015779
521744673
887627230
374946585
221595820
314900638
639371130
499985401
915671424
465235064
349716934
565870155
126313815
752379017
726538302
735021235
220637607
350583038
427192381
183326403
538657168
407781217
395825047
288533909
43982208
537644333
720201539
467874205
73916283
291837076
791818669
291837076
84395016
898919178
129830488
162858693
149815690
62279494
262513959
325316338
361904200
521688946
519116542
252209272
470880038
79840891
305563828
760127102
959840170
617471439
848288380
889295694
606232881
359912329
125107966
51498737
923834191
598107716
394158283
143545300
807367310
670401511
520871354
625037551
703675079
470415908
925904582
737696167
751049064
776891980
134103389
74609390
533121368
886249940
202578396
869947951
948468833
127801691
474754356
479166368
401699270
745202677
230135425
158215119
860992710
81262838
733894153
290566877
845987321
532195321
442576960
418879787
16248052
162598522
61567558
309634273
497172416
825334599
803797508
985365598
604524171
91139954
440362380
778698408
185565121
8020893
525355620
797105420
108460461
460561145
444174548
436834686
790653404
825334599
845987321
512406609
621165638
333342507
142127985
487679089
87219442
153199227
445872552
662302979
223370389
265352191
712523194
698625434
74023359
901267505
176876635
372192780
545538122
70018960
689032179
34828981
143545300
276246853
216367348
478421163
830206579
346856938
465918822
344189205
141517507
834312481
197362647
762999712
101315908
129641680
40722738
612628391
684557729
784776517
947808962
91925734
243339138
399357078
32666060
713148822
367529373
212061155
268724712
411558679
232324522
503205943
861926404
764755562
63643442
740476395
212345806
255747248
42415266
860568306
472230693
451681510
968042458
963393334
140180668
600455478
81637337
880966206
787024412
500231356
144496005
635812831
213360779
573317075
993609070
765775271
628175656
225407000
950584934
826927714
319793566
350723254
239444152
417632310
832534340
500152412
952587885
895351303
286005426
422711493
30357179
69061863
324028849
667230942
227070668
962525311
750978812
791365098
79973277
679253049
795890735
232564699
61664468
223633635
391358860
936681563
13580551
983102359
454407030
859899068
456904954
37535446
166844806
811256107
643076508
555097672
802312005
418495038
678570701
495275831
842789997
713605891
471801669
545555221
860764547
849247209
976336376
384916008
581620271
898919178
67144461
474952874
84790557
628643256
833031882
39153714
588429469
690049169
121013981
48893540
526710218
590855494
10963145
738072493
371147141
11281751
657684134
460515120
732586109
280003579
574093624
579466489
555764165
467350055
795890735
912951578
741422887
54801529
860764547
783971194
634544693
485574292
40287807
573855369
839687345
811127290
67129069
575927671
226506096
682415462
61567558
568281583
152898753
44846485
939184454
3763387
918407412
692000204
129683734
451493257
453320064
866842826
495956055
898163891
285311310
339298841
945178290
13808787
712596989
702646814
628983886
307232201
721024910
317892266
692378336
621583884
313278037
744118601
246306663
521080865
653900314
371612427
108945601
806047353
32848612
85922311
46501499
367529373
909571227
524001130
641206649
777738088
669416611
807031776
51124355
45914216
657633666
672110699
309418967
702583055
58014607
187997648
299187933
336316538
906627832
689601531
930847975
761575824
32488542
56462328
79700284
741536222
184676523
476177076
729557131
667106613
178985569
890610415
821058960
506534490
151864499
354089575
737467822
110262778
999503320
236016296
83631563
118260533
570995886
105033443
218008495
26804869
756229791
110531202
123218949
945880087
993677863
766018184
252584595
8231798
183310218
596847777
624507556
806213446
368511735
445102754
48043896
726168248
497350036
392521055
64315313
664147902
977800400
363321859
345501536
932987199
622725607
26636943
749290140
951301351
661468610
354679308
399390095
48364885
34828981
804043431
181842233
318146595
151888846
704029489
278058238
100381611
500152412
867369918
345412938
117714120
354672782
526289751
669409166
411450783
117040291
688197315
695292775
298581428
934755226
269074616
184165094
131740711
240694255
36214289
246261964
799136637
261334939
9135601
144797313
739297938
32695158
736423583
144797313
413439249
502890605
11493043
897908850
589058021
13340567
4514053
681879082
959419798
74914851
780465330
14532769
116763955
110496351
210059593
10393021
421606747
74567908
712544127
839310776
999967291
771455693
561507117
125810480
800142527
682560240
704584549
40881658
913161663
102944171
588246982
178454127
927444452
940009152
87760871
513288814
271269600
287603542
134876449
563523251
902478093
521554728
780731708
425058350
332213576
916655521
929443015
327949787
812358711
634920784
156920659
23926786
129474168
885831839
299187933
252646847
112706503
111795142
500152412
48857075
327302404
951913637
566330176
598310781
21188762
627226306
682193703
93581103
150311567
274947327
860141347
191346503
40722738
274926533
476681527
783971194
774551828
708090520
74026959
460147602
274489501
412708452
97375460
946973086
905400621
42486926
67111306
59158918
416414402
728553923
822041455
901380827
120878592
493413366
443591620
63817980
537263924
77093966
147509586
473894796
829371678
267912053
264771594
33339114
30844503
322414947
315432302
890610415
721844973
449872904
416268908
472942806
968738298
163942881
54550739
465235064
37530762
691835305
56730694
795165577
171576073
724946786
469499436
619038499
977443110
461844119
55173278
102013674
278562071
261338540
286984671
249477701
940061321
381147543
893707925
102013674
421779655
982058158
770052750
44931884
747842808
85828503
362614217
127162796
475502667
973332012
749599947
663196072
445211842
744908129
412959561
101715363
920330093
477315559
42128333
651911505
784029860
353467667
81128084
72141036
156446502
897789586
409927998
607685158
64086667
538850908
146915705
15673917
40954892
570394589
359153224
242012621
13633468
778394993
551804821
385141931
207373657
688971429
49828427
839851533
8782562
64567528
493433158
24871110
209055864
253739016
472245707
536440038
484074784
456904954
434990903
604500068
500231356
871386588
438516253
5625921
134678048
497223147
558145395
809156739
992578338
460010355
555661809
678124011
249826342
737630159
620951721
861743489
466391413
514031783
85882931
794288405
543957476
309401592
291466141
898410975
133400179
688197315
445598202
81292648
948730957
703486485
125828199
762382571
632665233
66129751
856943214
109826378
202578396
478334942
77014596
661783587
484230076
251567368
354543545
317758353
199839775
10562914
184344834
149199762
760543793
712544127
467285774
845194315
96336730
697998119
934563924
11977532
165950932
526289751
982836155
719527996
621583884
102028510
309799115
860780494
783077589
73858519
919318833
712146614
402838968
212203549
439831943
233960980
624276462
314900638
345738587
456049743
194013003
31275706
3704516
724868534
641963475
997682070
781449859
465918822
446574811
870362811
688197315
243203847
879936557
37149828
32622307
551185165
69690085
843534240
298581428
415178413
624081711
196198048
338951109
959395829
842478882
705217523
945402572
230841362
741422887
402838968
36214289
178503827
645577447
118651164
103806476
793584269
810046352
41532442
819737926
14517256
75564111
540912654
861862617
977443110
175305871
706956346
459869236
808499871
546674671
23140029
195957992
909571227
59143492
918143221
575927671
977677322
446574811
166105983
219068698
666844941
992390989
123295797
713074272
947699887
726762561
825247769
12851116
534764690
281599212
995767629
897108148
776477703
991876246
403185272
54198760
700533225
825266320
614307061
63898035
267228008
41575152
739076340
251114838
828206707
896535003
788262716
363907126
811256107
929051160
430343497
65212470
330001231
626142614
537783961
705231575
698625434
53760170
41911790
580309036
918407412
230210049
579466489
380764889
487438614
55292078
849960533
586703271
914552569
651734791
144932762
52594961
606483011
950135539
429066452
102904078
255268642
580309036
505301164
807031776
364707318
84288887
921992086
741976575
424162059
25919379
243339138
393653178
714057199
108936094
663493630
733575653
334641212
752735338
128433058
101200139
384722447
24576676
659593153
535190082
138004683
402641681
549842463
176850101
219628198
20999045
614307061
660701770
745025893
398527887
943545077
49515763
998942180
815778168
406921992
41292434
450132539
8994566
374743321
741422887
223176959
41163961
451406563
536022962
323790996
12491387
963028887
232222719
116807123
879936557
843672352
509056796
544066837
939449096
204410391
296321044
66940026
607327918
246784419
697694104
466706772
536424433
78326902
910632973
585420020
857937343
811256107
857913062
237751002
51498737
554268324
631109765
149199762
807143289
445872552
214386307
844868498
325546872
40254782
505839561
481137748
738351111
493810953
419267082
470572272
734056974
109362407
429551633
343837307
41109591
741631128
938574966
433855302
848305727
433667444
330656927
157959053
752735338
824639354
905400621
132705998
640448068
398053619
28049488
82919275
990511006
14020812
217655878
857937343
111842508
708627510
765677902
352043253
156446502
322173520
752783702
463902524
620687396
195433277
81801197
704331605
941234183
930320779
451066264
928672051
368662877
236016296
408131078
708510946
537035879
753677757
437528412
530269846
240292787
760872282
358977251
862906728
994169556
812220820
639371130
81242890
761575824
249477701
345475481
35158899
383524623
448055514
755048080
238072930
919585401
876604086
460550736
568126595
211597158
203122870
61664468
206798413
251612659
973042153
520317449
420330336
522621891
869873080
951077895
201961103
631003358
385141931
117447489
676029985
697990804
292685619
334575582
503077757
105599065
586915107
326163460
673648555
693181175
154495120
35158899
381065068
148300644
445071985
152559285
741867204
422885009
248565147
85211375
400287298
231474109
807643045
82910494
100381611
613937229
15948340
236016484
632884656
153598070
704096111
52745320
62279494
151149438
560014327
44112848
580817065
127563466
863490436
643767777
391190986
675966462
940696846
770569192
470502950
912336641
973340942
613808430
405287857
80838218
358343586
160081092
294435800
627138843
180372208
505163424
221947528
645162840
91925734
583788192
73803365
881714325
198813050
117478726
444691546
464224821
935059336
436833755
195233655
651734791
846255563
265855021
414474223
429460653
208804558
542207771
252209272
657823831
484241495
676876113
218572086
85136424
226172458
650474109
635832576
378370934
18237331
994311037
150534243
768598684
416268908
809498535
347756435
965074689
359605726
221673758
870712900
120740992
727926925
518796669
965506720
145091193
213564412
824731921
894250885
867399698
12245849
839851533
8231798
299460720
317158768
479681459
892847137
705217523
659230123
815206182
970767988
845987321
846402478
108052818
662328636
144797313
406886584
338573831
974648622
585288376
311608983
35307362
955844449
495956055
882549131
99957744
94794876
879936557
245114955
934755226
156260082
217185727
659230123
665068756
290313705
545309918
197641818
783490987
120998501
342900104
789248915
966286897
884689924
544145927
900755453
533698160
337398016
12379557
908832660
325677355
176024890
333870562
255573551
933880405
134894140
407590951
759841656
901254976
645124724
312444654
333410220
848761871
55127663
451138313
665039791
284845520
647424908
216650095
53308298
622362396
818546549
66450149
661692885
560724650
657633666
596710605
605838310
885925093
40338365
445872552
135190204
860568306
255224419
206851951
315703296
234201782
439268279
923609542
822726945
875053494
206851951
824022218
151888846
909696718
527302537
835452946
632928386
418125808
135190204
715283867
79857216
256773503
771886229
533521941
65604817
180955512
82919275
146698663
494735456
318940663
590406321
877425252
852018604
846402478
112171933
456049743
173831269
842789997
697282520
203380895
215848528
651025001
732586109
126313815
364105732
70686455
165128346
490594313
279711483
116582320
252534098
284042871
794990458
979420151
79840891
321845303
555097672
249669851
986253539
784704919
413461903
22031198
783012145
613937229
867399698
81556184
28661481
197542631
417410529
400540279
954216324
932163967
502492147
994887205
914256253
842296627
5162701
559900153
15149591
319304332
822960608
623270333
367835788
254592783
282627368
645124724
559348599
935930588
36139990
99705967
62130605
423822767
722715906
16342103
589058021
844369679
292307038
964432213
549334685
349390036
102498514
348468456
808878315
517921293
989805023
266404726
662693788
59037337
65063492
823789698
998942180
74246028
521595352
218634042
701260712
445453722
559832666
52581206
562461844
995208178
870916453
737696167
789605464
863490436
467257526
884712097
14583696
914921524
809895380
47787543
563085555
209382885
789903247
742549044
673648555
89014083
731514470
839152737
636702101
449763933
330001231
795219095
744971498
424512263
991434747
245825604
749172487
327908197
796454140
198766974
472942806
299460720
479681459
300396065
245248770
80242809
430303060
208609305
99931364
777888481
457799244
779139622
775083783
169368038
375741328
725532293
250627092
7815742
349905563
128737741
84377187
486511003
527302537
604510377
569437975
355731229
336999863
712984813
942995353
418879787
926031112
692139678
95676188
499625355
109476750
51153333
247861268
776254101
218084580
884712097
603592166
995208178
126898754
670376325
226672364
242770586
480458968
904360137
87138650
544452027
888356738
221595820
536406955
287776721
285960425
745895569
81822710
907637953
956827440
14583696
58421129
44217896
349716934
433084390
943192765
777986537
970308812
628643256
456815364
686036272
801306041
892262386
208804558
806627708
295986164
141719723
946893741
374289561
873220200
437422244
257009750
921894631
706839004
621165638
199741780
355509619
147047795
429819296
958116534
713977792
65156915
437319985
617763753
944925143
17513409
520830511
617763753
985365598
452132348
516904435
538474578
537783961
961061002
385095951
749318305
619383995
81740392
431681182
639263889
170447766
702010252
873916156
892847137
216424068
591940289
902478093
34719579
344705784
771455693
135084957
22854585
950135539
110382813
176850101
989313152
291837076
706548318
878548153
784258633
817673076
448212758
367835788
191477270
450822736
938465707
209055864
797138743
381587163
415044931
709436112
721664021
104574368
64643399
782737870
870419044
16045114
516024062
39851967
188386564
755146483
704060842
898122377
583028020
454447895
944925143
672073279
825074317
70841770
751842675
430821420
909375101
216367348
460912497
230513770
500150174
849408206
328254901
117313860
391455782
158670584
831614457
619112095
12367205
829167108
201513460
135326604
968941794
636529637
685912777
527302537
319443027
917736501
60347802
476841484
482104221
232595525
465918822
694855489
835307732
881156096
68980525
610905573
315098959
950142697
13580551
941860890
960658843
978988170
391849442
53207347
503819027
821870755
723331668
385711852
141517507
69625966
418879787
320572950
142595753
226490006
519082884
527537290
548103349
14411542
823915313
875558848
793959287
950135539
898163891
265831503
105525033
106990916
395232578
482315765
81360891
69869343
70912368
255974026
62130605
954897424
104197017
209411262
422655957
226172458
81292648
497997645
1580856
75564111
101720069
12175354
623348443
61787648
891801133
487878118
253216224
889506544
643623570
448303790
197362647
457487370
455564280
661468610
50237154
43757555
10884275
670401511
987357399
143076419
186618347
683869647
580544555
662962305
841996890
726208019
438115975
499625355
485883308
26884252
578162965
158978086
853225701
606833362
997049204
179139330
896364531
249826342
606826908
714497278
233089466
46971410
406789342
638705691
441041831
983806274
933019454
623672340
371612427
480273328
456164989
525457660
40338365
164581048
516824698
776771131
77093966
673648555
50174198
135775886
321241192
160822211
854542144
85673761
23305924
174157282
725780249
134473949
320922812
920845256
577165040
801240895
887989890
828810344
539367096
709015688
188439257
635039832
400836890
28635758
540545210
126657288
279004703
377598598
244377633
541890081
915212740
310779566
916660472
857770692
100768567
571226527
12598142
36962372
861926404
470248778
125041312
815457324
65604817
295250682
196734090
139234697
840025413
436834686
960513290
10671813
966805409
177806107
536627477
613330831
126115853
969393695
872608963
833031882
318148626
172070073
643382914
46975749
418125808
752838315
142717928
41982023
861862617
76974491
670401511
764990021
522236593
67829350
909635180
370871475
503177433
547301224
556976279
297803261
646565597
99957744
81359926
69798413
874534176
727353064
106249683
142595753
476332511
414474223
658344833
255211398
171584971
845208939
822642950
374243979
717900709
802576937
905281902
694745469
846312170
662296191
733817046
830830890
676029985
310380029
692131214
4539867
710278346
962479398
76226152
16046399
905844735
794128187
86062586
207373657
309634273
466706772
268219246
633866036
796478001
175692979
99786005
61602791
907168340
339150224
619140937
612260781
136465826
127510443
727082340
992412483
387233139
79840891
935368050
680462765
102441020
734703133
368721439
75758579
775446734
944925143
108270187
564096932
92506321
650104439
866842826
647930500
745817471
628658804
582794638
437479472
682415462
290566877
280620935
561839830
829897574
436467831
240576895
134439546
476658691
7300112
233975554
141304348
94078955
496927633
686177554
844868498
540545210
129287320
858182398
948686745
384006684
345368185
71803212
83388999
453061703
688971429
60347802
185019723
352914319
115571920
73339219
29436539
846640272
480180883
967842033
63643442
577299976
72359771
420070145
149815690
734874713
459869236
336989355
42415266
699611047
567796369
419216190
96602321
772307411
135892231
221673758
904005102
542584326
256119751
487749351
314365030
439612944
452943212
717368714
670401511
454350702
78651104
712146614
66846609
100633617
657531736
825217263
650104439
12598142
829180467
513113947
24871110
116223992
569944025
29127747
136432218
121966774
217252153
952873116
120801010
545675581
528146239
188386564
770939945
830283670
825247769
398239516
486864916
989571837
679684928
887781374
359583098
902225269
901358108
873932914
439262566
392521055
382247224
856888336
40278633
80523792
554268324
833707532
722009477
120792945
119727796
712523194
945178290
1076944
533521941
404388306
110807004
374289561
100820187
109041317
937696775
374743321
483521040
964417871
957414233
346542579
710169381
836431435
297803261
958811261
930365699
158978086
965246894
814565016
328063306
110807004
187002531
886249940
922220498
115508297
604953100
418125808
127510443
545777801
445071985
636673852
158830920
370905490
795165577
680499222
930248946
977567521
986981058
499461804
171576073
946549391
967404370
872054872
513963397
400540279
837606173
52179624
178753749
499461804
963755716
400929610
829897574
246347974
473831370
462853916
63515026
944322736
372573990
618827510
950700428
841644421
995183495
93553397
781704270
108332825
117609527
126057126
141908816
487746349
15097961
913236696
435050921
611189388
531401833
37020268
85040774
236760391
727082340
126517013
675753383
906445355
601288103
436467831
746488969
112171933
125881574
743328950
232608490
196734090
697066461
880580098
999967291
336318105
536754653
623036046
864148665
771455693
692139678
161765030
811195940
890112521
100381611
737114633
681278925
113314301
3817866
425186018
608193975
515087009
551910247
82268606
127923849
116499998
85392912
468781702
110160647
555097672
244286341
150811055
552003195
987887338
451074619
988901516
638705691
268724712
75134458
970202352
461979943
608847185
449250313
79913516
662302979
20349688
496738034
378291874
959695824
238092776
261381576
190028372
32488542
182664450
183474487
182664450
305793226
635401052
212203549
202137326
395454784
916660472
549842463
768840574
102559041
300965653
4574881
714325136
793002245
468011998
138780761
322726119
584788783
842789997
764990021
340909143
607662936
623453606
107810476
353562068
503177433
268194001
137397689
816597732
17513409
327048945
659043231
717611862
446730268
617998020
85952969
427496631
889506544
383138014
803481964
369836263
321135165
645464846
453121798
947723911
688386426
184676523
516024062
112423133
521265081
282254132
830237463
966215307
24001023
194319810
800867666
43295685
368425869
962872811
197521971
242063298
43317236
156914801
159885838
346323209
15788369
348900179
573382358
392557648
478779206
64567528
479008328
662526017
240146870
148824498
857770692
988787215
959999272
735155635
806052019
216424068
92297986
56617180
257879563
142835616
2795811
639378969
444705081
301678783
860077980
386968339
308998216
521744673
946815160
918143221
632884656
335060690
106990916
158215119
87760871
554437991
831181246
905844735
95942126
627138843
788674141
115672288
658573689
803281171
64967479
7300112
672073279
266568
657992478
595240011
928591217
147657307
261585555
226506096
110920018
323472545
80905662
637604243
166763801
869006354
555418428
51828897
65063492
664147902
574027485
344693404
466885695
487749351
447058302
473540688
797574238
728535818
56108720
618355207
509056796
73725642
701260712
298382038
930365699
877316686
972006508
221544854
524106161
718680448
413553242
751325599
114776359
313407045
788052056
130449131
685733848
952891319
900542538
948784774
7098550
774220352
847143344
677478315
695683563
922385759
17765200
930764014
885980732
87677807
325921901
14616747
457767860
481300048
849179390
325075392
583795018
26894284
134165624
689236902
263067715
860717764
619075025
285186194
729951809
271649009
407025965
256788424
704956640
112793036
395232578
181228941
729951809
81292648
686685088
501834301
103447409
499163961
84480221
508642107
302250494
899190261
260366167
108500551
544145927
520871354
4272371
336099209
882499855
14517256
669328821
713640532
234870390
323853312
345061840
667400347
854923428
78339843
74745702
391484266
263529594
926921973
473894796
36721314
322726119
52745320
706839004
239221681
72858596
151888846
829897574
487529647
715575726
304850786
459239442
608598281
920967824
282355799
402129864
753070438
413461903
312869714
260684652
833595758
39392713
420070145
890876286
406604524
957112747
706201563
112348058
9061140
512618735
928923922
519655763
10968284
27007028
273036475
345016976
161860447
505452506
45989632
378978054
898403464
400667299
409357014
546012478
889506544
87001265
834354108
994491499
214174313
961038355
895709374
41911790
471882625
12271725
695528686
56108720
904193105
354892281
268219246
223370389
457650026
850500637
561839830
138320199
970897643
60299061
326388308
480939025
276617508
915837537
520616320
285998207
415081073
141684008
486785253
36914712
950975376
921240794
317603893
904116020
521210649
604500068
671711122
950594844
912996837
143762090
51498737
704262018
133507745
991195634
99705967
336041177
5526735
375741328
79024276
559348599
977677322
835991631
681957882
591338358
141999512
388038338
797244671
785918966
387729315
44318466
965074689
915149960
669018590
846028629
717046303
18565248
156260082
617411649
67785191
938465707
714016624
890112521
17790768
484074784
835795891
479538216
103139726
546012478
66780266
721024910
122835839
122539021
709659292
134473949
324189431
265615754
70683151
122991409
722715906
44375866
735107805
454225887
383697401
364201753
43818548
710278346
7338035
488509500
712614305
195231408
103265809
1557544
770059387
372118698
498773473
251925830
607232213
52179624
556659062
733264856
292475257
137873773
528381657
298581428
72509557
752986651
726049465
694885603
481828490
734967794
825684277
692390659
52769080
752391785
53694671
419216190
372192780
463578610
302459560
633866036
63693109
338075031
19618535
597182774
88512296
389636553
555764165
191346503
249518252
562436188
806793722
10340743
692046696
538186991
686685088
92297986
289979983
873590926
119668946
471127362
156071280
654932323
605281281
481472655
897318047
491306629
491306629
265034607
658419690
319639043
331619325
674415060
118604898
800833701
394158283
131185893
938406214
842492415
476177076
123614423
49575544
927407098
927199768
26648253
472245707
681957882
175008927
657992478
295158088
645577447
108936094
112248434
3023232
34993238
166267534
556976279
939652033
967530038
944322736
713737553
78626271
670376325
387729315
723160263
662526017
173804517
812055369
394782477
487988838
372839340
403185272
416268908
455469618
476734776
840324234
666173566
69841699
975513708
676168403
666401410
908567211
973160082
41412990
394307623
186428980
869382180
803468154
387729315
781558249
559637352
73803365
207754487
220277925
735107805
134894140
253815114
265226170
466706772
123797893
660760929
664960588
21923189
386912086
538146050
146915705
988594897
945360215
295158088
777888481
85636060
968042458
624507556
578165159
201567897
233012700
87219442
700242584
626303030
21868410
253815114
790659565
407521709
889506544
853008245
22899940
77441050
55127663
224888562
151149438
645313497
330642668
861743489
67111306
979228805
709288371
52112446
887962434
78339843
21342686
72379660
651719219
203122870
7593626
788679086
146587335
897764219
608193975
184676523
610203117
170447766
907168340
81988535
277141240
684234438
497228991
551323563
331220079
191517158
994803057
39618779
195280071
308187483
210267990
812442716
784029277
350148488
123263738
124058630
69232657
408870554
445834104
133151166
563138281
947119000
247861268
117403874
655370349
606483463
204814732
556459504
172841489
139571416
449763933
372573990
990732764
777294050
710734309
101200139
981036026
47075304
335069674
993455813
933810884
942161095
760320155
617615435
349155071
633683730
854555302
125881574
220043832
48298236
49444402
854923428
946284196
99564495
84106642
11676444
455721871
945395418
29436539
419622567
794128187
925602606
372872191
645313497
370317652
291662098
309799115
139475163
628143236
181228941
79572168
173338716
60740519
731584703
49142966
283685320
665054486
486198521
122966241
33656274
263598047
357095759
859441511
686177554
734061009
503819027
738160745
985972560
801306041
300578530
185113494
654232904
248156460
510767138
840025413
681546901
196292197
299040363
707948190
61563732
464281549
28827774
391484266
584981201
21868410
842478882
173716775
587043255
898163891
898278071
811256107
473831370
799804121
964628546
987357399
724173934
899956828
425783645
146915705
576395916
966955270
325546872
267956216
711576976
394538117
81360891
45777045
423822767
145482575
946126218
423521215
70242800
970897643
57587553
134885455
845208939
696809961
85160758
123263738
500152412
723562412
360936560
628852389
142835616
135628922
488409668
110737886
493341756
419315820
781761843
834395783
475502667
800188666
414654330
61466991
395159395
577221751
73725642
128704318
219509636
490255797
526688746
264509405
836528811
933660982
546352292
323007637
250994906
768706426
246347974
722009477
85922311
591338358
569497240
651814633
382960130
913329429
222874755
622413896
198016504
421806776
481472655
305793226
541292149
196749446
992390989
913016347
151932206
197913603
119034211
637702543
96591115
373055719
295601009
473078920
467520528
992154925
816818480
437668766
908832660
754982825
189791174
36011583
75967810
448150869
301961015
91282112
91115515
828771670
803513260
104574368
963420827
351160657
79913516
595627095
784909889
96336730
12491387
367888790
995352530
430709873
993380255
52038462
729140161
820677824
76226152
855701759
852269729
383697401
837603288
1004213
300778153
395519075
855067358
451681510
394538117
54934464
1887612
134945328
153598070
312058814
236714494
468781702
835795891
845693330
504775557
172890946
107975410
678121429
661783587
905400621
540545210
515087009
302220030
538543417
143170544
674517302
908469702
155468280
843534240
294464708
21188762
945559319
960577255
32622307
590394831
848516286
593438024
726168248
132046163
974656846
265615754
819737926
331522246
126133984
986755207
50097332
408881848
453419530
600013299
56462328
149829113
994639473
244920767
49777032
106944008
369678660
254160947
474754356
353642483
741634499
891651337
504087619
520580875
757276276
770808317
179253181
552294472
193238213
268724712
315872857
32924991
935368050
43065525
563518067
527477458
474952874
490255797
359153224
582794638
207114017
979602739
638705691
811568718
703097660
734686963
738408909
128231142
701702276
297923610
343730127
713977792
609903508
948018076
47915860
872792127
645127881
448303790
432305987
937053277
50207117
355761910
117973360
600638087
590090296
758006397
611189388
459282252
75735119
216851975
957112747
115346651
626313409
202745726
580034799
992489191
616641701
8947786
159185753
426196095
626124759
236016296
518438055
161765030
225425041
134439546
569437975
702583055
636863433
257584541
543502742
822590536
61973749
503035471
86531044
402640754
96754905
84753952
806232046
560895486
668313080
55337525
660760929
424768720
117447489
153392014
900331821
196749446
744118601
795639992
412490743
683814054
420070145
130993559
672563862
29758261
209411262
830283670
257626489
802099304
588222666
587524646
568785201
775048171
99894707
709336297
469785212
262127084
80998634
773733059
898163891
548551939
362172185
145818213
960658843
465217414
420070145
72823383
621583884
22969290
328811525
713517235
379622259
580817065
818030593
992449448
43359045
887047837
575970106
407590951
186956434
427172673
49777032
610012940
262127084
271647464
422885009
344782542
108202325
893784090
739773699
367522614
590394831
36483928
10967428
416268908
778917112
770052750
724008836
258525911
492173296
429419236
101280915
60757623
861362916
163898002
585416088
389434813
500627762
807824539
865289211
89014083
811256107
249124497
229384605
146622240
820146390
270472810
251537056
702090207
206915407
332870981
697998119
797127767
437319985
113309998
466281154
55246350
735299340
48495105
239425010
678746709
845987321
109825834
481922345
726878369
309401592
994688260
602374507
496943323
148824498
773733059
390896753
489327416
85482378
292081388
583795018
14836985
608453277
728535818
718680448
612343194
673376313
710734309
77441050
660760929
17593075
237751002
848402590
598923262
93796566
303337398
913121432
418922318
752783702
579620451
682088881
730093324
925799138
319793566
65863893
30379451
35850800
68628480
44318466
12804791
775620608
345501536
984162532
994304620
129726448
984626750
99705967
198813050
136835688
984830221
860584563
916533929
701260712
323790996
147734575
577299976
64567528
573317075
317158768
686374157
219345696
408000444
812442716
773156679
442735777
53447848
297789605
986532431
503035471
464412258
185565121
292685619
847577237
825266320
556652696
770572162
89014083
302353514
206122549
821958873
70190121
532441842
240991666
292081388
249144619
14583696
661783587
433855302
523790553
528162148
137410583
3917246
962915995
349859702
925445264
956024774
68628480
942749038
849624819
136835688
560620720
645127881
42660211
190697773
151590451
161340141
76195264
96344829
752379017
79085076
735021235
477395855
62768127
32488542
803468154
404029430
770569192
779242552
828765980
252534098
19222756
568126595
715615403
134293097
159185753
89318602
861295811
920741727
854160604
770268062
257182423
649657877
892240333
72286088
527477458
324189431
97052714
139965491
453018102
542015272
245437866
798710217
111784716
685170840
121229987
76250599
978744904
2701733
359882293
43359045
741536222
83087628
176160506
985365598
318099754
792261584
933810884
878623645
500740259
368694885
155153120
62343261
512510141
210936878
32276671
408000444
769148046
188386564
36241175
178788918
54797541
13273600
890472990
146378563
661088174
669018590
740476395
412003327
992936540
165411245
127028565
115758977
915304545
40846528
765650813
172197049
398463058
664303233
828184609
5052352
175654440
51498737
859899068
354002870
299040363
52038462
117447489
193238213
526976020
901936038
177883107
739076340
796482476
787024412
481190658
515707447
722715906
371147141
26804869
869595637
383205437
451493257
130472527
723813086
746696915
8280355
224042699
81576301
437943244
179305365
402609368
492595141
224920029
501428672
923201265
75758579
339053637
578277350
994494471
85673761
153377117
214795593
835795891
353155366
380971760
700614629
88673329
541372221
13340567
459967544
860764547
69841699
719712451
473010089
1076944
427605036
926148653
141304348
215592837
604959857
15652580
110406682
51219459
495158344
156446502
878158059
972553291
840385692
609447702
963028887
853879682
476250200
709659292
96122342
174157282
165128346
214078981
443270888
439262566
14185971
366985150
110738348
966959298
839862014
944031649
204410391
345368185
261585555
997161418
857807065
298283031
489327416
906269985
871608957
724008836
721664021
229088523
998181934
450979658
112110799
649298677
40770471
226910697
246261964
517826039
823304526
893979985
623060937
134910280
714497278
520580875
608112699
937416986
945178290
339251964
713074272
759468472
89257655
308634045
551312763
683585859
81576301
341019314
207592874
123433448
986267288
349789857
787705863
528561918
850240641
412959561
592885552
422966535
685245034
38596854
888605561
544025561
828765980
5588387
855751391
590233114
960839746
172197049
152513855
833436105
146587335
757750238
67824454
118604898
90273750
197802027
943330950
542105154
869489325
505452506
137108450
974574335
86591034
800851012
772307411
375077751
52038462
323756116
7384146
777888481
151584720
102498514
886144408
445979341
19503155
2173001
913004474
65156915
380971760
335569834
178934511
96166724
402322327
5625921
632665233
144081602
22932770
881611654
726321570
945559319
520777630
144797313
14185971
240438224
52594961
19503155
595395
80839175
14517256
868542451
816508335
34058137
231474109
388528109
538196593
66780266
119191503
447973837
721844973
521358815
351303561
276829601
986368024
88512296
116223992
170453426
516024062
866855547
78735786
123552029
427097518
315872857
883842113
703486485
19750866
150311567
777294050
223176959
560055166
983074962
457219608
741536222
807031776
430094123
857807065
110262778
101720069
871608957
872786278
926105791
965542293
666221118
720887820
936469599
879869715
29977207
260684652
5287453
979076234
360890592
952003720
380272602
829371678
741536222
947717549
264499130
13962487
146915705
726536502
604792820
647043263
136091616
356679886
728553923
972673291
155785931
269130975
666170876
947236943
805251349
81262139
649004095
995340159
799131879
406196573
114546874
986267288
293525125
465315049
114178950
964365833
496783942
118347685
431681182
251180076
743033516
913161663
899956828
260377703
916533929
280534483
148432085
27418105
249722912
95119594
209411262
945880087
590284841
29868143
619462030
387976662
704831017
38009489
63550272
96602321
890060090
50005184
626537831
533477443
821680478
396405359
524060166
130971588
445447901
115305659
415081073
125884403
205289675
954951295
830489828
199730075
510767138
886404543
352043253
291837076
656605569
884033824
26761031
105340423
525762460
191776202
481300048
729951809
811468851
292580323
364975584
683585859
774551828
19522789
577627157
33525808
173831269
800902070
843413283
372192780
178209798
105224972
430709873
380272602
128121719
324824684
698451604
808878315
40770471
957776484
907727443
872786278
12491387
520707803
786166556
770569192
395519075
902225269
829949263
564262423
441904881
78626271
145091193
467874205
268772211
716288587
305697492
366264670
600796278
637673443
8782562
645124724
512460178
86491930
908567211
986027534
123433448
651719219
172144815
147288395
527937299
315472967
61466991
221947528
961610268
457219608
675692104
509056796
871864108
887798365
95475878
413523005
711737055
395232578
325677355
637828490
302890404
764956184
634920784
440911332
704331605
766018184
864129880
89014083
753828364
918407412
919585401
118211828
706923404
421364371
412131855
897764219
474910203
985365598
50207117
21562890
178788918
878623645
889658715
754513884
657543538
257182423
452715202
2173001
815778168
658459594
864148665
288200820
29638008
89759786
453957758
6330428
605319694
297465916
39607186
794947217
315140032
54281211
139601255
143529938
551185165
790400513
885981435
521080865
35450070
4489419
247282515
257358725
667803660
982936061
739297938
599918940
604833166
49575544
87677807
148645595
195754518
84480221
123242565
152513855
959159336
510767138
52819077
255838347
332213576
145733699
80459824
669860211
882835016
653184769
825334599
60900925
441041831
265855021
119319385
130034204
656404808
528287908
847839485
521554728
132362123
347276967
454440283
50130776
605225994
123263738
699962049
537800733
960577255
894185279
166545825
607232213
860101988
460663620
165890079
110487562
589668370
606758422
419267082
453641155
825913077
366107836
146622240
512925475
904851160
287093169
828206707
911804990
218361219
683097981
328591888
181159699
537963054
536781681
667225816
36569099
719390439
792765929
39622137
389703845
560218271
930365699
4234060
18237331
704584549
173400238
571735572
546352292
422260000
373178686
996286220
439612944
799361395
619970576
439010439
39405738
494805345
960080418
434989095
747191646
440917567
348514427
3450145
216851975
703725459
176887487
680609228
780731708
941946172
155002418
929966740
966959298
578165159
691835305
146311304
125665408
950807609
546502525
533560607
721732839
534904269
903266067
418315217
447129067
684731526
521210649
741554646
428176817
798710217
695528686
628077199
687453138
115146873
784050681
340467371
146186981
850877615
344565793
843413283
158366132
180573078
193599741
289642031
343837307
140717826
459383687
218774467
613202289
508729350
746560286
84131792
85392912
467257526
682415462
76642438
24732258
277141240
249465968
345061840
137748084
70471929
702766958
596062060
336318105
370266652
512077337
158055566
334885900
857589548
91115515
133151166
946549391
783077589
830885014
742859197
431366110
61563732
23886474
580034799
630684661
531908703
393608442
44581846
668313080
39323087
528146239
524992009
671341058
667803660
373606540
13340567
352860068
86265387
54985704
70912368
4469307
992936540
79857216
688731253
665467108
966286897
238502204
240022879
811127290
289871953
889229767
632915236
999411733
495158344
569722391
370866
621563334
69543275
784711679
29466900
962525311
141517507
647010927
17648948
424879803
539550363
623672340
21917989
292081388
2795811
403270963
666401410
83388999
992936540
597269906
765957904
891705806
851364786
381065068
804857508
258195533
123368658
394108514
248520527
521038329
456580927
131802124
989805023
823024207
26761031
482104221
678570701
835976910
972737267
234631053
334575582
553358736
39607186
629758138
800188666
551762977
517550262
232131256
665039791
336989355
962871681
440362380
843408975
607327918
626313409
91647459
11493043
465217414
119542391
692000204
594571184
515573095
110737886
825779967
620493361
171016691
689601531
782939565
48133432
349716934
220043832
179347429
438115975
3023232
928786196
865486645
896604261
896248479
592357095
694308843
681263578
73725642
878623645
34976143
137622668
475846987
619113740
673413898
256075530
977999654
779242552
184344834
545675581
599338370
12598142
109819812
879869715
152134587
367529373
712523194
912951578
118122143
674415060
774487234
519059591
671711122
678144999
1201440
441041831
194351149
439762355
695587129
494114920
227493500
526923774
291099805
923852235
721732839
77014596
5322296
6365247
376409171
944925143
261585555
549207199
310380029
846009371
407489695
896248479
6880096
583899378
688082108
569944025
123521298
353743383
503177433
335953784
812981412
392919101
245816021
642487196
93796566
28904442
691925242
336999863
94182938
198813050
934755226
18080702
73183912
716288587
432972814
895351303
595627095
215218885
77014596
702010252
164301406
983102359
592856628
236244333
779489697
118604898
568270035
154981533
617411649
181177185
27117438
36821321
918590793
933847023
337292663
560055166
906269985
47600846
548507684
6330428
338240893
916544459
753070438
677347869
755433862
664177206
711509741
654602648
166105983
91737520
767789699
812093029
466281154
5287453
161662566
772437626
577299976
597125051
619541584
950783592
132439411
636585805
40156403
538474578
901254976
814178604
69300020
549376486
520306158
42486926
676876113
616641701
91368521
27695305
610203117
269986692
750436685
471489395
425439959
749696141
189718578
157959053
347688667
214241414
180748938
441303622
837991049
476734776
196734090
287093169
699624464
487556660
114127364
274044207
498453757
125754525
10997721
134165624
444791227
568785201
949133989
492821623
437217881
869277072
954951295
457009876
345903059
669416611
916533929
678641544
718975673
58792288
173400238
161006776
957776484
717083418
242653311
476900726
672286741
140921013
934755226
96970223
62726981
657007049
694232945
91925734
313957908
752391785
354480903
71807369
212345806
15097961
807543816
505546174
638026357
619455974
210904122
249826342
606833362
214132150
330145158
212488203
120740992
534981232
177806107
500740259
920149398
6304756
852955319
36118566
992489191
59145318
315829360
8280355
996547217
178573975
189718578
118962726
892240333
111382832
378978054
670376325
824731921
536440038
298581428
455721871
63188175
17593075
289642031
913016347
29127747
910428600
260726683
537035879
583321356
358749724
566969777
39776936
411585249
183863616
49913720
92658036
950417888
109922839
690153858
46240172
95676188
165411245
500463586
870159752
432972814
443647403
784053150
336536971
316851494
430160564
714670165
246648484
964219943
70912368
201961103
943049622
50005184
607672531
878158059
319711976
135084957
926177759
850877615
403502697
773429685
778917112
251358799
169234999
860717764
271231182
686537381
31939157
212129990
627504041
790674019
406635078
595728860
695528686
972397983
40770471
375202442
56835531
495158344
527112631
384605883
975200137
570394589
595625187
738441396
839309469
104574368
650474109
413389199
729991020
485695182
123614423
744169736
832534340
77780895
709659292
49913720
680462765
239191665
30543530
524770432
120740992
958685926
76974491
332676881
920307332
971249939
783077589
21498584
447549542
7361768
576395916
557407268
745431774
849624819
693033534
919196208
217072219
508309491
722009477
789365645
297789605
193238213
693638627
279734864
699782253
129952445
769669477
701731580
878080952
481300048
412959561
247861268
599918940
948686745
404148624
966805409
279734864
896248479
926921973
206851951
771437494
92448776
825779967
735402050
108799128
673200743
626537831
662693788
73544680
265831503
700242584
635063839
270110682
708627510
998942180
624217103
347688667
652934369
749304745
845693330
246933853
256548042
334291976
179253181
20620491
125041312
260684652
995733494
596062060
308757466
80905662
708510946
88861125
587338974
289761462
559900153
558646519
228154637
973682933
183863616
117040291
106531969
319793566
240022879
864262398
100990484
797288529
182051647
870712900
864904514
497791657
48857075
923217354
848305727
50592266
164334233
834395783
555324117
84106642
357331635
431211933
274285693
880028186
125884403
511704430
982371866
531126297
643757247
515087009
992489191
126898754
127233982
96970223
821323061
401797097
29285655
669860211
26918555
595625187
51153333
985838770
20620491
43317236
761589931
971192221
874829734
636597060
674697939
115556931
127563466
923548140
152314005
558746532
383910499
787150969
412708452
479008328
485214348
381177751
1887612
716970809
465060994
224615870
59506384
316768712
794243288
941946172
158830920
28904442
4539867
850775305
890776237
723621869
683270161
279985691
893784090
275390460
173864689
555708987
426547262
777815577
904548381
600796278
584208508
738224249
489071172
407172852
195433277
291866108
300995407
185968233
908301451
847313676
800703688
212129990
790217620
818908877
397516368
70686455
354002870
516824698
42822050
675315731
232185694
51251249
440753591
155896600
619113740
926783090
43065525
31820576
692423994
860141347
983074962
450043805
893537023
459702211
261381576
295397069
244669100
521038329
865486645
952000514
123263738
295250682
68980525
862165165
932012990
595395
805636962
33733317
205289675
632665233
276779418
195675487
362455679
933183224
776427653
897789586
183310218
271649009
873590926
300211348
469740183
749806758
150500581
443647403
479813461
85328130
271911605
508729350
927375453
89759786
874829734
851764136
868542451
205788002
147437735
375782351
294079155
580902297
964219943
315872857
133400179
829949263
741581403
564887412
50193505
440181798
208609305
892865723
51077902
753689544
814951202
44298187
331932296
380429581
722729413
926783090
469590398
142717928
556659062
965315355
955647060
516205154
452750826
247861268
408075873
970767988
407822717
938465707
669797602
828926449
229490884
267298544
569920221
123048611
308847498
608598281
202058292
533738798
