99210323
154075055
154075055
115939869
136533417
75842875
97141594
145352623
130288024
145352623
229221296
139280636
139280636
158683192
99613662
187138619
385888695
385888695
187138619
187138619
326642530
152435174
388578701
340845036
227438700
212509765
282578811
175891714
248694364
248694364
341185282
147183623
341185282
151167755
263065660
236214067
152435174
187938333
175891714
263065660
205900765
154162789
248213611
331197506
331197506
272618505
263065660
263065660
579025425
186764492
228913378
186764492
272618505
118311336
198209474
341844398
341844398
362825463
212987858
228730524
218137391
111686240
208606536
340106434
218137391
208606536
382817718
136857990
179994574
87901360
134061430
132261055
134061430
85364159
164125586
382817718
90277557
219209831
76696822
98353337
161913607
79308496
197173763
81230161
79005854
186449139
95812665
203318020
190733162
190733162
100266965
107603668
138162682
133788295
168808550
173660082
153938864
268442642
431058306
178146706
235797127
178942988
155849304
268442642
358150325
269239419
431058306
358484813
201127362
300143047
162399484
234754491
288421609
309949728
289059189
86645304
337513244
197173763
120467921
192759438
431873238
431873238
480494887
99598721
480494887
540818039
540818039
130909201
446191014
130909201
516380587
271589851
201127362
159631304
523893946
271589851
454531991
186244572
181310938
523893946
391180714
135026201
451848976
341325479
135026201
181310938
153789333
407778380
160865893
160865893
96392322
145595273
190491305
84500891
94477397
150808303
559512525
201095693
223934118
365911287
198957525
320130504
221184192
643245594
190491305
320130504
190491305
241691474
407778380
320130504
258841707
117744338
160565000
102298170
241691474
320130504
119854217
241691474
91866152
141935156
320130504
320130504
169093309
380392944
98147870
97318835
132551129
88603937
281589796
175674002
420078145
104848746
386610126
138001822
98475459
386610126
150669120
143100425
348679190
226807358
126403934
163088402
257895057
281589796
99831690
163088402
218093749
184356956
189751830
189751830
351127239
281589796
98482593
151325199
315513344
147179553
83837361
218274597
184356956
201696456
218093749
274187855
218093749
214443894
82795417
189799707
378565029
168737302
150669120
167121290
146044218
199821441
207751966
269065538
217471949
128234374
196407982
233450817
218274597
196407982
218274597
128234374
146068601
133620724
163088402
144871788
208284655
116046427
141172469
501703999
107774989
247581829
293273147
81614757
144990910
213414216
182241519
159097657
156028271
167365733
183397177
172680939
211560207
226765330
139105136
108800099
55018435
179310817
140788179
204490080
187298010
138780703
329343091
197609877
212871645
124050712
124050712
308050170
100835826
95089921
100756930
126371378
156288360
59394847
147316482
280436305
219699274
142438791
156780846
207602664
202239315
150579448
151466148
182275500
151466148
311943369
163471163
289943954
218715854
147272989
147635535
177408353
171999909
120263497
202239315
236744852
149961601
163552235
172680939
149961601
293070875
149961601
134483551
206155514
293070875
163552235
138961877
212768711
227654813
227654813
204490080
175657863
188735256
113150527
297776531
347384502
147912354
253870325
163552235
113435515
165775880
177408353
150226149
339936208
164048875
175657863
187384770
144006777
95142270
137943430
196541040
262231585
292623133
329343091
336961531
262231585
227994275
125816639
293070875
136373466
199601658
145177738
97329701
105476558
98824003
103989099
285895784
156294097
308050170
277121234
157491954
240938434
175186776
168773834
162050590
173478762
156179103
96559575
156531350
163799198
98475459
181459063
170441769
160050431
190737925
84080690
229318286
145333152
232704626
156531350
191044598
147243366
205861856
60408461
156113561
205861856
162972228
178039120
180632948
93404840
170441769
172653750
160454819
137881738
94585651
142456501
119441651
164678848
164733098
197011568
113492025
181633130
158523556
158523556
99446838
143571602
133764757
138708141
89379803
245390058
204116575
158523556
93654562
159594153
147243366
165072236
172736382
98475459
176362803
165801348
212425407
104673145
89774602
222537726
275001108
297420850
324837386
147148628
249760871
340946582
340946582
207974621
125560464
215857468
338159414
86210839
183532772
183532772
171676767
225953982
303662893
316315567
520926789
167272742
217020140
224497241
224497241
94382526
70682834
134519738
110663392
104061424
193514767
322155134
193514767
209612321
316315567
271448719
239484547
143582892
322155134
322155134
236419707
267824613
447986786
447986786
291260969
127051320
123261836
160454819
160215248
205875953
164521327
217314994
171787640
248650590
137511256
248650590
161756703
190132484
234553445
183408437
111134887
53892989
151747728
224703892
154343155
222695577
209612321
153799848
225790449
245565958
120098130
245565958
235622116
245565958
198045896
157638738
107807637
193320450
191799922
245565958
147217107
179484059
172680939
180637794
360989652
360989652
360989652
180820163
180637794
180637794
252999514
252999514
342617077
254859317
214066149
181556136
141160993
163803209
129837141
287464634
287276674
113582662
283091390
245814432
206582806
245814432
280584539
381270770
184661593
295345489
295345489
357464081
123715992
95718029
247732710
117922996
294167176
294167176
180820163
276334800
135948371
204554243
201225414
290705036
304783651
142276962
163950064
262529643
204685132
194461726
359354274
281548501
245845338
228999142
348957378
479487731
137199476
308245811
216240694
156208192
172452405
320572073
262529643
87413160
218663550
218663550
299844622
150958506
179551872
163580005
218257772
143592589
98845150
258320008
139576014
199722922
199722922
225077026
294167176
185617972
185617972
185617972
158337339
177831374
266564977
153117433
190542801
337771787
143907116
175931100
137780337
262182086
125070775
377408806
136367873
307842151
180089076
188571596
132116319
94521842
150816066
344638939
307842151
265719610
337771787
180410025
241040394
262529643
340130481
340130481
225268910
133680450
125951716
180282977
94568641
244579274
206219719
146174940
307842151
84028565
146174940
244579274
210980269
181532356
237518218
200988300
317295243
262298489
163390473
262298489
194686099
316876731
246971310
336688374
336688374
217330240
228309796
315734574
143549623
200450711
330240532
234342331
330240532
95677521
98586568
111899186
119265764
375254681
225268910
262420835
225883763
237341658
231074669
125356999
125356999
183986800
175233923
266522086
261519487
222800982
249755193
132116319
176039506
139785416
180058330
166363188
98415405
179651215
234625973
279839786
180282977
117533913
97731707
284424260
153365151
245515327
208248971
285402884
221013148
148337024
99236981
173247082
221013148
144992776
270143052
349735321
349735321
270143052
137210618
192903785
285402884
94892660
98842365
114306230
98842365
114790709
98100120
98842365
181314783
134014675
284424260
94646509
204689334
234857929
204689334
183219365
208248971
169584245
323953864
187364531
136472057
217583295
172608447
274547995
120552801
192068784
235570343
94032222
239359654
137210618
223439409
194723968
281345632
309597630
159895746
220119205
256420525
178922091
283271326
182275500
177480982
148364449
178435684
99385188
183116390
97615751
215962939
197448770
275800269
172424144
260812194
150573541
108819359
230192117
102629488
124572461
215443849
160161787
170047114
146688614
171953498
307167477
221266705
232967758
233235495
249860895
249860895
370996265
370996265
195440820
286850620
274547995
205485307
263723363
205485307
173676139
105841905
263723363
168828792
241255553
252898600
222867317
153789333
252785792
192316023
170191237
172424144
311970221
163924075
255101907
167481272
255101907
274771206
288863692
391389582
240890735
167379138
154038470
177392583
191510701
408199600
161870846
408199600
178435684
189624040
152141786
431818943
163559388
163559388
96398679
163559388
93836565
202047395
202047395
95903716
99651244
159630422
102732787
159630422
183735940
360730813
266578879
202319267
177063318
148439639
202319267
155660098
275731160
255649986
266578879
360730813
115515412
115167812
97252122
177480982
277179927
183854479
220433678
220433678
290173254
241133296
213605598
186941626
349699832
515624363
258562593
289679896
289679896
183854479
195841278
199131046
106870548
283135224
123411346
200449547
183434977
322830156
322830156
180106857
167793306
309014029
204598953
220157617
251715562
251715562
251715562
243641426
322606849
208679639
217652224
155475181
238821329
273285020
154589581
280924601
467393270
270539876
133230990
360730813
219840625
251715562
360730813
161893885
133230990
280924601
188431038
131918835
208679639
189749898
158377020
296226109
197511625
142204554
467393270
194663869
255649986
87083254
296226109
219687916
197531378
150807428
93853203
446445719
467393270
277179927
192524785
176679093
254926618
511758115
511758115
567841062
153849564
267884591
267884591
121842457
112252370
222807054
123750410
175712017
290173254
136569320
268662899
134955035
131969618
84366610
207299473
188093182
196748035
82790836
188093182
246150848
166951438
246150848
84892974
162094521
201848456
117368339
232647657
220044979
303653875
117368339
186941626
99894690
179083680
188803115
99437243
164521327
86491673
241159484
155709533
124241375
134297491
277179927
303653875
193003950
257927982
270244082
160328915
88692552
193003950
270244082
96345091
289992990
237712013
399249585
99894690
123122108
408789926
123122108
157115025
296004772
357308657
306152382
306152382
306152382
157115025
213426691
350090086
131748235
162094521
157488133
181980127
245319453
166609394
124612562
166609394
153324758
237374063
272972435
193561177
47934443
215670947
233623815
122495657
144906393
240246066
88370466
159032042
127604354
141508445
380355311
140043622
286846582
193561177
146347523
93742586
167848002
218721125
151150489
193561177
231965415
120357291
188515535
167706597
291514556
236821184
143795010
157806970
115869898
214465026
170769527
118150026
210062708
306374765
221898554
119421172
235707975
297207826
282912684
286846582
148422596
194215909
195535934
186958948
314969444
133669023
240205988
192524785
169395150
329148375
428894481
288788060
278063053
353297601
136648014
169584245
369955714
369955714
206216795
336678191
302627634
150023482
201185091
250248354
104328211
361817180
125926385
150678337
94826741
212132629
104328211
149959396
139202854
223087683
165801348
296353841
52330683
241159484
235832292
134259610
126105211
261473011
166685586
158427521
234518403
241159484
247470993
230172275
68426468
287290062
212286497
240350628
426137982
181135697
104258731
158821220
260435743
174330346
194741868
142783147
136525196
152360303
226528268
224650713
190624281
249500059
219711101
224650713
259920014
94929239
88408764
289614330
268662899
116214859
98031533
96222128
180595403
212286497
208292140
172000754
95979725
172000754
88997674
216525906
226528268
91230949
144117160
144117160
277587317
277587317
277587317
194688189
131617767
239717011
258998344
172564955
191036082
176469528
296048572
166287927
323567368
274813922
225423962
291195740
403866061
225423962
119850970
166123877
193875539
210713320
107949905
158263506
193492714
282445848
375570379
285957854
231329251
285957854
126261010
239223669
94788345
179101493
187364531
130975698
192933712
305625376
305625376
185854904
305625376
243572437
305625376
193431431
208976961
242323695
180363685
231978667
279312666
268033254
184526840
193431431
98898697
186097484
184856240
184856240
175746925
175668575
206028588
110700845
166123877
237962996
251260122
256136324
318939246
239223669
184057729
270978303
276495150
176894441
324159425
266789882
336877267
336877267
129064281
80803774
146255388
74494946
235832292
336877267
203104409
146255388
151698125
352317479
401149626
352317479
80107397
114665144
318939246
228415406
274276081
152075664
166123877
310012233
297118405
297118405
306126550
256024113
111870888
106422906
236699984
271959683
114929858
216474748
124890519
176894441
332432774
280440473
212129852
165165931
126519405
122343734
176894441
211828354
208450067
323147884
140808531
119091073
170921533
172683487
154055419
168293765
128182016
91965498
175148404
181491589
175148404
248365010
230312576
206487754
181491589
271959683
377180229
142275757
176894441
190508470
159947651
140722449
161920787
86426011
322268822
277932564
144987165
240575118
202952034
283695517
377180229
443232214
151964650
194940813
114509549
136801743
443232214
96566412
170965948
147709693
94410831
271959683
241147662
147709693
101437830
84190994
89019148
322268822
149116972
191731867
202452238
176691503
151150489
314177233
221831182
162542134
536646098
122725221
158594050
214801231
190594918
190551896
221723950
