2918
1334
3097
2964
5477
692
5423
7480
4353
1239
733
829
2671
1754
4519
6800
1516
874
2299
3480
4018
2128
355
8853
242
117
4661
2106
1588
1326
6349
3057
2603
2186
1639
769
2971
1510
2599
136
5999
6134
586
999
4113
3662
1157
3056
3008
5014
5406
4082
61
3325
1073
333
2493
3679
989
4305
1598
848
897
4363
3125
7
7099
2996
746
6814
3550
7229
2033
1350
5094
3657
18
1213
3312
4013
7799
6918
1427
8510
4454
5342
2035
5293
7899
1477
7816
2920
940
1180
3880
615
7829
4552
746
1922
4437
2573
9064
3099
6899
6740
2625
7620
1569
1814
247
6599
1696
5428
898
2601
4707
7255
8455
6156
7358
912
3511
2892
1945
2660
1331
3556
4688
1598
6306
2924
867
3323
1937
3315
1528
5653
5837
2010
2946
6560
2517
178
2045
5117
2987
5452
6669
5593
295
27
3141
3161
1400
3481
1923
3635
7533
3031
102
2852
1350
2020
3306
2407
32
7716
3745
2314
8560
4522
2182
5897
3063
2994
3458
7839
5972
5017
5977
1229
584
1169
3556
1321
2075
1619
3356
2017
6256
233
1478
15
2849
3279
2725
6545
7179
1684
858
5778
3598
7136
4090
3568
3233
2176
3271
1087
2537
750
2149
693
3464
5907
3260
1805
1593
7097
4197
6897
4449
1845
1124
1021
962
1966
1301
5064
7244
2353
3872
1473
3616
5046
7239
5759
3509
2578
5159
3441
5930
239
6307
1478
2748
7188
2189
5539
1586
5873
3444
1656
2766
2938
131
4506
3692
174
3035
5356
4110
1746
2762
8679
29
4973
4301
8329
660
198
1284
1064
5251
6419
2269
3651
377
5068
1325
5600
6184
1510
950
1853
2865
51
3529
1516
9448
834
260
4898
4448
4434
6659
3249
1909
1140
1208
4688
2605
6721
6099
5324
1587
612
211
1958
620
1454
1399
1751
5816
1381
1802
4207
3056
1649
6852
3419
5794
453
6589
8028
2846
3480
2903
3014
7277
2826
2996
1419
1194
1559
2423
4475
3194
3573
3835
6368
1690
7603
1472
1149
1329
3494
6256
5155
580
3297
6933
5414
3553
4693
3703
1928
4655
1850
2912
654
2561
5363
3760
4939
2798
3614
7255
975
1527
1120
1293
211
3882
7701
444
616
1391
769
2221
184
8999
1435
1256
6795
1325
1635
2481
2678
2914
2680
399
516
2922
8411
7628
4585
6067
6011
9485
1529
4177
3295
177
4001
1300
7498
1085
9201
4640
2974
2431
5785
3700
4160
3767
2591
4079
4777
9154
1796
2911
8184
3192
3063
2836
3350
1883
5862
7871
698
3516
1157
4399
1711
5239
1938
2264
1958
3293
1532
2618
1790
2417
2347
4502
7948
711
1863
5024
6714
88
4111
5728
325
1450
92
536
4285
412
7588
1045
6641
5773
551
1702
3747
937
3285
4970
143
1082
450
6042
5981
8592
3099
3503
2446
2398
2788
6863
1160
4229
4418
5461
612
7755
3949
471
207
1833
6827
472
581
975
572
181
1136
2154
6370
1627
681
3779
4050
1966
9217
793
3110
465
7242
4590
5647
2241
4599
3388
3314
629
1612
2444
8399
6847
7162
6682
1418
850
2556
2323
1359
1410
713
2291
6267
6815
4412
4649
2481
581
1991
1966
4417
3125
8262
5505
2269
502
326
4799
3892
3690
9063
3869
2800
1436
214
6480
2522
5382
3682
5461
2457
1165
2952
8375
4641
1946
6443
1138
2358
5497
6742
427
2460
4131
3298
1569
4218
6729
163
3771
2754
2316
2206
5751
3351
8448
3798
4165
4317
543
5400
1199
3570
3049
4404
4433
1525
615
3939
1745
2470
2346
9599
33
183
1774
7404
4670
3278
2016
4857
482
5048
423
157
8708
875
830
5987
6797
298
386
6378
682
4224
3441
1262
6007
7832
4032
9120
44
5652
218
2933
69
1513
4736
277
134
7483
3684
5832
526
547
836
5015
9302
625
3986
2590
4159
456
8005
555
7137
4919
2429
3968
4415
5134
4919
3006
1914
4057
4012
2121
2060
7101
291
3494
2161
3334
2633
5868
2400
7196
1696
1900
2013
5552
599
7656
3003
2451
2921
2096
154
1079
3700
6423
4269
2508
4662
5820
2889
3728
5163
2935
373
7197
3500
1276
239
4239
8521
4432
1682
3739
3467
858
3141
7476
2882
1178
2815
252
7864
5600
6128
211
6341
3675
3800
4198
1457
7138
7703
4782
2004
5116
2344
6746
125
1983
3596
4359
4969
3400
2579
1445
3850
5670
44
1056
1605
4021
5107
5563
1150
5639
1892
1301
1526
511
2277
5559
222
25
4889
619
1180
2302
470
8001
3727
7145
9403
1565
6133
1295
3298
3656
1600
2320
1331
5649
1973
2203
7252
8376
3387
1273
2845
2551
3351
6891
4097
2618
5050
1899
3804
1572
6453
3034
4132
2645
4663
5638
62
1914
3173
1405
4865
1357
444
2443
1789
529
2682
2367
4882
6468
2580
2641
3265
3190
1650
2791
7809
4429
1993
6626
2118
2428
6379
19
407
169
2965
1373
3864
4500
6538
3125
1613
1497
9673
1187
3272
3439
4233
8324
1335
5121
6144
3618
1513
4069
3739
244
1518
850
450
4720
3028
9160
7096
3327
2852
2663
3831
1430
651
3393
4012
2161
1935
215
4467
1113
3502
124
1712
4840
1123
4258
840
5797
443
5104
23
278
2089
1100
3351
6950
8028
1413
866
840
1051
4377
997
6687
4146
737
6529
1831
9329
2902
2188
3607
1794
7525
3079
3874
2789
146
3622
2239
3526
6812
1942
3416
3985
4296
622
5622
2283
2898
5353
2114
324
137
4617
2289
1099
3910
3916
5609
3031
2218
460
7235
172
35
3597
793
1113
2611
3467
885
3131
8210
2128
4535
4766
5340
2987
7011
7547
5292
1206
2149
6109
5608
2689
1883
2782
447
4015
6408
599
4541
6372
1900
7667
995
8296
938
3344
2853
22
6130
6029
2236
5761
3699
3597
2863
386
1857
407
2971
1491
2280
6560
8473
1662
639
4639
4568
1073
1676
4668
2072
6952
1357
1507
3672
2442
5049
2397
2988
3541
1234
928
7750
3606
631
3182
5451
1704
652
4434
6859
2467
2580
5975
428
4498
6619
358
9362
5273
9303
5979
8780
4414
5001
7380
6314
3198
2914
5328
905
1412
6473
2716
1073
3706
3718
3149
4627
5812
5013
7346
395
5194
9115
5834
3735
2994
55
7766
946
6468
1459
7259
1639
1061
331
7571
1527
867
3169
8529
366
3091
9075
3012
2570
1907
3128
3787
3840
6243
899
2848
4925
1238
1769
2149
7742
1475
2620
2796
6377
1286
5997
2313
4614
1616
2531
5457
946
4201
122
411
3300
5638
4908
4763
2536
5555
3047
4556
287
1796
3064
2738
1541
703
5372
5765
2621
4215
5772
621
1541
5704
1079
3665
1585
5650
5092
4344
775
6180
7027
5156
3251
1068
2643
980
6259
1784
5618
5440
1094
2605
947
2612
3631
906
5703
438
190
379
9517
3486
4252
3559
587
7348
4617
9266
1009
5278
2619
3634
2133
3737
5586
2524
4601
712
6573
476
5848
1872
2014
2903
2796
4649
3652
947
2018
6692
2977
1061
86
5803
4690
4370
4127
3841
6289
2598
6908
509
1648
4487
208
2725
1439
5872
2842
6431
5866
1586
4820
6561
2962
8700
9087
2296
554
856
372
737
1108
3881
709
2009
341
5358
1622
1138
5608
3067
2129
6155
5520
2289
5269
3721
8505
856
3409
243
2848
5186
1476
3806
2669
490
1981
3637
2086
3296
1533
589
273
2182
4641
2669
3315
3870
1775
3360
1816
872
2300
3039
1378
7675
2391
3931
441
1261
342
987
7221
6232
3114
6380
63
6050
6080
2528
1047
171
246
7243
2601
4433
3237
1088
3050
374
3844
207
2043
550
3477
2794
1536
4321
6790
872
9215
27
2469
1504
7705
1691
3298
3793
3417
3173
671
488
3742
5772
5140
503
9491
113
5279
983
1283
8705
2902
2127
1691
7177
411
1781
7915
5918
5136
7643
1955
1955
882
5472
6245
4169
43
8070
7053
4322
1405
1689
5529
4618
1381
7708
7713
4817
524
4811
1158
4570
1905
3903
510
4086
1680
1291
1563
8021
2981
125
7922
1394
2599
366
3282
3203
2940
1859
7592
5584
1157
3980
6058
2976
292
3659
1959
3074
2274
4274
1340
2430
2308
855
5684
968
6244
1563
1758
3132
195
4161
5976
331
395
1858
4376
1656
1715
5719
8551
4650
848
1376
773
3154
461
1446
6040
6541
1039
4152
7212
1796
2588
42
1109
1552
4735
2623
5372
590
1743
1310
4093
5626
7491
5927
5976
3941
102
1651
5089
1663
1792
5945
3705
1049
4567
7266
4546
8041
3705
2888
2967
4511
308
860
157
1043
835
2054
668
7864
3544
445
5163
8789
2818
4228
4139
1802
6004
7321
1417
1809
6633
1921
3342
3667
7119
68
1078
1445
7045
7914
2921
908
3127
4266
8429
5718
2776
7625
2725
717
6800
7089
3528
51
45
2682
1702
2076
6197
457
246
1052
3929
1438
4917
7885
2842
2023
3932
2848
6773
2723
1172
5706
4069
2004
6273
3584
4073
1455
2663
1307
1403
3811
237
2577
3970
7405
864
630
1150
2089
2234
395
3912
2222
3269
3247
431
1642
3715
3888
4922
153
281
51
2964
934
2342
3346
6305
3328
5536
4885
4171
9479
4073
4262
7703
3119
3023
4812
673
1936
7383
2807
8797
1176
3671
71
3615
1994
4556
3268
3551
3678
5131
4381
5130
3192
6881
3027
972
5496
976
4762
1233
1116
4445
186
1786
165
3139
3666
4931
6990
1942
4310
2232
3871
1504
1497
3145
1147
3751
747
5006
5648
1087
531
1200
2993
5661
3559
100
6690
2352
5089
4109
310
7957
887
2000
3711
576
7582
5800
1370
171
5350
2404
5593
1651
3153
1704
192
2665
4351
3975
2183
2810
4085
3376
994
1039
1286
4231
1631
985
1889
3126
448
1670
6178
1530
1825
5006
3773
3685
8289
1799
1345
906
569
5505
6956
6410
7885
5871
5489
2505
8057
2117
3102
4169
2919
4412
8240
2296
2174
5752
455
3073
4418
104
563
4956
2146
3512
1153
3312
1115
618
378
6103
4538
4991
2983
938
6179
639
7759
6561
4067
8919
5890
53
993
2102
6520
3587
4282
305
365
418
4272
7660
4393
1653
2461
1834
5049
4705
5231
3
2412
6133
6224
4525
5377
1343
6171
4919
5873
9043
9147
4357
4474
6493
824
2125
395
7257
2466
2891
2593
4396
1463
3074
1106
3323
5441
444
1061
2080
4910
1873
375
5100
3992
6491
9463
4239
2108
97
114
1218
1752
440
1156
578
9307
2233
4335
3306
83
6637
2067
2114
6153
503
517
1075
4449
5421
2105
7609
1058
1966
5172
1700
4887
736
3842
6133
7369
4594
3319
2029
5715
3490
5750
4709
2346
824
7750
3620
4440
4474
5734
2838
2333
430
1735
3196
8693
2582
4454
4036
538
1635
5021
978
5443
5250
1719
2115
2842
6221
549
3590
3200
6434
5514
3682
2711
5689
5930
6619
377
3541
4002
185
6098
6496
2185
3873
3933
1184
5988
231
4097
3774
165
2939
4520
9324
9206
5003
4759
8025
2235
2414
390
2465
5768
2801
5897
2142
3436
5808
787
63
4262
1241
6967
3818
6310
6026
2685
5607
3060
2324
795
1266
3835
4618
1426
3171
3194
4416
46
2238
2785
3116
6019
4663
616
3588
699
485
3684
1762
1671
4956
4936
1239
3317
9511
1446
111
24
568
4092
1087
6875
2025
2236
8489
6735
2073
5199
848
26
3924
546
1
1655
1569
4174
4304
2717
746
2583
7437
71
299
971
640
1414
4748
2056
3414
2067
2946
2839
310
603
6697
1076
4504
1797
6036
613
4009
2005
4772
3533
5568
5459
1247
1228
5730
4708
391
8581
5321
209
1753
4510
5009
3301
2346
4811
638
1807
981
1594
4206
1657
1561
3738
3677
6443
3949
3935
842
3558
880
1424
4306
1840
6805
1636
1460
5117
4720
5941
5509
4209
3819
5634
5652
1111
620
1985
2339
1115
6227
1908
4436
352
464
558
3689
3929
10
2690
1770
4020
2506
1843
6120
1836
7241
981
4903
58
7044
7049
691
4065
4089
4687
1276
724
3288
850
4787
423
3267
1047
2718
6030
6450
4011
4835
6504
3544
4966
7692
1286
7203
1134
5322
5482
3992
2667
6069
1378
3289
959
7424
2732
5203
2576
452
1638
1167
372
8
4315
1626
4382
624
2721
3628
2241
3366
2598
6897
2430
7481
4476
9256
4450
2227
6790
3766
7174
3616
756
6349
2042
305
595
1271
83
327
437
4077
3026
5857
2216
539
633
364
5796
1996
2993
7415
7926
4863
135
1504
1553
6493
6386
983
2258
1779
260
5258
338
6009
5749
8060
695
6869
5926
1720
3786
4342
4670
2667
819
8572
4306
2554
3465
7684
3988
5925
6972
330
4272
1542
5592
8560
799
2239
8059
2933
8903
7987
5802
1500
1982
4870
4532
1487
7022
5785
366
399
409
7173
406
5019
911
5840
4191
1940
3363
602
7833
7017
3712
6156
5257
896
1081
2051
1391
2999
1277
306
8230
7154
2958
884
4493
4400
1956
8277
2381
956
3012
966
4805
7324
5225
1715
4531
1364
5513
676
9096
5310
4090
2570
3769
1732
4685
3167
5791
4290
1492
1089
258
5085
841
7674
5892
8502
4395
1072
7696
4912
3639
2870
2669
7923
8041
118
347
2312
2874
112
2388
1908
1073
2127
6352
2481
5146
3725
626
5245
3249
2401
1112
1618
606
7453
207
398
2028
4370
3792
2141
2136
176
3559
177
2898
819
3821
940
1141
5235
3648
3376
15
4389
2130
2783
1633
5552
4120
4479
3585
4470
3697
245
4641
2145
6356
3227
789
6857
5166
3557
2702
4902
5092
2023
2509
631
5057
670
1991
2415
2474
8632
250
4698
1744
38
6142
720
588
4781
3877
2528
6466
6791
2985
8573
6728
367
165
389
3454
4484
2276
1247
1535
8063
2226
6855
3795
2243
409
2470
750
5654
1219
1256
3196
6785
2509
3384
1542
936
2952
3499
5242
1865
99
3498
1790
5097
1513
3154
309
1821
884
5418
946
2964
4093
6624
1455
5438
7233
1474
5653
382
5144
6723
734
4917
4188
3942
4237
7112
611
2500
2298
132
6910
4636
3768
603
1602
1328
2380
2489
7109
74
439
5458
755
532
4404
7951
2711
7894
2004
5574
2559
4299
6362
2972
7738
235
6847
463
1171
6695
6110
7927
4902
2021
2566
121
4881
1455
452
1017
3564
1653
484
5340
713
3055
4718
2777
2298
1661
5794
4290
611
3421
5496
1311
6513
1596
9152
946
1082
2241
2129
119
8141
1176
1742
165
1845
572
788
372
4857
575
3977
2410
4959
811
2147
7347
1924
3448
1888
1541
696
8430
1719
3115
3936
7197
1908
1360
5889
3717
2189
1954
778
6232
3884
3630
4471
4841
1691
9105
4367
1335
1381
870
3631
1357
8535
2262
5855
1336
7577
1340
2072
3949
5583
803
3312
239
355
4069
255
5147
4519
2232
7358
5433
5168
3598
4262
4063
300
1525
1784
1492
5804
1198
5844
4598
5786
4377
6618
5996
2091
7620
1107
1398
932
2455
6882
9383
5716
2504
1145
4871
258
860
283
1767
1529
4295
2511
3221
1132
4895
1219
357
118
3080
700
4094
6020
4171
2980
2859
2729
5898
1898
4199
1722
1214
1494
3046
7307
2021
9