4195
372
5978
4093
2503
3328
6840
4817
2376
3146
2025
2297
2696
4365
183
2282
313
1301
7819
4461
5213
3403
6034
2141
848
8309
3075
2712
5113
2357
3233
1728
505
3519
1319
5036
504
3828
6434
2819
6181
3985
1768
1493
1750
6125
8441
2948
2073
1004
3924
2086
3107
3256
7656
5000
106
1437
5316
2916
2737
1574
8259
3017
3466
7878
5755
5498
4622
6368
6162
2864
2258
1016
5109
1671
7397
3744
332
3350
4398
2412
8084
2621
3605
285
6153
7869
1307
1363
426
5963
5053
6282
6315
872
426
3640
5010
2445
2554
4181
788
2975
3911
1703
695
2897
7556
2927
2212
383
945
7110
5242
4301
1575
5069
213
2563
929
2415
265
6006
5672
4355
6802
8289
6720
1990
5611
5817
6917
3574
1161
1722
3639
4245
2457
8666
1423
7428
1177
6272
5623
3682
1156
439
5903
6785
738
666
732
4237
3036
4086
4412
154
1827
7525
2473
723
632
5398
607
1057
158
2822
6667
1127
6264
6396
7172
4375
3324
2450
6358
4544
1905
2305
4658
4316
6292
2056
6781
4058
2666
524
2537
3857
4439
2146
3967
3667
2292
2740
3026
3109
1297
4788
4912
4235
2516
1680
5082
3459
2194
364
7812
6295
6778
1405
162
1180
7517
1882
1377
1511
3918
3898
6232
5694
354
1115
5486
5126
308
1657
5945
3714
1383
1273
5471
7936
6085
1676
3304
7081
5207
7644
3868
118
3226
3698
483
8077
4138
1276
256
1540
7249
7538
2727
7278
2821
2264
2529
4986
3082
1552
756
1941
5355
326
2871
4488
6733
4303
2041
860
794
6877
1647
3474
5848
4021
5157
5793
2927
2702
176
1875
3822
3187
7280
611
433
2906
2888
625
2268
7912
2862
4625
4506
626
1368
7199
457
44
2343
2814
1473
1108
515
1873
1632
4243
3604
2026
1542
5069
5989
5964
4905
6858
453
4811
470
3686
8697
118
5744
145
1399
1537
5014
691
1740
6120
5153
2741
1590
835
2022
2637
5172
2316
4444
1753
4798
2666
5994
3003
1448
3024
1724
1448
1144
1101
308
6016
4638
5428
4184
988
4167
7347
3601
5519
221
774
309
5219
6042
5592
4445
2880
3926
7405
1896
1739
3531
1278
4569
632
1684
2049
1354
2509
619
1220
7420
881
244
3688
1736
7660
1193
6836
5197
7004
6960
3914
1233
4427
2996
7036
2571
1055
649
7977
990
526
563
1627
1195
736
2083
4855
2641
9340
330
5109
6851
4543
384
1149
5370
211
2285
2747
7449
2418
4276
5048
71
8320
2484
3033
396
2592
733
3099
1733
916
2205
5433
3940
558
5008
8066
4080
136
5868
3921
5794
1061
4113
7295
8056
3804
3328
3290
7606
9083
761
4642
539
103
3007
524
6775
4803
1056
5605
2455
3452
1924
4851
807
5137
6819
3473
3457
2989
7593
1266
7943
142
5239
2148
13
6383
27
7435
2468
1465
7647
2089
129
4684
487
4975
8069
2052
2639
4325
4763
8276
2853
1809
1306
4262
6733
7006
472
1760
5455
3978
3000
13
2625
2468
352
4171
4857
1090
9002
4884
3473
5934
4739
4715
6573
229
7010
1362
451
4045
1387
2497
4172
442
4561
1805
503
618
2740
6688
5692
2480
5416
2745
2128
1639
320
583
4527
8010
1478
2000
1384
5358
217
5161
5308
9229
86
3783
2034
4000
3903
2181
1852
7918
7607
2603
4005
5384
6692
3907
3927
5470
4218
3706
299
5406
9251
2434
4591
311
4159
583
481
6005
1335
3497
6532
179
3908
1660
345
3948
283
6465
1301
597
4042
8040
2712
2309
388
1131
2239
1398
2105
2350
5354
823
3990
1734
1476
4832
1252
1735
5065
8026
2317
287
1282
3502
1240
6135
2033
1973
802
4734
4649
1156
2647
8470
6661
2581
3945
1217
5291
72
510
5669
4098
6903
4348
883
4269
3045
2548
1171
466
5691
2873
3285
5402
2393
1348
3636
2046
3655
6734
4304
7722
5274
3861
5288
4317
4359
5394
1076
934
4206
1967
180
4666
5895
7571
5187
2287
5112
2109
5795
1865
4811
3073
535
1517
2358
5774
2502
4059
5852
7298
7755
4885
5439
5199
1786
8965
89
6886
7665
2553
5186
5079
3492
181
5943
2561
582
2312
4092
2495
7409
5901
4265
6408
7372
1296
1114
6860
1883
79
457
1419
268
7054
3310
7392
3128
6812
2586
8681
6717
3489
1484
942
830
8617
404
1045
5092
7601
6000
2070
480
5717
1363
145
1367
1553
4191
4885
3244
8744
7342
1781
3361
904
3839
3379
481
2930
51
3587
3828
2640
6433
2009
748
3606
535
892
714
6179
2912
754
6272
3668
2721
2011
2149
2980
2601
7104
3011
2217
4973
3178
2004
4829
3828
6496
2133
2993
392
1188
2242
2023
5799
1206
5602
856
2507
6960
6355
1266
6558
983
916
4811
2388
3216
4280
347
736
3658
1651
239
4324
1278
1752
487
3762
3697
503
6138
3915
2262
512
95
4433
8146
4708
2812
1370
8405
2866
1346
6325
9028
6605
607
2083
1280
6386
5698
1613
7650
3032
2731
269
3721
592
4017
2974
1057
82
1347
2205
6793
4145
7168
6954
2252
987
4947
3045
1901
2044
3195
5687
5409
189
600
2802
1646
4184
384
1776
3034
3532
781
6849
6548
1678
5916
7881
1723
1803
5494
156
1684
6978
4987
14
6236
2422
2728
4539
9082
4901
2348
240
1187
1878
6064
6444
6888
4950
1782
4931
2800
3217
1833
6708
3773
1332
3334
8359
961
5948
578
3072
468
5253
2731
4206
411
5486
3039
465
5483
3769
1061
2267
2104
2555
1266
4608
1410
1885
1488
1707
4823
5651
2623
8408
4868
1221
2429
98
994
5826
6194
1917
1182
5396
1662
646
1371
422
2710
2442
1536
7557
2989
759
6964
74
2771
2596
2161
81
5048
3507
4649
554
1354
4490
4821
834
4050
2294
7574
2266
1836
7528
5156
3095
384
5227
8381
7297
5013
2216
7794
749
5934
3039
3374
4147
2387
2580
1358
7624
1236
3431
3198
8086
462
803
711
2750
2734
4625
1586
5676
1295
3908
3087
9537
7810
1381
3460
5432
6428
1727
1662
760
2841
8960
9158
8177
4752
3173
3367
6441
8319
6768
5018
2922
1207
1227
544
5874
6729
1752
3625
3253
3020
2112
1021
7093
6686
7605
3252
250
4194
652
4519
625
5682
1284
4451
3852
3039
1755
7788
5638
9046
7384
1038
4752
3244
445
3286
62
853
3203
1127
334
677
344
6705
2376
6363
2786
2711
6138
2868
2022
268
3959
6316
803
1576
4153
4598
1461
4956
2874
317
1722
5648
6521
758
5466
1089
5873
3576
654
3419
1609
1427
6211
4986
6759
5885
2870
2951
2484
1298
5659
1981
502
3183
3751
3387
3533
440
3708
4142
3964
1770
4882
1375
3039
4
9031
7082
399
4264
1232
741
6659
1821
58
2192
2166
699
2627
1740
3292
4421
404
4864
2022
1427
6640
8178
8406
4133
5823
1785
2537
1782
5262
3720
4364
4396
2313
4746
2912
6768
7581
4123
3190
1108
1451
1434
2000
1405
1646
3203
2629
2779
3791
785
5667
2841
4648
1589
1211
5318
5496
49
2931
1118
7831
3225
6050
2717
6653
3578
4543
6536
2655
6669
1088
5496
291
4297
1449
3404
3721
4625
823
4
1306
643
2324
5718
6789
3633
558
7316
5256
1751
2719
1906
5495
3863
4051
5136
154
5002
5614
908
628
2334
1881
2116
3336
579
3214
495
1146
1940
172
3880
3844
2124
5450
4846
4139
8428
2148
1536
4482
669
408
1439
1449
641
7418
2695
6102
4018
2970
73
1782
1093
878
1577
1420
5589
538
1166
1436
2487
122
5743
473
6660
138
6499
2383
232
750
1163
1543
7319
162
899
2217
6034
5569
1313
4154
1238
1076
4504
2541
1070
202
6054
6946
5281
3356
3108
1955
5483
7310
4864
5571
7558
997
2788
3434
6337
5477
4108
2943
2150
1243
1128
2825
3293
2
2814
3121
2365
125
8387
2129
133
4886
4790
538
7796
507
2486
5680
3494
1808
1178
5320
2090
241
5175
9268
8829
8488
1494
875
7476
2356
3884
2786
8384
1308
4652
3521
1109
1029
3000
126
4323
2284
216
357
2375
8875
1224
3799
1660
4969
3156
3740
4650
4580
2327
2068
3220
5782
8097
2454
128
3017
5883
122
6029
2245
7185
1380
2849
2932
2343
1097
33
2900
1339
3267
5866
2246
1641
6991
3812
3703
707
1437
406
6272
5400
3059
4013
6078
3168
410
1473
6455
7132
1347
8264
1565
695
2566
348
117
9212
7565
6709
1136
5411
5518
1470
6577
1790
4194
4303
436
1236
7810
897
56
3999
4861
9
999
126
4373
2221
6522
5394
205
3948
2540
778
787
1318
5547
2099
7783
2360
4228
2094
5711
377
5260
4020
1608
1987
7238
6382
5400
3348
549
6235
529
2334
6215
1926
3658
3339
3638
2663
1100
615
3301
1157
3143
6875
642
263
584
1430
4525
3295
1302
625
4707
3058
232
8487
8219
3933
1404
5840
5603
6798
1149
1427
359
3334
265
4361
2876
3938
3669
1461
3989
3097
1801
871
1793
4560
526
198
4210
6929
98
3323
2075
1646
1350
4056
3968
1613
5459
5189
5630
2076
2289
2032
3190
1878
1366
3464
473
65
3407
7879
4467
4198
1843
4022
5042
3645
2521
3921
2456
3087
5351
2148
3710
2997
5248
5877
5028
2581
3902
5121
1143
3049
5865
4155
2062
2882
3321
1166
3062
60
402
446
5747
7122
500
2518
116
1230
3696
4115
261
2105
3425
2798
737
5312
4972
4870
1567
781
1903
6170
206
4184
7365
2446
351
3980
834
5629
7679
6489
1406
6808
3458
1437
670
2701
460
3085
1375
7153
4770
2044
394
9027
5530
5527
726
924
6472
7263
1079
393
759
3873
2016
7071
6690
8376
2013
6774
2757
6467
688
6567
2944
400
2896
3306
4948
4161
3414
7967
3338
472
3028
6884
5036
7209
6684
1038
2635
3622
5114
961
7373
4921
3649
3422
1849
7518
3607
234
101
3720
3763
1834
3727
2152
9072
2376
832
4260
3738
441
1186
4403
1837
501
494
1627
6676
1934
3148
1953
7107
138
2067
7986
4327
884
3955
75
1477
2836
6766
2218
3215
324
6353
1139
1720
4337
3251
4456
3013
255
1247
1176
2492
228
5019
5508
2093
6149
3264
5511
3455
3451
5851
5995
741
387
1281
2585
1728
5131
2784
815
5378
4252
463
8361
662
336
7701
3929
5037
4458
6644
3106
4913
1981
320
6087
1950
3266
3464
527
1207
516
1275
796
89
4487
5541
56
731
7451
4002
4669
1156
8607
2231
71
2866
3789
346
3840
4228
1224
1331
3701
7463
7077
3997
7252
3734
4231
622
3595
32
178
1329
7108
4322
8910
910
3774
1941
4683
4954
5762
770
1561
1262
3776
1049
5562
3073
3949
680
2891
4908
5612
1777
6936
4234
6573
2558
4222
3232
8233
932
5872
1493
2917
6352
5725
3912
747
2624
1607
4207
1925
4557
2656
4454
4867
2028
7461
1237
2468
1794
6446
692
421
3897
4115
2027
3566
5917
4989
4088
2068
3026
693
1581
1984
2590
4633
2465
9157
2139
4951
996
3536
8162
3090
5434
2415
666
1548
5160
4577
4150
3866
9162
6187
2812
10
3807
1644
559
5151
4009
5303
1856
2194
3276
2819
2385
476
650
4527
1711
2004
3615
5683
1346
3691
2202
427
7520
373
2370
4827
1880
1672
2203
1219
1446
979
9195
713
4902
613
4724
1192
3446
5160
857
2483
7368
6210
6682
7451
499
6384
2746
4469
2349
1714
5435
762
2246
811
3754
5865
4747
7213
6655
406
909
3171
2986
268
4264
3466
6629
599
4897
9846
1629
3340
1832
1770
5523
3819
3517
6818
2632
4774
3215
1515
4920
357
1469
2095
225
4026
3
6159
4818
277
1504
4284
2805
3115
1704
5479
2724
5672
1284
4793
2682
8207
4093
1702
3197
1012
2184
650
101
3961
9050
1770
4990
1031
5770
5035
3037
1135
767
1734
482
2385
4395
2142
286
1374
2301
1084
2187
2942
1612
5910
1468
1469
1866
2128
1453
5236
597
3077
4240
847
5446
4934
9663
3821
6997
1454
4236
497
2401
594
3744
2661
499
4963
277
467
61
4568
1166
3704
1968
4285
2133
411
5066
5156
2550
1806
3962
780
2382
3383
3479
5958
1734
638
2411
1240
1799
558
2985
1646
3008
9137
1955
216
2399
3034
6919
7459
150
1945
1097
3415
5312
1005
183
1600
4085
3125
31
524
7591
6768
7356
7150
1807
1871
3451
141
8562
5762
603
143
455
4694
652
1124
3153
422
1618
778
2431
2986
3232
1561
3007
328
305
2744
3692
6576
2950
352
2745
1057
778
8795
2691
4829
2761
1242
3743
2934
435
3577
1324
2571
2084
1585
3328
6941
3899
1786
2328
3074
1571
8626
3774
3311
8131
3265
5099
43
9912
4599
4235
974
3920
1175
2116
623
7530
1281
5189
756
334
6690
2736
1779
1415
5281
2950
5431
6188
2883
364
4515
2636
5624
4425
4113
2734
3401
7779
2305
4840
2093
1389
27
6390
513
1969
2136
2551
4154
4815
6892
253
6966
3116
2622
1351
1202
873
2793
771
3281
3386
958
2070
6888
5724
5662
5362
5957
2763
5948
505
5194
7232
6604
7000
1225
4802
7391
4968
4056
3211
1448
3187
3453
3112
4253
3926
567
7386
1640
2256
2824
416
3238
5797
60
8016
8953
685
5861
1624
926
2657
4877
3778
961
2565
1748
47
2210
1713
1964
8524
1496
170
4725
2246
7629
3657
3958
5809
6285
1738
2318
6698
145
157
4192
2038
4903
1417
3857
1676
5703
3007
1339
4325
3214
6374
3624
2291
1002
1548
3605
621
3468
4063
296
2128
7212
1812
5490
257
4088
5380
4326
4902
312
2891
425
1366
2029
8656
4726
5198
1375
7311
6542
2806
3590
237
8335
5807
8114
4979
2774
2350
2640
1987
350
4807
3089
4886
676
879
288
4588
8346
3707
3067
6108
5568
4663
1225
211
3861
3187
3256
2017
6603
1877
7194
5041
5610
2399
5028
2515
5607
1857
5529
6278
4613
7016
119
1940
4613
1391
1886
5192
1520
6362
4047
791
3954
884
6623
5804
353
5290
3709
28
444
8844
5269
1228
4250
7050
2668
5482
979
1436
1037
2654
1901
2626
391
928
3103
1095
2172
1274
1077
4636
2992
45
3350
1619
7970
121
8523
7403
4227
1798
1430
4108
4392
2060
4904
2569
7431
1232
1154
1892
2284
4340
1490
315
5253
1806
11
8951
4035
3863
274
3999
2504
8135
716
122
8566
53
4732
3170
7527
1585
75
6840
969
308
194
4627
2181
385
301
619
468
3403
1235
4362
3138
1178
3365
2237
1663
2374
840
4107
4128
4855
1259
546
8060
5392
2190
3899
8845
2326
3323
1393
1326
1206
2170
8341
1487
7051
1292
6387
4072
5489
1022
2011
6288
7301
5294
7403
1266
4770
1147
2899
8071
1457
794
1570
7504
6754
8558
5733
8732
6633
4310
4624
783
1853
40
4834
4130
2873
2248
1455
1989
1374
5297
3768
4227
1806
2754
2286
1670
4919
567
1393
2408
3078
5360
3741
4727
4302
3182
5884
7290
9681
7565
6112
1212
5006
1652
1855
1913
5414
4217
3721
858
4442
4271
6959
734
6618
2729
1732
3468
1346
3398
4634
1346
6068
2626
1961
2876
1211
5487
5209
7272
3489
1029
2446
762
28
1653
3354
6808
1412
6318
123
1679
9303
2823
7712
2888
4163
5104
245
3424
4878
3900
4150
2978
1625
2092
2916
7936
3074
2244
3347
5098
738
1517
1719
4955
5344
1444
2168
6823
2795
1598
4615
2775
6774
7192
5988
4737
1666
5834
2473
1351
2326
735
5837
5838
4407
4786
103
2135
3006
3655
5331
450
4248
2238
1843
1529
2834
3700
7153
7111
1900
2290
3312
1705
1756
6671
416
4252
8928
2238
1005
3287
2036
7639
3398
5142
1310
5423
63
5320
1508
49
342
6026
6310
2155
3154
3967
6077
6804
1159
5138
3204
2954
5600
1167
5067
2625
5526
4033
3149
2613
1035
347
8238
5740
384
6915
2161
750
2044
1451
632
1865
4724
3143
6109
5708
7536
6586
8654
5471
4484
550
3339
1865
1174
1848
877
4279
3977
3901
1634
3423
3927
2713
155
3987
1760
2625
402
4835
2573
5955
3962
1916
6506
1307
3366
3829
1924
4987
7595
8797
1170
2704
6732
5259
5110
2638
1101
7594
4899
1215
187
1737
38
5256
2042
132
2230
7266
753
2627
1584
2701
2278
275
5671
1481
1354
8124
4882
2155
5081
4704
5573
173
99
5488
5805
30
3147
3674
2046
5986
1399
964
5086
2196
8522
3302
4785
6298
1828
1693
813
1881
673
3704
3932
7159
1007
117
1989
3105
2394
3220
5529
3536
5426
5361
95
3467
971
958
2936
3690
6549
4139
60
2859
579
3265
4289
391
3226
5189
3703
2991
4882
3178
227
1408
1185
8652
3891
4889
6991
2408
5151
1343
3073
198
3537
791
2763
814
9078
5580
2961
5845
2828
2202
4308
7535
3747
3364
6954
111
1290
6050
1031
6596
1423
101
1456
2504
7070
7054
868
3957
1384
7639
1112
8722
112
7626
3096
7129
2867
2048
6659
4981
161
6277
562
4670
8299
270
7331
2781
5064
2323
6013
1653
5213
3688
8876
4640
1272
5931
1441
691
1131
5299
531
692
1421
3974
53
5392
603
3870
5450
912
5925
692
4416
3990
338
2600
8275
1700
6824
295
4803
3975
7163
1541
7859
1658
2610
393
3309
6194
5457
5994
5763
1701
5750
2153
7621
5574
676
3456
6113
5030
2552
5147
268
3618
711
9818
2196
1175
1734
791
1998
4251
4446
1830
2385
1875
7387
4333
393
55
1074
100
98
2289
4027
4809
750
5534
1690
3218
1588
742
3531
486
5543
3980
99
349
704
1480
3487
689
3054
522
5712
1899
4987
3919
6137
691
3452
73
415
8625
998
454
5898
7552
561
3440
374
7543
7278
4372
3057
2038
1160
1461
145
8492
1579
5337
5632
5856
7283
2285
5600
3274
4394
3359
7607
3056
2331
2986
456
7396
3553
292
2365
1364
1803
7945
5962
5661
3439
930
2644
4364
2431
897
22
3787
685
1162
1735
3168
162
7316
780
2112
671
1117
1987
5625
1172
3990
476
7500
2315
5408
5388
7529
3406
6012
578
1783
5055
3649
5575
3990
3871
4640
1970
4599
1577
3636
2347
3366
2169
5997
2552
2715
87
2451
4057
3175
8045
2064
516
4078
2066
7486
176
4187
2579
5010
3639
1585
1217
5603
2762
1692
906
3825
404
814
7050
2111
4997
876
2526
366
2175
138
7664
4668
3275
981
2353
1383
4994
6405
138
422
3712
3837
3147
2287
7309
2406
6005
5201
2577
8661
1361
3783
1053
5323
7757
3413
1304
2058
3807
320
7489
1993
1225
1587
816
3118
5346
7157
2799
2893
4244
2846
3229
1625
3867
626
761
3009
320
5117
878
2741
5261
4351
5628
1179
4197
3322
424
6233
3996
2011
341
2953
4930
3360
2161
3760
5893
4061
2395
2110
8288
5704
4697
6128
79
4345
1527
2316
8543
4930
1397
4937
2671
8319
4979
5734
2672
3028
1469
289
3246
3915
5122
6
4309
3643
1149
3097
5532
866
184
504
2324
210
6131
4613
1002
4850
4505
4425
3012
1636
5324
1512
3946
2631
2303
4882
5011
1315
1663
679
1431
4437
2673
614
3386
1652
585
1068
174
4437
155
2881
1412
9062
456
2221
8425
1190
5188
448
4297
2928
2445
6146
1747
630
6157
597
993
4648
1990
5661
7548
372
3451
5661
830
3686
662
3121
4685
2374
6539
3192
764
368
2281
5715
1179
825
17
3066
1838
1057
5585
787
8385
1399
5153
3271
4473
6950
1140
4302
4697
4903
224
752
2464
5807
464
6297
3683
4249
4396
7217
1670
4215
1246
5075
6591
1589
2081
3548
4606
3884
973
2779
1655
3633
43
2570
3846
3242
2964
168
578
1873
6614
1300
7562
2313
1414
211
2051
4795
7538
7599
3631
8294
3696
6144
3413
2349
3935
6018
483
6287
112
607
1508
1301
4315
384
371
2296
3494
6010
3082
1297
2138
1964
2290
964
29
4920
3802
219
2294
2594
1143
494
1128
1837
5616
1086
5009
7903
77
1726
5669
3651
291
7348
648
785
3169
7102
1933
3977
6148
933
1049
1280
2706
6258
8540
1867
5366
246
451
5005
5744
2607
1493
44
1397
611
2884
2839
666
1281
5676
9060
7605
20
4614
2058
1807
2252
367
4977
1233
4003
2406
1038
3566
9494
4913
3050
5247
712
1062
1976
2450
2032
2577
4867
6043
130
1187
2509
6755
3230
6267
5763
6296
3610
5930
788
6475
1508
4150
2994
1205
6980
5788
1741
3265
6601
2930
5018
6405
1550
2354
2864
4341
5546
388
255
2370
188
2153
3493
2480
2540
1170
4844
5691
5548
1174
1341
7358
3789
3357
1754
2644
3034
2230
741
1397
4633
5971
5949
5056
5973
7421
555
853
703
4413
3544
2274
2631
116
1983
396
8369
1223
8075
1804
5208
2057
710
1664
2070
92
2387
1414
1516
1206
3423
6170
2564
4949
1437
1286
18
1931
4525
6143
4217
773
6747
779
6719
4181
4616
3305
1882
1019
1939
1927
3651
941
4777
3360
4127
3668
758
2413
7110
631
652
4742
216
1549
3809
3672
4074
4645
4590
9210
3071
2757
1384
1823
803
3467
4121
3108
1371
4429
1812
3021
2798
287
2597
4159
515
3750
4500
3514
8270
742
2627
1555
755
2028
4240
3192
1747
226
659
584
6816
1614
1662
6405
2305
4257
514
2891
8024
3692
1145
2748
4104
459
1089
4050
2269
15
2839
7855
4904
15
2874
3669
480
2383
3453
1399
1935
3875
138
662
493
780
4709
3704
1449
668
1386
1402
178
1049
2534
3955
1525
8046
1349
202
3734
8037
2966
3298
3374
3875
1672
8518
6615
7538
5044
3405
267
2606
151
2240
1229
2347
4911
2106
1280
2645
8295
1251
2952
4642
8858
317
142
3641
880
930
4711
4633
667
5758
146
3195
11
4137
7081
4675
3167
6855
1996
3914
59
526
2879
3491
2474
1266
3019
1887
1226
2806
4725
2206
2851
3459
511
2593
51
2279
7833
1375
3289
3154
34
264
367
1505
2982
5714
6000
97
256
4059
1096
1693
2299
2896
1837
4524
5346
243
1530
7973
4727
531
626
1011
6804
1777
264
87
313
6489
1569
4018
4337
6094
6492
1253
2825
2071
6965
3914
5843
5639
5676
5293
6450
7301
4565
5455
2565
6570
4429
144
5404
787
81
305
3092
1398
720
797
3098
1249
4321
6229
2486
4903
1618
9476
2437
5876
5689
6199
5448
1798
200
1386
480
490
5992
1025
3793
3517
3908
5794
951
3876
6361
9232
2957
5394
2564
467
6952
1107
120
526
82
3663
4361
3434
1392
3298
5437
550
4581
6540
5536
6542
7784
1566
1817
1296
8673
1224
4611
620
2193
129
8563
574
6301
5765
231
1707
6264
4858
515
3573
6163
3934
1177
2685
6963
3579
5310
471
479
1585
7244
2780
864
4327
4603
980
1957
1394
2637
5235
2957
1274
1818
4467
967
9738
774
4542
5669
6893
5692
1529
7393
591
1809
3760
8880
369
2408
6652
5075
1914
7859
1566
1989
3235
583
1565
3071
7244
3058
912
1234
1195
4857
3540
3193
162
4983
4998
4231
167
3451
3942
968
2405
9117
5124
4313
6370
576
4306
764
511
1395
2754
3669
3974
4569
2873
2452
3477
2802
1439
1500
7915
786
4089
3379
3408
3448
1735
2167
9074
3250
3267
5015
3378
6081
422
21
1578
5490
3935
5437
7260
2417
3500
3959
2729
300
4105
2766
7400
3851
578
5844
6331
7303
6568
2649
2090
2169
3358
1463
4881
512
8076
8243
2491
4804
1634
5258
1022
540
1049
4254
591
3986
7207
6800
8521
5118
1200
437
3995
1106
3643
7065
376
1277
877
1803
2836
1309
16
7523
3241
2759
1044
1068
558
3225
3796
1731
7585
7881
3570
1089
6285
107
5777
2371
165
7932
6529
657
1339
74
1811
3668
1736
2957
3580
4768
2826
6736
2885
1558
3496
2307
4998
3773
5789
6686
2238
6505
1158
307
1087
6913
3423
2291
2183
4095
531
4600
5961
3674
1514
6088
5047
2486
3881
1770
6457
8228
1060
2791
1172
2724
538
1531
6842
392
3094
3700
5762
3448
6269
3054
485
3812
78
692
1546
9482
924
4217
2408
107
733
4466
2138
3005
131
257
3109
5658
1058
49
27
49
7083
7479
4518
8620
3175
1652
5703
765
962
2624
7251
4892
34
6413
1354
1665
3187
217
7100
4549
1073
7839
8351
923
1863
2580
6917
4140
858
5676
6544
1925
181
1449
8455
5428
872
2526
2180
223
1931
5466
6642
673
2941
4884
2324
5260
2934
6037
5874
6716
5212
6362
1811
580
322
2128
2497
1695
392
6261
1651
439
1508
580
5122
724
3084
2097
2641
361
4914
203
6311
2288
4499
283
2712
8902
1707
2817
5404
1298
1505
6606
6156
4050
282
3657
3330
6428
6238
2914
975
664
5529
5508
3697
371
2062
413
2868
5622
3639
2129
1289
206
4477
12
3725
329
6180
7110
3803
7811
4070
5130
2793
646
7146
6994
5804
668
7929
6033
1438
244
1794
2570
1181
1552
808
1128
385
793
558
79
76
3885
112
6629
6338
6001
1932
5219
2201
5398
2659
4974
1638
1947
2638
275
4601
7325
6102
278
5271
7191
1420
949
2110
520
1242
4919
8188
6047
744
1618
5944
1147
2016
261
180
1269
3500
6085
762
1317
398
3131
1660
2371
447
1307
4848
2119
1449
2218
1789
4641
4540
3325
1041
153
4987
4171
4462
837
7923
4275
986
5069
1947
931
1217
9026
6651
2491
2687
89
4623
2311
2986
2875
4940
3615
5433
4221
4212
1456
6089
4680
3550
894
859
1033
3093
7581
2152
896
2056
217
5053
7105
5237
2729
5253
4854
6639
2805
6866
3443
7054
2437
5191
70
1283
5057
7727
8023
147
4977
5325
6803
179
2479
5388
4480
2021
3803
5723
1839
3838
2317
280
339
19
472
3171
5169
8370
3393
2685
640
4291
4788
6694
671
697
3636
435
4994
5593
3879
8064
6300
12
2187
5968
4446
10
408
6194
6513
8227
7675
1115
1764
1874
6319
482
912
3107
4101
7903
8093
7954
2847
609
6790
1016
7703
2655
4634
8788
2506
1695
5309
863
4108
1611
6720
5731
5550
2670
7974
4785
6211
839
1555
4858
170
7465
74
1012
3676
182
1797
3741
428
6035
937
1554
5898
71
3069
4228
3139
2770
4453
171
230
1744
1386
3490
1715
2991
7082
1529
1
4722
3254
6038
6134
5165
4154
4605
93
4420
4863
4429
780
3851
1761
1301
155
4332
1320
898
998
8768
2700
6487
1779
5426
663
7756
916
3279
3664
867
7884
5745
4824
1404
9076
230
6586
1018
4210
4419
237
9730
7939
2933
5292
6783
1449
1666
3701
3471
4241
5447
4071
3305
3543
1678
1775
3645
7369
3778
6052
7210
3847
1686
881
5712
5769
4182
4058
1431
1993
42
2292
2301
5452
7525
4229
68
5037
274
819
2389
5331
4942
3290
3373
6946
4415
6079
6974
432
527
5602
2404
82
7838
7680
6727
1009
7836
5967
4269
2988
8181
4559
1670
265
6361
636
683
825
7189
8722
452
8222
1785
3226
7372
3379
3170
809
1514
2702
5315
3188
2588
4864
1650
3077
3591
773
8194
533
1626
4533
1456
3235
2945
4463
3552
4753
1379
4004
3017
5905
4021
6053
5706
8756
7114
388
3098
6908
3240
194
3291
2370
2657
3606
1495
1210
1237
2254
4736
2113
215
8532
1256
4957
2038
7402
8990
3418
1646
6354
6924
6453
8941
1005
9214
3087
1615
2161
413
4441
1341
4155
2175
3787
470
1976
6848
4500
3986
4800
1767
3292
7647
1413
715
354
156
2327
2187
959
6682
3092
388
2878
1693
4334
6849
3829
508
806
7034
322
2659
492
2733
348
2081
609
3727
5229
8375
3033
6434
1007
7460
3923
1667
2764
7503
5589
6843
3087
1635
5399
2584
8068
3426
1235
1042
2528
2479
649
8628
644
4542
43
3541
8901
2426
3087
3221
43
117
1143
3847
230
1326
2976
6386
7776
7712
4347
6153
506
3206
106
2945
576
2759
678
1078
1754
123
1287
3526
8336
821
2373
4597
2853
7465
4559
2111
2361
6347
172
1475
1906
2415
7814
264
3496
1440
2157
1157
6930
3763
4401
290
2223
5538
618
1957
6037
122
1082
7526
2712
3995
3743
7034
891
2343
47
4265
4262
1161
8398
8214
4527
524
4277
2443
5064
3954
9264
3443
1921
3530
2128
5973
1346
4325
2824
3621
6572
4220
4039
6765
5289
2764
730
5493
3190
5265
2463
211
7424
7142
2464
8043
7311
1774
2695
8131
5868
2915
3418
693
354
1759
4641
7195
2187
814
2933
2984
8268
4152
3010
9196
5094
1836
2884
737
4314
3505
1732
1783
7011
2666
424
78
1826
4345
1456
4140
1825
3415
2783
148
4003
4243
3255
7874
1029
3611
1565
7213
2583
4747
7115
2231
1806
5597
8543
408
3444
3164
2045
3018
432
4239
5701
3659
354
2323
2793
1995
201
3227
8968
1246
3596
180
3676
6347
1817
3865
495
3766
306
1201
2156
746
5010
5562
2448
2113
2496
212
6551
686
1091
7851
2542
5970
1531
4631
2148
6528
1719
1795
2994
2994
2272
2282
1588
1058
7327
650
4639
5530
367
3947
6078
3075
3146
6504
5212
7763
658
1954
5207
7132
2089
2389
6214
3341
1241
6635
5664
1487
2672
7543
5449
5951
1406
1475
4981
7475
1353
4573
839
4335
2783
4291
110
2964
6494
7669
1045
7509
6334
686
6651
1412
4553
5678
1777
2796
4711
3853
680
6559
2533
3334
6903
2166
1817
7647
1398
2582
1080
2883
7013
256
1091
2568
721
5732
4065
4564
754
6356
4244
1219
1497
4558
533
288
3387
667
3449
2084
5556
2419
858
4814
1756
6037
2520
540
6637
3034
828
910
1171
3914
2691
7787
1042
7222
4178
2511
472
2094
2522
6413
2726
4405
7802
252
6548
2284
7223
4283
3563
7444
5496
3198
5046
832
7265
6548
2208
5530
7879
3984
7506
3936
2289
2133
5215
3776
1994
4809
5776
3700
1886
1718
706
3633
5771
2103
2755
904
1045
4316
1038
5198
7162
5585
3862
4857
5362
2199
7411
4535
4004
575
42
4159
5008
349
5217
5207
3267
274
2895
6954
1648
1206
5441
2716
6292
464
1277
6693
2657
1918
5023
1274
5145
1144
4733
3200
1953
1871
3654
6452
517
6799
797
1613
1076
1745
1297
318
1773
3514
2827
3363
2413
6814
5931
851
5676
5372
4763
3745
1451
6251
6332
423
7351
401
8431
5466
452
6970
170
6178
2289
7747
477
2976
2300
3553
878
1017
3617
1193
7170
2104
905
4669
1536
922
1158
4002
5369
6110
2949
1772
1918
1121
3790
8520
3648
992
1214
2102
1587
4996
2104
217
4515
479
3592
6140
58
1780
5819
4313
4420
2458
7862
2004
3091
1758
5398
353
2248
4273
5471
371
3745
592
920
4638
5711
3893
552
1300
3663
7195
5703
4472
5438
1799
1492
628
4984
4494
2057
2423
524
4267
4332
5077
3637
7603
467
7740
6238
2565
5487
8091
6508
7728
3552
1446
7011
2136
954
1530
137
747
679
2817
804
2241
1442
2932
5262
2906
1614
438
871
338
2103
2961
4686
4420
6131
7303
717
1042
7428
6164
4430
1562
4582
13
1261
738
6285
1677
9582
46
4026
3070
1970
4809
600
1874
47
1148
3236
4899
3447
3409
1193
5935
1275
1886
7989
8991
3790
5983
4834
3032
483
3189
1130
4343
4623
4674
2013
5478
5375
792
5822
6213
2065
1112
6603
6018
682
2122
6419
6462
2373
3670
1341
3613
3049
621
8212
2919
147
6828
2906
1615
3406
468
810
3107
4996
693
6405
895
6008
1165
2689
4112
7446
494
1567
460
4655
8062
5799
1050
7304
2030
5276
4620
6575
150
1360
4213
973
2105
1197
2701
1950
3346
2946
7391
472
821
3447
5764
1201
4867
1069
2461
2326
3518
2114
1871
213
1598
6978
5652
6428
3874
3621
2891
3784
7480
3099
1377
4362
3272
872
1311
6608
2948
1405
2705
1549
5243
1949
3589
839
5200
698
3454
2464
511
2888
1820
6369
5778
1995
1461
1632
3657
6613
2998
5744
594
1284
441
1749
725
4964
3604
1016
1817
3054
5748
1222
543
4678
3452
3138
6576
348
6616
469
3698
5205
4707
675
1420
185
5706
3528
5093
3608
5554
759
214
7644
2425
2555
8407
366
2494
2728
2042
825
5680
991
3334
812
2490
5013
3221
3385
5512
4390
3024
2712
98
2033
414
5288
649
5105
4134
9670
1869
4457
414
5289
1734
5023
4609
6990
5152
7063
997
4602
187
1283
5054
149
2979
6660
5525
5164
3477
1214
2302
2721
1119
3636
6615
3160
225
7434
3425
2379
5717
1129
5729
2273
2288
1936
195
2391
1362
5556
1214
1635
6907
2312
766
1815
1351
3035
6561
6109
5582
1594
4386
310
2859
1969
343
2590
4146
4842
2453
5183
2158
4144
657
2933
3791
656
1123
2985
385
2513
4390
569
1951
4084
1616
4136
172
3546
2310
17
6477
3720
5551
1164
2879
689
424
5419
2540
2224
2728
2038
1116
1061
3335
3742
2124
5203
4983
1822
2221
69
5316
5460
6626
3080
1909
1357
2383
653
1875
4444
1465
8505
7277
8315
1592
8307
837
1385
7291
2050
1979
464
731
4844
1265
1299
4442
3941
1415
3442
1467
183
396
5695
509
2817
8327
1233
7116
3181
1578
312
2257
5529
935
2798
7089
858
4287
3869
4818
4025
3078
6260
2847
7386
1146
6719
6459
37
3888
6075
6247
8700
3003
14
4681
259
4223
90
874
783
175
1090
5812
1220
2473
4265
8108
417
4104
1427
490
6979
463
6518
3088
3112
1284
149
4416
434
1749
8589
1088
600
2525
5991
4166
4480
1354
2962
6638
4977
3345
4814
4627
878
1649
5305
1006
1067
883
640
3328
2326
6720
6551
6291
3351
526
3193
5523
8973
8154
426
2947
368
5817
2255
1899
1572
5581
3866
6263
82
5033
3865
886
3024
1198
5276
3602
5784
337
5189
5156
315
3090
3066
4176
8521
2582
6781
3138
1593
2203
5073
6969
2234
2745
1942
7494
111
3047
4685
5145
4961
170
15
8032
362
4511
3840
5807
1685
4486
2797
1556
1430
2796
1580
1056
1000
2149
3149
279
2094
1249
4699
4813
2936
2845
4880
7337
6431
1317
3458
4867
594
858
8023
400
5785
4214
2904
3546
2033
2764
2668
690
4074
3310
7707
353
6512
3103
6081
1431
326
3229
2204
4249
2419
6918
2158
4114
3420
753
1427
166
3175
234
1210
757
2522
5309
4622
5012
1309
1457
2026
8
2661
809
4669
1214
904
305
4724
1596
1521
1495
4953
4034
1425
2805
4920
526
5512
3394
2034
7524
443
4314
400
6593
6577
32
2113
965
2636
5714
4489
3997
7209
6495
1041
1903
3142
6591
6411
5601
4187
7216
4273
2042
2071
724
390
937
622
1399
5830
3376
7132
3964
1556
1602
1771
1168
7858
1490
1419
2890
7233
1636
7840
8368
4952
6032
931
3117
9538
7321
5650
6850
7454
339
3293
3085
595
2581
8286
1843
3198
364
4282
5671
3097
657
2005
3833
1397
576
1292
2666
1990
5059
5552
2608
968
4926
153
3151
3771
1382
967
5099
3480
2446
1402
1217
7024
4543
3249
913
387
3662
4201
114
3272
4712
6023
6201
133
174
3699
146
4309
71
5047
194
3088
1131
7874
8186
3554
4539
6284
313
716
2344
2765
1343
2401
1213
923
808
2419
947
2662
1457
5572
501
8300
6615
2206
1534
1449
4654
5945
6548
4848
659
2311
5571
3577
1258
6291
2020
5528
491
4223
4439
7322
4069
102
796
2387
3927
6704
997
4777
3558
5641
6026
1751
2671
1849
2224
8500
5560
319
6230
4581
2640
991
36
682
1094
911
7741
596
2246
3852
4858
1574
757
6791
737
815
1389
2307
6955
2086
2255
4008
3094
4729
1927
3399
4025
983
5522
6700
2729
4766
3968
2388
730
2195
3596
2884
1077
1790
126
1984
56
2947
4733
4862
4689
4941
839
1873
7149
2293
305
2184
6738
7318
3784
1224
1535
1586
3051
3582
4597
1215
1150
2225
4508
1802
7090
548
5573
1737
4554
2778
4330
1958
2807
1894
5145
927
102
4738
1867
1908
1146
1568
602
8828
5686
8115
2413
6913
1828
3640
7067
5686
1239
8818
751
2470
5777
3467
7258
1823
4798
852
4937
9002
1423
4283
1200
6909
2154
5088
2964
4383
723
6792
3344
4485
5437
2272
1078
5200
2040
5871
2632
5157
82
2140
1272
3690
4742
1067
1998
5777
4119
3205
5406
3705
1284
5086
2777
4622
3971
764
739
8137
7042
2403
6480
1749
2799
2179
607
1394
1176
5493
7950
312
8079
2106
1540
5392
6025
7152
2903
62
1939
2689
5586
2964
10
4498
6219
1318
4251
1869
540
124
3648
3522
1603
1770
2653
3105
7398
2045
2608
4808
1332
275
5381
1934
7284
5082
718
1213
516
4082
5186
2999
6658
2115
1734
3508
2999
8508
568
6482
943
1167
1656
1250
3129
6942
4501
6641
4021
4711
3362
4919
3889
5544
1980
2147
4922
741
608
6740
3217
159
3899
4539
2477
3936
2717
2613
4407
2925
6248
6440
6269
1352
4656
217
2243
7631
5258
4961
1129
5839
498
2108
3198
4605
2361
5092
3233
3249
2423
6957
3253
7180
2088
558
755
6887
3740
669
744
1546
4145
360
2158
735
8708
1213
151
2919
852
924
2286
647
4477
536
7216
4400
1713
1349
2242
918
2065
8071
2951
3275
2463
5838
5060
1772
566
7619
7299
2364
1501
2669
4766
2266
9050
105
5866
4732
2036
8713
7892
2518
8262
5827
1107
1426
5407
6447
1314
2347
541
1766
5227
3143
2191
2090
2489
24
1192
1648
8127
2159
1128
7195
3602
5647
4602
2003
1481
262
3001
6590
3786
795
56
3696
7014
2686
897
2669
394
6686
1872
5024
3302
345
7450
3192
5702
825
2770
563
2663
2569
4616
321
3104
5311
474
1627
817
5583
2377
1660
6880
5155
4581
512
5942
2051
594
1243
3235
7476
2578
7620
5096
713
910
6450
1173
392
1100
2898
1093
1904
2611
769
2624
9278
1420
2000
751
5407
4673
113
455
2138
5251
759
8294
7969
7034
2830
8101
8427
6809
2562
2192
178
6714
7485
6002
3962
3945
8672
6628
6819
7620
4343
3822
1566
4157
2997
5559
3683
735
1006
665
2576
1153
2211
1380
2833
8216
1965
6223
4234
6956
7576
8300
8960
3947
4913
3338
7440
1944
5100
4314
5252
6168
318
1639
5121
1389
3306
4831
6315
2173
955
343
2971
7633
2727
2816
1381
6897
583
2230
1635
993
3648
511
958
3066
6855
5226
3191
761
1724
3791
2250
3131
122
7365
2304
3704
4114
1348
1705
4577
2573
1435
2578
1918
742
793
8751
1514
2161
1273
5491
2408
3043
2179
1275
2044
1223
3427
4587
3907
662
196
852
5351
688
943
1892
266
1018
194
127
2174
2133
4289
2044
4385
274
147
2157
5237
1864
781
6977
7685
5094
83
3641
251
5988
7589
4581
3294
4051
5844
463
5567
5203
3647
5111
8710
6250
4999
1167
1061
3269
3601
4920
2638
2454
512
2741
6725
3901
5222
2762
162
3643
4524
7795
2754
5424
5413
3115
858
8452
3100
1055
7193
3235
7937
2751
5394
3205
2950
3494
635
4131
6268
5360
2716
3836
1389
5367
4032
4764
1642
6221
5147
8084
5491
993
2804
4710
2681
6971
1541
3467
7505
1606
1762
6049
4224
5575
5459
6435
1209
4981
2998
3457
2323
1787
9059
5638
579
3920
1581
3176
281
1890
74
2418
3020
518
2457
3335
5392
1623
6628
5299
2737
2412
5543
4655
2020
1652
184
8395
295
1727
1706
1130
1779
5371
8162
2413
2315
3838
36
4814
2586
735
202
282
2884
48
3582
3792
6740
1617
2013
4298
274
2309
1677
565
1283
614
55
5759
2983
988
302
2517
1110
4058
5538
4141
257
6173
73
1248
771
2692
4984
1021
4746
5030
1741
24
8457
4791
1916
645
860
2434
207
2491
5010
6273
925
6921
3049
2444
6306
1492
1622
4625
1671
7810
2541
108
4262
2922
3722
321
5193
120
4940
8768
4277
7359
6048
198
1253
9154
1623
3363
758
1687
2472
1206
4499
7434
2945
1194
3920
4275
8403
5804
6765
1802
1801
4598
1834
5833
4945
2629
612
90
6250
911
8405
5143
7263
1895
3860
3397
1153
4057
4828
4776
2954
238
1605
1954
5117
3051
6486
2898
3625
3275
2703
852
2737
2651
440
3409
8883
4847
6592
4167
9049
1405
2168
2363
2787
5225
1888
2146
7610
2276
17
784
3978
584
3783
7588
3275
2207
7487
4063
2398
2258
1476
6824
3192
6510
3996
4190
253
605
2829
4763
846
7071
440
1538
2879
4930
848
2458
2059
7003
4694
6795
2370
2031
844
8037
772
23
1499
5502
980
4377
4598
4146
5091
1413
4192
8214
6202
5876
2026
5657
6797
6809
711
5852
2533
3364
254
8304
1884
6802
1366
1112
2942
785
2734
2657
4963
3766
3534
1864
4102
965
2247
2231
1191
5858
1152
771
4932
4690
1528
824
807
4136
6495
1985
1365
2929
5247
7315
9164
4005
2871
6244
6918
4088
1019
2555
7035
2382
6738
6359
6103
4163
805
1212
7516
2001
244
3427
837
281
923
8193
6531
1813
194
21
4039
5118
1434
2892
1937
3685
8619
3235
1298
4243
5207
4885
916
3352
8539
37
4047
198
88
2830
981
1170
7276
974
2655
3650
6665
3042
913
6840
7078
7340
589
6932
4266
116
6825
1920
6422
2435
6219
1629
5711
1627
6060
3140
6671
5597
3201
4857
245
2436
7098
3100
2589
2103
3988
886
3950
1057
280
2729
2324
1057
2229
3883
2348
3158
208
1372
876
3962
5292
6030
316
7187
205
6841
4707
4428
1015
4182
4303
323
6824
8540
6170
3966
6373
4249
591
5435
3638
4694
4706
4052
2349
1189
5397
4893
7885
463
6345
4647
2414
6511
605
6924
5005
2570
1849
6677
3391
1295
1981
2414
1730
565
4469
3795
1405
575
1318
2271
5518
7861
2852
1847
5149
5603
1320
7452
1755
2686
5985
595
3233
2766
3537
128
4110
911
3526
4546
457
3273
4666
6104
1082
1363
3468
1294
2564
4399
3666
5938
3741
5623
5271
2902
3058
584
4575
967
1095
4714
1585
914
5476
7275
1595
1269
693
437
3688
6918
6391
1498
2028
8767
2604
1172
809
2943
1627
574
2778
6446
3431
563
1554
4673
1515
695
3516
4040
53
3879
9190
4541
1005
6872
1627
3402
188
249
2342
4886
1761
1748
8230
1867
86
6761
5176
560
3980
1636
3210
2741
3237
1668
2781
3931
8555
1441
1521
2243
1513
4287
8282
928
4659
3138
3811
2736
748
1573
955
5714
1847
353
5515
3605
5668
4188
2657
1962
482
2245
268
2895
2590
1046
1398
6216
3350
1067
5577
7957
5358
2528
7387
2858
6889
3920
1594
1726
535
1727
2648
4170
3132
1044
1645
4934
117
5110
6180
154
1347
2910
2900
1511
6204
1273
8729
7756
5743
1052
768
6095
6281
6227
7392
3794
3485
449
919
28
77
7210
1378
2710
1585
1051
3361
941
3670
8664
7454
1999
1725
698
783
6405
6957
8244
8414
643
429
1872
2888
743
2614
3712
3344
1718
863
6132
3787
4326
5992
8455
5837
8123
3210
2867
3448
4763
8312
182
3641
8418
4966
3428
1596
5129
3515
5636
4238
2689
1522
4527
523
794
5998
7855
2005
5486
2503
8474
7684
1925
7488
3007
3379
4312
6018
5402
27
7676
2248
2069
2705
202
3439
5157
1685
3726
118
1493
1585
5796
4640
1187
379
5116
8702
3443
5556
2184
1561
8218
1002
3216
2941
700
8143
7245
4918
3257
2277
500
3402
4211
1608
328
7314
3824
8446
4283
5918
3273
1156
2539
422
658
1286
5577
2578
1230
2495
1637
2101
1041
4746
3021
4915
433
6125
7162
6783
6691
1326
1936
2131
7341
896
4935
8112
575
1035
6784
387
5659
3288
4175
2826
3062
3374
2961
2304
6931
1713
600
6305
2091
836
1531
1818
2150
184
1817
160
1760
997
8456
634
3415
3663
5307
272
1711
4410
83
457
6388
786
3599
960
4699
2321
27
8547
2182
7686
7120
20
7400
405
2399
922
48
6241
7612
6237
547
765
5574
3367
3070
8707
4014
483
4566
942
770
4925
8337
1097
2454
8088
2801
1873
7890
1806
3123
4818
663
1761
3786
2999
1910
2088
6484
2039
224
6841
1299
9587
3239
2040
3740
968
3451
1261
1404
7565
4367
4827
4716
2312
644
636
6047
6402
7465
123
1417
5999
1120
7423
1257
5695
3447
2470
7222
2077
3570
5362
1182
4766
2810
1141
888
1808
2658
517
2452
879
3419
1062
1682
1086
3398
2147
3143
3259
7062
1075
4128
6939
1562
5611
6721
5140
4380
1127
825
1334
3187
6565
8643
5179
1255
458
878
1706
4902
3677
1194
7617
2970
7923
2286
323
1702
2740
6851
5738
1938
1211
879
4963
3682
2984
5453
1332
769
5811
