46
51
97
240
123
138
119
92
87
176
51
230
92
106
62
146
34
150
77
94
173
131
76
148
135
54
57
54
202
70
173
123
130
176
50
91
174
133
124
335
89
155
95
85
64
140
142
207
162
170
70
301
107
69
210
265
176
152
193
192
91
87
278
221
209
138
230
47
152
129
10
331
316
139
34
201
78
59
122
96
43
80
93
127
227
130
199
145
99
93
117
63
159
104
69
174
161
25
61
120
224
191
62
73
143
135
26
72
176
87
186
122
6
40
137
75
112
90
93
115
105
133
201
70
47
238
123
115
187
201
301
52
134
218
185
55
261
243
59
132
135
179
68
138
46
99
111
79
125
24
112
43
81
67
203
101
251
132
77
214
198
136
282
71
86
103
109
208
126
152
102
128
283
66
124
156
28
162
84
141
30
43
136
37
88
163
83
54
204
33
375
95
220
57
114
71
195
145
233
79
137
43
135
105
212
47
135
141
79
86
288
283
203
349
415
128
137
231
238
39
188
229
189
93
304
50
222
16
47
46
118
130
314
67
46
255
48
352
83
306
249
288
13
169
202
144
109
88
194
52
145
302
153
93
331
69
139
189
128
147
85
159
200
182
111
138
55
243
36
178
80
208
163
215
358
204
328
98
172
62
233
245
180
316
174
435
176
79
145
142
200
135
128
261
127
302
122
117
30
42
302
447
175
274
147
35
91
123
102
176
135
255
145
95
10
153
322
97
158
67
97
76
48
67
222
82
190
151
34
46
329
198
415
95
236
415
307
315
344
185
35
20
331
99
357
136
56
94
236
163
289
177
286
226
134
188
181
82
127
101
241
244
120
241
74
186
75
115
88
5
86
133
113
123
355
64
5
215
95
238
122
56
132
133
200
134
76
49
111
86
153
102
244
234
49
161
142
126
119
89
52
83
74
25
95
121
119
127
239
53
96
44
118
63
164
272
229
132
214
413
136
155
114
175
85
89
226
235
216
170
166
229
80
66
224
91
123
80
221
93
97
112
10
75
158
198
234
93
33
144
176
181
333
260
107
73
104
144
145
275
243
91
156
13
36
43
20
60
147
107
150
99
33
173
38
65
55
119
23
172
188
167
190
309
56
226
99
49
174
99
88
72
97
107
193
243
134
246
95
37
77
114
21
35
135
58
65
154
82
42
27
95
204
185
40
48
136
60
59
52
34
128
242
51
78
103
282
91
37
314
56
77
117
69
14
69
139
96
133
301
267
212
244
497
284
228
111
32
206
344
307
113
243
67
269
155
293
337
460
95
87
150
217
112
154
147
123
206
303
208
29
121
278
45
53
101
127
186
119
97
163
207
147
96
79
167
191
205
155
203
142
14
120
66
98
104
165
64
292
4
72
104
281
99
186
157
110
236
78
206
46
85
110
81
40
41
113
69
118
108
137
165
56
61
113
169
115
80
215
298
277
143
123
129
214
74
48
257
84
211
266
127
279
148
85
192
153
141
213
152
73
93
48
55
110
216
180
234
171
80
42
46
101
92
114
143
48
71
255
149
105
130
268
4
324
158
101
42
131
220
65
44
73
116
172
146
77
123
309
92
32
138
234
175
186
126
308
97
121
382
153
62
245
78
136
82
145
217
84
96
81
48
146
206
101
182
50
257
146
125
197
192
77
129
105
251
139
203
22
176
123
202
132
89
259
279
238
159
53
196
215
78
245
105
266
149
95
209
145
287
224
383
326
141
156
129
71
121
115
209
121
108
69
226
162
199
312
94
87
86
153
89
140
40
70
100
113
49
135
120
121
95
185
136
191
120
177
66
360
104
33
70
125
32
78
257
105
63
134
117
88
92
126
60
19
19
113
176
152
196
26
61
98
112
63
26
160
300
221
106
225
144
114
55
397
221
66
142
48
42
24
346
139
15
19
78
49
108
63
253
156
105
123
266
54
123
36
164
90
85
219
108
89
99
62
294
272
390
151
168
73
176
82
205
280
296
47
366
172
397
44
239
120
30
396
240
283
179
398
386
123
150
249
159
46
111
53
35
39
119
107
47
56
149
84
147
115
47
92
70
16
75
55
155
104
134
35
50
150
43
131
121
254
151
156
105
106
94
293
345
42
116
249
64
178
36
37
62
215
131
130
64
52
76
174
335
129
182
99
90
74
144
40
55
55
127
204
172
159
98
33
45
100
122
148
53
83
124
163
95
22
83
69
308
25
91
84
46
159
105
77
90
40
82
98
122
166
98
102
76
104
73
208
41
87
184
117
183
53
68
236
271
176
120
94
74
40
90
220
77
129
164
74
172
165
14
78
41
190
18
66
171
241
154
239
66
33
133
101
151
170
196
36
0
77
53
61
174
47
57
165
91
145
41
10
47
201
102
217
137
81
265
180
186
248
284
32
75
283
37
202
173
249
191
44
20
165
138
29
217
74
165
115
87
42
255
168
125
162
56
182
113
177
217
104
76
164
59
115
118
97
63
253
146
274
61
102
166
192
212
338
90
15
149
72
62
138
37
112
45
394
111
138
99
294
127
22
42
66
86
335
45
124
82
64
107
179
41
190
223
187
105
62
70
384
83
237
340
61
263
290
127
39
115
305
5