28
39
1
0
33
10
16
3
3
13
194
11
17
3
11
5
3
1
35
9
0
4
1
3
19
8
0
8
16
27
3
13
1
23
2
1
16
6
0
11
363
1
1
14
0
5
2
19
2
0
0
31
124
2
9
1
13
5
3
5
0
4
4
4
13
74
4
31
17
1
0
11
0
5
209
6
15
8
6
5
1
5
10
5
33
1
6
6
2
20
14
0
0
4
8
4
497
4
28
16
3
0
4
0
29
11
0
1
2
6
2
120
10
6
28
14
6
19
1
18
1
118
4
0
6
2
4
14
14
58
5
2
15
2
1
1
9
0
2
0
7
11
0
16
2
10
20
1
6
0
19
6
0
2
27
4
10
24
27
1
54
2
7
53
11
1
15
0
11
3
5
22
4
28
1
15
4
11
17
4
43
3
15
2
13
19
18
2
2
24
1
4
71
46
11
3
6
4
12
824
10
8
9
10
82
15
9
1
2
9
256
0
1
8
2
21
1
2
408
3
1
4
1
263
8
6
1
5
2
4
6
2
10
11
1
6
29
1
4
1
6
1
1
42
3
379
4
12
5
4
11
18
11
14
0
0
1
7
2
38
31
2
1131
5
5
0
8
2
33
10
8
2
4
1
38
11
1
9
1
5
15
18
5
16
4
4
8
33
0
26
8
6
9
0
84
4
9
1
8
1
19
1
1
4
5
10
8
3
10
2
16
17
4
6
1
5
1
11
120
17
3
4
5
8
13
24
1
1
9
61
14
1
8
12
5
325
5
9
15
0
10
2
1
44
50
8
5
2
20
23
5
6
2
5
5
5
40
6
20
3
7
24
0
7
6
25
13
11
266
21
9
6
8
19
0
11
12
0
10
1
3
4
2
14
172
6
12
16
74
5
9
15
12
4
4
0
7
0
12
4
64
10
2
6
2
4
1
6
18
2
17
8
2
9
7
5
4
4
8
37
24
24
77
3
1
2
29
13
1
13
3
2
10
6
11
7
0
7
5
18
9
6
4
15
14
2
7
26
2
8
27
1
4
3
3
2
3
9
14
28
10
2
10
33
6
13
7
7
0
1
1
4
3
5
27
7
16
21
6
41
0
3
6
3
2
0
1
7
8
15
0
20
12
20
7
15
10
32
3
0
16
8
6
15
5
3
2
15
4
6
3
14
5
0
30
25
9
0
3
30
3
5
1
4
4
20
149
14
38
4
5
11
8
1
9
4
4
3
7
1
18
2
5
8
1
24
5
7
33
24
6
12
13
1
1
23
24
3
5
3
5
3
0
1480
0
3
4
3
18
2
5
0
1
8
1
2
1
10
5
1
11
29
151
32
5
1
2
4088
38
3
9
14
3
18
5
13
2
12
89
10
4
6
80
31
8
0
51
11
2
0
0
5
2
4
3
9
30
10
27
14
6
11
1
3
1
7
22
4
20
2122
11
3
3
2
0
10
4
1
4
3
4
103
10
68
29
4
5
2
5
0
35
2
7
1
13
4
16
2
14
5
13
6
2
32
3
41
6
0
7
60
7
9
3
4
1
0
3
9
3
4
19
7
9
4
11
6
1
4
0
5
13
51
11
6
1
37
9
1
23
30
9
28
6
4
2005
5
14
21
2
2
0
4
5
12
2
3
3
0
17
89
4
7
26
26
18
0
4
3
9
1
5
0
9
4
14
2
4
0
12
9
3
6
2
0
86
0
167
12
14
10
4
69
33
14
13
2
6
2
0
9
10
0
7
16
10
7
7
11
0
4
1
0
0
114
21
6
0
3
10
19
2
8
0
10
217
3
9
15
35
3
0
1
2
1
25
2
79
0
11
3
1
13
2
13
11
72
19
3
14
1
5
9
13
1
3
12
10
28
3
2
9
7
3
0
91
10
5
5
3
2148
99
13
6
20
1
6
1
0
13
1
12
5
354
9
9
3
10
50
7
8
4
37
119
19
155
1
16
0
3
35
6
11
2
5
9
0
38
2
4
0
3
14
10
34
11
26
4
7
0
6
26
3
5
25
26
5
2
108
89
25
1
1
8
15
29
43
24
77
29
8
7
0
1
12
40
33
4
4
73
1
10
9
31
7
94
14
21
10
26
7
6
2
3
0
12
3
1
3
19
1
20
7
5
14
4
26
0
6
8
8
21
7
1
11
33
100
0
17
0
3
51
140
11
108
9
2
1
4
8
17
2
7
20
8
8
10
2
7
2
10
0
6
4
33
3
2
37
9
6
17
4
1
6
9
4
3
16
4
4
4
28
6
7
4
22
26
8
50
147
1
5
5
5
19
6
3
12
19
4
5
76
23
9
4
19
6
8
11
2
4
32
8
4
44
0
39
7
1
1
3
2
29
10
3
37
155
19
1
2
5
26
7
3
7
0
0
0
6
15
1
99
3
26
0
13
10
4
4
18
1
0
2
2
141
4
75
8
12
0
13
7
21
3
5
6
0
9
6
10
13
2
7
6
13
0
24
24
3
1
11
198
3
11
6
1
24
52
4
80
2
20
26
4
9
12
6
3
3
1
11
29
7
5
12
11
16
2
3
12
7
1
1
2
13
9
8
13
2
21
0
0
2
19
0
10
22
22
0
1
537
3
4
1
3
3
8
3
2
10
1
12
5
13
0
7
4
1
7
4
11
12
4
6
93
24
3
4
0
5
35
11
45
6
2
11
8
257
630
25
1
2
25
9
16
10
4
2
24
3
8
0
12
6
6
15
16
6
3
0
13
0
21
7
5
57
4
0
0
20
12
10
20
50
20
4
2
0
2
5
6
7
2
1
13
4
18
5
4
0
6
8
93
10
8
63
10
1
9
6
1
13
19
0
7
9
6
14
4
8
1
0
32
1
0
46
2
9
3
19
8
0
1
7
6
13
1
5
7
16
0
5
52
10
3
0
23
2
18
5
21
0
4
11
6
66
16
2
28
0
4
61
4
9
281
88
0
10
10
8
15
14
4
21
24
34
0
15
2
7
4
6
1
0
2
18
20
6
24
34
23
49
5
1
1
13
2
1
7
9
50
8
57
0
87
2
12
2
2
4
6
1
4
8
49
2
8
6
4
4
12
8
2
18
3
20
7
41
8
21
3
1
5
5
4
0
4
6
0
39
4
4
0
6
12
5
10
9
4
12
18
2
7
13
24
1
1
3
7
1
3
31
1310
8
1
20
9
0
58
1
2
2
17
14
4
19
62
12
0
2
1
1
1
5
8
8
7
3
3
1
2
11
34
23
4
10
5
7
4
9
68
10
4
5
0
1
6
7
5
5
7
18
7
5
23
300
2
1
4
1
68
12
2
78
3
0
3
10
18
4
16
33
0
9
1
15
23
8
1
3474
45
6
17
1
3
22
3
2
15
2
17
0
0
22
7
10
22
4
0
2
8
2
15
5
4
4
11
12
3
0
2
27
9
12
2
2
5
3
22
2
5
3
6
55
14
0
1
1
0
4
34
4
26
11
6
204
4
62
37
3
3
41
1
8
8
4
2
6
0
20
18
9
69
14
3
45
6
9
56
8
48
1
0
3
11
6
3
6
4
2
9
8
1
6
109
11
8
1
3
8
5
9
53
9
1
0
7
242
19
3
9
9
7
179
6
4
22
5
2
79
0
7
2
0
2
1
6
3
23
17
0
2
1
40
3
6
0
30
8
7
6
217
0
4
18
4
11
26
1
13
3
6
8
2
5
4
2
6
2
1
12
1
6
449
14
3
1
7
17
125
2
10
3
4
0
0
5
13
30
99
3
31
1
14
6
13
10
21
1
25
0
9
22
2
18
9
14
34
18
4
2
0
10
5
117
0
1
5
4
5
20
0
20
16
7
1
6
2
4
24
13
6
11
0
0
31
1
5
9
1
8
4
5
101
2
67
20
0
4
8
0
93
4
26
18
13
5
4
4
9
12
4
401
1
2
12
12
1
3
40
2
37
0
1
1
7
12
578
5
16
22
4
6
22
13
71
0
59
8
5
6
6
20
61
5
5
5
2
15
16
33
10
0
1
1
30
409
7
4
18
11
7
4
3
0
6
5
3
3
3
22
5
1
49
1
0
13
5
7
8
1
20
4
6
76
39
4
6
39
15
0
2
25
0
6
63
2
1
3
19
4
13
0
2
3
1
39
9
33
6
3
4
3
5
5
7
3
5
37
9
13
1
9
46
18
4
1
1
8
2
12
0
22
2
2
7
5
8
3
2
31
11
1
1
1
3
2
54
2
1
2
8
0
2
135
46
6
7
29
2
66
10
10
1
16
38
7
6
4
3
29
15
44
23
6
7
10
8
1
29
11
4
23
30
0
0
5
0
5
10
2
9
32
0
9
5
13
16
0
5
8
5
53
2
2
26
1
8
0
86
10
7
18
6
1
12
0
6
4
1
1
33
6
5
28
21
120
8
3
6
8
5
1
1
15
7
7
10
21
8
4
11
18
30
8
1
12
4
0
9
3
2
5
45
4
9
18
5
14
3
2
2
5
8
4
22
1
6
18
6
4
25
15
1
0
2
0
15
88
8
1
3
2
1
0
0
4
7
10
7
29
0
9
2
15
2
7
2
22
6
7
2
3
1
6
1
0
3
2
8
632
7
114
11
1
0
5
2
10
1
2
0
4
7
18
11
9
0
740
16
24
17
4
2
8
10
18
31
13
13
4
25
11
33
3
6
35
159
66
10
0
7
21
21
4
95
9
47
21
2
1
6
6
4
9
0
47
7
18
2
27
5
5
9
8
13
6
0
1
8
3
432
11
2
26
9
16
9
15
4
0
0
9
97
8
1
1
8
14
10
0
1
9
2
47
1
2
0
10
18
6
3
3
4
14
13
1
19
3
453
16
2
9
7
0
2
0
57
4
7
0
1
14
7
17
1
2
4
10
12
11
25
6
0
127
0
6
3
9
3
0
215
63
9
1
13
19
18
38
14
6
34
7
2
8
4
2
5
14
2
25
7
0
1
1
5
28
0
18
119
8
305
3
2
7
64
5
0
1
0
5
59
12
3
10
2
17
18
26
6
9
6
73
4
2
1
2
15
44
16
7
4
3
6
41
8
0
5
8
5
9
1
34
22
3
5
32
0
5
36
0
15
28
6
6
9
48
4
11
0
23
12
5
0
77
3
20
3
1
177
8
2
6
15
0
8
10
142
0
1
59
8
12
7
3
55
11
5
1
9
0
2
19
4
385
45
11
8
33
1
18
8
10
7
22
5
6
27
4
64
14
1
12
6
31
6
3
5
4
3
119
4
0
22
15
29
1
37
8
14
5
1
9
15
3
12
42
25
1
9
0
1
12
10
7
10
1
3
4
12
9
1
0
3
10
16
1
3
2
35
2
15
57
0
4
5
1
13
22
0
1
2
18
28
11
9
1
6
62
5
1
216
4
3
1
17
17
37
3
22
15
7
9
89
27
11
36
15
4
2
4
1
5
3
0
10
13
1
41
12
125
4
1
2
152
87
7
223
8
12
2
4
1
6
2
5
1
6
12
0
9
3
30
33
3
0
5
5
66
22
0
6
3176
26
1
2
3
40
1
1
4
7
9
33
1
55
7
4
34
2
17
2
0
0
9
6
0
18
2
1
4
3
3
21
12
14
5
13
156
9
1
4
4
9
14
2
5
11
0
1
1
16
1
8
11
2
5
0
9
1
19
2
25
10
6
30
40
9
0
6
2
19
142
3
0
46
1
6
9
3
1
3
6
3
1
1
4
8
0
8
9
32
5
5
3
13
2
29
1
4
2
4
1
1
1
110
8
1
4
50
4
14
6
0
43
34
2
1
8
13
1
7
17
2
4
10
5
1
29
7
2
39
0
7
3
31
2
11
4
107
1
10
3
4
17
7
19
1
1
8
1
8
0
3
1
2
1
13
25
4
11
9
14
0
2
30
3
7
6
22
11
1
1
97
0
0
7
3
5
11
36
6
3
2
6
32
16
0
16
3
8
1
10
20
4
3
2
10
24
4
2
19
26
10
8
7
7
28
7
64
13
1
2
2
9
4
1
3
40
225
19
8
1
162
32
6
2
1
8
8
4
3
7
2
0
13
3
6
6
14
0
1
0
34
3
4
5
1685
0
8
11
10
3
13
7
2
3
18
341
10
1
23
1
8
4
2
49
14
23
1
1
9
3
2
4
159
0
16
19
2
0
1
13
0
83
4
1
9
19
9
0
21
1
3
7
5
0
15
3
19
1
73
2
0
6
15
4
4
2
2
10
0
2
4
8
14
4
0
20
13
1
15
13
614
1
17
5
5
7
19
0
36
3
4
76
2
2
13
2
2
19
20
2
20
0
1
2
28
6
97
8
4
3
14
7
3
95
9
9
2
6
5
0
12
19
1
8
2
5
2
36
18
9
7
1
1
8
9
46
2
2
2
0
6
9
0
569
3
3
0
18
4
6
3
10
3
88
4
28
2
27
10
1
68
59
5
6
0
2
70
81
2
9
7
9
15
4
8
2
22
7
3
1
0
12
9
20
14
2
10
26
26
22
16
5
3
3
1
9
26
7
21
3
34
2
0
4
1
1
1
68
6
10
1
12
12
51
12
16
2
3
5
0
146
138
470
0
11
5
42
15
9
6
0
1
17
1
231
6
7
2
0
20
0
7
20
15
43
22
4
12
26
1
1
5
18
17
20
3
5
3
7
2
13
1
22
0
16
15
24
4
0
4
4
3
9
11
1
0
3
15
4
50
23
4
16
15
0
3
1
0
1
5
1
64
8
28
16
9
84
4
5
5
11
8
2
0
118
2
11
21
16
8
21
4
2
6
6
18
19
2
1
7
1
49
3
7
10
6
0
12
21
17
1
11
14
5
3
17
4
6
22
10
4
2
0
6
123
18
0
1
2
5
1
34
13
9
2
17
46
1
43
3
71
37
127
29
0
13
5
2
12
29
1
17
6
6
6
105
3
0
4
9
10
161
18
4
5
9
80
1
7
10
7
4
1
15
1
37
10
4
1
4
9
94
3
4
7
7
0
5
56
33
3
6
5
10
2
5
3
8
340
24
18
18
5
10
4
4
6
26
8
35
6
4
13
13
0
26
8
2
17
27
1
6
35
12
5
90
11
6
28
12
3
1
1
12
3
4
4
2
19
4
0
215
11
0
7
3
1
0
0
0
1229
17
2
3
12
0
14
4
0
0
4
0
1
9
4
7
42
1
5
8
1
7
5
4
3
5
12
15
39
1
10
12
14
6
17
0
3
1
10
6
13
11
7
13
176
3
0
6
20
77
7
1
1
27
2
3
0
21
117
7
15
61
7
0
10
1
3
0
2
29
0
2
8
13
32
5
7
0
2
12
11
31
2
3
56
1
5
21143
5
1
2
20
4
8
22
13
2
2
1
3
29
2
2
19
3
11
8
7
3
15
0
108
3
8
1
4
5
2
4
1
0
20
3
14
1
0
13
7
10
6
25
8
14
5
1
6
11
7
3
280
10
36
2
7
8
12
6
33
18
9
4
0
1
8
17
0
1
0
185
146
17
73
1
17
4
1
1
25
3
4
4
35
92
3
20
2
0
24
7
0
0
5
20
19
2
0
3
3
33
5
2
8
10
1
5
104
6
0
8
10
16
10
11
3
2
3
0
9
2
1
49
5
1
13
0
0
4
0
5
35
6
7
11
4
0
0
7
15
16
4
2
15
1
6
3
4
6
18
1
33
45
19
5
6
1
14
0
7
3
2
7
6
10
6
1
12
1
17
5
1
12
4
25
25
7
18
18
5
2
1
4
0
23
15
5
6
2
2
14
1
0
54
36
5
9
56
3
6
2
3
86
15
169
5
25
8
13
2
9
21
29
18
4
118
4
26
36
95
7
3
11
1
14
2
9
9
6
6
2
44
0
47
3
2
10
3
1
5
0
7
4
9
12
20
3
0
206
8
5340
49
11
5
3
9
4
28
1
3
4
9
19
13
5
7
7
7
3
3
10
9838
5
109
4
85
3
15
3
9
31
1
4
2
0
0
17
1
9
13
2
4
7
10
55
0
4
23
4
18
15
465
15
32
30
8
8
1
166
4
1
1
2
3
38
23
350
0
13
3
0
6
5
6
18
3
5
17
4
79
3
3
5
22
5
2
1
8
2
6
1
7
3194
0
70
1
2
3
26
2
0
0
7
3
51
3
8
9
17
0
21
0
3
7
13
2
14
84
3
0
3
9
39
3
0
8
19
1
2
1
1
21
8
2
20
7
4
0
1
38
0
65
3
12
5
26
13
3
0
15
5
1
0
35
3
4
6
8
82
7
13
5
1
78
4
1
0
1
5
4
35
136
26
70
0
5
15
12
13
29
0
0
3
31
5
2
8
2
3
4
21
2
1
7
10
44
21
2
13
14
3
0
8
3
0
5
175
3216
0
17
1
20
2
2
2
9
66
84
7
2
0
2
3
0
24
6
11
4
4
1
14
18
32
11
2
2
51
93
24
18
12
12
4
4
8
17
24
4
0
2
8
6
22
13
0
1
3
50
87
5
4
26
1
29
6
7
3
13
38
3
10
1
5
4
13
2
1
18
4
7
6
4
1
10
4
11
5
21
7
9
38
3
7
10
4
23
43
14
1
1
4
2
0
2
9
138
77
84
36
8
3
6
777
7
2
6
6
12
6
24
3
1
7
22
10
3
4
19
9
13
6
11
2
24
30
2
536
51
0
12
14
0
0
24
0
6
5
0
3
26
2
38
54
867
1
7
19
501
18
5
1
2
192
10
5
39
3
18
1
8
10
33
1
1
28
37
2
7
579
23
14
5
10
22
52
13
5
1
25
357
3
52
2
9
2
0
6
3
1
3
7
6
2
7
79
21
7
20
4
4
6
26
24
5
12
349
15
4
2
14
6
17
1
109
1
2
2
3
2
30
7
9
5
170
28
2
0
16
0
1
18
2
37
3
0
23
6
5
48
34
0
3
35
5
8
15
28
1
3
3
3
9
4
528
15
39
0
1
5
0
0
0
1
8
9
1
5
13
1
34
9
13
3
42
20
0
9
10
0
0
2
6
1
8
6
13
4
0
47
2
2
29
5
1
0
0
23
2
10
4
1
0
12
6
38
9
14
1
8
19
5
93
10
1131
3
1
18
8
3
0
3
2
0
5
674
6
3
4
140
2
7
0
14
82
17
7
4
0
13
0
0
0
4
2
1
4
65
9
4
1
7
4
4
4
6
6
10
10
10
2
1
41
2
2
9
11
17
0
27
11
7
3
6
26
4
0
7
3
3
2
0
0
17
8
41
3
38
4
4
0
3
10
3
0
0
1
10
28
1
5
7
0
0
11
6
9
8
2
6
0
7
0
653
1
44
4
2
62
1
26
2
4
5
10
0
4
10
93
164
6
26
16
1
5
4
8
168
10
19
3
2
3
17
33
11
11
40
2
7
0
1
12
23
146
20
1
16
9
6
4
6
36
12
14
5
8
10
4
3
3
16
7
2
4
0
3
16
23
14
0
38
14
9
46
3
5
7
6
5
6
3
10
1
61
8
3
3
6
0
6
26
23
3
2
0
3
6
1
0
2
3
1
393
6
9
2
8
2
6
21
1
48
12
31
20
13
3
1
0
9
43
1
19
9
3
21
24
6
2
112
16
2
22
41
5
47
7
9
2
13
0
17
13
5
2
18
14
5
8
95
4
1
26
1
10
2
15
0
2
1
11
28
2
2
9
12
0
2
4
97
40
6
20
1
2
21
7
4
5
15
4
9
0
0
11
34
10
8
2
26
10
3
11
2
5
0
0
1
22
0
3
10
12
10
11
37
1
4
4
22
3
5
2
5
25
4
8
2
20
0
16
7
12
4
4
1
4
31
10
2
16
1
6
732
12
3
3
4
5
17
7
5
5
80
10
3
1
0
0
2
0
0
7
1
0
12
17
4
0
6
44
7
13
0
38
1
21
7
11
2
0
0
11
19
23
74
17
16
1
3
0
2
23
10
2
10
5
163
1
2
5
115
7
6
5
9
5
3
15
9
1
92
15
0
9
50
0
12
15
15
8
0
7
16
1
5
1
9
1
80
12
13
4
7
8
2
5
8
1
17
15
0
14
7
47
6
0
3
0
7
8
5
0
4
8
10
2
7
11
55
7
6
5
40
14
3
10
5
1
3
10
18
0
19
5
13
0
24
1
15
15
19
10
2
17
0
34
7
5
3
9
14
19
21
23
12
3
8
2
5
1
10
47
20
1
8
8
220
26
0
2
2
2
5
16
13
0
2
1
16
5
30
0
222
0
0
8
5
11
2
7
1
10
2
4
29
55
2
3
8
29
6
16
6
6
123
70
31
3
77
79
8
19
3
38
0
5
7
26
5
8
20
29
18
11
26
0
1
2
0
22
2
13
9
3
1
8
4
1
5
103
1
10
26
504
18
1
14
23
71
318
33
13
2
3
10
4
1
0
3
0
37
2
4
4
12
14
43
8
9
0
51
7
3
9
6
4
2
0
1
3
4
1
29
5
10
0
0
65
37
4
0
7
2
3
2
1
20
4
12
7
5
3
8
0
24
1
52
11
0
6
7
3
50
17
8
3
3
2
4
26
10
28
6
6
21
67
3
0
23
215
26
1
1
3
9
12
8
3
16
6
3
0
3
1
4
20
20
21
6
1
8
2
3
0
1
5
0
1607
9
5
0
6
6
6
12
11
16
4
1
19
26
2
20
2
8
1
0
13
6
13
7
1644
4
6
2
67
11
3
2
5
1
34
29
16
1
10
12
5
3
2
0
27
9
3
6
1
6
1
6
4
1
0
6
9
2
4
11
3
8
4
1
6
6
7
9
168
3
12
11
25
44
9
5
24
12
5
51
0
3
1
5
941
1
0
12
0
1
4
25
15
10
19
11
2
6
2
17
6
4
2
9
18
24
3
6
5
7
1
1
16
14
12
3
95
11
7
3
3
8
119
1
7
0
8
23
2
2
20
4
6
16
2
0
7
7
2
14
0
0
43
14
104
37
22
1807
5
0
6
5
4
5
8
5
6
12
11
10
16
8
4
95
14
3
4
25
9
4
12
4
33
5
155
11
1
2
54
6
1
6
6
5
2
28
4
23
39
2
6
8
21
52
1
1
63
12
5
1915
0
15
8
146
7
1
4
1
12
145
2
86
12
12
4
1
74
3
15
18
1
0
5
2
35
8
0
1
4
28
3
1
10
4
12
2
4
16
3
2
17
3
3
1
4
21
8
12
67
11
4
1
1
54
2
10
9
2
1
9
5
14
3
5
2
5
1
3
5
10
3
8
35
170
14
0
6
3
88
5
7
0
8
5
84
16
8
4
3
20
5
20
8
20
4
1
37
51
0
3
15
3
15
291
8
2
10
15
8
1
10
4
25
5
1
1
1
1
17
269
21
19
21
8
5
0
14
17
5
3
0
4
41
0
0
3
0
2
1
5
16
4
4
49
70
13
3
7
214
1
15
42
3
3
115
7
12
11
7
4
14
9
6
8
2
6
6
4
6
12
442
37
4
6
2
9
3
3
1
0
10
6
5
0
24
0
15
5
4
7
1
102
121
156
9
5
15
9
3
9
0
9
3
17
6
8
11
9
4
9
9
11
6
13
7
2
5
5
1
2
5
4
10
8
3
80
0
2
12
12
3
8
44
7
13
3
25
4
5
5
9
3
9
0
0
1
124
2
4
9
7
8
7
18
1
5
9
21
4
3
0
49
4
21
4
26
0
15
27
2
6
1
8
9
3
12
7
6
0
6
16
9
12
16
12
20
0
44
6
6
2
42
1
2
22
6
3
4
6
2
8
4
23
3
1
0
5
1
4
1
26
8
8
1
9
2
3
18
11
3
6
1
3
23
22
6
16
0
89
0
4
19
3
14
21
2
12
8
67
21
10
13
19
7
6
12
0
6
25
24
12
10
20
9
2
36
3
5
12
6
4
5
7
0
18
10
2
5
31
19
27
3
13
4
4
326
2
11
2
24
6
3
10
11
15
1
15
2
28
0
0
14
5
4
7
2
9
3
4
3
5
0
4
0
21
16
1
86
26
0
28
6
40
10
3
0
3
5
1
0
11
4
8
3
14
109
47
4
61
0
6
30
6
17
20
12
39
12
3
3
17
6
52
27
3
19
8
1
13
5
50
10
10
11
5
1
7
5
0
0
3
6
13
2
3
20
5
1
4
0
7
8
2
33
5
5
0
1
32
97
9
12
1
2
3
6
4
11
5
1
11
11
0
14
16
4
3
3
3
10
1
32
2
1
2
106
10
0
8
7
0
43
24
31
4
88
8
2
4
12
15
33
1
6
4
2
14
7
0
11
10
23
3
11
1
791
8
166
3
1
1
104
17
17
4
17
9
44
0
2
61
0
8
72
3
181
19
8
18
6
8
3
1
6
9
138
15
1
6
6
2
9
27
0
5
6
385
3
4
8
1
1
2
1
36
4
41
4
915
18
15
472
268
19
3
6
6
0
6
3
1
1
11
6
8
17
4
8
51
4
0
1
2
3
6
71
1
3
0
4
0
3
13
6
20
4
4
36
3
0
16
9
15
3
12
1
0
31
3
3
0
3
5
23
0
6
3
1
10
0
4
4
45
2
23
1
15
0
10
5
4
2
0
6
6
3
0
2
40
21
14
0
100
27
5
13
11
18
0
18
0
14
16
35
4
7
96
6
0
1
2
3
5
1
4
2
11
1
8
6
8
4
4
0
17
2
11
7
8
12
6
12
17
0
2
12
3
1
2
6
0
12
14
1
11
371
16
2
3
21
19
29
10
1
0
20
0
10
6
21
13
1
5
2
9
2
3
4
58
9
2
51
1
12
0
7
10
5
3
19
4
10
0
97
0
1
5
0
11317
0
1
108
9
4
4
7
8
2
19
2
21
16
5
7
6
12
3
12
5
15
0
160
14
4
42
2
1
4
4
6
0
5
3
3
2
4
18
3
70
0
0
12
2
2
5
9
5
12
1
8
9
4
6
1
5
5
5
0
2
5
3
2
3
12
2
8
1
30
9
11
1
1
3
11
18
0
98
15
78
1
0
0
7
2
5
12
0
0
2
48
20
0
2
17
1
506
0
22
3
9
2
4
5
20
10
6
14
3
1
4
11
0
2
4
125
4
5
2
1
1
53
4
1
11
3
0
6
4
1
5
27
10
3
1
0
4
1
2
0
9
0
11
2
0
8
15
72
12
3
4
114
8
12
30
4
4
0
0
3
3
2
5
1
12
0
6
39
4
1
7
0
8
25
3
4
5
57
29
1
3
55
1
13
13
5
0
6
0
10
12
23
10
4
4
4
95
3
8
7710
7
2
10
23
11
0
11
0
207
47
9
5
14
12
8
1
19
41
8
18
69
4
18
14
4
0
3
15
3
2
10
4
7
3
8
99
8
28
48
1
47
13
9
13
2
14
72
14
3
1
21
0
5
86
13
3
6
285
7
12
964
1
27
0
8
0
3
10
17
9
1
1
5
1
2
3
12
6
0
1
6
8
28
11
8
4
5
10
6
9
12
4
1
10
3
20
6
51
6
0
5
7
36
23
8
61
13
3
3
31
48
1
8
11
3
77
1
0
46
0
9
1
2
11
3
1
7
4
22
6
11
1
1
11
0
3
1
5
8
9
25
2
2
14
4
3
10
2
10
2
8
0
0
2
10
10
86
3
6
2
1
18
1
0
18
33
3
10
3
21
20
7
10
27
5
50
1
13
0
5
67
4
3
25
18
16
0
18
55
8
8
16
23
37
8
2
8
8
7
2
19
3
115
14
2
34
0
0
3
3
214
8
0
0
6
16
6
37
11
23
2
5
8
23
1
0
4
44
43
3
9
0
20
8
10
39
10
0
3
67
162
26
18
2
23
5
17
16
2
7
0
2
14
1
156
15
1
3
13
1
2
4
3
8
1
0
25
15
3
0
111
12
0
6
15
1
10
0
0
3
11
1
8
13
9
7
4
19
4
17
3
4
15
0
22
4
1
1
4
34
8
11
17
13
745
3
8
2
2
1
19
53
1
0
21
52
14
13
4
12
9
1
2
7
14
10
1
1
26
0
4
94
1
6
21
7
8
1
26
2
7
11
2
8
21
0
7
7
0
9
5
7
44
5
8
11
0
0
30
56
2
53
15
28
6
2
11
5
30
5
2
9
0
8
8
1
2
94
2
87
2
5
35
6
2
11
15
2
10
2
4
1
15
4
13
2
10
12
1
49
41
14
8
33
4
5
13
16
47
1
4
18
10
7
31
4
29
16
3
1
9
8
8
2
0
1
0
10
38
24
0
5
0
9
5
6
2
8
20
6
0
4
12
17
749
13
0
2
0
13
645
6
26
1
0
4
3
23
5
5
1
1
12
2
0
0
26
2
2
5
0
3
4
13
0
67
32
83
29
127
10
3
3
57
9
0
2
15
2
1
3
9
9
8
3
1
13
3
0
10
28
34
41
3
20
3
8
4
16
37
6
6
11
27
4
2
7
36
5
12
6
1
3
8
7
2
28
5
9
4
31
3
12
5
6
7
12
11
39
3
24
18
8
21
14
3
2
58
6
2
31
1
9
49
7
16
1
11
15
10
7
7
1
43
1
5
97
0
10
2
9
2
20
13
17
8
7
0
11
0
261
23
58
17
11
8
12
1
3
1
7
0
16
6
5
2
7
3
15
8
7
11
17
2
30
5
75
10
6
7
10
12
10
1
10
1
81
33
1
4
4
3
1
13
6
8
4
4
5
1
0
0
16
0
7
7
28
9
0
1
11
0
0
6
5
58
2
16
0
7
3
5
4
10
3
11
5
3
26
20
10
1
5
7
23
1
0
151
8
24
0
3
42
28
9
2
5
4
11
4
1
5
14
7
2
7
11
4
0
201
11
12
4
11
3
1
19
2
19
11
10
4
8
34
7
25
379
31
5
7
1
0
6
2
13
10
3
9
6
7
17
3
15
15
10
12
8
0
5
2
0
7
49
254
3
4
12
3
9
9
1
109
11
17
5
4
2
7
38
10
11
13
14
32
7
1
6
4
0
1
6
3
10
9
0
26
1
8
13
0
4
22
3
4
23
25
0
16
18
15
187
2
3
3
8
3
2
334
29
9
2
1
1
8
0
26
2
10
3
2
10
2
23
22
15
15
21
2
1
30
1
3
16
0
0
5
5
23
8
5
3
2
7
8
16
3
0
8
50
17
8
39
5
4
2
3
0
47
19
16
5
0
10
14
0
12
5
8
9
14
10
32
0
5
39
43
7
14
5
5
1
34
6
17
0
1
8
4
99
19
0
5
3
24
1
3
7
7
2
5
37
0
2
2
25
1
28
1
8
13
79
9
11
14
4
4
25
57
2
1
5
19
1
7
9
28
20
8
14
12
7
2
6
4
4
13
75
2
54
4
15
10
23
0
3
5
3
17
1
10
2
5
3
11498
3
7
13
12
0
14
1
3
0
9
5
19
0
7
12
0
32
2
2
2
24
7
10
9
0
6
1
6
11
1
2
4
4
1