#
# A fatal error has been detected by the Java Runtime Environment:
#
#  SIGSEGV (0xb) at pc=0x0155def3, pid=4356, tid=2809727856
#
# JRE version: 7.0_03-b04
# Java VM: Java HotSpot(TM) Server VM (22.1-b02 mixed mode linux-x86 )
# Problematic frame:
# V  [libjvm.so+0x6bfef3]  Unsafe_CompareAndSwapInt+0x123
#
# Failed to write core dump. Core dumps have been disabled. To enable core dumping, try "ulimit -c unlimited" before starting Java again
#
# If you would like to submit a bug report, please visit:
#   http://bugreport.sun.com/bugreport/crash.jsp
# The crash happened outside the Java Virtual Machine in native code.
# See problematic frame for where to report the bug.
#

---------------  T H R E A D  ---------------

Current thread (0xa7659400):  JavaThread "AWT-XAWT" daemon [_thread_in_native, id=4373, stack(0xa7740000,0xa7791000)]

siginfo:si_signo=SIGSEGV: si_errno=0, si_code=128 (), si_addr=0x00000000

Registers:
EAX=0x00000000, EBX=0xa872cda8, ECX=0xb77ce000, EDX=0x016630e8
ESP=0xa778fe0c, EBP=0xa778fe50, ESI=0xa872cda8, EDI=0xa7659400
EIP=0x0155def3, EFLAGS=0x00010297, CR2=0x00000000

Top of Stack: (sp=0xa778fe0c)
0xa778fe0c:   b4767e0a a7659520 a778fe74 a778fe70
0xa778fe1c:   0000000c 00000000 00000000 00000001
0xa778fe2c:   005b3ff4 a778fe30 00000000 a778fe74
0xa778fe3c:   a872df10 00000000 a872cda8 00000000
0xa778fe4c:   a778fe60 a778fe98 b476057b 00000000
0xa778fe5c:   b4765ac0 00000001 00000000 0000000c
0xa778fe6c:   00000000 ac7e4708 b24c0ec8 a778fe78
0xa778fe7c:   a87d1359 a778fea8 a87d4a48 a903843c 

Instructions: (pc=0x0155def3)
0x0155ded3:   10 89 47 0c 8d 45 f0 50 e8 a0 a3 b6 ff 8b 45 e0
0x0155dee3:   83 c4 10 39 45 1c 0f 94 c0 8d 65 f4 5b 5e 5f 5d
0x0155def3:   c3 8d 74 26 00 83 ec 0c 56 e8 8f 72 fe ff 83 c4
0x0155df03:   10 e9 5d ff ff ff 8d b4 26 00 00 00 00 8b 93 a0 

Register to memory mapping:

EAX=0x00000000 is an unknown value
EBX=0xa872cda8 is an oop
{method} 
 - klass: {other class}
ECX=0xb77ce000 is an unknown value
EDX=0x016630e8: <offset 0x7c50e8> in /home/csimstu/src/TC/jdk1.7.0_03/jre/lib/i386/server/libjvm.so at 0x00e9e000
ESP=0xa778fe0c is pointing into the stack for thread: 0xa7659400
EBP=0xa778fe50 is pointing into the stack for thread: 0xa7659400
ESI=0xa872cda8 is an oop
{method} 
 - klass: {other class}
EDI=0xa7659400 is a thread


Stack: [0xa7740000,0xa7791000],  sp=0xa778fe0c,  free space=319k
Native frames: (J=compiled Java code, j=interpreted, Vv=VM code, C=native code)
V  [libjvm.so+0x6bfef3]  Unsafe_CompareAndSwapInt+0x123
j  java.util.concurrent.locks.AbstractQueuedSynchronizer.compareAndSetState(II)Z+9
j  java.util.concurrent.locks.ReentrantLock$NonfairSync.lock()V+3
j  java.util.concurrent.locks.ReentrantLock.lock()V+4
j  sun.awt.SunToolkit.awtLock()V+3
j  sun.awt.X11.XToolkit.getNextTaskTime()J+0
j  sun.awt.X11.XToolkit.run(Z)V+83
j  sun.awt.X11.XToolkit.run()V+5
j  java.lang.Thread.run()V+11
v  ~StubRoutines::call_stub
V  [libjvm.so+0x3e8bd5]  JavaCalls::call_helper(JavaValue*, methodHandle*, JavaCallArguments*, Thread*)+0x315
V  [libjvm.so+0x5a1bc9]  os::os_exception_wrapper(void (*)(JavaValue*, methodHandle*, JavaCallArguments*, Thread*), JavaValue*, methodHandle*, JavaCallArguments*, Thread*)+0x19
V  [libjvm.so+0x3e79ef]  JavaCalls::call(JavaValue*, methodHandle, JavaCallArguments*, Thread*)+0x2f
V  [libjvm.so+0x3e8d82]  JavaCalls::call_virtual(JavaValue*, Handle, KlassHandle, Symbol*, Symbol*, Thread*)+0x122
V  [libjvm.so+0x42c8a9]  thread_entry(JavaThread*, Thread*)+0xd9
V  [libjvm.so+0x6a6268]  JavaThread::run()+0x178
V  [libjvm.so+0x5a8781]  java_start(Thread*)+0x111
C  [libpthread.so.0+0x6d31]  start_thread+0xd1

Java frames: (J=compiled Java code, j=interpreted, Vv=VM code)
j  sun.misc.Unsafe.compareAndSwapInt(Ljava/lang/Object;JII)Z+0
j  java.util.concurrent.locks.AbstractQueuedSynchronizer.compareAndSetState(II)Z+9
j  java.util.concurrent.locks.ReentrantLock$NonfairSync.lock()V+3
j  java.util.concurrent.locks.ReentrantLock.lock()V+4
j  sun.awt.SunToolkit.awtLock()V+3
j  sun.awt.X11.XToolkit.getNextTaskTime()J+0
j  sun.awt.X11.XToolkit.run(Z)V+83
j  sun.awt.X11.XToolkit.run()V+5
j  java.lang.Thread.run()V+11
v  ~StubRoutines::call_stub

---------------  P R O C E S S  ---------------

Java Threads: ( => current thread )
  0x089cf400 JavaThread "Image Fetcher 1" daemon [_thread_blocked, id=4406, stack(0xa74bc000,0xa750d000)]
  0xa7273000 JavaThread "javawsApplicationMain" [_thread_blocked, id=4402, stack(0xa73c9000,0xa741a000)]
  0xa76d4800 JavaThread "ProgressReporter" daemon [_thread_blocked, id=4400, stack(0xa755e000,0xa75af000)]
  0x08785c00 JavaThread "Keep-Alive-Timer" daemon [_thread_blocked, id=4398, stack(0xa7327000,0xa7378000)]
  0xa70e7800 JavaThread "TimerQueue" daemon [_thread_blocked, id=4395, stack(0xa5971000,0xa59c2000)]
  0x088e9c00 JavaThread "Image Fetcher 0" daemon [_thread_blocked, id=4393, stack(0xa5a13000,0xa5a64000)]
  0x08624800 JavaThread "AWT-EventQueue-0" [_thread_blocked, id=4390, stack(0xa75af000,0xa7600000)]
  0x0870b800 JavaThread "AWT-EventQueue-1" [_thread_blocked, id=4389, stack(0xa71af000,0xa7200000)]
  0x0870ac00 JavaThread "AWT-Shutdown" [_thread_blocked, id=4388, stack(0xa7378000,0xa73c9000)]
  0x085ea400 JavaThread "CacheCleanUpThread" daemon [_thread_blocked, id=4379, stack(0xa741a000,0xa746b000)]
  0x085e7400 JavaThread "CacheMemoryCleanUpThread" daemon [_thread_blocked, id=4378, stack(0xa746b000,0xa74bc000)]
  0xa7661000 JavaThread "DestroyJavaVM" [_thread_blocked, id=4357, stack(0xb7765000,0xb77b6000)]
  0xa765d800 JavaThread "Javaws Secure Thread" daemon [_thread_blocked, id=4376, stack(0xa750d000,0xa755e000)]
=>0xa7659400 JavaThread "AWT-XAWT" daemon [_thread_in_native, id=4373, stack(0xa7740000,0xa7791000)]
  0xa7635800 JavaThread "Java2D Disposer" daemon [_thread_blocked, id=4372, stack(0xa7791000,0xa77e2000)]
  0xa825d400 JavaThread "traceMsgQueueThread" daemon [_thread_blocked, id=4371, stack(0xa77e2000,0xa7833000)]
  0xa8241400 JavaThread "Service Thread" daemon [_thread_blocked, id=4369, stack(0xa78b4000,0xa7905000)]
  0xa823f400 JavaThread "C2 CompilerThread1" daemon [_thread_blocked, id=4368, stack(0xa7905000,0xa7986000)]
  0xa823d400 JavaThread "C2 CompilerThread0" daemon [_thread_blocked, id=4367, stack(0xa7986000,0xa7a07000)]
  0xa823b800 JavaThread "Signal Dispatcher" daemon [_thread_blocked, id=4366, stack(0xa7a07000,0xa7a58000)]
  0xa8200c00 JavaThread "Finalizer" daemon [_thread_blocked, id=4365, stack(0xa831d000,0xa836e000)]
  0x0854fc00 JavaThread "Reference Handler" daemon [_thread_blocked, id=4364, stack(0xa7f6f000,0xa7fc0000)]

Other Threads:
  0x0854a000 VMThread [stack: 0xa7fc0000,0xa8041000] [id=4363]
  0xa8243400 WatcherThread [stack: 0xa7833000,0xa78b4000] [id=4370]

VM state:not at safepoint (normal execution)

VM Mutex/Monitor currently owned by a thread: None

Heap
 PSYoungGen      total 9024K, used 5676K [0xb1bf0000, 0xb2600000, 0xb4690000)
  eden space 7744K, 56% used [0xb1bf0000,0xb203d280,0xb2380000)
  from space 1280K, 99% used [0xb24c0000,0xb25fe0a0,0xb2600000)
  to   space 1280K, 0% used [0xb2380000,0xb2380000,0xb24c0000)
 PSOldGen        total 20736K, used 2504K [0xac690000, 0xadad0000, 0xb1bf0000)
  object space 20736K, 12% used [0xac690000,0xac9022f0,0xadad0000)
 PSPermGen       total 16384K, used 11834K [0xa8690000, 0xa9690000, 0xac690000)
  object space 16384K, 72% used [0xa8690000,0xa921e9a0,0xa9690000)

Code Cache  [0xb475d000, 0xb499d000, 0xb775d000)
 total_blobs=343 nmethods=102 adapters=194 free_code_cache=48616Kb largest_free_block=49747840

Dynamic libraries:
00110000-0011c000 r-xp 00000000 08:08 5505490    /home/csimstu/src/TC/jdk1.7.0_03/jre/lib/i386/libverify.so
0011c000-0011d000 rw-p 0000c000 08:08 5505490    /home/csimstu/src/TC/jdk1.7.0_03/jre/lib/i386/libverify.so
0011f000-00134000 r-xp 00000000 08:06 136599     /lib/i386-linux-gnu/libnsl-2.13.so
00134000-00135000 r--p 00015000 08:06 136599     /lib/i386-linux-gnu/libnsl-2.13.so
00135000-00136000 rw-p 00016000 08:06 136599     /lib/i386-linux-gnu/libnsl-2.13.so
00136000-00138000 rw-p 00000000 00:00 0 
00138000-0013d000 r-xp 00000000 08:07 665189     /usr/lib/libXtst.so.6.1.0
0013d000-0013e000 r--p 00004000 08:07 665189     /usr/lib/libXtst.so.6.1.0
0013e000-0013f000 rw-p 00005000 08:07 665189     /usr/lib/libXtst.so.6.1.0
00142000-00143000 r-xp 00000000 00:00 0          [vdso]
00143000-0015d000 r-xp 00000000 08:08 5505695    /home/csimstu/src/TC/jdk1.7.0_03/jre/lib/i386/libdeploy.so
0015d000-0015e000 rw-p 00019000 08:08 5505695    /home/csimstu/src/TC/jdk1.7.0_03/jre/lib/i386/libdeploy.so
0015e000-00162000 rw-p 00000000 00:00 0 
00162000-00170000 r-xp 00000000 08:08 5505700    /home/csimstu/src/TC/jdk1.7.0_03/jre/lib/i386/libnio.so
00170000-00171000 rw-p 0000e000 08:08 5505700    /home/csimstu/src/TC/jdk1.7.0_03/jre/lib/i386/libnio.so
00171000-001f7000 r-xp 00000000 08:08 5505483    /home/csimstu/src/TC/jdk1.7.0_03/jre/lib/i386/libawt.so
001f7000-001fe000 rw-p 00086000 08:08 5505483    /home/csimstu/src/TC/jdk1.7.0_03/jre/lib/i386/libawt.so
001fe000-00222000 rw-p 00000000 00:00 0 
00222000-0026b000 r-xp 00000000 08:08 5777049    /home/csimstu/src/TC/jdk1.7.0_03/jre/lib/i386/xawt/libmawt.so
0026b000-0026d000 rw-p 00048000 08:08 5777049    /home/csimstu/src/TC/jdk1.7.0_03/jre/lib/i386/xawt/libmawt.so
0026d000-0026e000 rw-p 00000000 00:00 0 
0026e000-0027f000 r-xp 00000000 08:07 657519     /usr/lib/i386-linux-gnu/libXext.so.6.4.0
0027f000-00280000 r--p 00010000 08:07 657519     /usr/lib/i386-linux-gnu/libXext.so.6.4.0
00280000-00281000 rw-p 00011000 08:07 657519     /usr/lib/i386-linux-gnu/libXext.so.6.4.0
00281000-00283000 r-xp 00000000 08:07 654383     /usr/lib/i386-linux-gnu/libXau.so.6.0.0
00283000-00284000 r--p 00001000 08:07 654383     /usr/lib/i386-linux-gnu/libXau.so.6.0.0
00284000-00285000 rw-p 00002000 08:07 654383     /usr/lib/i386-linux-gnu/libXau.so.6.0.0
00285000-0028a000 r-xp 00000000 08:07 654348     /usr/lib/i386-linux-gnu/libXdmcp.so.6.0.0
0028a000-0028b000 r--p 00004000 08:07 654348     /usr/lib/i386-linux-gnu/libXdmcp.so.6.0.0
0028b000-0028c000 rw-p 00005000 08:07 654348     /usr/lib/i386-linux-gnu/libXdmcp.so.6.0.0
0028c000-00291000 r-xp 00000000 08:06 136709     /lib/i386-linux-gnu/libnss_dns-2.13.so
00291000-00292000 r--p 00004000 08:06 136709     /lib/i386-linux-gnu/libnss_dns-2.13.so
00292000-00293000 rw-p 00005000 08:06 136709     /lib/i386-linux-gnu/libnss_dns-2.13.so
00294000-002ab000 r-xp 00000000 08:06 137443     /lib/i386-linux-gnu/libpthread-2.13.so
002ab000-002ac000 r--p 00016000 08:06 137443     /lib/i386-linux-gnu/libpthread-2.13.so
002ac000-002ad000 rw-p 00017000 08:06 137443     /lib/i386-linux-gnu/libpthread-2.13.so
002ad000-002af000 rw-p 00000000 00:00 0 
002af000-002b2000 r-xp 00000000 08:07 654751     /usr/lib/i386-linux-gnu/libgmodule-2.0.so.0.3000.0
002b2000-002b3000 r--p 00002000 08:07 654751     /usr/lib/i386-linux-gnu/libgmodule-2.0.so.0.3000.0
002b3000-002b4000 rw-p 00003000 08:07 654751     /usr/lib/i386-linux-gnu/libgmodule-2.0.so.0.3000.0
002b5000-002d3000 r-xp 00000000 08:06 130492     /lib/i386-linux-gnu/ld-2.13.so
002d3000-002d4000 r--p 0001d000 08:06 130492     /lib/i386-linux-gnu/ld-2.13.so
002d4000-002d5000 rw-p 0001e000 08:06 130492     /lib/i386-linux-gnu/ld-2.13.so
002d5000-002e8000 r-xp 00000000 08:06 137513     /lib/i386-linux-gnu/libresolv-2.13.so
002e8000-002e9000 r--p 00012000 08:06 137513     /lib/i386-linux-gnu/libresolv-2.13.so
002e9000-002ea000 rw-p 00013000 08:06 137513     /lib/i386-linux-gnu/libresolv-2.13.so
002ea000-002ec000 rw-p 00000000 00:00 0 
002ec000-002f7000 r-xp 00000000 08:07 656209     /usr/lib/i386-linux-gnu/libpangocairo-1.0.so.0.2903.0
002f7000-002f8000 r--p 0000a000 08:07 656209     /usr/lib/i386-linux-gnu/libpangocairo-1.0.so.0.2903.0
002f8000-002f9000 rw-p 0000b000 08:07 656209     /usr/lib/i386-linux-gnu/libpangocairo-1.0.so.0.2903.0
002f9000-00300000 r-xp 00000000 08:07 665048     /usr/lib/i386-linux-gnu/libXrandr.so.2.2.0
00300000-00301000 r--p 00006000 08:07 665048     /usr/lib/i386-linux-gnu/libXrandr.so.2.2.0
00301000-00302000 rw-p 00007000 08:07 665048     /usr/lib/i386-linux-gnu/libXrandr.so.2.2.0
00302000-00304000 r-xp 00000000 08:07 656410     /usr/lib/i386-linux-gnu/libXcomposite.so.1.0.0
00304000-00305000 r--p 00001000 08:07 656410     /usr/lib/i386-linux-gnu/libXcomposite.so.1.0.0
00305000-00306000 rw-p 00002000 08:07 656410     /usr/lib/i386-linux-gnu/libXcomposite.so.1.0.0
00306000-00308000 r-xp 00000000 08:07 657514     /usr/lib/i386-linux-gnu/libXdamage.so.1.1.0
00308000-00309000 r--p 00001000 08:07 657514     /usr/lib/i386-linux-gnu/libXdamage.so.1.1.0
00309000-0030a000 rw-p 00002000 08:07 657514     /usr/lib/i386-linux-gnu/libXdamage.so.1.1.0
0030a000-0030c000 r-xp 00000000 08:07 655893     /usr/lib/i386-linux-gnu/libxcb-shm.so.0.0.0
0030c000-0030d000 r--p 00001000 08:07 655893     /usr/lib/i386-linux-gnu/libxcb-shm.so.0.0.0
0030d000-0030e000 rw-p 00002000 08:07 655893     /usr/lib/i386-linux-gnu/libxcb-shm.so.0.0.0
0030e000-00316000 r-xp 00000000 08:07 655417     /usr/lib/i386-linux-gnu/libxcb-render.so.0.0.0
00316000-00317000 r--p 00007000 08:07 655417     /usr/lib/i386-linux-gnu/libxcb-render.so.0.0.0
00317000-00318000 rw-p 00008000 08:07 655417     /usr/lib/i386-linux-gnu/libxcb-render.so.0.0.0
00318000-0032f000 r-xp 00000000 08:08 5505681    /home/csimstu/src/TC/jdk1.7.0_03/jre/lib/i386/libzip.so
0032f000-00330000 rw-p 00017000 08:08 5505681    /home/csimstu/src/TC/jdk1.7.0_03/jre/lib/i386/libzip.so
00330000-0034d000 r-xp 00000000 08:07 655174     /usr/lib/i386-linux-gnu/libatk-1.0.so.0.20209.1
0034d000-0034f000 r--p 0001c000 08:07 655174     /usr/lib/i386-linux-gnu/libatk-1.0.so.0.20209.1
0034f000-00350000 rw-p 0001e000 08:07 655174     /usr/lib/i386-linux-gnu/libatk-1.0.so.0.20209.1
00350000-0036e000 r-xp 00000000 08:07 655615     /usr/lib/i386-linux-gnu/libgdk_pixbuf-2.0.so.0.2400.0
0036e000-0036f000 r--p 0001d000 08:07 655615     /usr/lib/i386-linux-gnu/libgdk_pixbuf-2.0.so.0.2400.0
0036f000-00370000 rw-p 0001e000 08:07 655615     /usr/lib/i386-linux-gnu/libgdk_pixbuf-2.0.so.0.2400.0
00370000-00374000 r-xp 00000000 08:07 654753     /usr/lib/i386-linux-gnu/libgthread-2.0.so.0.3000.0
00374000-00375000 r--p 00003000 08:07 654753     /usr/lib/i386-linux-gnu/libgthread-2.0.so.0.3000.0
00375000-00376000 rw-p 00004000 08:07 654753     /usr/lib/i386-linux-gnu/libgthread-2.0.so.0.3000.0
00376000-00378000 r-xp 00000000 08:07 657290     /usr/lib/i386-linux-gnu/pango/1.6.0/modules/pango-basic-fc.so
00378000-00379000 r--p 00001000 08:07 657290     /usr/lib/i386-linux-gnu/pango/1.6.0/modules/pango-basic-fc.so
00379000-0037a000 rw-p 00002000 08:07 657290     /usr/lib/i386-linux-gnu/pango/1.6.0/modules/pango-basic-fc.so
0037b000-00382000 r-xp 00000000 08:06 137604     /lib/i386-linux-gnu/librt-2.13.so
00382000-00383000 r--p 00006000 08:06 137604     /lib/i386-linux-gnu/librt-2.13.so
00383000-00384000 rw-p 00007000 08:06 137604     /lib/i386-linux-gnu/librt-2.13.so
00384000-00388000 r-xp 00000000 08:07 655169     /usr/lib/libcanberra-gtk.so.0.1.8
00388000-00389000 r--p 00003000 08:07 655169     /usr/lib/libcanberra-gtk.so.0.1.8
00389000-0038a000 rw-p 00004000 08:07 655169     /usr/lib/libcanberra-gtk.so.0.1.8
0038a000-003a7000 r-xp 00000000 08:07 654565     /usr/lib/i386-linux-gnu/libxcb.so.1.1.0
003a7000-003a8000 r--p 0001c000 08:07 654565     /usr/lib/i386-linux-gnu/libxcb.so.1.1.0
003a8000-003a9000 rw-p 0001d000 08:07 654565     /usr/lib/i386-linux-gnu/libxcb.so.1.1.0
003a9000-00454000 r-xp 00000000 08:07 665052     /usr/lib/i386-linux-gnu/libgdk-x11-2.0.so.0.2400.6
00454000-00456000 r--p 000ab000 08:07 665052     /usr/lib/i386-linux-gnu/libgdk-x11-2.0.so.0.2400.6
00456000-00457000 rw-p 000ad000 08:07 665052     /usr/lib/i386-linux-gnu/libgdk-x11-2.0.so.0.2400.6
00457000-0047f000 r-xp 00000000 08:06 136186     /lib/i386-linux-gnu/libm-2.13.so
0047f000-00480000 r--p 00028000 08:06 136186     /lib/i386-linux-gnu/libm-2.13.so
00480000-00481000 rw-p 00029000 08:06 136186     /lib/i386-linux-gnu/libm-2.13.so
00481000-005b2000 r-xp 00000000 08:07 654373     /usr/lib/i386-linux-gnu/libX11.so.6.3.0
005b2000-005b3000 ---p 00131000 08:07 654373     /usr/lib/i386-linux-gnu/libX11.so.6.3.0
005b3000-005b4000 r--p 00131000 08:07 654373     /usr/lib/i386-linux-gnu/libX11.so.6.3.0
005b4000-005b6000 rw-p 00132000 08:07 654373     /usr/lib/i386-linux-gnu/libX11.so.6.3.0
005b6000-005b7000 rw-p 00000000 00:00 0 
005b7000-005ca000 r-xp 00000000 08:06 149116     /lib/i386-linux-gnu/libz.so.1.2.3.4
005ca000-005cb000 r--p 00012000 08:06 149116     /lib/i386-linux-gnu/libz.so.1.2.3.4
005cb000-005cc000 rw-p 00013000 08:06 149116     /lib/i386-linux-gnu/libz.so.1.2.3.4
005cc000-005d0000 r-xp 00000000 08:07 654150     /usr/lib/gtk-2.0/2.10.0/menuproxies/libappmenu.so
005d0000-005d1000 r--p 00004000 08:07 654150     /usr/lib/gtk-2.0/2.10.0/menuproxies/libappmenu.so
005d1000-005d2000 rw-p 00005000 08:07 654150     /usr/lib/gtk-2.0/2.10.0/menuproxies/libappmenu.so
005d2000-005db000 r-xp 00000000 08:07 655985     /usr/lib/i386-linux-gnu/libXrender.so.1.3.0
005db000-005dc000 r--p 00008000 08:07 655985     /usr/lib/i386-linux-gnu/libXrender.so.1.3.0
005dc000-005dd000 rw-p 00009000 08:07 655985     /usr/lib/i386-linux-gnu/libXrender.so.1.3.0
005dd000-005e2000 r-xp 00000000 08:07 655989     /usr/lib/i386-linux-gnu/libffi.so.6.0.0
005e2000-005e3000 r--p 00004000 08:07 655989     /usr/lib/i386-linux-gnu/libffi.so.6.0.0
005e3000-005e4000 rw-p 00005000 08:07 655989     /usr/lib/i386-linux-gnu/libffi.so.6.0.0
005e4000-005e7000 r-xp 00000000 08:07 655701     /usr/lib/i386-linux-gnu/libavahi-glib.so.1.0.2
005e7000-005e8000 r--p 00002000 08:07 655701     /usr/lib/i386-linux-gnu/libavahi-glib.so.1.0.2
005e8000-005e9000 rw-p 00003000 08:07 655701     /usr/lib/i386-linux-gnu/libavahi-glib.so.1.0.2
005e9000-005f1000 r-xp 00000000 08:06 136695     /lib/i386-linux-gnu/libnss_compat-2.13.so
005f1000-005f2000 r--p 00007000 08:06 136695     /lib/i386-linux-gnu/libnss_compat-2.13.so
005f2000-005f3000 rw-p 00008000 08:06 136695     /lib/i386-linux-gnu/libnss_compat-2.13.so
005f3000-0061e000 r-xp 00000000 08:07 656210     /usr/lib/i386-linux-gnu/libpangoft2-1.0.so.0.2903.0
0061e000-0061f000 r--p 0002a000 08:07 656210     /usr/lib/i386-linux-gnu/libpangoft2-1.0.so.0.2903.0
0061f000-00620000 rw-p 0002b000 08:07 656210     /usr/lib/i386-linux-gnu/libpangoft2-1.0.so.0.2903.0
00620000-00667000 r-xp 00000000 08:07 655024     /usr/lib/i386-linux-gnu/libpango-1.0.so.0.2903.0
00667000-00668000 r--p 00047000 08:07 655024     /usr/lib/i386-linux-gnu/libpango-1.0.so.0.2903.0
00668000-00669000 rw-p 00048000 08:07 655024     /usr/lib/i386-linux-gnu/libpango-1.0.so.0.2903.0
00669000-00691000 r-xp 00000000 08:06 134569     /lib/i386-linux-gnu/libpng12.so.0.46.0
00691000-00692000 r--p 00027000 08:06 134569     /lib/i386-linux-gnu/libpng12.so.0.46.0
00692000-00693000 rw-p 00028000 08:06 134569     /lib/i386-linux-gnu/libpng12.so.0.46.0
00693000-006a1000 r-xp 00000000 08:07 660840     /usr/lib/liboverlay-scrollbar-0.2.so.0.0.11
006a1000-006a2000 r--p 0000d000 08:07 660840     /usr/lib/liboverlay-scrollbar-0.2.so.0.0.11
006a2000-006a3000 rw-p 0000e000 08:07 660840     /usr/lib/liboverlay-scrollbar-0.2.so.0.0.11
006a3000-006a8000 r-xp 00000000 08:07 656814     /usr/lib/gtk-2.0/modules/libcanberra-gtk-module.so
006a8000-006a9000 r--p 00004000 08:07 656814     /usr/lib/gtk-2.0/modules/libcanberra-gtk-module.so
006a9000-006aa000 rw-p 00005000 08:07 656814     /usr/lib/gtk-2.0/modules/libcanberra-gtk-module.so
006ad000-006b8000 r-xp 00000000 08:06 137081     /lib/i386-linux-gnu/libnss_files-2.13.so
006b8000-006b9000 r--p 0000a000 08:06 137081     /lib/i386-linux-gnu/libnss_files-2.13.so
006b9000-006ba000 rw-p 0000b000 08:06 137081     /lib/i386-linux-gnu/libnss_files-2.13.so
006ba000-00781000 r-xp 00000000 08:07 656830     /usr/lib/i386-linux-gnu/libcairo.so.2.11000.2
00781000-00782000 r--p 000c7000 08:07 656830     /usr/lib/i386-linux-gnu/libcairo.so.2.11000.2
00782000-00783000 rw-p 000c8000 08:07 656830     /usr/lib/i386-linux-gnu/libcairo.so.2.11000.2
00783000-00785000 rw-p 00000000 00:00 0 
00785000-007d2000 r-xp 00000000 08:07 654463     /usr/lib/i386-linux-gnu/libgobject-2.0.so.0.3000.0
007d2000-007d3000 r--p 0004d000 08:07 654463     /usr/lib/i386-linux-gnu/libgobject-2.0.so.0.3000.0
007d3000-007d4000 rw-p 0004e000 08:07 654463     /usr/lib/i386-linux-gnu/libgobject-2.0.so.0.3000.0
007d4000-00866000 r-xp 00000000 08:07 664740     /usr/lib/i386-linux-gnu/libfreetype.so.6.6.2
00866000-0086a000 r--p 00091000 08:07 664740     /usr/lib/i386-linux-gnu/libfreetype.so.6.6.2
0086a000-0086b000 rw-p 00095000 08:07 664740     /usr/lib/i386-linux-gnu/libfreetype.so.6.6.2
0086b000-00887000 r-xp 00000000 08:06 139041     /lib/i386-linux-gnu/libselinux.so.1
00887000-00888000 r--p 0001b000 08:06 139041     /lib/i386-linux-gnu/libselinux.so.1
00888000-00889000 rw-p 0001c000 08:06 139041     /lib/i386-linux-gnu/libselinux.so.1
00889000-00898000 r-xp 00000000 08:07 655128     /usr/lib/libcanberra.so.0.2.5
00898000-00899000 r--p 0000e000 08:07 655128     /usr/lib/libcanberra.so.0.2.5
00899000-0089a000 rw-p 0000f000 08:07 655128     /usr/lib/libcanberra.so.0.2.5
0089a000-008a2000 r-xp 00000000 08:07 654337     /usr/lib/i386-linux-gnu/libvorbisfile.so.3.3.4
008a2000-008a3000 r--p 00007000 08:07 654337     /usr/lib/i386-linux-gnu/libvorbisfile.so.3.3.4
008a3000-008a4000 rw-p 00008000 08:07 654337     /usr/lib/i386-linux-gnu/libvorbisfile.so.3.3.4
008a4000-008a6000 r-xp 00000000 08:06 137704     /lib/i386-linux-gnu/libutil-2.13.so
008a6000-008a7000 r--p 00001000 08:06 137704     /lib/i386-linux-gnu/libutil-2.13.so
008a7000-008a8000 rw-p 00002000 08:06 137704     /lib/i386-linux-gnu/libutil-2.13.so
008aa000-008ac000 r-xp 00000000 08:07 657576     /usr/lib/i386-linux-gnu/libXinerama.so.1.0.0
008ac000-008ad000 r--p 00001000 08:07 657576     /usr/lib/i386-linux-gnu/libXinerama.so.1.0.0
008ad000-008ae000 rw-p 00002000 08:07 657576     /usr/lib/i386-linux-gnu/libXinerama.so.1.0.0
008af000-008d2000 r-xp 00000000 08:08 5505503    /home/csimstu/src/TC/jdk1.7.0_03/jre/lib/i386/libjava.so
008d2000-008d3000 rw-p 00023000 08:08 5505503    /home/csimstu/src/TC/jdk1.7.0_03/jre/lib/i386/libjava.so
008d3000-00910000 r-xp 00000000 08:06 134744     /lib/i386-linux-gnu/libpcre.so.3.12.1
00910000-00911000 r--p 0003c000 08:06 134744     /lib/i386-linux-gnu/libpcre.so.3.12.1
00911000-00912000 rw-p 0003d000 08:06 134744     /lib/i386-linux-gnu/libpcre.so.3.12.1
00912000-0091a000 r-xp 00000000 08:07 655689     /usr/lib/libltdl.so.7.3.0
0091a000-0091b000 r--p 00008000 08:07 655689     /usr/lib/libltdl.so.7.3.0
0091b000-0091c000 rw-p 00009000 08:07 655689     /usr/lib/libltdl.so.7.3.0
0091c000-0091f000 r-xp 00000000 08:06 138008     /lib/i386-linux-gnu/libgpg-error.so.0.8.0
0091f000-00920000 r--p 00002000 08:06 138008     /lib/i386-linux-gnu/libgpg-error.so.0.8.0
00920000-00921000 rw-p 00003000 08:06 138008     /lib/i386-linux-gnu/libgpg-error.so.0.8.0
00923000-00937000 r-xp 00000000 08:08 5505694    /home/csimstu/src/TC/jdk1.7.0_03/jre/lib/i386/libnet.so
00937000-00938000 rw-p 00014000 08:08 5505694    /home/csimstu/src/TC/jdk1.7.0_03/jre/lib/i386/libnet.so
00938000-00949000 r-xp 00000000 08:07 665186     /usr/lib/i386-linux-gnu/libtdb.so.1.2.9
00949000-0094a000 r--p 00010000 08:07 665186     /usr/lib/i386-linux-gnu/libtdb.so.1.2.9
0094a000-0094b000 rw-p 00011000 08:07 665186     /usr/lib/i386-linux-gnu/libtdb.so.1.2.9
0094b000-00974000 r-xp 00000000 08:07 658303     /usr/lib/i386-linux-gnu/libvorbis.so.0.4.5
00974000-00975000 r--p 00028000 08:07 658303     /usr/lib/i386-linux-gnu/libvorbis.so.0.4.5
00975000-00976000 rw-p 00029000 08:07 658303     /usr/lib/i386-linux-gnu/libvorbis.so.0.4.5
00976000-0097c000 r-xp 00000000 08:07 654094     /usr/lib/i386-linux-gnu/libogg.so.0.7.1
0097c000-0097d000 r--p 00005000 08:07 654094     /usr/lib/i386-linux-gnu/libogg.so.0.7.1
0097d000-0097e000 rw-p 00006000 08:07 654094     /usr/lib/i386-linux-gnu/libogg.so.0.7.1
0097f000-009b1000 r-xp 00000000 08:07 654839     /usr/lib/i386-linux-gnu/libfontconfig.so.1.4.4
009b1000-009b2000 ---p 00032000 08:07 654839     /usr/lib/i386-linux-gnu/libfontconfig.so.1.4.4
009b2000-009b3000 r--p 00032000 08:07 654839     /usr/lib/i386-linux-gnu/libfontconfig.so.1.4.4
009b3000-009b4000 rw-p 00033000 08:07 654839     /usr/lib/i386-linux-gnu/libfontconfig.so.1.4.4
009b4000-009e1000 r-xp 00000000 08:07 658526     /usr/lib/gtk-2.0/2.10.0/engines/libmurrine.so
009e1000-009e2000 r--p 0002c000 08:07 658526     /usr/lib/gtk-2.0/2.10.0/engines/libmurrine.so
009e2000-009e3000 rw-p 0002d000 08:07 658526     /usr/lib/gtk-2.0/2.10.0/engines/libmurrine.so
009e3000-009ec000 r-xp 00000000 08:07 654152     /usr/lib/i386-linux-gnu/gtk-2.0/2.10.0/engines/libpixmap.so
009ec000-009ed000 r--p 00008000 08:07 654152     /usr/lib/i386-linux-gnu/gtk-2.0/2.10.0/engines/libpixmap.so
009ed000-009ee000 rw-p 00009000 08:07 654152     /usr/lib/i386-linux-gnu/gtk-2.0/2.10.0/engines/libpixmap.so
009ee000-009f4000 r-xp 00000000 08:07 791513     /usr/lib/i386-linux-gnu/gtk-2.0/2.10.0/immodules/im-xim.so
009f4000-009f5000 r--p 00005000 08:07 791513     /usr/lib/i386-linux-gnu/gtk-2.0/2.10.0/immodules/im-xim.so
009f5000-009f6000 rw-p 00006000 08:07 791513     /usr/lib/i386-linux-gnu/gtk-2.0/2.10.0/immodules/im-xim.so
00a00000-00a02000 r-xp 00000000 08:06 153797     /lib/libnss_mdns4_minimal.so.2
00a02000-00a03000 r--p 00001000 08:06 153797     /lib/libnss_mdns4_minimal.so.2
00a03000-00a04000 rw-p 00002000 08:06 153797     /lib/libnss_mdns4_minimal.so.2
00a04000-00a82000 r-xp 00000000 08:07 654601     /usr/lib/i386-linux-gnu/libpixman-1.so.0.22.2
00a82000-00a86000 r--p 0007d000 08:07 654601     /usr/lib/i386-linux-gnu/libpixman-1.so.0.22.2
00a86000-00a87000 rw-p 00081000 08:07 654601     /usr/lib/i386-linux-gnu/libpixman-1.so.0.22.2
00a87000-00ac9000 r-xp 00000000 08:08 5505486    /home/csimstu/src/TC/jdk1.7.0_03/jre/lib/i386/libfontmanager.so
00ac9000-00acc000 rw-p 00041000 08:08 5505486    /home/csimstu/src/TC/jdk1.7.0_03/jre/lib/i386/libfontmanager.so
00acc000-00ad0000 rw-p 00000000 00:00 0 
00ad0000-00aec000 r-xp 00000000 08:06 135101     /lib/i386-linux-gnu/libgcc_s.so.1
00aec000-00aed000 r--p 0001b000 08:06 135101     /lib/i386-linux-gnu/libgcc_s.so.1
00aed000-00aee000 rw-p 0001c000 08:06 135101     /lib/i386-linux-gnu/libgcc_s.so.1
00af4000-00b07000 r-xp 00000000 08:08 5777031    /home/csimstu/src/TC/jdk1.7.0_03/jre/lib/i386/jli/libjli.so
00b07000-00b08000 rw-p 00012000 08:08 5777031    /home/csimstu/src/TC/jdk1.7.0_03/jre/lib/i386/jli/libjli.so
00b08000-00b18000 r-xp 00000000 08:07 656102     /usr/lib/libdbusmenu-gtk.so.4.0.5
00b18000-00b19000 ---p 00010000 08:07 656102     /usr/lib/libdbusmenu-gtk.so.4.0.5
00b19000-00b1a000 r--p 00010000 08:07 656102     /usr/lib/libdbusmenu-gtk.so.4.0.5
00b1a000-00b1b000 rw-p 00011000 08:07 656102     /usr/lib/libdbusmenu-gtk.so.4.0.5
00b1b000-00b33000 r-xp 00000000 08:07 654681     /usr/lib/libdbusmenu-glib.so.4.0.5
00b33000-00b34000 r--p 00017000 08:07 654681     /usr/lib/libdbusmenu-glib.so.4.0.5
00b34000-00b35000 rw-p 00018000 08:07 654681     /usr/lib/libdbusmenu-glib.so.4.0.5
00b36000-00b40000 r-xp 00000000 08:06 137099     /lib/i386-linux-gnu/libnss_nis-2.13.so
00b40000-00b41000 r--p 00009000 08:06 137099     /lib/i386-linux-gnu/libnss_nis-2.13.so
00b41000-00b42000 rw-p 0000a000 08:06 137099     /lib/i386-linux-gnu/libnss_nis-2.13.so
00b42000-00b65000 r-xp 00000000 08:07 654592     /usr/lib/i386-linux-gnu/libdbus-glib-1.so.2.2.0
00b65000-00b66000 r--p 00022000 08:07 654592     /usr/lib/i386-linux-gnu/libdbus-glib-1.so.2.2.0
00b66000-00b67000 rw-p 00023000 08:07 654592     /usr/lib/i386-linux-gnu/libdbus-glib-1.so.2.2.0
00b68000-00b71000 r-xp 00000000 08:07 656820     /usr/lib/i386-linux-gnu/libXcursor.so.1.0.2
00b71000-00b72000 r--p 00008000 08:07 656820     /usr/lib/i386-linux-gnu/libXcursor.so.1.0.2
00b72000-00b73000 rw-p 00009000 08:07 656820     /usr/lib/i386-linux-gnu/libXcursor.so.1.0.2
00b73000-00b7f000 r-xp 00000000 08:07 654951     /usr/lib/i386-linux-gnu/libavahi-common.so.3.5.3
00b7f000-00b80000 r--p 0000b000 08:07 654951     /usr/lib/i386-linux-gnu/libavahi-common.so.3.5.3
00b80000-00b81000 rw-p 0000c000 08:07 654951     /usr/lib/i386-linux-gnu/libavahi-common.so.3.5.3
00b81000-00b92000 r-xp 00000000 08:07 654954     /usr/lib/i386-linux-gnu/libavahi-client.so.3.2.9
00b92000-00b93000 r--p 00010000 08:07 654954     /usr/lib/i386-linux-gnu/libavahi-client.so.3.2.9
00b93000-00b94000 rw-p 00011000 08:07 654954     /usr/lib/i386-linux-gnu/libavahi-client.so.3.2.9
00b9e000-00ba2000 r-xp 00000000 08:07 656829     /usr/lib/i386-linux-gnu/libXfixes.so.3.1.0
00ba2000-00ba3000 r--p 00003000 08:07 656829     /usr/lib/i386-linux-gnu/libXfixes.so.3.1.0
00ba3000-00ba4000 rw-p 00004000 08:07 656829     /usr/lib/i386-linux-gnu/libXfixes.so.3.1.0
00ba4000-00bb4000 r-xp 00000000 08:07 654636     /usr/lib/i386-linux-gnu/libtasn1.so.3.1.11
00bb4000-00bb5000 r--p 0000f000 08:07 654636     /usr/lib/i386-linux-gnu/libtasn1.so.3.1.11
00bb5000-00bb6000 rw-p 00010000 08:07 654636     /usr/lib/i386-linux-gnu/libtasn1.so.3.1.11
00bc3000-00be9000 r-xp 00000000 08:06 137448     /lib/i386-linux-gnu/libexpat.so.1.5.2
00be9000-00bea000 ---p 00026000 08:06 137448     /lib/i386-linux-gnu/libexpat.so.1.5.2
00bea000-00bec000 r--p 00026000 08:06 137448     /lib/i386-linux-gnu/libexpat.so.1.5.2
00bec000-00bed000 rw-p 00028000 08:06 137448     /lib/i386-linux-gnu/libexpat.so.1.5.2
00bf3000-00c1f000 r-xp 00000000 08:07 687988     /usr/lib/libgconf-2.so.4.1.5
00c1f000-00c20000 r--p 0002b000 08:07 687988     /usr/lib/libgconf-2.so.4.1.5
00c20000-00c21000 rw-p 0002c000 08:07 687988     /usr/lib/libgconf-2.so.4.1.5
00c2a000-00c38000 r-xp 00000000 08:07 656825     /usr/lib/i386-linux-gnu/libXi.so.6.1.0
00c38000-00c39000 r--p 0000d000 08:07 656825     /usr/lib/i386-linux-gnu/libXi.so.6.1.0
00c39000-00c3a000 rw-p 0000e000 08:07 656825     /usr/lib/i386-linux-gnu/libXi.so.6.1.0
00c3b000-00c3e000 r-xp 00000000 08:06 135821     /lib/i386-linux-gnu/libdl-2.13.so
00c3e000-00c3f000 r--p 00002000 08:06 135821     /lib/i386-linux-gnu/libdl-2.13.so
00c3f000-00c40000 rw-p 00003000 08:06 135821     /lib/i386-linux-gnu/libdl-2.13.so
00c40000-00c9f000 r-xp 00000000 08:08 5505696    /home/csimstu/src/TC/jdk1.7.0_03/jre/lib/i386/libt2k.so
00c9f000-00ca3000 rw-p 0005f000 08:08 5505696    /home/csimstu/src/TC/jdk1.7.0_03/jre/lib/i386/libt2k.so
00ca3000-00ca7000 rw-p 00000000 00:00 0 
00ca7000-00d0c000 r-xp 00000000 08:07 655065     /usr/lib/libgnomevfs-2.so.0.2400.4
00d0c000-00d0e000 r--p 00064000 08:07 655065     /usr/lib/libgnomevfs-2.so.0.2400.4
00d0e000-00d10000 rw-p 00066000 08:07 655065     /usr/lib/libgnomevfs-2.so.0.2400.4
00d20000-00e98000 r-xp 00000000 08:06 134889     /lib/i386-linux-gnu/libc-2.13.so
00e98000-00e9a000 r--p 00178000 08:06 134889     /lib/i386-linux-gnu/libc-2.13.so
00e9a000-00e9b000 rw-p 0017a000 08:06 134889     /lib/i386-linux-gnu/libc-2.13.so
00e9b000-00e9e000 rw-p 00000000 00:00 0 
00e9e000-0160c000 r-xp 00000000 08:08 5642191    /home/csimstu/src/TC/jdk1.7.0_03/jre/lib/i386/server/libjvm.so
0160c000-0165b000 rw-p 0076d000 08:08 5642191    /home/csimstu/src/TC/jdk1.7.0_03/jre/lib/i386/server/libjvm.so
0165b000-01a7a000 rw-p 00000000 00:00 0 
01a7a000-01bc1000 r-xp 00000000 08:07 654425     /usr/lib/libxml2.so.2.7.8
01bc1000-01bc5000 r--p 00147000 08:07 654425     /usr/lib/libxml2.so.2.7.8
01bc5000-01bc6000 rw-p 0014b000 08:07 654425     /usr/lib/libxml2.so.2.7.8
01bc6000-01bc7000 rw-p 00000000 00:00 0 
01f06000-01f4d000 r-xp 00000000 08:06 136004     /lib/i386-linux-gnu/libdbus-1.so.3.5.7
01f4d000-01f4e000 r--p 00046000 08:06 136004     /lib/i386-linux-gnu/libdbus-1.so.3.5.7
01f4e000-01f4f000 rw-p 00047000 08:06 136004     /lib/i386-linux-gnu/libdbus-1.so.3.5.7
02847000-0293e000 r-xp 00000000 08:06 139924     /lib/i386-linux-gnu/libglib-2.0.so.0.3000.0
0293e000-0293f000 r--p 000f6000 08:06 139924     /lib/i386-linux-gnu/libglib-2.0.so.0.3000.0
0293f000-02940000 rw-p 000f7000 08:06 139924     /lib/i386-linux-gnu/libglib-2.0.so.0.3000.0
0451d000-045c7000 r-xp 00000000 08:07 654659     /usr/lib/i386-linux-gnu/libgnutls.so.26.16.14
045c7000-045c8000 ---p 000aa000 08:07 654659     /usr/lib/i386-linux-gnu/libgnutls.so.26.16.14
045c8000-045cc000 r--p 000aa000 08:07 654659     /usr/lib/i386-linux-gnu/libgnutls.so.26.16.14
045cc000-045cd000 rw-p 000ae000 08:07 654659     /usr/lib/i386-linux-gnu/libgnutls.so.26.16.14
0538f000-057f0000 r-xp 00000000 08:07 665051     /usr/lib/i386-linux-gnu/libgtk-x11-2.0.so.0.2400.6
057f0000-057f4000 r--p 00461000 08:07 665051     /usr/lib/i386-linux-gnu/libgtk-x11-2.0.so.0.2400.6
057f4000-057f6000 rw-p 00465000 08:07 665051     /usr/lib/i386-linux-gnu/libgtk-x11-2.0.so.0.2400.6
057f6000-057f8000 rw-p 00000000 00:00 0 
060f0000-06172000 r-xp 00000000 08:06 139267     /lib/i386-linux-gnu/libgcrypt.so.11.7.0
06172000-06173000 r--p 00081000 08:06 139267     /lib/i386-linux-gnu/libgcrypt.so.11.7.0
06173000-06175000 rw-p 00082000 08:06 139267     /lib/i386-linux-gnu/libgcrypt.so.11.7.0
061c9000-061fc000 r-xp 00000000 08:08 5505608    /home/csimstu/src/TC/jdk1.7.0_03/jre/lib/i386/libsunec.so
061fc000-06200000 rw-p 00032000 08:08 5505608    /home/csimstu/src/TC/jdk1.7.0_03/jre/lib/i386/libsunec.so
06200000-06204000 rw-p 00000000 00:00 0 
0764b000-0778d000 r-xp 00000000 08:07 654858     /usr/lib/i386-linux-gnu/libgio-2.0.so.0.3000.0
0778d000-0778f000 r--p 00142000 08:07 654858     /usr/lib/i386-linux-gnu/libgio-2.0.so.0.3000.0
0778f000-07790000 rw-p 00144000 08:07 654858     /usr/lib/i386-linux-gnu/libgio-2.0.so.0.3000.0
07790000-07791000 rw-p 00000000 00:00 0 
08048000-08049000 r-xp 00000000 08:08 1445848    /home/csimstu/src/TC/jdk1.7.0_03/jre/bin/java
08049000-0804a000 rw-p 00000000 08:08 1445848    /home/csimstu/src/TC/jdk1.7.0_03/jre/bin/java
08472000-08a00000 rw-p 00000000 00:00 0          [heap]
a56af000-a56b2000 ---p 00000000 00:00 0 
a56b2000-a5700000 rw-p 00000000 00:00 0 
a5700000-a57ba000 rw-p 00000000 00:00 0 
a57ba000-a5800000 ---p 00000000 00:00 0 
a584a000-a584d000 ---p 00000000 00:00 0 
a584d000-a589b000 rw-p 00000000 00:00 0 
a589b000-a5911000 rw-s 00000000 00:04 2064395    /SYSV00000000 (deleted)
a5911000-a5971000 rw-s 00000000 00:04 2031626    /SYSV00000000 (deleted)
a5971000-a5974000 ---p 00000000 00:00 0 
a5974000-a59c2000 rw-p 00000000 00:00 0 
a59c2000-a59c5000 ---p 00000000 00:00 0 
a59c5000-a5a13000 rw-p 00000000 00:00 0 
a5a13000-a5a16000 ---p 00000000 00:00 0 
a5a16000-a5a64000 rw-p 00000000 00:00 0 
a5a64000-a5a65000 ---p 00000000 00:00 0 
a5a65000-a6265000 rw-p 00000000 00:00 0 
a6265000-a6266000 ---p 00000000 00:00 0 
a6266000-a6a66000 rw-p 00000000 00:00 0 
a6a66000-a6f57000 r--p 00000000 08:07 1066270    /usr/share/fonts/truetype/wqy/wqy-microhei.ttc
a6f57000-a6fa9000 r--p 00000000 08:07 1054577    /usr/share/fonts/truetype/ttf-dejavu/DejaVuSansMono.ttf
a6fa9000-a7000000 r--p 00000000 08:07 918337     /usr/share/fonts/truetype/ubuntu-font-family/Ubuntu-R.ttf
a7000000-a70fe000 rw-p 00000000 00:00 0 
a70fe000-a7100000 ---p 00000000 00:00 0 
a7144000-a7145000 r--s 00000000 08:06 136785     /var/cache/fontconfig/c05880de57d1f5e948fdfacc138775d9-le32d4.cache-3
a7145000-a714b000 r--s 00000000 08:06 132518     /var/cache/fontconfig/945677eb7aeaf62f1d50efc3fb3ec7d8-le32d4.cache-3
a714b000-a714e000 r--s 00000000 08:06 136759     /var/cache/fontconfig/99e8ed0e538f840c565b6ed5dad60d56-le32d4.cache-3
a714e000-a7151000 r--s 00000000 08:06 136752     /var/cache/fontconfig/e383d7ea5fbe662a33d9b44caf393297-le32d4.cache-3
a7151000-a7156000 r--s 00000000 08:06 136593     /var/cache/fontconfig/401a5dd6b567794a1d18dd9342dfa604-le32d4.cache-3
a7156000-a7159000 r--s 00000000 08:06 136577     /var/cache/fontconfig/2cd17615ca594fa2959ae173292e504c-le32d4.cache-3
a7159000-a715d000 r--s 00000000 08:06 136384     /var/cache/fontconfig/a755afe4a08bf5b97852ceb7400b47bc-le32d4.cache-3
a715d000-a7161000 r--s 00000000 08:06 136362     /var/cache/fontconfig/515ca1ebc4b18308bea979be5704f9db-le32d4.cache-3
a7161000-a7168000 r--s 00000000 08:06 136361     /var/cache/fontconfig/6d41288fd70b0be22e8c3a91e032eec0-le32d4.cache-3
a7168000-a7173000 r--s 00000000 08:06 136296     /var/cache/fontconfig/0f34bcd4b6ee430af32735b75db7f02b-le32d4.cache-3
a7173000-a7180000 r--s 00000000 08:06 132540     /var/cache/fontconfig/d52a8644073d54c13679302ca1180695-le32d4.cache-3
a7180000-a718d000 r--s 00000000 08:06 132535     /var/cache/fontconfig/4ac51e5cfbc76fc3f983e470323a16d3-le32d4.cache-3
a718d000-a71af000 r--s 00000000 08:06 136271     /var/cache/fontconfig/365b55f210c0a22e9a19e35191240f32-le32d4.cache-3
a71af000-a71b2000 ---p 00000000 00:00 0 
a71b2000-a7200000 rw-p 00000000 00:00 0 
a7200000-a7274000 rw-p 00000000 00:00 0 
a7274000-a7300000 ---p 00000000 00:00 0 
a7300000-a7301000 r--s 00000000 08:06 136533     /var/cache/fontconfig/e7071f4a29fa870f4323321c154eba04-le32d4.cache-3
a7301000-a7305000 r--s 00000000 08:06 136519     /var/cache/fontconfig/6eb3985aa4124903f6ff08ba781cd364-le32d4.cache-3
a7305000-a7306000 r--s 00000000 08:06 136516     /var/cache/fontconfig/4c73fe0c47614734b17d736dbde7580a-le32d4.cache-3
a7306000-a7307000 r--s 00000000 08:06 136510     /var/cache/fontconfig/0d8c3b2ac0904cb8a57a757ad11a4a08-le32d4.cache-3
a7307000-a7308000 r--s 00000000 08:06 136440     /var/cache/fontconfig/6a53c69dea097a2d716e069445527da8-le32d4.cache-3
a7308000-a7311000 r--s 00000000 08:06 139408     /var/cache/fontconfig/cabbd14511b9e8a55e92af97fb3a0461-le32d4.cache-3
a7327000-a732a000 ---p 00000000 00:00 0 
a732a000-a7378000 rw-p 00000000 00:00 0 
a7378000-a737b000 ---p 00000000 00:00 0 
a737b000-a73c9000 rw-p 00000000 00:00 0 
a73c9000-a73cc000 ---p 00000000 00:00 0 
a73cc000-a741a000 rw-p 00000000 00:00 0 
a741a000-a741d000 ---p 00000000 00:00 0 
a741d000-a746b000 rw-p 00000000 00:00 0 
a746b000-a746e000 ---p 00000000 00:00 0 
a746e000-a74bc000 rw-p 00000000 00:00 0 
a74bc000-a74bf000 ---p 00000000 00:00 0 
a74bf000-a750d000 rw-p 00000000 00:00 0 
a750d000-a7510000 ---p 00000000 00:00 0 
a7510000-a755e000 rw-p 00000000 00:00 0 
a755e000-a7561000 ---p 00000000 00:00 0 
a7561000-a75af000 rw-p 00000000 00:00 0 
a75af000-a75b2000 ---p 00000000 00:00 0 
a75b2000-a7600000 rw-p 00000000 00:00 0 
a7600000-a76ef000 rw-p 00000000 00:00 0 
a76ef000-a7700000 ---p 00000000 00:00 0 
a7700000-a7703000 r--s 00000000 08:06 136294     /var/cache/fontconfig/d60319d88cac85ba9e1a07bd06cfbb8c-le32d4.cache-3
a7703000-a7711000 r--s 00000000 08:06 132839     /var/cache/fontconfig/865f88548240fee46819705c6468c165-le32d4.cache-3
a7740000-a7743000 ---p 00000000 00:00 0 
a7743000-a7791000 rw-p 00000000 00:00 0 
a7791000-a7794000 ---p 00000000 00:00 0 
a7794000-a77e2000 rw-p 00000000 00:00 0 
a77e2000-a77e5000 ---p 00000000 00:00 0 
a77e5000-a7833000 rw-p 00000000 00:00 0 
a7833000-a7834000 ---p 00000000 00:00 0 
a7834000-a78b4000 rw-p 00000000 00:00 0 
a78b4000-a78b7000 ---p 00000000 00:00 0 
a78b7000-a7905000 rw-p 00000000 00:00 0 
a7905000-a7908000 ---p 00000000 00:00 0 
a7908000-a7986000 rw-p 00000000 00:00 0 
a7986000-a7989000 ---p 00000000 00:00 0 
a7989000-a7a07000 rw-p 00000000 00:00 0 
a7a07000-a7a0a000 ---p 00000000 00:00 0 
a7a0a000-a7a58000 rw-p 00000000 00:00 0 
a7a58000-a7bfc000 r--p 006d8000 08:07 667509     /usr/lib/locale/locale-archive
a7bfc000-a7bfe000 r--p 00434000 08:07 667509     /usr/lib/locale/locale-archive
a7bfe000-a7bff000 r--p 002a1000 08:07 667509     /usr/lib/locale/locale-archive
a7bff000-a7d6f000 r--p 00436000 08:07 667509     /usr/lib/locale/locale-archive
a7d6f000-a7f6f000 r--p 00000000 08:07 667509     /usr/lib/locale/locale-archive
a7f6f000-a7f72000 ---p 00000000 00:00 0 
a7f72000-a7fc0000 rw-p 00000000 00:00 0 
a7fc0000-a7fc1000 ---p 00000000 00:00 0 
a7fc1000-a8041000 rw-p 00000000 00:00 0 
a8041000-a8200000 r--s 03a09000 08:08 5251768    /home/csimstu/src/TC/jdk1.7.0_03/jre/lib/rt.jar
a8200000-a8300000 rw-p 00000000 00:00 0 
a8300000-a8301000 r--s 00000000 08:06 132661     /var/cache/fontconfig/4794a0821666d79190d59a36cb4f44b5-le32d4.cache-3
a8301000-a8309000 r--s 00000000 08:06 132519     /var/cache/fontconfig/e13b20fdb08344e0e664864cc2ede53d-le32d4.cache-3
a831d000-a8320000 ---p 00000000 00:00 0 
a8320000-a836e000 rw-p 00000000 00:00 0 
a836e000-a8381000 r--s 00190000 08:08 5251797    /home/csimstu/src/TC/jdk1.7.0_03/jre/lib/plugin.jar
a8381000-a8395000 r--s 0036d000 08:08 5251794    /home/csimstu/src/TC/jdk1.7.0_03/jre/lib/deploy.jar
a8395000-a83e0000 rw-p 00000000 00:00 0 
a83e0000-a83e1000 ---p 00000000 00:00 0 
a83e1000-a8461000 rw-p 00000000 00:00 0 
a8461000-a8462000 ---p 00000000 00:00 0 
a8462000-a84e2000 rw-p 00000000 00:00 0 
a84e2000-a84e3000 ---p 00000000 00:00 0 
a84e3000-a8563000 rw-p 00000000 00:00 0 
a8563000-a8564000 ---p 00000000 00:00 0 
a8564000-a85ec000 rw-p 00000000 00:00 0 
a85ec000-a8604000 rw-p 00000000 00:00 0 
a8604000-a860f000 rw-p 00000000 00:00 0 
a860f000-a862f000 rw-p 00000000 00:00 0 
a862f000-a8637000 rw-p 00000000 00:00 0 
a8637000-a864f000 rw-p 00000000 00:00 0 
a864f000-a865a000 rw-p 00000000 00:00 0 
a865a000-a8679000 rw-p 00000000 00:00 0 
a8679000-a867f000 rw-p 00000000 00:00 0 
a867f000-a868f000 rw-p 00000000 00:00 0 
a868f000-a9690000 rw-p 00000000 00:00 0 
a9690000-ac690000 rw-p 00000000 00:00 0 
ac690000-adad0000 rw-p 00000000 00:00 0 
adad0000-b1bf0000 rw-p 00000000 00:00 0 
b1bf0000-b2600000 rw-p 00000000 00:00 0 
b2600000-b4690000 rw-p 00000000 00:00 0 
b4690000-b4693000 r--s 00000000 08:06 136035     /var/cache/fontconfig/7ef2298fde41cc6eeb7af42e48b7d293-le32d4.cache-3
b4695000-b4699000 r--s 0002d000 08:08 5379502    /home/csimstu/src/TC/jdk1.7.0_03/jre/lib/ext/sunjce_provider.jar
b4699000-b469a000 r--s 00003000 08:08 5379506    /home/csimstu/src/TC/jdk1.7.0_03/jre/lib/ext/sunec.jar
b469a000-b469d000 r--s 00018000 08:08 5251781    /home/csimstu/src/TC/jdk1.7.0_03/jre/lib/jce.jar
b469d000-b46a6000 rw-p 00000000 00:00 0 
b46a6000-b475d000 rw-p 00000000 00:00 0 
b475d000-b499d000 rwxp 00000000 00:00 0 
b499d000-b775d000 rw-p 00000000 00:00 0 
b775d000-b7765000 rw-s 00000000 08:06 405976     /tmp/hsperfdata_csimstu/4356
b7765000-b7768000 ---p 00000000 00:00 0 
b7768000-b77b8000 rw-p 00000000 00:00 0 
b77b8000-b77bd000 r--s 00000000 08:08 5248975    /home/csimstu/.fontconfig/76453df15e9a7a3576d6b51db1e0abd8-le32d4.cache-3
b77bd000-b77c0000 r--s 000f7000 08:08 5379505    /home/csimstu/src/TC/jdk1.7.0_03/jre/lib/ext/localedata.jar
b77c0000-b77c4000 r--s 00088000 08:08 5251777    /home/csimstu/src/TC/jdk1.7.0_03/jre/lib/jsse.jar
b77c4000-b77c5000 r--p 00299000 08:07 667509     /usr/lib/locale/locale-archive
b77c5000-b77ce000 r--s 000cd000 08:08 5251790    /home/csimstu/src/TC/jdk1.7.0_03/jre/lib/javaws.jar
b77ce000-b77cf000 rw-p 00000000 00:00 0 
b77cf000-b77d0000 r--p 00000000 00:00 0 
b77d0000-b77d2000 rw-p 00000000 00:00 0 
bfbf9000-bfc1a000 rw-p 00000000 00:00 0          [stack]

VM Arguments:
jvm_args: -Djava.security.policy=file:/home/csimstu/src/TC/jdk1.7.0_03/jre/lib/security/javaws.policy -DtrustProxy=true -Xverify:remote -Djnlpx.home=/home/csimstu/src/TC/jdk1.7.0_03/jre/bin -Djnlpx.origFilenameArg=ContestAppletProd.jnlp -Djnlpx.remove=true -Dsun.awt.warmup=true -Xbootclasspath/a:/home/csimstu/src/TC/jdk1.7.0_03/jre/lib/javaws.jar:/home/csimstu/src/TC/jdk1.7.0_03/jre/lib/deploy.jar:/home/csimstu/src/TC/jdk1.7.0_03/jre/lib/plugin.jar -Xmx128m -Djnlpx.heapsize=NULL,128m -Djnlpx.splashport=41174 -Djnlpx.jvm=/home/csimstu/src/TC/jdk1.7.0_03/jre/bin/java 
java_command: com.sun.javaws.Main /tmp/javawh8AzEG
Launcher Type: SUN_STANDARD

Environment Variables:
PATH=/usr/lib/lightdm/lightdm:/usr/local/sbin:/usr/local/bin:/usr/sbin:/usr/bin:/sbin:/bin:/usr/games:/home/csimstu/bin:/home/csimstu/bin
USERNAME=csimstu
SHELL=/bin/bash
DISPLAY=:0.0

Signal Handlers:
SIGSEGV: [libjvm.so+0x6e2860], sa_mask[0]=0x7ffbfeff, sa_flags=0x10000004
SIGBUS: [libjvm.so+0x6e2860], sa_mask[0]=0x7ffbfeff, sa_flags=0x10000004
SIGFPE: [libjvm.so+0x5a3810], sa_mask[0]=0x7ffbfeff, sa_flags=0x10000004
SIGPIPE: SIG_IGN, sa_mask[0]=0x00001000, sa_flags=0x10000000
SIGXFSZ: [libjvm.so+0x5a3810], sa_mask[0]=0x7ffbfeff, sa_flags=0x10000004
SIGILL: [libjvm.so+0x5a3810], sa_mask[0]=0x7ffbfeff, sa_flags=0x10000004
SIGUSR1: SIG_DFL, sa_mask[0]=0x00000000, sa_flags=0x00000000
SIGUSR2: [libjvm.so+0x5a3110], sa_mask[0]=0x00000000, sa_flags=0x10000004
SIGHUP: [libjvm.so+0x5a56e0], sa_mask[0]=0x7ffbfeff, sa_flags=0x10000004
SIGINT: [libjvm.so+0x5a56e0], sa_mask[0]=0x7ffbfeff, sa_flags=0x10000004
SIGTERM: [libjvm.so+0x5a56e0], sa_mask[0]=0x7ffbfeff, sa_flags=0x10000004
SIGQUIT: [libjvm.so+0x5a56e0], sa_mask[0]=0x7ffbfeff, sa_flags=0x10000004


---------------  S Y S T E M  ---------------

OS:wheezy/sid

uname:Linux 3.0.0-18-generic #31-Ubuntu SMP Tue Mar 27 16:53:46 UTC 2012 i686
libc:glibc 2.13 NPTL 2.13 
rlimit: STACK 8192k, CORE 0k, NPROC 15400, NOFILE 4096, AS infinity
load average:0.04 0.09 0.15

/proc/meminfo:
MemTotal:        1985316 kB
MemFree:          146616 kB
Buffers:          228484 kB
Cached:           911844 kB
SwapCached:           56 kB
Active:           937480 kB
Inactive:         713388 kB
Active(anon):     362672 kB
Inactive(anon):   152284 kB
Active(file):     574808 kB
Inactive(file):   561104 kB
Unevictable:         160 kB
Mlocked:             160 kB
HighTotal:       1110084 kB
HighFree:          27936 kB
LowTotal:         875232 kB
LowFree:          118680 kB
SwapTotal:       1998844 kB
SwapFree:        1998080 kB
Dirty:               312 kB
Writeback:             0 kB
AnonPages:        510420 kB
Mapped:           107588 kB
Shmem:              4352 kB
Slab:             123828 kB
SReclaimable:     106172 kB
SUnreclaim:        17656 kB
KernelStack:        3368 kB
PageTables:         7048 kB
NFS_Unstable:          0 kB
Bounce:                0 kB
WritebackTmp:          0 kB
CommitLimit:     2991500 kB
Committed_AS:    2110524 kB
VmallocTotal:     122880 kB
VmallocUsed:       78196 kB
VmallocChunk:      37884 kB
HardwareCorrupted:     0 kB
AnonHugePages:         0 kB
HugePages_Total:       0
HugePages_Free:        0
HugePages_Rsvd:        0
HugePages_Surp:        0
Hugepagesize:       4096 kB
DirectMap4k:       98296 kB
DirectMap4M:      811008 kB


CPU:total 4 (2 cores per cpu, 2 threads per core) family 6 model 37 stepping 2, cmov, cx8, fxsr, mmx, sse, sse2, sse3, ssse3, sse4.1, sse4.2, popcnt, ht

/proc/cpuinfo:
processor	: 0
vendor_id	: GenuineIntel
cpu family	: 6
model		: 37
model name	: Intel(R) Core(TM) i3 CPU       M 330  @ 2.13GHz
stepping	: 2
cpu MHz		: 2133.000
cache size	: 3072 KB
physical id	: 0
siblings	: 4
core id		: 0
cpu cores	: 2
apicid		: 0
initial apicid	: 0
fdiv_bug	: no
hlt_bug		: no
f00f_bug	: no
coma_bug	: no
fpu		: yes
fpu_exception	: yes
cpuid level	: 11
wp		: yes
flags		: fpu vme de pse tsc msr pae mce cx8 apic mtrr pge mca cmov pat pse36 clflush dts acpi mmx fxsr sse sse2 ss ht tm pbe nx rdtscp lm constant_tsc arch_perfmon pebs bts xtopology nonstop_tsc aperfmperf pni dtes64 monitor ds_cpl vmx est tm2 ssse3 cx16 xtpr pdcm sse4_1 sse4_2 popcnt lahf_lm arat dts tpr_shadow vnmi flexpriority ept vpid
bogomips	: 4255.84
clflush size	: 64
cache_alignment	: 64
address sizes	: 36 bits physical, 48 bits virtual
power management:

processor	: 1
vendor_id	: GenuineIntel
cpu family	: 6
model		: 37
model name	: Intel(R) Core(TM) i3 CPU       M 330  @ 2.13GHz
stepping	: 2
cpu MHz		: 2133.000
cache size	: 3072 KB
physical id	: 0
siblings	: 4
core id		: 0
cpu cores	: 2
apicid		: 1
initial apicid	: 1
fdiv_bug	: no
hlt_bug		: no
f00f_bug	: no
coma_bug	: no
fpu		: yes
fpu_exception	: yes
cpuid level	: 11
wp		: yes
flags		: fpu vme de pse tsc msr pae mce cx8 apic mtrr pge mca cmov pat pse36 clflush dts acpi mmx fxsr sse sse2 ss ht tm pbe nx rdtscp lm constant_tsc arch_perfmon pebs bts xtopology nonstop_tsc aperfmperf pni dtes64 monitor ds_cpl vmx est tm2 ssse3 cx16 xtpr pdcm sse4_1 sse4_2 popcnt lahf_lm arat dts tpr_shadow vnmi flexpriority ept vpid
bogomips	: 4255.89
clflush size	: 64
cache_alignment	: 64
address sizes	: 36 bits physical, 48 bits virtual
power management:

processor	: 2
vendor_id	: GenuineIntel
cpu family	: 6
model		: 37
model name	: Intel(R) Core(TM) i3 CPU       M 330  @ 2.13GHz
stepping	: 2
cpu MHz		: 933.000
cache size	: 3072 KB
physical id	: 0
siblings	: 4
core id		: 2
cpu cores	: 2
apicid		: 4
initial apicid	: 4
fdiv_bug	: no
hlt_bug		: no
f00f_bug	: no
coma_bug	: no
fpu		: yes
fpu_exception	: yes
cpuid level	: 11
wp		: yes
flags		: fpu vme de pse tsc msr pae mce cx8 apic mtrr pge mca cmov pat pse36 clflush dts acpi mmx fxsr sse sse2 ss ht tm pbe nx rdtscp lm constant_tsc arch_perfmon pebs bts xtopology nonstop_tsc aperfmperf pni dtes64 monitor ds_cpl vmx est tm2 ssse3 cx16 xtpr pdcm sse4_1 sse4_2 popcnt lahf_lm arat dts tpr_shadow vnmi flexpriority ept vpid
bogomips	: 4255.91
clflush size	: 64
cache_alignment	: 64
address sizes	: 36 bits physical, 48 bits virtual
power management:

processor	: 3
vendor_id	: GenuineIntel
cpu family	: 6
model		: 37
model name	: Intel(R) Core(TM) i3 CPU       M 330  @ 2.13GHz
stepping	: 2
cpu MHz		: 933.000
cache size	: 3072 KB
physical id	: 0
siblings	: 4
core id		: 2
cpu cores	: 2
apicid		: 5
initial apicid	: 5
fdiv_bug	: no
hlt_bug		: no
f00f_bug	: no
coma_bug	: no
fpu		: yes
fpu_exception	: yes
cpuid level	: 11
wp		: yes
flags		: fpu vme de pse tsc msr pae mce cx8 apic mtrr pge mca cmov pat pse36 clflush dts acpi mmx fxsr sse sse2 ss ht tm pbe nx rdtscp lm constant_tsc arch_perfmon pebs bts xtopology nonstop_tsc aperfmperf pni dtes64 monitor ds_cpl vmx est tm2 ssse3 cx16 xtpr pdcm sse4_1 sse4_2 popcnt lahf_lm arat dts tpr_shadow vnmi flexpriority ept vpid
bogomips	: 4255.92
clflush size	: 64
cache_alignment	: 64
address sizes	: 36 bits physical, 48 bits virtual
power management:



Memory: 4k page, physical 1985316k(146616k free), swap 1998844k(1998080k free)

vm_info: Java HotSpot(TM) Server VM (22.1-b02) for linux-x86 JRE (1.7.0_03-b04), built on Jan 20 2012 10:08:12 by "java_re" with gcc 4.3.0 20080428 (Red Hat 4.3.0-8)

time: Fri Apr  6 08:53:52 2012
elapsed time: 11 seconds

