This is XeTeX, Version 3.1415926-2.2-0.9995.2 (TeX Live 2009/Debian) (format=xelatex 2011.7.16)  22 AUG 2011 09:52
entering extended mode
 %&-line parsing enabled.
**bib.tex
(./bib.tex
LaTeX2e <2009/09/24>
Babel <v3.8l> and hyphenation patterns for english, usenglishmax, dumylang, noh
yphenation, pinyin, loaded.

! LaTeX Error: Environment thebibliography undefined.

See the LaTeX manual or LaTeX Companion for explanation.
Type  H <return>  for immediate help.
 ...                                              
                                                  
l.1 \begin{thebibliography}
                           {99}
? q
OK, entering \batchmode...

! LaTeX Error: Missing \begin{document}.

See the LaTeX manual or LaTeX Companion for explanation.
Type  H <return>  for immediate help.
 ...                                              
                                                  
l.1 \begin{thebibliography}{9
                             9}
You're in trouble here.  Try typing  <return>  to proceed.
If that doesn't work, type  X <return>  to quit.

Missing character: There is no 9 in font nullfont!
Missing character: There is no 9 in font nullfont!

Overfull \hbox (20.0pt too wide) in paragraph at lines 1--2
[] 
 []


! LaTeX Error: Lonely \item--perhaps a missing list environment.

See the LaTeX manual or LaTeX Companion for explanation.
Type  H <return>  for immediate help.
 ...                                              
                                                  
l.2 \bibitem{alg}
                 ã€ŠIntroduction to Algorithm 3rd editionã€‹
Try typing  <return>  to proceed.
If that doesn't work, type  X <return>  to quit.

! Undefined control sequence.
<argument> \@listctr 
                     
l.2 \bibitem{alg}
                 ã€ŠIntroduction to Algorithm 3rd editionã€‹
The control sequence at the end of the top line
of your error message was never \def'ed. If you have
misspelled it (e.g., `\hobx'), type `I' and the correct
spelling (e.g., `I\hbox'). Otherwise just continue,
and I'll forget about whatever was undefined.

! You can't use `\relax' after \the.
<recently read> \c@ 
                    
l.2 \bibitem{alg}
                 ã€ŠIntroduction to Algorithm 3rd editionã€‹
I'm forgetting what you said and using zero instead.

\bibcite{alg}{0}
Missing character: There is no ã€Š in font nullfont!
Missing character: There is no I in font nullfont!
Missing character: There is no n in font nullfont!
Missing character: There is no t in font nullfont!
Missing character: There is no r in font nullfont!
Missing character: There is no o in font nullfont!
Missing character: There is no d in font nullfont!
Missing character: There is no u in font nullfont!
Missing character: There is no c in font nullfont!
Missing character: There is no t in font nullfont!
Missing character: There is no i in font nullfont!
Missing character: There is no o in font nullfont!
Missing character: There is no n in font nullfont!
Missing character: There is no t in font nullfont!
Missing character: There is no o in font nullfont!
Missing character: There is no A in font nullfont!
Missing character: There is no l in font nullfont!
Missing character: There is no g in font nullfont!
Missing character: There is no o in font nullfont!
Missing character: There is no r in font nullfont!
Missing character: There is no i in font nullfont!
Missing character: There is no t in font nullfont!
Missing character: There is no h in font nullfont!
Missing character: There is no m in font nullfont!
Missing character: There is no 3 in font nullfont!
Missing character: There is no r in font nullfont!
Missing character: There is no d in font nullfont!
Missing character: There is no e in font nullfont!
Missing character: There is no d in font nullfont!
Missing character: There is no i in font nullfont!
Missing character: There is no t in font nullfont!
Missing character: There is no i in font nullfont!
Missing character: There is no o in font nullfont!
Missing character: There is no n in font nullfont!
Missing character: There is no ã€‹ in font nullfont!

! LaTeX Error: Lonely \item--perhaps a missing list environment.

See the LaTeX manual or LaTeX Companion for explanation.
Type  H <return>  for immediate help.
 ...                                              
                                                  
l.3 \bibitem{xxx}
                  ã€Šæ–°ç¼–å®ç”¨ç®—æ³•çš„åˆ†æä¸ç¨‹åºè®¾è®¡ã€‹
Try typing  <return>  to proceed.
If that doesn't work, type  X <return>  to quit.

! Undefined control sequence.
<argument> \@listctr 
                     
l.3 \bibitem{xxx}
                  ã€Šæ–°ç¼–å®ç”¨ç®—æ³•çš„åˆ†æä¸ç¨‹åºè®¾è®¡ã€‹
The control sequence at the end of the top line
of your error message was never \def'ed. If you have
misspelled it (e.g., `\hobx'), type `I' and the correct
spelling (e.g., `I\hbox'). Otherwise just continue,
and I'll forget about whatever was undefined.

! You can't use `\relax' after \the.
<recently read> \c@ 
                    
l.3 \bibitem{xxx}
                  ã€Šæ–°ç¼–å®ç”¨ç®—æ³•çš„åˆ†æä¸ç¨‹åºè®¾è®¡ã€‹
I'm forgetting what you said and using zero instead.

\bibcite{xxx}{0}
Missing character: There is no ã€Š in font nullfont!
Missing character: There is no æ–° in font nullfont!
Missing character: There is no ç¼– in font nullfont!
Missing character: There is no å® in font nullfont!
Missing character: There is no ç”¨ in font nullfont!
Missing character: There is no ç®— in font nullfont!
Missing character: There is no æ³• in font nullfont!
Missing character: There is no çš„ in font nullfont!
Missing character: There is no åˆ† in font nullfont!
Missing character: There is no æ in font nullfont!
Missing character: There is no ä¸ in font nullfont!
Missing character: There is no ç¨‹ in font nullfont!
Missing character: There is no åº in font nullfont!
Missing character: There is no è®¾ in font nullfont!
Missing character: There is no è®¡ in font nullfont!
Missing character: There is no ã€‹ in font nullfont!

! LaTeX Error: Lonely \item--perhaps a missing list environment.

See the LaTeX manual or LaTeX Companion for explanation.
Type  H <return>  for immediate help.
 ...                                              
                                                  
l.4 \bibitem{wxs2007}
                     ç‹æ¬£ä¸Šã€Šæµ…è°ˆåŸºäºåˆ†å±‚æ€æƒ³çš„ç½‘ç»œæµç®—æ³•ã€‹
Try typing  <return>  to proceed.
If that doesn't work, type  X <return>  to quit.

! Undefined control sequence.
<argument> \@listctr 
                     
l.4 \bibitem{wxs2007}
                     ç‹æ¬£ä¸Šã€Šæµ…è°ˆåŸºäºåˆ†å±‚æ€æƒ³çš„ç½‘ç»œæµç®—æ³•ã€‹
The control sequence at the end of the top line
of your error message was never \def'ed. If you have
misspelled it (e.g., `\hobx'), type `I' and the correct
spelling (e.g., `I\hbox'). Otherwise just continue,
and I'll forget about whatever was undefined.

! You can't use `\relax' after \the.
<recently read> \c@ 
                    
l.4 \bibitem{wxs2007}
                     ç‹æ¬£ä¸Šã€Šæµ…è°ˆåŸºäºåˆ†å±‚æ€æƒ³çš„ç½‘ç»œæµç®—æ³•ã€‹
I'm forgetting what you said and using zero instead.

\bibcite{wxs2007}{0}
Missing character: There is no ç‹ in font nullfont!
Missing character: There is no æ¬£ in font nullfont!
Missing character: There is no ä¸Š in font nullfont!
Missing character: There is no ã€Š in font nullfont!
Missing character: There is no æµ… in font nullfont!
Missing character: There is no è°ˆ in font nullfont!
Missing character: There is no åŸº in font nullfont!
Missing character: There is no äº in font nullfont!
Missing character: There is no åˆ† in font nullfont!
Missing character: There is no å±‚ in font nullfont!
Missing character: There is no æ€ in font nullfont!
Missing character: There is no æƒ³ in font nullfont!
Missing character: There is no çš„ in font nullfont!
Missing character: There is no ç½‘ in font nullfont!
Missing character: There is no ç»œ in font nullfont!
Missing character: There is no æµ in font nullfont!
Missing character: There is no ç®— in font nullfont!
Missing character: There is no æ³• in font nullfont!
Missing character: There is no ã€‹ in font nullfont!

! LaTeX Error: Lonely \item--perhaps a missing list environment.

See the LaTeX manual or LaTeX Companion for explanation.
Type  H <return>  for immediate help.
 ...                                              
                                                  
l.5 \bibitem{zy2004}
                    å‘¨æºã€Šä¸€ç§ç®€æ˜“çš„æ–¹æ³•æ±‚è§£æµé‡æœ‰ä¸Šä¸‹ç•Œçš...

Try typing  <return>  to proceed.
If that doesn't work, type  X <return>  to quit.

! Undefined control sequence.
<argument> \@listctr 
                     
l.5 \bibitem{zy2004}
                    å‘¨æºã€Šä¸€ç§ç®€æ˜“çš„æ–¹æ³•æ±‚è§£æµé‡æœ‰ä¸Šä¸‹ç•Œçš...
The control sequence at the end of the top line
of your error message was never \def'ed. If you have
misspelled it (e.g., `\hobx'), type `I' and the correct
spelling (e.g., `I\hbox'). Otherwise just continue,
and I'll forget about whatever was undefined.

! You can't use `\relax' after \the.
<recently read> \c@ 
                    
l.5 \bibitem{zy2004}
                    å‘¨æºã€Šä¸€ç§ç®€æ˜“çš„æ–¹æ³•æ±‚è§£æµé‡æœ‰ä¸Šä¸‹ç•Œçš...
I'm forgetting what you said and using zero instead.

\bibcite{zy2004}{0}
Missing character: There is no å‘¨ in font nullfont!
Missing character: There is no æº in font nullfont!
Missing character: There is no ã€Š in font nullfont!
Missing character: There is no ä¸€ in font nullfont!
Missing character: There is no ç§ in font nullfont!
Missing character: There is no ç®€ in font nullfont!
Missing character: There is no æ˜“ in font nullfont!
Missing character: There is no çš„ in font nullfont!
Missing character: There is no æ–¹ in font nullfont!
Missing character: There is no æ³• in font nullfont!
Missing character: There is no æ±‚ in font nullfont!
Missing character: There is no è§£ in font nullfont!
Missing character: There is no æµ in font nullfont!
Missing character: There is no é‡ in font nullfont!
Missing character: There is no æœ‰ in font nullfont!
Missing character: There is no ä¸Š in font nullfont!
Missing character: There is no ä¸‹ in font nullfont!
Missing character: There is no ç•Œ in font nullfont!
Missing character: There is no çš„ in font nullfont!
Missing character: There is no ç½‘ in font nullfont!
Missing character: There is no ç»œ in font nullfont!
Missing character: There is no ä¸­ in font nullfont!
Missing character: There is no ç½‘ in font nullfont!
Missing character: There is no ç»œ in font nullfont!
Missing character: There is no æµ in font nullfont!
Missing character: There is no é—® in font nullfont!
Missing character: There is no é¢˜ in font nullfont!
Missing character: There is no ã€‹ in font nullfont!

! LaTeX Error: Lonely \item--perhaps a missing list environment.

See the LaTeX manual or LaTeX Companion for explanation.
Type  H <return>  for immediate help.
 ...                                              
                                                  
l.6 \bibitem{wj2005}
                    ç‹ä¿Š ã€Šæµ…æäºŒåˆ†å›¾åŒ¹é…åœ¨ä¿¡æ¯å­¦ç«èµ›ä¸­çš„å...

Try typing  <return>  to proceed.
If that doesn't work, type  X <return>  to quit.

! Undefined control sequence.
<argument> \@listctr 
                     
l.6 \bibitem{wj2005}
                    ç‹ä¿Š ã€Šæµ…æäºŒåˆ†å›¾åŒ¹é…åœ¨ä¿¡æ¯å­¦ç«èµ›ä¸­çš„å...
The control sequence at the end of the top line
of your error message was never \def'ed. If you have
misspelled it (e.g., `\hobx'), type `I' and the correct
spelling (e.g., `I\hbox'). Otherwise just continue,
and I'll forget about whatever was undefined.

! You can't use `\relax' after \the.
<recently read> \c@ 
                    
l.6 \bibitem{wj2005}
                    ç‹ä¿Š ã€Šæµ…æäºŒåˆ†å›¾åŒ¹é…åœ¨ä¿¡æ¯å­¦ç«èµ›ä¸­çš„å...
I'm forgetting what you said and using zero instead.

\bibcite{wj2005}{0}
Missing character: There is no ç‹ in font nullfont!
Missing character: There is no ä¿Š in font nullfont!
Missing character: There is no ã€Š in font nullfont!
Missing character: There is no æµ… in font nullfont!
Missing character: There is no æ in font nullfont!
Missing character: There is no äºŒ in font nullfont!
Missing character: There is no åˆ† in font nullfont!
Missing character: There is no å›¾ in font nullfont!
Missing character: There is no åŒ¹ in font nullfont!
Missing character: There is no é… in font nullfont!
Missing character: There is no åœ¨ in font nullfont!
Missing character: There is no ä¿¡ in font nullfont!
Missing character: There is no æ¯ in font nullfont!
Missing character: There is no å­¦ in font nullfont!
Missing character: There is no ç« in font nullfont!
Missing character: There is no èµ› in font nullfont!
Missing character: There is no ä¸­ in font nullfont!
Missing character: There is no çš„ in font nullfont!
Missing character: There is no åº” in font nullfont!
Missing character: There is no ç”¨ in font nullfont!
Missing character: There is no ã€‹ in font nullfont!

! LaTeX Error: Lonely \item--perhaps a missing list environment.

See the LaTeX manual or LaTeX Companion for explanation.
Type  H <return>  for immediate help.
 ...                                              
                                                  
l.7 \bibitem{report}
                    philhu ã€Šè®°å½•è¡¨ã€‹
Try typing  <return>  to proceed.
If that doesn't work, type  X <return>  to quit.

! Undefined control sequence.
<argument> \@listctr 
                     
l.7 \bibitem{report}
                    philhu ã€Šè®°å½•è¡¨ã€‹
The control sequence at the end of the top line
of your error message was never \def'ed. If you have
misspelled it (e.g., `\hobx'), type `I' and the correct
spelling (e.g., `I\hbox'). Otherwise just continue,
and I'll forget about whatever was undefined.

! You can't use `\relax' after \the.
<recently read> \c@ 
                    
l.7 \bibitem{report}
                    philhu ã€Šè®°å½•è¡¨ã€‹
I'm forgetting what you said and using zero instead.

\bibcite{report}{0}
Missing character: There is no p in font nullfont!
Missing character: There is no h in font nullfont!
Missing character: There is no i in font nullfont!
Missing character: There is no l in font nullfont!
Missing character: There is no h in font nullfont!
Missing character: There is no u in font nullfont!
Missing character: There is no ã€Š in font nullfont!
Missing character: There is no è®° in font nullfont!
Missing character: There is no å½• in font nullfont!
Missing character: There is no è¡¨ in font nullfont!
Missing character: There is no ã€‹ in font nullfont!

! LaTeX Error: Lonely \item--perhaps a missing list environment.

See the LaTeX manual or LaTeX Companion for explanation.
Type  H <return>  for immediate help.
 ...                                              
                                                  
l.8 \bibitem{gjbsol}
                    Byvoid ã€ŠNOI2008 employeeè§£é¢˜æŠ¥å‘Šã€‹
Try typing  <return>  to proceed.
If that doesn't work, type  X <return>  to quit.

! Undefined control sequence.
<argument> \@listctr 
                     
l.8 \bibitem{gjbsol}
                    Byvoid ã€ŠNOI2008 employeeè§£é¢˜æŠ¥å‘Šã€‹
The control sequence at the end of the top line
of your error message was never \def'ed. If you have
misspelled it (e.g., `\hobx'), type `I' and the correct
spelling (e.g., `I\hbox'). Otherwise just continue,
and I'll forget about whatever was undefined.

! You can't use `\relax' after \the.
<recently read> \c@ 
                    
l.8 \bibitem{gjbsol}
                    Byvoid ã€ŠNOI2008 employeeè§£é¢˜æŠ¥å‘Šã€‹
I'm forgetting what you said and using zero instead.

\bibcite{gjbsol}{0}
Missing character: There is no B in font nullfont!
Missing character: There is no y in font nullfont!
Missing character: There is no v in font nullfont!
Missing character: There is no o in font nullfont!
Missing character: There is no i in font nullfont!
Missing character: There is no d in font nullfont!
Missing character: There is no ã€Š in font nullfont!
Missing character: There is no N in font nullfont!
Missing character: There is no O in font nullfont!
Missing character: There is no I in font nullfont!
Missing character: There is no 2 in font nullfont!
Missing character: There is no 0 in font nullfont!
Missing character: There is no 0 in font nullfont!
Missing character: There is no 8 in font nullfont!
Missing character: There is no e in font nullfont!
Missing character: There is no m in font nullfont!
Missing character: There is no p in font nullfont!
Missing character: There is no l in font nullfont!
Missing character: There is no o in font nullfont!
Missing character: There is no y in font nullfont!
Missing character: There is no e in font nullfont!
Missing character: There is no e in font nullfont!
Missing character: There is no è§£ in font nullfont!
Missing character: There is no é¢˜ in font nullfont!
Missing character: There is no æŠ¥ in font nullfont!
Missing character: There is no å‘Š in font nullfont!
Missing character: There is no ã€‹ in font nullfont!

! LaTeX Error: Lonely \item--perhaps a missing list environment.

See the LaTeX manual or LaTeX Companion for explanation.
Type  H <return>  for immediate help.
 ...                                              
                                                  
l.9 \bibitem{sgu206}
                    SGU206è§£é¢˜æŠ¥å‘Š http://crfish.blogbus.com/logs/628463...

Try typing  <return>  to proceed.
If that doesn't work, type  X <return>  to quit.

! Undefined control sequence.
<argument> \@listctr 
                     
l.9 \bibitem{sgu206}
                    SGU206è§£é¢˜æŠ¥å‘Š http://crfish.blogbus.com/logs/628463...
The control sequence at the end of the top line
of your error message was never \def'ed. If you have
misspelled it (e.g., `\hobx'), type `I' and the correct
spelling (e.g., `I\hbox'). Otherwise just continue,
and I'll forget about whatever was undefined.

! You can't use `\relax' after \the.
<recently read> \c@ 
                    
l.9 \bibitem{sgu206}
                    SGU206è§£é¢˜æŠ¥å‘Š http://crfish.blogbus.com/logs/628463...
I'm forgetting what you said and using zero instead.

\bibcite{sgu206}{0}
Missing character: There is no S in font nullfont!
Missing character: There is no G in font nullfont!
Missing character: There is no U in font nullfont!
Missing character: There is no 2 in font nullfont!
Missing character: There is no 0 in font nullfont!
Missing character: There is no 6 in font nullfont!
Missing character: There is no è§£ in font nullfont!
Missing character: There is no é¢˜ in font nullfont!
Missing character: There is no æŠ¥ in font nullfont!
Missing character: There is no å‘Š in font nullfont!
Missing character: There is no h in font nullfont!
Missing character: There is no t in font nullfont!
Missing character: There is no t in font nullfont!
Missing character: There is no p in font nullfont!
Missing character: There is no : in font nullfont!
Missing character: There is no / in font nullfont!
Missing character: There is no / in font nullfont!
Missing character: There is no c in font nullfont!
Missing character: There is no r in font nullfont!
Missing character: There is no f in font nullfont!
Missing character: There is no i in font nullfont!
Missing character: There is no s in font nullfont!
Missing character: There is no h in font nullfont!
Missing character: There is no . in font nullfont!
Missing character: There is no b in font nullfont!
Missing character: There is no l in font nullfont!
Missing character: There is no o in font nullfont!
Missing character: There is no g in font nullfont!
Missing character: There is no b in font nullfont!
Missing character: There is no u in font nullfont!
Missing character: There is no s in font nullfont!
Missing character: There is no . in font nullfont!
Missing character: There is no c in font nullfont!
Missing character: There is no o in font nullfont!
Missing character: There is no m in font nullfont!
Missing character: There is no / in font nullfont!
Missing character: There is no l in font nullfont!
Missing character: There is no o in font nullfont!
Missing character: There is no g in font nullfont!
Missing character: There is no s in font nullfont!
Missing character: There is no / in font nullfont!
Missing character: There is no 6 in font nullfont!
Missing character: There is no 2 in font nullfont!
Missing character: There is no 8 in font nullfont!
Missing character: There is no 4 in font nullfont!
Missing character: There is no 6 in font nullfont!
Missing character: There is no 3 in font nullfont!
Missing character: There is no 3 in font nullfont!
Missing character: There is no 6 in font nullfont!
Missing character: There is no . in font nullfont!
Missing character: There is no h in font nullfont!
Missing character: There is no t in font nullfont!
Missing character: There is no m in font nullfont!
Missing character: There is no l in font nullfont!

! LaTeX Error: \begin{document} ended by \end{thebibliography}.

See the LaTeX manual or LaTeX Companion for explanation.
Type  H <return>  for immediate help.
 ...                                              
                                                  
l.10 \end{thebibliography}
                          
Your command was ignored.
Type  I <command> <return>  to replace it with another command,
or  <return>  to continue without it.

)
! Emergency stop.
<*> bib.tex
           
*** (job aborted, no legal \end found)

 
Here is how much of TeX's memory you used:
 7 strings out of 495713
 61 string characters out of 1188883
 46203 words of memory out of 3000000
 3243 multiletter control sequences out of 15000+50000
 3640 words of font info for 14 fonts, out of 3000000 for 9000
 28 hyphenation exceptions out of 8191
 8i,1n,8p,84b,38s stack positions out of 5000i,500n,10000p,200000b,50000s
No pages of output.
