This is XeTeX, Version 3.1415926-2.2-0.9995.2 (TeX Live 2009/Debian) (format=xelatex 2011.7.16)  18 AUG 2011 06:57
entering extended mode
 %&-line parsing enabled.
**candy.tex
(./candy.tex
LaTeX2e <2009/09/24>
Babel <v3.8l> and hyphenation patterns for english, usenglishmax, dumylang, noh
yphenation, pinyin, loaded.
! Undefined control sequence.
l.1 \subsection
               {[ä¾‹ä¸€]SCOI2011 ç³–æœ}
? quit
OK, entering \batchmode...

! LaTeX Error: Missing \begin{document}.

See the LaTeX manual or LaTeX Companion for explanation.
Type  H <return>  for immediate help.
 ...                                              
                                                  
l.1 \subsection{[
                 ä¾‹ä¸€]SCOI2011 ç³–æœ}
You're in trouble here.  Try typing  <return>  to proceed.
If that doesn't work, type  X <return>  to quit.

Missing character: There is no [ in font nullfont!
Missing character: There is no ä¾‹ in font nullfont!
Missing character: There is no ä¸€ in font nullfont!
Missing character: There is no ] in font nullfont!
Missing character: There is no S in font nullfont!
Missing character: There is no C in font nullfont!
Missing character: There is no O in font nullfont!
Missing character: There is no I in font nullfont!
Missing character: There is no 2 in font nullfont!
Missing character: There is no 0 in font nullfont!
Missing character: There is no 1 in font nullfont!
Missing character: There is no 1 in font nullfont!
Missing character: There is no ç³– in font nullfont!
Missing character: There is no æœ in font nullfont!
! Undefined control sequence.
l.2 \subsubsection
                  {æè¿°}
The control sequence at the end of the top line
of your error message was never \def'ed. If you have
misspelled it (e.g., `\hobx'), type `I' and the correct
spelling (e.g., `I\hbox'). Otherwise just continue,
and I'll forget about whatever was undefined.

Missing character: There is no æ in font nullfont!
Missing character: There is no è¿° in font nullfont!
Missing character: There is no å¹¼ in font cmti10!
Missing character: There is no å„¿ in font cmti10!
Missing character: There is no å›­ in font cmti10!
Missing character: There is no é‡Œ in font cmti10!
Missing character: There is no æœ‰ in font cmti10!
Missing character: There is no ä¸ª in font cmti10!
Missing character: There is no å° in font cmti10!
Missing character: There is no æœ‹ in font cmti10!
Missing character: There is no å‹ in font cmti10!
Missing character: There is no ï¼Œ in font cmti10!
Missing character: There is no è€ in font cmti10!
Missing character: There is no å¸ˆ in font cmti10!
Missing character: There is no ç° in font cmti10!
Missing character: There is no åœ¨ in font cmti10!
Missing character: There is no æƒ³ in font cmti10!
Missing character: There is no è¦ in font cmti10!
Missing character: There is no ç»™ in font cmti10!
Missing character: There is no è¿™ in font cmti10!
Missing character: There is no äº› in font cmti10!
Missing character: There is no å° in font cmti10!
Missing character: There is no æœ‹ in font cmti10!
Missing character: There is no å‹ in font cmti10!
Missing character: There is no ä»¬ in font cmti10!
Missing character: There is no åˆ† in font cmti10!
Missing character: There is no é… in font cmti10!
Missing character: There is no ç³– in font cmti10!
Missing character: There is no æœ in font cmti10!
Missing character: There is no ï¼Œ in font cmti10!
Missing character: There is no è¦ in font cmti10!
Missing character: There is no æ±‚ in font cmti10!
Missing character: There is no æ¯ in font cmti10!
Missing character: There is no ä¸ª in font cmti10!
Missing character: There is no å° in font cmti10!
Missing character: There is no æœ‹ in font cmti10!
Missing character: There is no å‹ in font cmti10!
Missing character: There is no éƒ½ in font cmti10!
Missing character: There is no è¦ in font cmti10!
Missing character: There is no åˆ† in font cmti10!
Missing character: There is no åˆ° in font cmti10!
Missing character: There is no ç³– in font cmti10!
Missing character: There is no æœ in font cmti10!
Missing character: There is no ã€‚ in font cmti10!
Missing character: There is no ä½† in font cmti10!
Missing character: There is no æ˜¯ in font cmti10!
Missing character: There is no å° in font cmti10!
Missing character: There is no æœ‹ in font cmti10!
Missing character: There is no å‹ in font cmti10!
Missing character: There is no ä»¬ in font cmti10!
Missing character: There is no ä¹Ÿ in font cmti10!
Missing character: There is no æœ‰ in font cmti10!
Missing character: There is no å«‰ in font cmti10!
Missing character: There is no å¦’ in font cmti10!
Missing character: There is no å¿ƒ in font cmti10!
Missing character: There is no ï¼Œ in font cmti10!
Missing character: There is no æ€» in font cmti10!
Missing character: There is no æ˜¯ in font cmti10!
Missing character: There is no ä¼š in font cmti10!
Missing character: There is no æ in font cmti10!
Missing character: There is no å‡º in font cmti10!
Missing character: There is no ä¸€ in font cmti10!
Missing character: There is no äº› in font cmti10!
Missing character: There is no è¦ in font cmti10!
Missing character: There is no æ±‚ in font cmti10!
Missing character: There is no ï¼Œ in font cmti10!
Missing character: There is no æ¯” in font cmti10!
Missing character: There is no å¦‚ in font cmti10!
Missing character: There is no å° in font cmti10!
Missing character: There is no æ˜ in font cmti10!
Missing character: There is no ä¸ in font cmti10!
Missing character: There is no å¸Œ in font cmti10!
Missing character: There is no æœ› in font cmti10!
Missing character: There is no å° in font cmti10!
Missing character: There is no çº¢ in font cmti10!
Missing character: There is no åˆ† in font cmti10!
Missing character: There is no åˆ° in font cmti10!
Missing character: There is no çš„ in font cmti10!
Missing character: There is no ç³– in font cmti10!
Missing character: There is no æœ in font cmti10!
Missing character: There is no æ¯” in font cmti10!
Missing character: There is no ä»– in font cmti10!
Missing character: There is no çš„ in font cmti10!
Missing character: There is no å¤š in font cmti10!
Missing character: There is no ï¼Œ in font cmti10!
Missing character: There is no äº in font cmti10!
Missing character: There is no æ˜¯ in font cmti10!
Missing character: There is no åœ¨ in font cmti10!
Missing character: There is no åˆ† in font cmti10!
Missing character: There is no é… in font cmti10!
Missing character: There is no ç³– in font cmti10!
Missing character: There is no æœ in font cmti10!
Missing character: There is no çš„ in font cmti10!
Missing character: There is no æ—¶ in font cmti10!
Missing character: There is no å€™ in font cmti10!
Missing character: There is no ï¼Œ in font cmti10!
Missing character: There is no éœ€ in font cmti10!
Missing character: There is no è¦ in font cmti10!
Missing character: There is no æ»¡ in font cmti10!
Missing character: There is no è¶³ in font cmti10!
Missing character: There is no å° in font cmti10!
Missing character: There is no æœ‹ in font cmti10!
Missing character: There is no å‹ in font cmti10!
Missing character: There is no ä»¬ in font cmti10!
Missing character: There is no çš„ in font cmti10!
Missing character: There is no ä¸ª in font cmti10!
Missing character: There is no è¦ in font cmti10!
Missing character: There is no æ±‚ in font cmti10!
Missing character: There is no ã€‚ in font cmti10!
Missing character: There is no å¹¼ in font cmti10!
Missing character: There is no å„¿ in font cmti10!
Missing character: There is no å›­ in font cmti10!
Missing character: There is no çš„ in font cmti10!
Missing character: There is no ç³– in font cmti10!
Missing character: There is no æœ in font cmti10!
Missing character: There is no æ€» in font cmti10!
Missing character: There is no æ˜¯ in font cmti10!
Missing character: There is no æœ‰ in font cmti10!
Missing character: There is no é™ in font cmti10!
Missing character: There is no çš„ in font cmti10!
Missing character: There is no ï¼Œ in font cmti10!
Missing character: There is no æƒ³ in font cmti10!
Missing character: There is no çŸ¥ in font cmti10!
Missing character: There is no é“ in font cmti10!
Missing character: There is no ä»– in font cmti10!
Missing character: There is no è‡³ in font cmti10!
Missing character: There is no å°‘ in font cmti10!
Missing character: There is no éœ€ in font cmti10!
Missing character: There is no è¦ in font cmti10!
Missing character: There is no å‡† in font cmti10!
Missing character: There is no å¤‡ in font cmti10!
Missing character: There is no å¤š in font cmti10!
Missing character: There is no å°‘ in font cmti10!
Missing character: There is no ä¸ª in font cmti10!
Missing character: There is no ç³– in font cmti10!
Missing character: There is no æœ in font cmti10!
Missing character: There is no ï¼Œ in font cmti10!
Missing character: There is no æ‰ in font cmti10!
Missing character: There is no èƒ½ in font cmti10!
Missing character: There is no ä½¿ in font cmti10!
Missing character: There is no å¾— in font cmti10!
Missing character: There is no æ¯ in font cmti10!
Missing character: There is no ä¸ª in font cmti10!
Missing character: There is no å° in font cmti10!
Missing character: There is no æœ‹ in font cmti10!
Missing character: There is no å‹ in font cmti10!
Missing character: There is no éƒ½ in font cmti10!
Missing character: There is no èƒ½ in font cmti10!
Missing character: There is no å¤Ÿ in font cmti10!
Missing character: There is no åˆ† in font cmti10!
Missing character: There is no åˆ° in font cmti10!
Missing character: There is no ç³– in font cmti10!
Missing character: There is no æœ in font cmti10!
Missing character: There is no ï¼Œ in font cmti10!
Missing character: There is no å¹¶ in font cmti10!
Missing character: There is no ä¸” in font cmti10!
Missing character: There is no æ»¡ in font cmti10!
Missing character: There is no è¶³ in font cmti10!
Missing character: There is no å° in font cmti10!
Missing character: There is no æœ‹ in font cmti10!
Missing character: There is no å‹ in font cmti10!
Missing character: There is no ä»¬ in font cmti10!
Missing character: There is no æ‰€ in font cmti10!
Missing character: There is no æœ‰ in font cmti10!
Missing character: There is no çš„ in font cmti10!
Missing character: There is no è¦ in font cmti10!
Missing character: There is no æ±‚ in font cmti10!
Missing character: There is no ã€‚ in font cmti10!
! Undefined control sequence.
l.4 \subsubsection
                  {è¾“å…¥æ ¼å¼}
The control sequence at the end of the top line
of your error message was never \def'ed. If you have
misspelled it (e.g., `\hobx'), type `I' and the correct
spelling (e.g., `I\hbox'). Otherwise just continue,
and I'll forget about whatever was undefined.

Missing character: There is no è¾“ in font nullfont!
Missing character: There is no å…¥ in font nullfont!
Missing character: There is no æ ¼ in font nullfont!
Missing character: There is no å¼ in font nullfont!
Missing character: There is no è¾“ in font cmti10!
Missing character: There is no å…¥ in font cmti10!
Missing character: There is no çš„ in font cmti10!
Missing character: There is no ç¬¬ in font cmti10!
Missing character: There is no ä¸€ in font cmti10!
Missing character: There is no è¡Œ in font cmti10!
Missing character: There is no æ˜¯ in font cmti10!
Missing character: There is no ä¸¤ in font cmti10!
Missing character: There is no ä¸ª in font cmti10!
Missing character: There is no æ•´ in font cmti10!
Missing character: There is no æ•° in font cmti10!
Missing character: There is no ï¼Œ in font cmti10!
Missing character: There is no ã€‚ in font cmti10!

Overfull \hbox (20.0pt too wide) in paragraph at lines 1--5
[]
 []


Overfull \hbox (18.20544pt too wide) in paragraph at lines 1--5
\OT1/cmr/m/it/10 Nlx-
 []


Overfull \hbox (13.28879pt too wide) in paragraph at lines 1--5
\OT1/cmr/m/it/10 hg-
 []


Overfull \hbox (24.57208pt too wide) in paragraph at lines 1--5
\OT1/cmr/m/it/10 wwlx-
 []


Overfull \hbox (13.28879pt too wide) in paragraph at lines 1--5
\OT1/cmr/m/it/10 hg-
 []


Overfull \hbox (24.5554pt too wide) in paragraph at lines 1--5
\OT1/cmr/m/it/10 wwK-
 []


Overfull \hbox (10.77216pt too wide) in paragraph at lines 1--5
\OT1/cmr/m/it/10 lx-
 []


Overfull \hbox (22.99986pt too wide) in paragraph at lines 1--5
\OT1/cmr/m/it/10 hgww
 []


Overfull \hbox (15.12213pt too wide) in paragraph at lines 1--5
\OT1/cmr/m/it/10 NK 
 []


! LaTeX Error: Missing \begin{document}.

See the LaTeX manual or LaTeX Companion for explanation.
Type  H <return>  for immediate help.
 ...                                              
                                                  
l.6 æ¥
       ä¸‹æ¥Kè¡Œï¼Œè¡¨ç¤ºè¿™äº›ç‚¹éœ€è¦æ»¡è¶³çš„å…³ç³»ï¼Œæ¯è¡Œ3ä¸ªæ•°å­—ï...

You're in trouble here.  Try typing  <return>  to proceed.
If that doesn't work, type  X <return>  to quit.

Missing character: There is no æ¥ in font cmti10!
Missing character: There is no ä¸‹ in font cmti10!
Missing character: There is no æ¥ in font cmti10!
Missing character: There is no è¡Œ in font cmti10!
Missing character: There is no ï¼Œ in font cmti10!
Missing character: There is no è¡¨ in font cmti10!
Missing character: There is no ç¤º in font cmti10!
Missing character: There is no è¿™ in font cmti10!
Missing character: There is no äº› in font cmti10!
Missing character: There is no ç‚¹ in font cmti10!
Missing character: There is no éœ€ in font cmti10!
Missing character: There is no è¦ in font cmti10!
Missing character: There is no æ»¡ in font cmti10!
Missing character: There is no è¶³ in font cmti10!
Missing character: There is no çš„ in font cmti10!
Missing character: There is no å…³ in font cmti10!
Missing character: There is no ç³» in font cmti10!
Missing character: There is no ï¼Œ in font cmti10!
Missing character: There is no æ¯ in font cmti10!
Missing character: There is no è¡Œ in font cmti10!
Missing character: There is no ä¸ª in font cmti10!
Missing character: There is no æ•° in font cmti10!
Missing character: There is no å­— in font cmti10!
Missing character: There is no ï¼Œ in font cmti10!
Missing character: There is no ï¼Œ in font cmti10!
Missing character: There is no ï¼Œ in font cmti10!
Missing character: There is no ã€‚ in font cmti10!

Overfull \hbox (54.70535pt too wide) in paragraph at lines 6--6
[]\OT1/cmr/m/it/10 K3XAB 
 []


! LaTeX Error: Missing \begin{document}.

See the LaTeX manual or LaTeX Companion for explanation.
Type  H <return>  for immediate help.
 ...                                              
                                                  
l.7 å¦‚
       æœX=1ï¼Œ è¡¨ç¤ºç¬¬Aä¸ªå°æœ‹å‹åˆ†åˆ°çš„ç³–æœå¿…é¡»å’Œç¬¬Bä¸ªå°æœ‹...

You're in trouble here.  Try typing  <return>  to proceed.
If that doesn't work, type  X <return>  to quit.

Missing character: There is no å¦‚ in font cmti10!
Missing character: There is no æœ in font cmti10!
Missing character: There is no ï¼Œ in font cmti10!
Missing character: There is no è¡¨ in font cmti10!
Missing character: There is no ç¤º in font cmti10!
Missing character: There is no ç¬¬ in font cmti10!
Missing character: There is no ä¸ª in font cmti10!
Missing character: There is no å° in font cmti10!
Missing character: There is no æœ‹ in font cmti10!
Missing character: There is no å‹ in font cmti10!
Missing character: There is no åˆ† in font cmti10!
Missing character: There is no åˆ° in font cmti10!
Missing character: There is no çš„ in font cmti10!
Missing character: There is no ç³– in font cmti10!
Missing character: There is no æœ in font cmti10!
Missing character: There is no å¿… in font cmti10!
Missing character: There is no é¡» in font cmti10!
Missing character: There is no å’Œ in font cmti10!
Missing character: There is no ç¬¬ in font cmti10!
Missing character: There is no ä¸ª in font cmti10!
Missing character: There is no å° in font cmti10!
Missing character: There is no æœ‹ in font cmti10!
Missing character: There is no å‹ in font cmti10!
Missing character: There is no åˆ† in font cmti10!
Missing character: There is no åˆ° in font cmti10!
Missing character: There is no çš„ in font cmti10!
Missing character: There is no ç³– in font cmti10!
Missing character: There is no æœ in font cmti10!
Missing character: There is no ä¸€ in font cmti10!
Missing character: There is no æ · in font cmti10!
Missing character: There is no å¤š in font cmti10!
Missing character: There is no ï¼› in font cmti10!

Overfull \hbox (40.211pt too wide) in paragraph at lines 7--7
[]\OT1/cmr/m/it/10 X=1
 []


Overfull \hbox (14.47214pt too wide) in paragraph at lines 7--7
\OT1/cmr/m/it/10 AB 
 []


! LaTeX Error: Missing \begin{document}.

See the LaTeX manual or LaTeX Companion for explanation.
Type  H <return>  for immediate help.
 ...                                              
                                                  
l.8 å¦‚
       æœX=2ï¼Œ è¡¨ç¤ºç¬¬Aä¸ªå°æœ‹å‹åˆ†åˆ°çš„ç³–æœå¿…é¡»å°‘äºç¬¬Bä¸ªå°...

You're in trouble here.  Try typing  <return>  to proceed.
If that doesn't work, type  X <return>  to quit.

Missing character: There is no å¦‚ in font cmti10!
Missing character: There is no æœ in font cmti10!
Missing character: There is no ï¼Œ in font cmti10!
Missing character: There is no è¡¨ in font cmti10!
Missing character: There is no ç¤º in font cmti10!
Missing character: There is no ç¬¬ in font cmti10!
Missing character: There is no ä¸ª in font cmti10!
Missing character: There is no å° in font cmti10!
Missing character: There is no æœ‹ in font cmti10!
Missing character: There is no å‹ in font cmti10!
Missing character: There is no åˆ† in font cmti10!
Missing character: There is no åˆ° in font cmti10!
Missing character: There is no çš„ in font cmti10!
Missing character: There is no ç³– in font cmti10!
Missing character: There is no æœ in font cmti10!
Missing character: There is no å¿… in font cmti10!
Missing character: There is no é¡» in font cmti10!
Missing character: There is no å°‘ in font cmti10!
Missing character: There is no äº in font cmti10!
Missing character: There is no ç¬¬ in font cmti10!
Missing character: There is no ä¸ª in font cmti10!
Missing character: There is no å° in font cmti10!
Missing character: There is no æœ‹ in font cmti10!
Missing character: There is no å‹ in font cmti10!
Missing character: There is no åˆ† in font cmti10!
Missing character: There is no åˆ° in font cmti10!
Missing character: There is no çš„ in font cmti10!
Missing character: There is no ç³– in font cmti10!
Missing character: There is no æœ in font cmti10!
Missing character: There is no ï¼› in font cmti10!

Overfull \hbox (40.211pt too wide) in paragraph at lines 8--8
[]\OT1/cmr/m/it/10 X=2
 []


Overfull \hbox (14.47214pt too wide) in paragraph at lines 8--8
\OT1/cmr/m/it/10 AB 
 []


! LaTeX Error: Missing \begin{document}.

See the LaTeX manual or LaTeX Companion for explanation.
Type  H <return>  for immediate help.
 ...                                              
                                                  
l.9 å¦‚
       æœX=3ï¼Œ è¡¨ç¤ºç¬¬Aä¸ªå°æœ‹å‹åˆ†åˆ°çš„ç³–æœå¿…é¡»ä¸å°‘äºç¬¬Bä¸ª...

You're in trouble here.  Try typing  <return>  to proceed.
If that doesn't work, type  X <return>  to quit.

Missing character: There is no å¦‚ in font cmti10!
Missing character: There is no æœ in font cmti10!
Missing character: There is no ï¼Œ in font cmti10!
Missing character: There is no è¡¨ in font cmti10!
Missing character: There is no ç¤º in font cmti10!
Missing character: There is no ç¬¬ in font cmti10!
Missing character: There is no ä¸ª in font cmti10!
Missing character: There is no å° in font cmti10!
Missing character: There is no æœ‹ in font cmti10!
Missing character: There is no å‹ in font cmti10!
Missing character: There is no åˆ† in font cmti10!
Missing character: There is no åˆ° in font cmti10!
Missing character: There is no çš„ in font cmti10!
Missing character: There is no ç³– in font cmti10!
Missing character: There is no æœ in font cmti10!
Missing character: There is no å¿… in font cmti10!
Missing character: There is no é¡» in font cmti10!
Missing character: There is no ä¸ in font cmti10!
Missing character: There is no å°‘ in font cmti10!
Missing character: There is no äº in font cmti10!
Missing character: There is no ç¬¬ in font cmti10!
Missing character: There is no ä¸ª in font cmti10!
Missing character: There is no å° in font cmti10!
Missing character: There is no æœ‹ in font cmti10!
Missing character: There is no å‹ in font cmti10!
Missing character: There is no åˆ† in font cmti10!
Missing character: There is no åˆ° in font cmti10!
Missing character: There is no çš„ in font cmti10!
Missing character: There is no ç³– in font cmti10!
Missing character: There is no æœ in font cmti10!
Missing character: There is no ï¼› in font cmti10!

Overfull \hbox (40.211pt too wide) in paragraph at lines 9--9
[]\OT1/cmr/m/it/10 X=3
 []


Overfull \hbox (14.47214pt too wide) in paragraph at lines 9--9
\OT1/cmr/m/it/10 AB 
 []


! LaTeX Error: Missing \begin{document}.

See the LaTeX manual or LaTeX Companion for explanation.
Type  H <return>  for immediate help.
 ...                                              
                                                  
l.10 å¦‚
        æœX=4ï¼Œ è¡¨ç¤ºç¬¬Aä¸ªå°æœ‹å‹åˆ†åˆ°çš„ç³–æœå¿…é¡»å¤šäºç¬¬Bä¸ªå°...

You're in trouble here.  Try typing  <return>  to proceed.
If that doesn't work, type  X <return>  to quit.

Missing character: There is no å¦‚ in font cmti10!
Missing character: There is no æœ in font cmti10!
Missing character: There is no ï¼Œ in font cmti10!
Missing character: There is no è¡¨ in font cmti10!
Missing character: There is no ç¤º in font cmti10!
Missing character: There is no ç¬¬ in font cmti10!
Missing character: There is no ä¸ª in font cmti10!
Missing character: There is no å° in font cmti10!
Missing character: There is no æœ‹ in font cmti10!
Missing character: There is no å‹ in font cmti10!
Missing character: There is no åˆ† in font cmti10!
Missing character: There is no åˆ° in font cmti10!
Missing character: There is no çš„ in font cmti10!
Missing character: There is no ç³– in font cmti10!
Missing character: There is no æœ in font cmti10!
Missing character: There is no å¿… in font cmti10!
Missing character: There is no é¡» in font cmti10!
Missing character: There is no å¤š in font cmti10!
Missing character: There is no äº in font cmti10!
Missing character: There is no ç¬¬ in font cmti10!
Missing character: There is no ä¸ª in font cmti10!
Missing character: There is no å° in font cmti10!
Missing character: There is no æœ‹ in font cmti10!
Missing character: There is no å‹ in font cmti10!
Missing character: There is no åˆ† in font cmti10!
Missing character: There is no åˆ° in font cmti10!
Missing character: There is no çš„ in font cmti10!
Missing character: There is no ç³– in font cmti10!
Missing character: There is no æœ in font cmti10!
Missing character: There is no ï¼› in font cmti10!

Overfull \hbox (40.211pt too wide) in paragraph at lines 10--10
[]\OT1/cmr/m/it/10 X=4
 []


Overfull \hbox (14.47214pt too wide) in paragraph at lines 10--10
\OT1/cmr/m/it/10 AB 
 []


! LaTeX Error: Missing \begin{document}.

See the LaTeX manual or LaTeX Companion for explanation.
Type  H <return>  for immediate help.
 ...                                              
                                                  
l.11 å¦‚
        æœX=5ï¼Œ è¡¨ç¤ºç¬¬Aä¸ªå°æœ‹å‹åˆ†åˆ°çš„ç³–æœå¿…é¡»ä¸å¤šäºç¬¬Bä¸...

You're in trouble here.  Try typing  <return>  to proceed.
If that doesn't work, type  X <return>  to quit.

Missing character: There is no å¦‚ in font cmti10!
Missing character: There is no æœ in font cmti10!
Missing character: There is no ï¼Œ in font cmti10!
Missing character: There is no è¡¨ in font cmti10!
Missing character: There is no ç¤º in font cmti10!
Missing character: There is no ç¬¬ in font cmti10!
Missing character: There is no ä¸ª in font cmti10!
Missing character: There is no å° in font cmti10!
Missing character: There is no æœ‹ in font cmti10!
Missing character: There is no å‹ in font cmti10!
Missing character: There is no åˆ† in font cmti10!
Missing character: There is no åˆ° in font cmti10!
Missing character: There is no çš„ in font cmti10!
Missing character: There is no ç³– in font cmti10!
Missing character: There is no æœ in font cmti10!
Missing character: There is no å¿… in font cmti10!
Missing character: There is no é¡» in font cmti10!
Missing character: There is no ä¸ in font cmti10!
Missing character: There is no å¤š in font cmti10!
Missing character: There is no äº in font cmti10!
Missing character: There is no ç¬¬ in font cmti10!
Missing character: There is no ä¸ª in font cmti10!
Missing character: There is no å° in font cmti10!
Missing character: There is no æœ‹ in font cmti10!
Missing character: There is no å‹ in font cmti10!
Missing character: There is no åˆ† in font cmti10!
Missing character: There is no åˆ° in font cmti10!
Missing character: There is no çš„ in font cmti10!
Missing character: There is no ç³– in font cmti10!
Missing character: There is no æœ in font cmti10!
Missing character: There is no ï¼› in font cmti10!
! Undefined control sequence.
l.12 \subsubsection
                   {è¾“å‡ºæ ¼å¼}
The control sequence at the end of the top line
of your error message was never \def'ed. If you have
misspelled it (e.g., `\hobx'), type `I' and the correct
spelling (e.g., `I\hbox'). Otherwise just continue,
and I'll forget about whatever was undefined.

Missing character: There is no è¾“ in font nullfont!
Missing character: There is no å‡º in font nullfont!
Missing character: There is no æ ¼ in font nullfont!
Missing character: There is no å¼ in font nullfont!
Missing character: There is no è¾“ in font cmti10!
Missing character: There is no å‡º in font cmti10!
Missing character: There is no ä¸€ in font cmti10!
Missing character: There is no è¡Œ in font cmti10!
Missing character: There is no ï¼Œ in font cmti10!
Missing character: There is no è¡¨ in font cmti10!
Missing character: There is no ç¤º in font cmti10!
Missing character: There is no è€ in font cmti10!
Missing character: There is no å¸ˆ in font cmti10!
Missing character: There is no è‡³ in font cmti10!
Missing character: There is no å°‘ in font cmti10!
Missing character: There is no éœ€ in font cmti10!
Missing character: There is no è¦ in font cmti10!
Missing character: There is no å‡† in font cmti10!
Missing character: There is no å¤‡ in font cmti10!
Missing character: There is no çš„ in font cmti10!
Missing character: There is no ç³– in font cmti10!
Missing character: There is no æœ in font cmti10!
Missing character: There is no æ•° in font cmti10!
Missing character: There is no ï¼Œ in font cmti10!
Missing character: There is no å¦‚ in font cmti10!
Missing character: There is no æœ in font cmti10!
Missing character: There is no ä¸ in font cmti10!
Missing character: There is no èƒ½ in font cmti10!
Missing character: There is no æ»¡ in font cmti10!
Missing character: There is no è¶³ in font cmti10!
Missing character: There is no å° in font cmti10!
Missing character: There is no æœ‹ in font cmti10!
Missing character: There is no å‹ in font cmti10!
Missing character: There is no ä»¬ in font cmti10!
Missing character: There is no çš„ in font cmti10!
Missing character: There is no æ‰€ in font cmti10!
Missing character: There is no æœ‰ in font cmti10!
Missing character: There is no è¦ in font cmti10!
Missing character: There is no æ±‚ in font cmti10!
Missing character: There is no ï¼Œ in font cmti10!
Missing character: There is no å°± in font cmti10!
Missing character: There is no è¾“ in font cmti10!
Missing character: There is no å‡º in font cmti10!
Missing character: There is no ã€‚ in font cmti10!
! Undefined control sequence.
l.14 \subsubsection
                   {æ•°æ®èŒƒå›´}
The control sequence at the end of the top line
of your error message was never \def'ed. If you have
misspelled it (e.g., `\hobx'), type `I' and the correct
spelling (e.g., `I\hbox'). Otherwise just continue,
and I'll forget about whatever was undefined.

Missing character: There is no æ•° in font nullfont!
Missing character: There is no æ® in font nullfont!
Missing character: There is no èŒƒ in font nullfont!
Missing character: There is no å›´ in font nullfont!
Missing character: There is no å¯¹ in font cmti10!
Missing character: There is no äº in font cmti10!
LaTeX Font Info:    External font `cmex10' loaded for size
(Font)              <7> on input line 16.
LaTeX Font Info:    External font `cmex10' loaded for size
(Font)              <5> on input line 16.
Missing character: There is no çš„ in font cmti10!
Missing character: There is no æ•° in font cmti10!
Missing character: There is no æ® in font cmti10!
Missing character: There is no ï¼Œ in font cmti10!
Missing character: There is no ä¿ in font cmti10!
Missing character: There is no è¯ in font cmti10!
Missing character: There is no ï¼› in font cmti10!

Overfull \hbox (40.211pt too wide) in paragraph at lines 11--16
[]\OT1/cmr/m/it/10 X=5
 []


Overfull \hbox (14.47214pt too wide) in paragraph at lines 11--16
\OT1/cmr/m/it/10 AB
 []


Overfull \hbox (33.77202pt too wide) in paragraph at lines 11--16
\OT1/cmr/m/it/10 lxhgww-
 []


Overfull \hbox (5.11108pt too wide) in paragraph at lines 11--16
\OT1/cmr/m/it/10 1
 []


Overfull \hbox (38.01387pt too wide) in paragraph at lines 11--16
\OT1/cmr/m/n/10 30%$$\OML/cmm/m/it/10 N <
 []


Overfull \hbox (15.00005pt too wide) in paragraph at lines 11--16
\OT1/cmr/m/n/10 100$ 
 []


! LaTeX Error: Missing \begin{document}.

See the LaTeX manual or LaTeX Companion for explanation.
Type  H <return>  for immediate help.
 ...                                              
                                                  
l.17 å¯¹
        äº$100\%$çš„æ•°æ®ï¼Œä¿è¯$N < 100000$ï¼›\par
You're in trouble here.  Try typing  <return>  to proceed.
If that doesn't work, type  X <return>  to quit.

Missing character: There is no å¯¹ in font cmti10!
Missing character: There is no äº in font cmti10!
Missing character: There is no çš„ in font cmti10!
Missing character: There is no æ•° in font cmti10!
Missing character: There is no æ® in font cmti10!
Missing character: There is no ï¼Œ in font cmti10!
Missing character: There is no ä¿ in font cmti10!
Missing character: There is no è¯ in font cmti10!
Missing character: There is no ï¼› in font cmti10!

Overfull \hbox (63.01389pt too wide) in paragraph at lines 17--17
[]$\OT1/cmr/m/n/10 100%$$\OML/cmm/m/it/10 N <
 []


Overfull \hbox (30.00009pt too wide) in paragraph at lines 17--17
\OT1/cmr/m/n/10 100000$ 
 []


! LaTeX Error: Missing \begin{document}.

See the LaTeX manual or LaTeX Companion for explanation.
Type  H <return>  for immediate help.
 ...                                              
                                                  
l.18 å¯¹
        äºæ‰€æœ‰çš„æ•°æ®ï¼Œä¿è¯$K \leq 100000$ï¼Œ$ 1 \leq X \leq 5$ï¼Œ$1...

You're in trouble here.  Try typing  <return>  to proceed.
If that doesn't work, type  X <return>  to quit.

Missing character: There is no å¯¹ in font cmti10!
Missing character: There is no äº in font cmti10!
Missing character: There is no æ‰€ in font cmti10!
Missing character: There is no æœ‰ in font cmti10!
Missing character: There is no çš„ in font cmti10!
Missing character: There is no æ•° in font cmti10!
Missing character: There is no æ® in font cmti10!
Missing character: There is no ï¼Œ in font cmti10!
Missing character: There is no ä¿ in font cmti10!
Missing character: There is no è¯ in font cmti10!
Missing character: There is no ï¼Œ in font cmti10!
Missing character: There is no ï¼Œ in font cmti10!
Missing character: There is no ï¼› in font cmti10!
)
! Emergency stop.
<*> candy.tex
             
*** (job aborted, no legal \end found)

 
Here is how much of TeX's memory you used:
 9 strings out of 495713
 87 string characters out of 1188883
 46203 words of memory out of 3000000
 3244 multiletter control sequences out of 15000+50000
 3986 words of font info for 15 fonts, out of 3000000 for 9000
 28 hyphenation exceptions out of 8191
 18i,1n,12p,225b,95s stack positions out of 5000i,500n,10000p,200000b,50000s
No pages of output.
