This is XeTeX, Version 3.1415926-2.2-0.9995.2 (TeX Live 2009/Debian) (format=xelatex 2011.7.16)  18 AUG 2011 19:18
entering extended mode
 %&-line parsing enabled.
**employee.tex
(./employee.tex
LaTeX2e <2009/09/24>
Babel <v3.8l> and hyphenation patterns for english, usenglishmax, dumylang, noh
yphenation, pinyin, loaded.
! Undefined control sequence.
l.1 \subsection
               {[ä¾‹ä¸‰]NOI2008 å¿—æ„¿è€…æ‹›å‹Ÿ}
? q
OK, entering \batchmode...

! LaTeX Error: Missing \begin{document}.

See the LaTeX manual or LaTeX Companion for explanation.
Type  H <return>  for immediate help.
 ...                                              
                                                  
l.1 \subsection{[
                 ä¾‹ä¸‰]NOI2008 å¿—æ„¿è€…æ‹›å‹Ÿ}
You're in trouble here.  Try typing  <return>  to proceed.
If that doesn't work, type  X <return>  to quit.

Missing character: There is no [ in font nullfont!
Missing character: There is no ä¾‹ in font nullfont!
Missing character: There is no ä¸‰ in font nullfont!
Missing character: There is no ] in font nullfont!
Missing character: There is no N in font nullfont!
Missing character: There is no O in font nullfont!
Missing character: There is no I in font nullfont!
Missing character: There is no 2 in font nullfont!
Missing character: There is no 0 in font nullfont!
Missing character: There is no 0 in font nullfont!
Missing character: There is no 8 in font nullfont!
Missing character: There is no å¿— in font nullfont!
Missing character: There is no æ„¿ in font nullfont!
Missing character: There is no è€… in font nullfont!
Missing character: There is no æ‹› in font nullfont!
Missing character: There is no å‹Ÿ in font nullfont!
! Undefined control sequence.
l.2 \subsubsection
                  {æè¿°}
The control sequence at the end of the top line
of your error message was never \def'ed. If you have
misspelled it (e.g., `\hobx'), type `I' and the correct
spelling (e.g., `I\hbox'). Otherwise just continue,
and I'll forget about whatever was undefined.

Missing character: There is no æ in font nullfont!
Missing character: There is no è¿° in font nullfont!
Missing character: There is no ç”³ in font cmti10!
Missing character: There is no å¥¥ in font cmti10!
Missing character: There is no æˆ in font cmti10!
Missing character: There is no åŠŸ in font cmti10!
Missing character: There is no å in font cmti10!
Missing character: There is no å¸ƒ in font cmti10!
Missing character: There is no å¸ƒ in font cmti10!
Missing character: There is no ç» in font cmti10!
Missing character: There is no è¿‡ in font cmti10!
Missing character: There is no ä¸ in font cmti10!
Missing character: There is no æ‡ˆ in font cmti10!
Missing character: There is no åŠª in font cmti10!
Missing character: There is no åŠ› in font cmti10!
Missing character: There is no ç»ˆ in font cmti10!
Missing character: There is no äº in font cmti10!
Missing character: There is no æˆ in font cmti10!
Missing character: There is no ä¸º in font cmti10!
Missing character: There is no å¥¥ in font cmti10!
Missing character: There is no ç»„ in font cmti10!
Missing character: There is no å§” in font cmti10!
Missing character: There is no ä¸‹ in font cmti10!
Missing character: There is no å± in font cmti10!
Missing character: There is no å…¬ in font cmti10!
Missing character: There is no å¸ in font cmti10!
Missing character: There is no äºº in font cmti10!
Missing character: There is no åŠ› in font cmti10!
Missing character: There is no èµ„ in font cmti10!
Missing character: There is no æº in font cmti10!
Missing character: There is no éƒ¨ in font cmti10!
Missing character: There is no é—¨ in font cmti10!
Missing character: There is no çš„ in font cmti10!
Missing character: There is no ä¸» in font cmti10!
Missing character: There is no ç®¡ in font cmti10!
Missing character: There is no ã€‚ in font cmti10!
Missing character: There is no å¸ƒ in font cmti10!
Missing character: There is no å¸ƒ in font cmti10!
Missing character: There is no åˆš in font cmti10!
Missing character: There is no ä¸Š in font cmti10!
Missing character: There is no ä»» in font cmti10!
Missing character: There is no å°± in font cmti10!
Missing character: There is no é‡ in font cmti10!
Missing character: There is no åˆ° in font cmti10!
Missing character: There is no äº† in font cmti10!
Missing character: There is no ä¸€ in font cmti10!
Missing character: There is no ä¸ª in font cmti10!
Missing character: There is no éš¾ in font cmti10!
Missing character: There is no é¢˜ in font cmti10!
Missing character: There is no ä¸º in font cmti10!
Missing character: There is no å³ in font cmti10!
Missing character: There is no å°† in font cmti10!
Missing character: There is no å¯ in font cmti10!
Missing character: There is no åŠ¨ in font cmti10!
Missing character: There is no çš„ in font cmti10!
Missing character: There is no å¥¥ in font cmti10!
Missing character: There is no è¿ in font cmti10!
Missing character: There is no æ–° in font cmti10!
Missing character: There is no é¡¹ in font cmti10!
Missing character: There is no ç›® in font cmti10!
Missing character: There is no æ‹› in font cmti10!
Missing character: There is no å‹Ÿ in font cmti10!
Missing character: There is no ä¸€ in font cmti10!
Missing character: There is no æ‰¹ in font cmti10!
Missing character: There is no çŸ­ in font cmti10!
Missing character: There is no æœŸ in font cmti10!
Missing character: There is no å¿— in font cmti10!
Missing character: There is no æ„¿ in font cmti10!
Missing character: There is no è€… in font cmti10!
Missing character: There is no ã€‚ in font cmti10!
Missing character: There is no ç» in font cmti10!
Missing character: There is no è¿‡ in font cmti10!
Missing character: There is no ä¼° in font cmti10!
Missing character: There is no ç®— in font cmti10!
Missing character: There is no è¿™ in font cmti10!
Missing character: There is no ä¸ª in font cmti10!
Missing character: There is no é¡¹ in font cmti10!
Missing character: There is no ç›® in font cmti10!
Missing character: There is no éœ€ in font cmti10!
Missing character: There is no è¦ in font cmti10!
Missing character: There is no å¤© in font cmti10!
Missing character: There is no æ‰ in font cmti10!
Missing character: There is no èƒ½ in font cmti10!
Missing character: There is no å®Œ in font cmti10!
Missing character: There is no æˆ in font cmti10!
Missing character: There is no å…¶ in font cmti10!
Missing character: There is no ä¸­ in font cmti10!
Missing character: There is no ç¬¬ in font cmti10!
Missing character: There is no å¤© in font cmti10!
Missing character: There is no è‡³ in font cmti10!
Missing character: There is no å°‘ in font cmti10!
Missing character: There is no éœ€ in font cmti10!
Missing character: There is no è¦ in font cmti10!
LaTeX Font Info:    External font `cmex10' loaded for size
(Font)              <7> on input line 6.
LaTeX Font Info:    External font `cmex10' loaded for size
(Font)              <5> on input line 6.
Missing character: There is no ä¸ª in font cmti10!
Missing character: There is no äºº in font cmti10!
Missing character: There is no ã€‚ in font cmti10!
Missing character: There is no å¸ƒ in font cmti10!
Missing character: There is no å¸ƒ in font cmti10!
Missing character: There is no é€š in font cmti10!
Missing character: There is no è¿‡ in font cmti10!
Missing character: There is no äº† in font cmti10!
Missing character: There is no è§£ in font cmti10!
Missing character: There is no å¾— in font cmti10!
Missing character: There is no çŸ¥ in font cmti10!
Missing character: There is no ä¸€ in font cmti10!
Missing character: There is no å…± in font cmti10!
Missing character: There is no æœ‰ in font cmti10!
Missing character: There is no ç±» in font cmti10!
Missing character: There is no å¿— in font cmti10!
Missing character: There is no æ„¿ in font cmti10!
Missing character: There is no è€… in font cmti10!
Missing character: There is no å¯ in font cmti10!
Missing character: There is no ä»¥ in font cmti10!
Missing character: There is no æ‹› in font cmti10!
Missing character: There is no å‹Ÿ in font cmti10!
Missing character: There is no ã€‚ in font cmti10!
Missing character: There is no å…¶ in font cmti10!
Missing character: There is no ä¸­ in font cmti10!
Missing character: There is no ç¬¬ in font cmti10!
Missing character: There is no ç±» in font cmti10!
Missing character: There is no å¯ in font cmti10!
Missing character: There is no ä»¥ in font cmti10!
Missing character: There is no ä» in font cmti10!
Missing character: There is no ç¬¬ in font cmti10!
Missing character: There is no å¤© in font cmti10!
Missing character: There is no å·¥ in font cmti10!
Missing character: There is no ä½œ in font cmti10!
Missing character: There is no åˆ° in font cmti10!
Missing character: There is no ç¬¬ in font cmti10!
Missing character: There is no å¤© in font cmti10!
Missing character: There is no æ‹› in font cmti10!
Missing character: There is no å‹Ÿ in font cmti10!
Missing character: There is no è´¹ in font cmti10!
Missing character: There is no ç”¨ in font cmti10!
Missing character: There is no æ˜¯ in font cmti10!
Missing character: There is no æ¯ in font cmti10!
Missing character: There is no äºº in font cmti10!
Missing character: There is no å…ƒ in font cmti10!
Missing character: There is no ã€‚ in font cmti10!
Missing character: There is no æ–° in font cmti10!
Missing character: There is no å®˜ in font cmti10!
Missing character: There is no ä¸Š in font cmti10!
Missing character: There is no ä»» in font cmti10!
Missing character: There is no ä¸‰ in font cmti10!
Missing character: There is no æŠŠ in font cmti10!
Missing character: There is no ç« in font cmti10!
Missing character: There is no ä¸º in font cmti10!
Missing character: There is no äº† in font cmti10!
Missing character: There is no å‡º in font cmti10!
Missing character: There is no è‰² in font cmti10!
Missing character: There is no åœ° in font cmti10!
Missing character: There is no å®Œ in font cmti10!
Missing character: There is no æˆ in font cmti10!
Missing character: There is no è‡ª in font cmti10!
Missing character: There is no å·± in font cmti10!
Missing character: There is no çš„ in font cmti10!
Missing character: There is no å·¥ in font cmti10!
Missing character: There is no ä½œ in font cmti10!
Missing character: There is no å¸ƒ in font cmti10!
Missing character: There is no å¸ƒ in font cmti10!
Missing character: There is no å¸Œ in font cmti10!
Missing character: There is no æœ› in font cmti10!
Missing character: There is no ç”¨ in font cmti10!
Missing character: There is no å°½ in font cmti10!
Missing character: There is no é‡ in font cmti10!
Missing character: There is no å°‘ in font cmti10!
Missing character: There is no çš„ in font cmti10!
Missing character: There is no è´¹ in font cmti10!
Missing character: There is no ç”¨ in font cmti10!
Missing character: There is no æ‹› in font cmti10!
Missing character: There is no å‹Ÿ in font cmti10!
Missing character: There is no è¶³ in font cmti10!
Missing character: There is no å¤Ÿ in font cmti10!
Missing character: There is no çš„ in font cmti10!
Missing character: There is no å¿— in font cmti10!
Missing character: There is no æ„¿ in font cmti10!
Missing character: There is no è€… in font cmti10!
Missing character: There is no ä½† in font cmti10!
Missing character: There is no è¿™ in font cmti10!
Missing character: There is no å¹¶ in font cmti10!
Missing character: There is no ä¸ in font cmti10!
Missing character: There is no æ˜¯ in font cmti10!
Missing character: There is no ä»– in font cmti10!
Missing character: There is no çš„ in font cmti10!
Missing character: There is no ç‰¹ in font cmti10!
Missing character: There is no é•¿ in font cmti10!
Missing character: There is no äº in font cmti10!
Missing character: There is no æ˜¯ in font cmti10!
Missing character: There is no å¸ƒ in font cmti10!
Missing character: There is no å¸ƒ in font cmti10!
Missing character: There is no æ‰¾ in font cmti10!
Missing character: There is no åˆ° in font cmti10!
Missing character: There is no äº† in font cmti10!
Missing character: There is no ä½  in font cmti10!
Missing character: There is no å¸Œ in font cmti10!
Missing character: There is no æœ› in font cmti10!
Missing character: There is no ä½  in font cmti10!
Missing character: There is no å¸® in font cmti10!
Missing character: There is no ä»– in font cmti10!
Missing character: There is no è®¾ in font cmti10!
Missing character: There is no è®¡ in font cmti10!
Missing character: There is no ä¸€ in font cmti10!
Missing character: There is no ç§ in font cmti10!
Missing character: There is no æœ€ in font cmti10!
Missing character: There is no ä¼˜ in font cmti10!
Missing character: There is no çš„ in font cmti10!
Missing character: There is no æ‹› in font cmti10!
Missing character: There is no å‹Ÿ in font cmti10!
Missing character: There is no æ–¹ in font cmti10!
Missing character: There is no æ¡ˆ in font cmti10!
Missing character: There is no ã€‚ in font cmti10!
! Undefined control sequence.
l.12 \subsubsection
                   {è¾“å…¥æ ¼å¼}
The control sequence at the end of the top line
of your error message was never \def'ed. If you have
misspelled it (e.g., `\hobx'), type `I' and the correct
spelling (e.g., `I\hbox'). Otherwise just continue,
and I'll forget about whatever was undefined.

Missing character: There is no è¾“ in font nullfont!
Missing character: There is no å…¥ in font nullfont!
Missing character: There is no æ ¼ in font nullfont!
Missing character: There is no å¼ in font nullfont!
Missing character: There is no ç¬¬ in font cmti10!
Missing character: There is no ä¸€ in font cmti10!
Missing character: There is no è¡Œ in font cmti10!
Missing character: There is no åŒ… in font cmti10!
Missing character: There is no å« in font cmti10!
Missing character: There is no ä¸¤ in font cmti10!
Missing character: There is no ä¸ª in font cmti10!
Missing character: There is no æ•´ in font cmti10!
Missing character: There is no æ•° in font cmti10!
Missing character: There is no è¡¨ in font cmti10!
Missing character: There is no ç¤º in font cmti10!
Missing character: There is no å®Œ in font cmti10!
Missing character: There is no æˆ in font cmti10!
Missing character: There is no é¡¹ in font cmti10!
Missing character: There is no ç›® in font cmti10!
Missing character: There is no çš„ in font cmti10!
Missing character: There is no å¤© in font cmti10!
Missing character: There is no æ•° in font cmti10!
Missing character: There is no å’Œ in font cmti10!
Missing character: There is no å¯ in font cmti10!
Missing character: There is no ä»¥ in font cmti10!
Missing character: There is no æ‹› in font cmti10!
Missing character: There is no å‹Ÿ in font cmti10!
Missing character: There is no çš„ in font cmti10!
Missing character: There is no å¿— in font cmti10!
Missing character: There is no æ„¿ in font cmti10!
Missing character: There is no è€… in font cmti10!
Missing character: There is no çš„ in font cmti10!
Missing character: There is no ç§ in font cmti10!
Missing character: There is no ç±» in font cmti10!
Missing character: There is no ã€‚ in font cmti10!

Overfull \hbox (20.0pt too wide) in paragraph at lines 1--16
[]
 []


Overfull \hbox (6.1333pt too wide) in paragraph at lines 1--16
\OT1/cmr/m/it/10 ,,
 []


Overfull \hbox (3.06665pt too wide) in paragraph at lines 1--16
\OT1/cmr/m/it/10 :
 []


Overfull \hbox (3.06665pt too wide) in paragraph at lines 1--16
\OT1/cmr/m/it/10 ,
 []


Overfull \hbox (7.43329pt too wide) in paragraph at lines 1--16
\OT1/cmr/m/it/10 N
 []


Overfull \hbox (3.06665pt too wide) in paragraph at lines 1--16
\OT1/cmr/m/it/10 ,
 []


Overfull \hbox (3.06665pt too wide) in paragraph at lines 1--16
\OT1/cmr/m/it/10 i
 []


Overfull \hbox (10.8293pt too wide) in paragraph at lines 1--16
\OML/cmm/m/it/10 A[]$
 []


Overfull \hbox (3.06665pt too wide) in paragraph at lines 1--16
\OT1/cmr/m/it/10 ,
 []


Overfull \hbox (8.96661pt too wide) in paragraph at lines 1--16
\OT1/cmr/m/it/10 M
 []


Overfull \hbox (3.06665pt too wide) in paragraph at lines 1--16
\OT1/cmr/m/it/10 i
 []


Overfull \hbox (9.46123pt too wide) in paragraph at lines 1--16
\OML/cmm/m/it/10 S[]$
 []


Overfull \hbox (9.17303pt too wide) in paragraph at lines 1--16
\OML/cmm/m/it/10 T[]$
 []


Overfull \hbox (3.06665pt too wide) in paragraph at lines 1--16
\OT1/cmr/m/it/10 ,
 []


Overfull \hbox (10.4765pt too wide) in paragraph at lines 1--16
\OML/cmm/m/it/10 C[]$
 []


Overfull \hbox (3.06665pt too wide) in paragraph at lines 1--16
\OT1/cmr/m/it/10 ,
 []


Overfull \hbox (9.19995pt too wide) in paragraph at lines 1--16
\OT1/cmr/m/it/10 ,,!
 []


Overfull \hbox (3.06665pt too wide) in paragraph at lines 1--16
\OT1/cmr/m/it/10 ,
 []


Overfull \hbox (12.19162pt too wide) in paragraph at lines 1--16
\OML/cmm/m/it/10 N$\OT1/cmr/m/it/10 ,
 []


Overfull \hbox (13.8583pt too wide) in paragraph at lines 1--16
\OML/cmm/m/it/10 M$\OT1/cmr/m/it/10 ,
 []


! LaTeX Error: Missing \begin{document}.

See the LaTeX manual or LaTeX Companion for explanation.
Type  H <return>  for immediate help.
 ...                                              
                                                  
l.16 ^^I^^I\par æ¥
                   ä¸‹æ¥çš„ä¸€è¡Œä¸­åŒ…å« $N$ ä¸ªéè´Ÿæ•´æ•°,è¡¨ç¤ºæ¯å¤©...

You're in trouble here.  Try typing  <return>  to proceed.
If that doesn't work, type  X <return>  to quit.

Missing character: There is no æ¥ in font cmti10!
Missing character: There is no ä¸‹ in font cmti10!
Missing character: There is no æ¥ in font cmti10!
Missing character: There is no çš„ in font cmti10!
Missing character: There is no ä¸€ in font cmti10!
Missing character: There is no è¡Œ in font cmti10!
Missing character: There is no ä¸­ in font cmti10!
Missing character: There is no åŒ… in font cmti10!
Missing character: There is no å« in font cmti10!
Missing character: There is no ä¸ª in font cmti10!
Missing character: There is no é in font cmti10!
Missing character: There is no è´Ÿ in font cmti10!
Missing character: There is no æ•´ in font cmti10!
Missing character: There is no æ•° in font cmti10!
Missing character: There is no è¡¨ in font cmti10!
Missing character: There is no ç¤º in font cmti10!
Missing character: There is no æ¯ in font cmti10!
Missing character: There is no å¤© in font cmti10!
Missing character: There is no è‡³ in font cmti10!
Missing character: There is no å°‘ in font cmti10!
Missing character: There is no éœ€ in font cmti10!
Missing character: There is no è¦ in font cmti10!
Missing character: There is no çš„ in font cmti10!
Missing character: There is no å¿— in font cmti10!
Missing character: There is no æ„¿ in font cmti10!
Missing character: There is no è€… in font cmti10!
Missing character: There is no äºº in font cmti10!
Missing character: There is no æ•° in font cmti10!
Missing character: There is no ã€‚ in font cmti10!

Overfull \hbox (20.0pt too wide) in paragraph at lines 16--17
[]
 []


Overfull \hbox (9.12497pt too wide) in paragraph at lines 16--17
\OML/cmm/m/it/10 N$
 []


Overfull \hbox (3.06665pt too wide) in paragraph at lines 16--17
\OT1/cmr/m/it/10 , 
 []


! LaTeX Error: Missing \begin{document}.

See the LaTeX manual or LaTeX Companion for explanation.
Type  H <return>  for immediate help.
 ...                                              
                                                  
l.17 ^^I^^I\par æ¥
                   ä¸‹æ¥çš„ $M$ è¡Œä¸­æ¯è¡ŒåŒ…å«ä¸‰ä¸ªæ•´æ•° $S_i$, $T_i$...

You're in trouble here.  Try typing  <return>  to proceed.
If that doesn't work, type  X <return>  to quit.

Missing character: There is no æ¥ in font cmti10!
Missing character: There is no ä¸‹ in font cmti10!
Missing character: There is no æ¥ in font cmti10!
Missing character: There is no çš„ in font cmti10!
Missing character: There is no è¡Œ in font cmti10!
Missing character: There is no ä¸­ in font cmti10!
Missing character: There is no æ¯ in font cmti10!
Missing character: There is no è¡Œ in font cmti10!
Missing character: There is no åŒ… in font cmti10!
Missing character: There is no å« in font cmti10!
Missing character: There is no ä¸‰ in font cmti10!
Missing character: There is no ä¸ª in font cmti10!
Missing character: There is no æ•´ in font cmti10!
Missing character: There is no æ•° in font cmti10!
Missing character: There is no å« in font cmti10!
Missing character: There is no ä¹‰ in font cmti10!
Missing character: There is no å¦‚ in font cmti10!
Missing character: There is no ä¸Š in font cmti10!
Missing character: There is no æ–‡ in font cmti10!
Missing character: There is no æ‰€ in font cmti10!
Missing character: There is no è¿° in font cmti10!
Missing character: There is no ã€‚ in font cmti10!
Missing character: There is no ä¸º in font cmti10!
Missing character: There is no äº† in font cmti10!
Missing character: There is no æ–¹ in font cmti10!
Missing character: There is no ä¾¿ in font cmti10!
Missing character: There is no èµ· in font cmti10!
Missing character: There is no è§ in font cmti10!
Missing character: There is no æˆ‘ in font cmti10!
Missing character: There is no ä»¬ in font cmti10!
Missing character: There is no å¯ in font cmti10!
Missing character: There is no ä»¥ in font cmti10!
Missing character: There is no è®¤ in font cmti10!
Missing character: There is no ä¸º in font cmti10!
Missing character: There is no æ¯ in font cmti10!
Missing character: There is no ç±» in font cmti10!
Missing character: There is no å¿— in font cmti10!
Missing character: There is no æ„¿ in font cmti10!
Missing character: There is no è€… in font cmti10!
Missing character: There is no çš„ in font cmti10!
Missing character: There is no æ•° in font cmti10!
Missing character: There is no é‡ in font cmti10!
Missing character: There is no éƒ½ in font cmti10!
Missing character: There is no æ˜¯ in font cmti10!
Missing character: There is no æ—  in font cmti10!
Missing character: There is no é™ in font cmti10!
Missing character: There is no å¤š in font cmti10!
Missing character: There is no çš„ in font cmti10!
Missing character: There is no ã€‚ in font cmti10!

Overfull \hbox (20.0pt too wide) in paragraph at lines 17--19
[]
 []


Overfull \hbox (10.79166pt too wide) in paragraph at lines 17--19
\OML/cmm/m/it/10 M$
 []


Overfull \hbox (12.52788pt too wide) in paragraph at lines 17--19
\OML/cmm/m/it/10 S[]$\OT1/cmr/m/it/10 ,
 []


Overfull \hbox (12.23969pt too wide) in paragraph at lines 17--19
\OML/cmm/m/it/10 T[]$\OT1/cmr/m/it/10 ,
 []


Overfull \hbox (16.6098pt too wide) in paragraph at lines 17--19
\OML/cmm/m/it/10 C[]$\OT1/cmr/m/it/10 ,,
 []

! Undefined control sequence.
l.20 \subsubsection
                   {è¾“å‡ºæ ¼å¼}
The control sequence at the end of the top line
of your error message was never \def'ed. If you have
misspelled it (e.g., `\hobx'), type `I' and the correct
spelling (e.g., `I\hbox'). Otherwise just continue,
and I'll forget about whatever was undefined.


! LaTeX Error: Missing \begin{document}.

See the LaTeX manual or LaTeX Companion for explanation.
Type  H <return>  for immediate help.
 ...                                              
                                                  
l.20 \subsubsection{è¾“
                       å‡ºæ ¼å¼}
You're in trouble here.  Try typing  <return>  to proceed.
If that doesn't work, type  X <return>  to quit.

Missing character: There is no è¾“ in font nullfont!
Missing character: There is no å‡º in font nullfont!
Missing character: There is no æ ¼ in font nullfont!
Missing character: There is no å¼ in font nullfont!
Missing character: There is no ä»… in font cmti10!
Missing character: There is no åŒ… in font cmti10!
Missing character: There is no å« in font cmti10!
Missing character: There is no ä¸€ in font cmti10!
Missing character: There is no ä¸ª in font cmti10!
Missing character: There is no æ•´ in font cmti10!
Missing character: There is no æ•° in font cmti10!
Missing character: There is no è¡¨ in font cmti10!
Missing character: There is no ç¤º in font cmti10!
Missing character: There is no ä½  in font cmti10!
Missing character: There is no æ‰€ in font cmti10!
Missing character: There is no è®¾ in font cmti10!
Missing character: There is no è®¡ in font cmti10!
Missing character: There is no çš„ in font cmti10!
Missing character: There is no æœ€ in font cmti10!
Missing character: There is no ä¼˜ in font cmti10!
Missing character: There is no æ–¹ in font cmti10!
Missing character: There is no æ¡ˆ in font cmti10!
Missing character: There is no çš„ in font cmti10!
Missing character: There is no æ€» in font cmti10!
Missing character: There is no è´¹ in font cmti10!
Missing character: There is no ç”¨ in font cmti10!
Missing character: There is no ã€‚ in font cmti10!
! Undefined control sequence.
l.25 \subsubsection
                   {æ•°æ®èŒƒå›´}
The control sequence at the end of the top line
of your error message was never \def'ed. If you have
misspelled it (e.g., `\hobx'), type `I' and the correct
spelling (e.g., `I\hbox'). Otherwise just continue,
and I'll forget about whatever was undefined.

Missing character: There is no æ•° in font nullfont!
Missing character: There is no æ® in font nullfont!
Missing character: There is no èŒƒ in font nullfont!
Missing character: There is no å›´ in font nullfont!
Missing character: There is no çš„ in font nullfont!
Missing character: There is no æ•° in font nullfont!
Missing character: There is no æ® in font nullfont!
Missing character: There is no ä¸­ in font nullfont!
Missing character: There is no ï¼Œ in font nullfont!
Missing character: There is no ï¼Œ in font nullfont!
Missing character: There is no ï¼› in font nullfont!

Overfull \hbox (20.0pt too wide) in paragraph at lines 20--27
[]
 []


Overfull \hbox (3.06665pt too wide) in paragraph at lines 20--27
\OT1/cmr/m/it/10 ,
 []


Overfull \hbox (33.88892pt too wide) in paragraph at lines 20--27
\OT1/cmr/m/n/10 30%$$1 \OMS/cmsy/m/n/10 ^^T
 []


Overfull \hbox (34.361pt too wide) in paragraph at lines 20--27
\OML/cmm/m/it/10 N; M \OMS/cmsy/m/n/10 ^^T
 []


Overfull \hbox (25.55556pt too wide) in paragraph at lines 20--27
\OT1/cmr/m/n/10 10$$1 \OMS/cmsy/m/n/10 ^^T
 []


Overfull \hbox (21.38481pt too wide) in paragraph at lines 20--27
\OML/cmm/m/it/10 A[] \OMS/cmsy/m/n/10 ^^T
 []


Overfull \hbox (10.00003pt too wide) in paragraph at lines 20--27
\OT1/cmr/m/n/10 10$ 
 []


! LaTeX Error: Missing \begin{document}.

See the LaTeX manual or LaTeX Companion for explanation.
Type  H <return>  for immediate help.
 ...                                              
                                                  
l.27 \par $
           100\%$çš„æ•°æ®ä¸­ï¼Œ$1 \le N \le 1000$ï¼Œ$1 \le M \le 10000$ï¼Œé...

You're in trouble here.  Try typing  <return>  to proceed.
If that doesn't work, type  X <return>  to quit.

Missing character: There is no çš„ in font nullfont!
Missing character: There is no æ•° in font nullfont!
Missing character: There is no æ® in font nullfont!
Missing character: There is no ä¸­ in font nullfont!
Missing character: There is no ï¼Œ in font nullfont!
Missing character: There is no ï¼Œ in font nullfont!
Missing character: There is no ï¼Œ in font nullfont!
Missing character: There is no é¢˜ in font nullfont!
Missing character: There is no ç›® in font nullfont!
Missing character: There is no ä¸­ in font nullfont!
Missing character: There is no å…¶ in font nullfont!
Missing character: There is no ä»– in font nullfont!
Missing character: There is no æ‰€ in font nullfont!
Missing character: There is no æ¶‰ in font nullfont!
Missing character: There is no åŠ in font nullfont!
Missing character: There is no çš„ in font nullfont!
Missing character: There is no æ•° in font nullfont!
Missing character: There is no æ® in font nullfont!
Missing character: There is no å‡ in font nullfont!
Missing character: There is no ä¸ in font nullfont!
Missing character: There is no è¶… in font nullfont!
Missing character: There is no è¿‡ in font nullfont!
Missing character: There is no ã€‚ in font nullfont!
! Undefined control sequence.
l.28 \subsubsection
                   {åˆ†æ}
The control sequence at the end of the top line
of your error message was never \def'ed. If you have
misspelled it (e.g., `\hobx'), type `I' and the correct
spelling (e.g., `I\hbox'). Otherwise just continue,
and I'll forget about whatever was undefined.

Missing character: There is no åˆ† in font nullfont!
Missing character: There is no æ in font nullfont!
Missing character: There is no è®¾ in font nullfont!
Missing character: There is no ä¸º in font nullfont!
Missing character: There is no ç¬¬ in font nullfont!
Missing character: There is no ç±» in font nullfont!
Missing character: There is no å¿— in font nullfont!
Missing character: There is no æ„¿ in font nullfont!
Missing character: There is no è€… in font nullfont!
Missing character: There is no æ‹› in font nullfont!
Missing character: There is no å‹Ÿ in font nullfont!
Missing character: There is no çš„ in font nullfont!
Missing character: There is no äºº in font nullfont!
Missing character: There is no æ•° in font nullfont!
Missing character: There is no ã€‚ in font nullfont!
Missing character: There is no åˆ™ in font nullfont!
Missing character: There is no åº” in font nullfont!
Missing character: There is no æ»¡ in font nullfont!
Missing character: There is no è¶³ in font nullfont!

Overfull \hbox (58.88893pt too wide) in paragraph at lines 27--30
[]$\OT1/cmr/m/n/10 100%$$1 \OMS/cmsy/m/n/10 ^^T
 []


Overfull \hbox (19.68048pt too wide) in paragraph at lines 27--30
\OML/cmm/m/it/10 N \OMS/cmsy/m/n/10 ^^T
 []


Overfull \hbox (35.55559pt too wide) in paragraph at lines 27--30
\OT1/cmr/m/n/10 1000$$1 \OMS/cmsy/m/n/10 ^^T
 []


Overfull \hbox (21.34717pt too wide) in paragraph at lines 27--30
\OML/cmm/m/it/10 M \OMS/cmsy/m/n/10 ^^T
 []


Overfull \hbox (46.25015pt too wide) in paragraph at lines 27--30
\OT1/cmr/m/n/10 10000$$2[] \OMS/cmsy/m/n/10 ^^@
 []


Overfull \hbox (5.00002pt too wide) in paragraph at lines 27--30
\OT1/cmr/m/n/10 1$
 []


Overfull \hbox (15.05914pt too wide) in paragraph at lines 27--30
\OML/cmm/m/it/10 X[]$$i$ 
 []


Overfull \hbox (136.02477pt too wide) detected at line 32
\OMS/cmsy/m/n/10 8\OML/cmm/m/it/10 j \OMS/cmsy/m/n/10 2 \OT1/cmr/bx/n/10 Z \OMS
/cmsy/m/n/10 \ \OT1/cmr/m/n/10 [1\OML/cmm/m/it/10 ; N\OT1/cmr/m/n/10 ]\OML/cmm/
m/it/10 ;  [] [] \OMS/cmsy/m/n/10 ^^U \OML/cmm/m/it/10 A[]
 []

)
! Emergency stop.
<*> employee.tex
                
*** (job aborted, no legal \end found)

 
Here is how much of TeX's memory you used:
 15 strings out of 495713
 158 string characters out of 1188883
 46203 words of memory out of 3000000
 3247 multiletter control sequences out of 15000+50000
 4913 words of font info for 18 fonts, out of 3000000 for 9000
 28 hyphenation exceptions out of 8191
 18i,3n,16p,109b,96s stack positions out of 5000i,500n,10000p,200000b,50000s
No pages of output.
