\BOOKMARK [1][-]{section.1}{三角形不等式的启示}{}
\BOOKMARK [2][-]{subsection.1.1}{预备知识}{section.1}
\BOOKMARK [3][-]{subsubsection.1.1.1}{松弛性质}{subsection.1.1}
\BOOKMARK [3][-]{subsubsection.1.1.2}{几个常用算法简介}{subsection.1.1}
\BOOKMARK [2][-]{subsection.1.2}{差分约束系统}{section.1}
\BOOKMARK [2][-]{subsection.1.3}{[例一]SCOI2011 糖果}{section.1}
\BOOKMARK [3][-]{subsubsection.1.3.1}{描述}{subsection.1.3}
\BOOKMARK [3][-]{subsubsection.1.3.2}{输入格式}{subsection.1.3}
\BOOKMARK [3][-]{subsubsection.1.3.3}{输出格式}{subsection.1.3}
\BOOKMARK [3][-]{subsubsection.1.3.4}{数据范围}{subsection.1.3}
\BOOKMARK [3][-]{subsubsection.1.3.5}{分析}{subsection.1.3}
\BOOKMARK [2][-]{subsection.1.4}{一些思考}{section.1}
\BOOKMARK [1][-]{section.2}{网络流的守恒思想}{}
\BOOKMARK [2][-]{subsection.2.1}{预备知识}{section.2}
\BOOKMARK [3][-]{subsubsection.2.1.1}{流的性质}{subsection.2.1}
\BOOKMARK [3][-]{subsubsection.2.1.2}{求最大流的算法}{subsection.2.1}
\BOOKMARK [3][-]{subsubsection.2.1.3}{费用流}{subsection.2.1}
\BOOKMARK [2][-]{subsection.2.2}{[例二]CTSC2005 玩具的重量}{section.2}
\BOOKMARK [3][-]{subsubsection.2.2.1}{描述}{subsection.2.2}
\BOOKMARK [3][-]{subsubsection.2.2.2}{输入格式}{subsection.2.2}
\BOOKMARK [3][-]{subsubsection.2.2.3}{输出格式}{subsection.2.2}
\BOOKMARK [3][-]{subsubsection.2.2.4}{数据范围}{subsection.2.2}
\BOOKMARK [3][-]{subsubsection.2.2.5}{分析}{subsection.2.2}
\BOOKMARK [2][-]{subsection.2.3}{[例三]NOI2008 志愿者招募}{section.2}
\BOOKMARK [3][-]{subsubsection.2.3.1}{描述}{subsection.2.3}
\BOOKMARK [3][-]{subsubsection.2.3.2}{输入格式}{subsection.2.3}
\BOOKMARK [3][-]{subsubsection.2.3.3}{输出格式}{subsection.2.3}
\BOOKMARK [3][-]{subsubsection.2.3.4}{数据范围}{subsection.2.3}
\BOOKMARK [3][-]{subsubsection.2.3.5}{分析}{subsection.2.3}
\BOOKMARK [1][-]{section.3}{KM算法与二元规划}{}
\BOOKMARK [2][-]{subsection.3.1}{预备知识}{section.3}
\BOOKMARK [2][-]{subsection.3.2}{[例四]SGU206 Roads}{section.3}
\BOOKMARK [3][-]{subsubsection.3.2.1}{描述}{subsection.3.2}
\BOOKMARK [3][-]{subsubsection.3.2.2}{数据范围}{subsection.3.2}
\BOOKMARK [3][-]{subsubsection.3.2.3}{分析}{subsection.3.2}
\BOOKMARK [1][-]{section.4}{总结}{}
