This is XeTeX, Version 3.1415926-2.2-0.9995.2 (TeX Live 2009/Debian) (format=xelatex 2011.7.16)  17 AUG 2011 21:05
entering extended mode
 %&-line parsing enabled.
**sec1.tex
(./sec1.tex
LaTeX2e <2009/09/24>
Babel <v3.8l> and hyphenation patterns for english, usenglishmax, dumylang, noh
yphenation, pinyin, loaded.
! Undefined control sequence.
l.1 \section
            {å·®åˆ†çº¦æŸç³»ç»Ÿ}
? quit
OK, entering \batchmode...

! LaTeX Error: Missing \begin{document}.

See the LaTeX manual or LaTeX Companion for explanation.
Type  H <return>  for immediate help.
 ...                                              
                                                  
l.1 \section{å·®
                åˆ†çº¦æŸç³»ç»Ÿ}
You're in trouble here.  Try typing  <return>  to proceed.
If that doesn't work, type  X <return>  to quit.

Missing character: There is no å·® in font nullfont!
Missing character: There is no åˆ† in font nullfont!
Missing character: There is no çº¦ in font nullfont!
Missing character: There is no æŸ in font nullfont!
Missing character: There is no ç³» in font nullfont!
Missing character: There is no ç»Ÿ in font nullfont!
! Undefined control sequence.
l.2 \subsection
               {æœ€çŸ­è·¯æ¨¡å‹}
The control sequence at the end of the top line
of your error message was never \def'ed. If you have
misspelled it (e.g., `\hobx'), type `I' and the correct
spelling (e.g., `I\hbox'). Otherwise just continue,
and I'll forget about whatever was undefined.

Missing character: There is no æœ€ in font nullfont!
Missing character: There is no çŸ­ in font nullfont!
Missing character: There is no è·¯ in font nullfont!
Missing character: There is no æ¨¡ in font nullfont!
Missing character: There is no å‹ in font nullfont!
Missing character: There is no å›¾ in font nullfont!
Missing character: There is no è®º in font nullfont!
Missing character: There is no ä¸­ in font nullfont!
Missing character: There is no æœ€ in font nullfont!
Missing character: There is no ä¸º in font nullfont!
Missing character: There is no ç» in font nullfont!
Missing character: There is no å…¸ in font nullfont!
Missing character: There is no çš„ in font nullfont!
Missing character: There is no ä¾‹ in font nullfont!
Missing character: There is no å­ in font nullfont!
Missing character: There is no è« in font nullfont!
Missing character: There is no è¿‡ in font nullfont!
Missing character: There is no äº in font nullfont!
Missing character: There is no æœ€ in font nullfont!
Missing character: There is no çŸ­ in font nullfont!
Missing character: There is no è·¯ in font nullfont!
Missing character: There is no äº† in font nullfont!
Missing character: There is no ã€‚ in font nullfont!
Missing character: There is no åœ¨ in font nullfont!
Missing character: There is no è¿™ in font nullfont!
Missing character: There is no é‡Œ in font nullfont!
Missing character: There is no åª in font nullfont!
Missing character: There is no è®¨ in font nullfont!
Missing character: There is no è®º in font nullfont!
Missing character: There is no å• in font nullfont!
Missing character: There is no æº in font nullfont!
Missing character: There is no æœ€ in font nullfont!
Missing character: There is no çŸ­ in font nullfont!
Missing character: There is no è·¯ in font nullfont!
Missing character: There is no ( in font nullfont!
Missing character: There is no S in font nullfont!
Missing character: There is no S in font nullfont!
Missing character: There is no S in font nullfont!
Missing character: There is no P in font nullfont!
Missing character: There is no ) in font nullfont!
Missing character: There is no ã€‚ in font nullfont!
Missing character: There is no è®¾ in font nullfont!
LaTeX Font Info:    External font `cmex10' loaded for size
(Font)              <7> on input line 4.
LaTeX Font Info:    External font `cmex10' loaded for size
(Font)              <5> on input line 4.
Missing character: There is no ä¸º in font nullfont!
Missing character: There is no ç›® in font nullfont!
Missing character: There is no å‰ in font nullfont!
Missing character: There is no å·² in font nullfont!
Missing character: There is no çŸ¥ in font nullfont!
Missing character: There is no çš„ in font nullfont!
Missing character: There is no ä» in font nullfont!
Missing character: There is no æº in font nullfont!
Missing character: There is no ç‚¹ in font nullfont!
Missing character: There is no s in font nullfont!
Missing character: There is no åˆ° in font nullfont!
Missing character: There is no i in font nullfont!
Missing character: There is no é¡¶ in font nullfont!
Missing character: There is no ç‚¹ in font nullfont!
Missing character: There is no çš„ in font nullfont!
Missing character: There is no æœ€ in font nullfont!
Missing character: There is no çŸ­ in font nullfont!
Missing character: There is no è·¯ in font nullfont!
Missing character: There is no å¾„ in font nullfont!
Missing character: There is no ä¼° in font nullfont!
Missing character: There is no è®¡ in font nullfont!
Missing character: There is no ï¼Œ in font nullfont!
Missing character: There is no ä¸º in font nullfont!
Missing character: There is no å® in font nullfont!
Missing character: There is no é™… in font nullfont!
Missing character: There is no æœ€ in font nullfont!
Missing character: There is no çŸ­ in font nullfont!
Missing character: There is no è·¯ in font nullfont!
Missing character: There is no ã€‚ in font nullfont!
Missing character: There is no åˆ™ in font nullfont!
Missing character: There is no æ˜¾ in font nullfont!
Missing character: There is no ç„¶ in font nullfont!
Missing character: There is no ã€‚ in font nullfont!

Overfull \hbox (20.0pt too wide) in paragraph at lines 1--5
[]
 []


Overfull \hbox (60.07162pt too wide) in paragraph at lines 1--5
\OML/cmm/m/it/10 f\OT1/cmr/m/n/10 [\OML/cmm/m/it/10 i\OT1/cmr/m/n/10 ]$$\OML/cm
m/m/it/10 f[]\OT1/cmr/m/n/10 [\OML/cmm/m/it/10 i\OT1/cmr/m/n/10 ]$$\OML/cmm/m/i
t/10 f\OT1/cmr/m/n/10 [\OML/cmm/m/it/10 i\OT1/cmr/m/n/10 ] \OMS/cmsy/m/n/10 ^^T

 []


Overfull \hbox (19.57019pt too wide) in paragraph at lines 1--5
\OML/cmm/m/it/10 f[]\OT1/cmr/m/n/10 [\OML/cmm/m/it/10 i\OT1/cmr/m/n/10 ]$ 
 []

! Undefined control sequence.
l.6 \subsubsection
                  {æ¾å¼›æ€§è´¨}
The control sequence at the end of the top line
of your error message was never \def'ed. If you have
misspelled it (e.g., `\hobx'), type `I' and the correct
spelling (e.g., `I\hbox'). Otherwise just continue,
and I'll forget about whatever was undefined.


! LaTeX Error: Missing \begin{document}.

See the LaTeX manual or LaTeX Companion for explanation.
Type  H <return>  for immediate help.
 ...                                              
                                                  
l.6 \subsubsection{æ¾
                      å¼›æ€§è´¨}
You're in trouble here.  Try typing  <return>  to proceed.
If that doesn't work, type  X <return>  to quit.

Missing character: There is no æ¾ in font nullfont!
Missing character: There is no å¼› in font nullfont!
Missing character: There is no æ€§ in font nullfont!
Missing character: There is no è´¨ in font nullfont!

Overfull \hbox (20.0pt too wide) in paragraph at lines 6--7
[] 
 []


! LaTeX Error: Missing \begin{document}.

See the LaTeX manual or LaTeX Companion for explanation.
Type  H <return>  for immediate help.
 ...                                              
                                                  
l.7 \par ä»¤
            $d[u][v] = \left\{ \begin{array}{ll}
You're in trouble here.  Try typing  <return>  to proceed.
If that doesn't work, type  X <return>  to quit.

Missing character: There is no ä»¤ in font nullfont!
! Undefined control sequence.
l.8 ^^I\min\{p.weight\} & \text
                               {å­˜åœ¨uåˆ°vçš„è·¯å¾„p} \\
The control sequence at the end of the top line
of your error message was never \def'ed. If you have
misspelled it (e.g., `\hobx'), type `I' and the correct
spelling (e.g., `I\hbox'). Otherwise just continue,
and I'll forget about whatever was undefined.

Missing character: There is no å­˜ in font cmr10!
Missing character: There is no åœ¨ in font cmr10!
Missing character: There is no åˆ° in font cmr10!
Missing character: There is no çš„ in font cmr10!
Missing character: There is no è·¯ in font cmr10!
Missing character: There is no å¾„ in font cmr10!
! Undefined control sequence.
l.9 ^^I\infty & \text
                     {uåˆ°vä¸å­˜åœ¨è·¯å¾„}
The control sequence at the end of the top line
of your error message was never \def'ed. If you have
misspelled it (e.g., `\hobx'), type `I' and the correct
spelling (e.g., `I\hbox'). Otherwise just continue,
and I'll forget about whatever was undefined.

Missing character: There is no åˆ° in font cmr10!
Missing character: There is no ä¸ in font cmr10!
Missing character: There is no å­˜ in font cmr10!
Missing character: There is no åœ¨ in font cmr10!
Missing character: There is no è·¯ in font cmr10!
Missing character: There is no å¾„ in font cmr10!

Overfull \hbox (57.80211pt too wide) in paragraph at lines 7--11
[]$\OML/cmm/m/it/10 d\OT1/cmr/m/n/10 [\OML/cmm/m/it/10 u\OT1/cmr/m/n/10 ][\OML/
cmm/m/it/10 v\OT1/cmr/m/n/10 ] =
 []


Overfull \hbox (88.33511pt too wide) in paragraph at lines 7--11
[]$ 
 []


! LaTeX Error: Missing \begin{document}.

See the LaTeX manual or LaTeX Companion for explanation.
Type  H <return>  for immediate help.
 ...                                              
                                                  
l.12 å¯
        ä»¥å¾—åˆ°ä¸‰è§’å½¢ä¸ç­‰å¼ï¼š
You're in trouble here.  Try typing  <return>  to proceed.
If that doesn't work, type  X <return>  to quit.

Missing character: There is no å¯ in font nullfont!
Missing character: There is no ä»¥ in font nullfont!
Missing character: There is no å¾— in font nullfont!
Missing character: There is no åˆ° in font nullfont!
Missing character: There is no ä¸‰ in font nullfont!
Missing character: There is no è§’ in font nullfont!
Missing character: There is no å½¢ in font nullfont!
Missing character: There is no ä¸ in font nullfont!
Missing character: There is no ç­‰ in font nullfont!
Missing character: There is no å¼ in font nullfont!
Missing character: There is no ï¼š in font nullfont!

Overfull \hbox (20.0pt too wide) in paragraph at lines 12--13
[] 
 []


Overfull \hbox (135.5243pt too wide) detected at line 15
[]\OMS/cmsy/m/n/10 8\OML/cmm/m/it/10 u; v \OMS/cmsy/m/n/10 2 \OML/cmm/m/it/10 V
; f[]\OT1/cmr/m/n/10 [\OML/cmm/m/it/10 u\OT1/cmr/m/n/10 ] \OMS/cmsy/m/n/10 ^^T 
\OML/cmm/m/it/10 f[]\OT1/cmr/m/n/10 [\OML/cmm/m/it/10 v\OT1/cmr/m/n/10 ] + \OML
/cmm/m/it/10 d\OT1/cmr/m/n/10 [\OML/cmm/m/it/10 v\OT1/cmr/m/n/10 ][\OML/cmm/m/i
t/10 u\OT1/cmr/m/n/10 ]
 []


! LaTeX Error: Missing \begin{document}.

See the LaTeX manual or LaTeX Companion for explanation.
Type  H <return>  for immediate help.
 ...                                              
                                                  
l.17 è‹¥
        å‘ç°å¯¹äºvèŠ‚ç‚¹ï¼Œæœ‰$f[v] > f[u] + d[u][v]$,åˆ™å¯ä»¥æ›´æ–°$f[v...

You're in trouble here.  Try typing  <return>  to proceed.
If that doesn't work, type  X <return>  to quit.

Missing character: There is no è‹¥ in font nullfont!
Missing character: There is no å‘ in font nullfont!
Missing character: There is no ç° in font nullfont!
Missing character: There is no å¯¹ in font nullfont!
Missing character: There is no äº in font nullfont!
Missing character: There is no v in font nullfont!
Missing character: There is no èŠ‚ in font nullfont!
Missing character: There is no ç‚¹ in font nullfont!
Missing character: There is no ï¼Œ in font nullfont!
Missing character: There is no æœ‰ in font nullfont!
Missing character: There is no , in font nullfont!
Missing character: There is no åˆ™ in font nullfont!
Missing character: There is no å¯ in font nullfont!
Missing character: There is no ä»¥ in font nullfont!
Missing character: There is no æ›´ in font nullfont!
Missing character: There is no æ–° in font nullfont!
Missing character: There is no ä½¿ in font nullfont!
Missing character: There is no å…¶ in font nullfont!
Missing character: There is no æ›´ in font nullfont!
Missing character: There is no æ¥ in font nullfont!
Missing character: There is no è¿‘ in font nullfont!
Missing character: There is no ç›® in font nullfont!
Missing character: There is no æ ‡ in font nullfont!
Missing character: There is no , in font nullfont!
Missing character: There is no å³ in font nullfont!
Missing character: There is no è®© in font nullfont!
Missing character: There is no ã€‚ in font nullfont!
Missing character: There is no è¿™ in font nullfont!
Missing character: There is no ä¾¿ in font nullfont!
Missing character: There is no æ˜¯ in font nullfont!
Missing character: There is no æ¾ in font nullfont!
Missing character: There is no å¼› in font nullfont!
Missing character: There is no æ“ in font nullfont!
Missing character: There is no ä½œ in font nullfont!
Missing character: There is no ( in font nullfont!
Missing character: There is no r in font nullfont!
Missing character: There is no e in font nullfont!
Missing character: There is no l in font nullfont!
Missing character: There is no a in font nullfont!
Missing character: There is no x in font nullfont!
Missing character: There is no a in font nullfont!
Missing character: There is no t in font nullfont!
Missing character: There is no i in font nullfont!
Missing character: There is no o in font nullfont!
Missing character: There is no n in font nullfont!
Missing character: There is no ) in font nullfont!
Missing character: There is no ã€‚ in font nullfont!
Missing character: There is no è€Œ in font nullfont!
Missing character: There is no å‡  in font nullfont!
Missing character: There is no ä¹ in font nullfont!
Missing character: There is no æ‰€ in font nullfont!
Missing character: There is no æœ‰ in font nullfont!
Missing character: There is no çš„ in font nullfont!
Missing character: There is no æœ€ in font nullfont!
Missing character: There is no çŸ­ in font nullfont!
Missing character: There is no è·¯ in font nullfont!
Missing character: There is no ç®— in font nullfont!
Missing character: There is no æ³• in font nullfont!
Missing character: There is no éƒ½ in font nullfont!
Missing character: There is no ä¾ in font nullfont!
Missing character: There is no èµ– in font nullfont!
Missing character: There is no äº in font nullfont!
Missing character: There is no æ¾ in font nullfont!
Missing character: There is no å¼› in font nullfont!
Missing character: There is no æ“ in font nullfont!
Missing character: There is no ä½œ in font nullfont!
Missing character: There is no ã€‚ in font nullfont!

Overfull \hbox (47.28935pt too wide) in paragraph at lines 17--18
[]$\OML/cmm/m/it/10 f\OT1/cmr/m/n/10 [\OML/cmm/m/it/10 v\OT1/cmr/m/n/10 ] \OML/
cmm/m/it/10 >
 []


Overfull \hbox (25.03021pt too wide) in paragraph at lines 17--18
\OML/cmm/m/it/10 f\OT1/cmr/m/n/10 [\OML/cmm/m/it/10 u\OT1/cmr/m/n/10 ] +
 []


Overfull \hbox (65.31151pt too wide) in paragraph at lines 17--18
\OML/cmm/m/it/10 d\OT1/cmr/m/n/10 [\OML/cmm/m/it/10 u\OT1/cmr/m/n/10 ][\OML/cmm
/m/it/10 v\OT1/cmr/m/n/10 ]$$\OML/cmm/m/it/10 f\OT1/cmr/m/n/10 [\OML/cmm/m/it/1
0 v\OT1/cmr/m/n/10 ]$$\OML/cmm/m/it/10 f[]\OT1/cmr/m/n/10 [\OML/cmm/m/it/10 v\O
T1/cmr/m/n/10 ]$
 []


Overfull \hbox (27.28935pt too wide) in paragraph at lines 17--18
\OML/cmm/m/it/10 f\OT1/cmr/m/n/10 [\OML/cmm/m/it/10 v\OT1/cmr/m/n/10 ] =
 []


Overfull \hbox (25.03021pt too wide) in paragraph at lines 17--18
\OML/cmm/m/it/10 f\OT1/cmr/m/n/10 [\OML/cmm/m/it/10 u\OT1/cmr/m/n/10 ] +
 []


Overfull \hbox (27.2466pt too wide) in paragraph at lines 17--18
\OML/cmm/m/it/10 d\OT1/cmr/m/n/10 [\OML/cmm/m/it/10 u\OT1/cmr/m/n/10 ][\OML/cmm
/m/it/10 v\OT1/cmr/m/n/10 ]$ 
 []


! LaTeX Error: Missing \begin{document}.

See the LaTeX manual or LaTeX Companion for explanation.
Type  H <return>  for immediate help.
 ...                                              
                                                  
l.18 \par è‹¥
             å¯¹ä»»ä½•èŠ‚ç‚¹éƒ½æ— æ³•æ¾å¼›ï¼Œé‚£ä¹ˆæœ‰$f = f^*$ã€‚åä¹‹äº¦...

You're in trouble here.  Try typing  <return>  to proceed.
If that doesn't work, type  X <return>  to quit.

Missing character: There is no è‹¥ in font nullfont!
Missing character: There is no å¯¹ in font nullfont!
Missing character: There is no ä»» in font nullfont!
Missing character: There is no ä½• in font nullfont!
Missing character: There is no èŠ‚ in font nullfont!
Missing character: There is no ç‚¹ in font nullfont!
Missing character: There is no éƒ½ in font nullfont!
Missing character: There is no æ—  in font nullfont!
Missing character: There is no æ³• in font nullfont!
Missing character: There is no æ¾ in font nullfont!
Missing character: There is no å¼› in font nullfont!
Missing character: There is no ï¼Œ in font nullfont!
Missing character: There is no é‚£ in font nullfont!
Missing character: There is no ä¹ˆ in font nullfont!
Missing character: There is no æœ‰ in font nullfont!
Missing character: There is no ã€‚ in font nullfont!
Missing character: There is no å in font nullfont!
Missing character: There is no ä¹‹ in font nullfont!
Missing character: There is no äº¦ in font nullfont!
Missing character: There is no ç„¶ in font nullfont!
Missing character: There is no ã€‚ in font nullfont!
Missing character: There is no è¯ in font nullfont!
Missing character: There is no æ˜ in font nullfont!
Missing character: There is no æ¯” in font nullfont!
Missing character: There is no è¾ƒ in font nullfont!
Missing character: There is no å®¹ in font nullfont!
Missing character: There is no æ˜“ in font nullfont!
Missing character: There is no ã€‚ in font nullfont!

Overfull \hbox (36.52777pt too wide) in paragraph at lines 18--19
[]$\OML/cmm/m/it/10 f \OT1/cmr/m/n/10 =
 []


Overfull \hbox (10.56949pt too wide) in paragraph at lines 18--19
\OML/cmm/m/it/10 f[]$ 
 []

! Undefined control sequence.
l.20 \subsubsection
                   {å‡ ä¸ªå¸¸ç”¨ç®—æ³•ç®€ä»‹}
The control sequence at the end of the top line
of your error message was never \def'ed. If you have
misspelled it (e.g., `\hobx'), type `I' and the correct
spelling (e.g., `I\hbox'). Otherwise just continue,
and I'll forget about whatever was undefined.


! LaTeX Error: Missing \begin{document}.

See the LaTeX manual or LaTeX Companion for explanation.
Type  H <return>  for immediate help.
 ...                                              
                                                  
l.20 \subsubsection{å‡ 
                       ä¸ªå¸¸ç”¨ç®—æ³•ç®€ä»‹}
You're in trouble here.  Try typing  <return>  to proceed.
If that doesn't work, type  X <return>  to quit.

Missing character: There is no å‡  in font nullfont!
Missing character: There is no ä¸ª in font nullfont!
Missing character: There is no å¸¸ in font nullfont!
Missing character: There is no ç”¨ in font nullfont!
Missing character: There is no ç®— in font nullfont!
Missing character: There is no æ³• in font nullfont!
Missing character: There is no ç®€ in font nullfont!
Missing character: There is no ä»‹ in font nullfont!

Overfull \hbox (20.0pt too wide) in paragraph at lines 20--21
[] 
 []

Missing character: There is no ç®— in font nullfont!
Missing character: There is no æ³• in font nullfont!
Missing character: There is no å in font nullfont!
Missing character: There is no ç§° in font nullfont!
Missing character: There is no æ—¶ in font nullfont!
Missing character: There is no é—´ in font nullfont!
Missing character: There is no å¤ in font nullfont!
Missing character: There is no æ‚ in font nullfont!
Missing character: There is no åº¦ in font nullfont!
Missing character: There is no å® in font nullfont!
Missing character: There is no ç° in font nullfont!
Missing character: There is no åŸ in font nullfont!
Missing character: There is no ç† in font nullfont!
Missing character: There is no B in font nullfont!
Missing character: There is no e in font nullfont!
Missing character: There is no l in font nullfont!
Missing character: There is no l in font nullfont!
Missing character: There is no m in font nullfont!
Missing character: There is no a in font nullfont!
Missing character: There is no n in font nullfont!
Missing character: There is no - in font nullfont!
Missing character: There is no F in font nullfont!
Missing character: There is no o in font nullfont!
Missing character: There is no r in font nullfont!
Missing character: There is no d in font nullfont!
Missing character: There is no å¦‚ in font nullfont!
Missing character: There is no æœ in font nullfont!
Missing character: There is no æœ€ in font nullfont!
Missing character: There is no çŸ­ in font nullfont!
Missing character: There is no è·¯ in font nullfont!
Missing character: There is no å­˜ in font nullfont!
Missing character: There is no åœ¨ in font nullfont!
Missing character: There is no ï¼Œ in font nullfont!
Missing character: There is no åˆ™ in font nullfont!
Missing character: There is no æ¯ in font nullfont!
Missing character: There is no ä¸ª in font nullfont!
Missing character: There is no é¡¶ in font nullfont!
Missing character: There is no ç‚¹ in font nullfont!
Missing character: There is no æœ€ in font nullfont!
Missing character: There is no å¤š in font nullfont!
Missing character: There is no ç» in font nullfont!
Missing character: There is no è¿‡ in font nullfont!
Missing character: There is no ä¸€ in font nullfont!
Missing character: There is no æ¬¡ in font nullfont!
Missing character: There is no ï¼Œ in font nullfont!
Missing character: There is no å›  in font nullfont!
Missing character: There is no æ­¤ in font nullfont!
Missing character: There is no ä¸ in font nullfont!
Missing character: There is no è¶… in font nullfont!
Missing character: There is no è¿‡ in font nullfont!
Missing character: There is no æ¡ in font nullfont!
Missing character: There is no è¾¹ in font nullfont!
Missing character: There is no ã€‚ in font nullfont!
Missing character: There is no ç”± in font nullfont!
Missing character: There is no æœ€ in font nullfont!
Missing character: There is no ä¼˜ in font nullfont!
Missing character: There is no æ€§ in font nullfont!
Missing character: There is no åŸ in font nullfont!
Missing character: There is no ç† in font nullfont!
Missing character: There is no ï¼Œ in font nullfont!
Missing character: There is no åª in font nullfont!
Missing character: There is no éœ€ in font nullfont!
Missing character: There is no ä¾ in font nullfont!
Missing character: There is no æ¬¡ in font nullfont!
Missing character: There is no è€ƒ in font nullfont!
Missing character: There is no è™‘ in font nullfont!
Missing character: There is no é•¿ in font nullfont!
Missing character: There is no åº¦ in font nullfont!
Missing character: There is no ä¸º in font nullfont!
Missing character: There is no çš„ in font nullfont!
Missing character: There is no æœ€ in font nullfont!
Missing character: There is no çŸ­ in font nullfont!
Missing character: There is no è·¯ in font nullfont!
Missing character: There is no ã€‚ in font nullfont!
Missing character: There is no å¯¹ in font nullfont!
Missing character: There is no æ¯ in font nullfont!
Missing character: There is no æ¡ in font nullfont!
Missing character: There is no è¾¹ in font nullfont!
Missing character: There is no æ¾ in font nullfont!
Missing character: There is no å¼› in font nullfont!
Missing character: There is no æ¬¡ in font nullfont!
Missing character: There is no å³ in font nullfont!
Missing character: There is no å¯ in font nullfont!
Missing character: There is no ã€‚ in font nullfont!
Missing character: There is no S in font nullfont!
Missing character: There is no P in font nullfont!
Missing character: There is no F in font nullfont!
Missing character: There is no A in font nullfont!
Missing character: There is no æ­¤ in font nullfont!
Missing character: There is no ç®— in font nullfont!
Missing character: There is no æ³• in font nullfont!
Missing character: There is no ä¸º in font nullfont!
Missing character: There is no B in font nullfont!
Missing character: There is no e in font nullfont!
Missing character: There is no l in font nullfont!
Missing character: There is no l in font nullfont!
Missing character: There is no m in font nullfont!
Missing character: There is no a in font nullfont!
Missing character: There is no n in font nullfont!
Missing character: There is no - in font nullfont!
Missing character: There is no F in font nullfont!
Missing character: There is no o in font nullfont!
Missing character: There is no r in font nullfont!
Missing character: There is no d in font nullfont!
Missing character: There is no çš„ in font nullfont!
Missing character: There is no æ”¹ in font nullfont!
Missing character: There is no è¿› in font nullfont!
Missing character: There is no ã€‚ in font nullfont!
Missing character: There is no å¹¶ in font nullfont!
Missing character: There is no ä¸ in font nullfont!
Missing character: There is no æ˜¯ in font nullfont!
Missing character: There is no æ¯ in font nullfont!
Missing character: There is no æ¬¡ in font nullfont!
Missing character: There is no æ¾ in font nullfont!
Missing character: There is no å¼› in font nullfont!
Missing character: There is no éƒ½ in font nullfont!
Missing character: There is no æ˜¯ in font nullfont!
Missing character: There is no æœ‰ in font nullfont!
Missing character: There is no ä»· in font nullfont!
Missing character: There is no å€¼ in font nullfont!
Missing character: There is no çš„ in font nullfont!
Missing character: There is no ã€‚ in font nullfont!
Missing character: There is no åª in font nullfont!
Missing character: There is no éœ€ in font nullfont!
Missing character: There is no æ¯ in font nullfont!
Missing character: There is no æ¬¡ in font nullfont!
Missing character: There is no å°† in font nullfont!
Missing character: There is no å€¼ in font nullfont!
Missing character: There is no å˜ in font nullfont!
Missing character: There is no åŒ– in font nullfont!
Missing character: There is no äº† in font nullfont!
Missing character: There is no çš„ in font nullfont!
Missing character: There is no ç‚¹ in font nullfont!
Missing character: There is no åŠ  in font nullfont!
Missing character: There is no å…¥ in font nullfont!
Missing character: There is no é˜Ÿ in font nullfont!
Missing character: There is no åˆ— in font nullfont!
Missing character: There is no ï¼Œ in font nullfont!
Missing character: There is no æ›´ in font nullfont!
Missing character: There is no æ–° in font nullfont!
Missing character: There is no æ¬¡ in font nullfont!
Missing character: There is no æ•° in font nullfont!
Missing character: There is no é™ in font nullfont!
Missing character: There is no ä½ in font nullfont!
Missing character: There is no ï¼Œ in font nullfont!
Missing character: There is no å® in font nullfont!
Missing character: There is no é™… in font nullfont!
Missing character: There is no è¿ in font nullfont!
Missing character: There is no è¡Œ in font nullfont!
Missing character: There is no æ•ˆ in font nullfont!
Missing character: There is no æœ in font nullfont!
Missing character: There is no é in font nullfont!
Missing character: There is no å¸¸ in font nullfont!
Missing character: There is no å¥½ in font nullfont!
Missing character: There is no ã€‚ in font nullfont!
Missing character: There is no D in font nullfont!
Missing character: There is no i in font nullfont!
Missing character: There is no j in font nullfont!
Missing character: There is no k in font nullfont!
Missing character: There is no s in font nullfont!
Missing character: There is no t in font nullfont!
Missing character: There is no r in font nullfont!
Missing character: There is no a in font nullfont!
Missing character: There is no é‡‡ in font nullfont!
Missing character: There is no ç”¨ in font nullfont!
Missing character: There is no æ ‡ in font nullfont!
Missing character: There is no è®° in font nullfont!
Missing character: There is no æ°¸ in font nullfont!
Missing character: There is no ä¹… in font nullfont!
Missing character: There is no åŒ– in font nullfont!
Missing character: There is no æŠ€ in font nullfont!
Missing character: There is no æœ¯ in font nullfont!
Missing character: There is no ï¼ˆ in font nullfont!
Missing character: There is no äº¦ in font nullfont!
Missing character: There is no å³ in font nullfont!
Missing character: There is no è´ª in font nullfont!
Missing character: There is no å¿ƒ in font nullfont!
Missing character: There is no ï¼‰ in font nullfont!
Missing character: There is no ï¼Œ in font nullfont!
Missing character: There is no ä¿ in font nullfont!
Missing character: There is no è¯ in font nullfont!
Missing character: There is no æ¯ in font nullfont!
Missing character: There is no æ¬¡ in font nullfont!
Missing character: There is no åŠ  in font nullfont!
Missing character: There is no å…¥ in font nullfont!
Missing character: There is no ç‚¹ in font nullfont!
Missing character: There is no æ—¶ in font nullfont!
Missing character: There is no å·² in font nullfont!
Missing character: There is no æ±‚ in font nullfont!
Missing character: There is no å‡º in font nullfont!
Missing character: There is no æœ€ in font nullfont!
Missing character: There is no çŸ­ in font nullfont!
Missing character: There is no è·¯ in font nullfont!
Missing character: There is no ã€‚ in font nullfont!
Missing character: There is no ä¸ in font nullfont!
Missing character: There is no é€‚ in font nullfont!
Missing character: There is no ç”¨ in font nullfont!
Missing character: There is no äº in font nullfont!
Missing character: There is no å« in font nullfont!
Missing character: There is no è´Ÿ in font nullfont!
Missing character: There is no è¾¹ in font nullfont!
Missing character: There is no æƒ in font nullfont!
Missing character: There is no çš„ in font nullfont!
Missing character: There is no å›¾ in font nullfont!
Missing character: There is no ã€‚ in font nullfont!
Missing character: There is no D in font nullfont!
Missing character: There is no P in font nullfont!
Missing character: There is no ( in font nullfont!
Missing character: There is no é€’ in font nullfont!
Missing character: There is no æ¨ in font nullfont!
Missing character: There is no ) in font nullfont!
Missing character: There is no æŒ‰ in font nullfont!
Missing character: There is no æ‹“ in font nullfont!
Missing character: There is no æ‰‘ in font nullfont!
Missing character: There is no å…³ in font nullfont!
Missing character: There is no ç³» in font nullfont!
Missing character: There is no é€’ in font nullfont!
Missing character: There is no æ¨ in font nullfont!
Missing character: There is no ã€‚ in font nullfont!
Missing character: There is no åª in font nullfont!
Missing character: There is no é€‚ in font nullfont!
Missing character: There is no ç”¨ in font nullfont!
Missing character: There is no äº in font nullfont!
Missing character: There is no D in font nullfont!
Missing character: There is no A in font nullfont!
Missing character: There is no G in font nullfont!
Missing character: There is no ( in font nullfont!
Missing character: There is no æœ‰ in font nullfont!
Missing character: There is no å‘ in font nullfont!
Missing character: There is no æ—  in font nullfont!
Missing character: There is no ç¯ in font nullfont!
Missing character: There is no ) in font nullfont!
Missing character: There is no å›¾ in font nullfont!
Missing character: There is no ã€‚ in font nullfont!

Overfull \hbox (312.51364pt too wide) in paragraph at lines 22--31
 [] 
 []

Missing character: There is no ä» in font nullfont!
Missing character: There is no ä¸Š in font nullfont!
Missing character: There is no è¡¨ in font nullfont!
Missing character: There is no å¯ in font nullfont!
Missing character: There is no ä»¥ in font nullfont!
Missing character: There is no çœ‹ in font nullfont!
Missing character: There is no å‡º in font nullfont!
Missing character: There is no ï¼Œ in font nullfont!
Missing character: There is no å¯¹ in font nullfont!
Missing character: There is no äº in font nullfont!
Missing character: There is no ç‰¹ in font nullfont!
Missing character: There is no æ®Š in font nullfont!
Missing character: There is no æ€§ in font nullfont!
Missing character: There is no è¾ƒ in font nullfont!
Missing character: There is no é«˜ in font nullfont!
Missing character: There is no çš„ in font nullfont!
Missing character: There is no å›¾ in font nullfont!
Missing character: There is no ï¼Œ in font nullfont!
Missing character: There is no å¾€ in font nullfont!
Missing character: There is no å¾€ in font nullfont!
Missing character: There is no å¯ in font nullfont!
Missing character: There is no ä»¥ in font nullfont!
Missing character: There is no åˆ© in font nullfont!
Missing character: There is no ç”¨ in font nullfont!
Missing character: There is no æ€§ in font nullfont!
Missing character: There is no è´¨ in font nullfont!
Missing character: There is no ï¼Œ in font nullfont!
Missing character: There is no è®¾ in font nullfont!
Missing character: There is no è®¡ in font nullfont!
Missing character: There is no å‡º in font nullfont!
Missing character: There is no é in font nullfont!
Missing character: There is no å¸¸ in font nullfont!
Missing character: There is no é«˜ in font nullfont!
Missing character: There is no æ•ˆ in font nullfont!
Missing character: There is no çš„ in font nullfont!
Missing character: There is no ç®— in font nullfont!
Missing character: There is no æ³• in font nullfont!
Missing character: There is no ã€‚ in font nullfont!
! Undefined control sequence.
l.34 \subsection
                {å·®åˆ†çº¦æŸç³»ç»Ÿ}
The control sequence at the end of the top line
of your error message was never \def'ed. If you have
misspelled it (e.g., `\hobx'), type `I' and the correct
spelling (e.g., `I\hbox'). Otherwise just continue,
and I'll forget about whatever was undefined.

Missing character: There is no å·® in font nullfont!
Missing character: There is no åˆ† in font nullfont!
Missing character: There is no çº¦ in font nullfont!
Missing character: There is no æŸ in font nullfont!
Missing character: There is no ç³» in font nullfont!
Missing character: There is no ç»Ÿ in font nullfont!
Missing character: There is no å·® in font nullfont!
Missing character: There is no åˆ† in font nullfont!
Missing character: There is no çº¦ in font nullfont!
Missing character: There is no æŸ in font nullfont!
Missing character: There is no ç³» in font nullfont!
Missing character: There is no ç»Ÿ in font nullfont!
Missing character: There is no æ˜¯ in font nullfont!
Missing character: There is no æŒ‡ in font nullfont!
Missing character: There is no è®¸ in font nullfont!
Missing character: There is no å¤š in font nullfont!
Missing character: There is no å½¢ in font nullfont!
Missing character: There is no å¦‚ in font nullfont!
Missing character: There is no çš„ in font nullfont!
Missing character: There is no ä¸ in font nullfont!
Missing character: There is no ç­‰ in font nullfont!
Missing character: There is no å¼ in font nullfont!
Missing character: There is no ç»„ in font nullfont!
Missing character: There is no ã€‚ in font nullfont!
Missing character: There is no å¦‚ in font nullfont!
Missing character: There is no æœ in font nullfont!
Missing character: There is no æ±‚ in font nullfont!
Missing character: There is no å‡º in font nullfont!
Missing character: There is no ä¸€ in font nullfont!
Missing character: There is no ä¸ª in font nullfont!
Missing character: There is no ç‰¹ in font nullfont!
Missing character: There is no è§£ in font nullfont!
Missing character: There is no ï¼Œ in font nullfont!
Missing character: There is no é‚£ in font nullfont!
Missing character: There is no ä¹ˆ in font nullfont!
Missing character: There is no æ‰€ in font nullfont!
Missing character: There is no æœ‰ in font nullfont!
Missing character: There is no éƒ½ in font nullfont!
Missing character: There is no æ˜¯ in font nullfont!
Missing character: There is no ä¸€ in font nullfont!
Missing character: There is no ç»„ in font nullfont!
Missing character: There is no è§£ in font nullfont!
Missing character: There is no ã€‚ in font nullfont!
Missing character: There is no æ‰€ in font nullfont!
Missing character: There is no ä»¥ in font nullfont!
Missing character: There is no å…³ in font nullfont!
Missing character: There is no é”® in font nullfont!
Missing character: There is no å°± in font nullfont!
Missing character: There is no åœ¨ in font nullfont!
Missing character: There is no äº in font nullfont!
Missing character: There is no æ‰¾ in font nullfont!
Missing character: There is no åˆ° in font nullfont!
Missing character: There is no ä¸€ in font nullfont!
Missing character: There is no ç»„ in font nullfont!
Missing character: There is no ç‰¹ in font nullfont!
Missing character: There is no è§£ in font nullfont!
Missing character: There is no ã€‚ in font nullfont!

Overfull \hbox (20.0pt too wide) in paragraph at lines 34--35
[]
 []


Overfull \hbox (16.82236pt too wide) in paragraph at lines 34--35
\OML/cmm/m/it/10 x[] \OMS/cmsy/m/n/10 ^^@
 []


Overfull \hbox (20.48434pt too wide) in paragraph at lines 34--35
\OML/cmm/m/it/10 x[] \OMS/cmsy/m/n/10 ^^T
 []


Overfull \hbox (38.49539pt too wide) in paragraph at lines 34--35
\OML/cmm/m/it/10 c[] c[] >\OT1/cmr/m/n/10 =
 []


Overfull \hbox (45.86697pt too wide) in paragraph at lines 34--35
\OT1/cmr/m/n/10 0$$\OMS/cmsy/m/n/10 f\OML/cmm/m/it/10 x[]\OMS/cmsy/m/n/10 g$$f\
OML/cmm/m/it/10 x[] \OT1/cmr/m/n/10 +
 []


Overfull \hbox (10.52086pt too wide) in paragraph at lines 34--35
\OML/cmm/m/it/10 k\OMS/cmsy/m/n/10 g$ 
 []

Missing character: There is no å¦‚ in font nullfont!
Missing character: There is no æœ in font nullfont!
Missing character: There is no ç»™ in font nullfont!
Missing character: There is no çº¦ in font nullfont!
Missing character: There is no æŸ in font nullfont!
Missing character: There is no æ¡ in font nullfont!
Missing character: There is no ä»¶ in font nullfont!
Missing character: There is no å˜ in font nullfont!
Missing character: There is no å˜ in font nullfont!
Missing character: There is no å½¢ in font nullfont!
Missing character: There is no ï¼Œ in font nullfont!
Missing character: There is no å°± in font nullfont!
Missing character: There is no æˆ in font nullfont!
Missing character: There is no äº† in font nullfont!
Missing character: There is no ï¼Œ in font nullfont!
Missing character: There is no è¿™ in font nullfont!
Missing character: There is no ä¸ in font nullfont!
Missing character: There is no å°± in font nullfont!
Missing character: There is no æ˜¯ in font nullfont!
! Undefined control sequence.
l.36 ...†$x_i \leq x_j + c_k$ï¼Œè¿™ä¸å°±æ˜¯\eqref
                                                  {eq:tri}å—ï¼Ÿ
The control sequence at the end of the top line
of your error message was never \def'ed. If you have
misspelled it (e.g., `\hobx'), type `I' and the correct
spelling (e.g., `I\hbox'). Otherwise just continue,
and I'll forget about whatever was undefined.

Missing character: There is no e in font nullfont!
Missing character: There is no q in font nullfont!
Missing character: There is no : in font nullfont!
Missing character: There is no t in font nullfont!
Missing character: There is no r in font nullfont!
Missing character: There is no i in font nullfont!
Missing character: There is no å— in font nullfont!
Missing character: There is no ï¼Ÿ in font nullfont!

Overfull \hbox (39.60007pt too wide) in paragraph at lines 36--37
[]$\OML/cmm/m/it/10 x[] \OMS/cmsy/m/n/10 ^^T
 []


Overfull \hbox (17.70663pt too wide) in paragraph at lines 36--37
\OML/cmm/m/it/10 x[] \OT1/cmr/m/n/10 +
 []


Overfull \hbox (9.24773pt too wide) in paragraph at lines 36--37
\OML/cmm/m/it/10 c[]$ 
 []

Missing character: There is no ç»™ in font nullfont!
Missing character: There is no æ¯ in font nullfont!
Missing character: There is no ä¸ª in font nullfont!
Missing character: There is no å»º in font nullfont!
Missing character: There is no ç«‹ in font nullfont!
Missing character: There is no ä¸€ in font nullfont!
Missing character: There is no ä¸ª in font nullfont!
Missing character: There is no å¯¹ in font nullfont!
Missing character: There is no åº” in font nullfont!
Missing character: There is no çš„ in font nullfont!
Missing character: There is no é¡¶ in font nullfont!
Missing character: There is no ç‚¹ in font nullfont!
Missing character: There is no ï¼Œ in font nullfont!
Missing character: There is no æ¯ in font nullfont!
Missing character: There is no ä¸ª in font nullfont!
Missing character: There is no çº¦ in font nullfont!
Missing character: There is no æŸ in font nullfont!
Missing character: There is no æ¡ in font nullfont!
Missing character: There is no ä»¶ in font nullfont!
Missing character: There is no å»º in font nullfont!
Missing character: There is no ç«‹ in font nullfont!
Missing character: There is no ä¸€ in font nullfont!
Missing character: There is no æ¡ in font nullfont!
Missing character: There is no è¾¹ in font nullfont!
Missing character: There is no ï¼Œ in font nullfont!
Missing character: There is no æ±‚ in font nullfont!
Missing character: There is no ä¸€ in font nullfont!
Missing character: There is no é in font nullfont!
Missing character: There is no S in font nullfont!
Missing character: There is no S in font nullfont!
Missing character: There is no S in font nullfont!
Missing character: There is no P in font nullfont!
Missing character: There is no ï¼Œ in font nullfont!
Missing character: There is no å¾— in font nullfont!
Missing character: There is no åˆ° in font nullfont!
Missing character: There is no çš„ in font nullfont!
Missing character: There is no å°± in font nullfont!
Missing character: There is no æ˜¯ in font nullfont!
Missing character: There is no ä¸€ in font nullfont!
Missing character: There is no ç»„ in font nullfont!
Missing character: There is no è§£ in font nullfont!
Missing character: There is no ã€‚ in font nullfont!

Overfull \hbox (45.57233pt too wide) in paragraph at lines 37--37
[]$\OML/cmm/m/it/10 x[]$$f \OT1/cmr/m/n/10 =
 []


Overfull \hbox (10.56949pt too wide) in paragraph at lines 37--37
\OML/cmm/m/it/10 f[]$ 
 []

Missing character: There is no å¦‚ in font nullfont!
Missing character: There is no æœ in font nullfont!
Missing character: There is no çº¦ in font nullfont!
Missing character: There is no æŸ in font nullfont!
Missing character: There is no æ¡ in font nullfont!
Missing character: There is no ä»¶ in font nullfont!
Missing character: There is no æ˜¯ in font nullfont!
Missing character: There is no å‘¢ in font nullfont!
Missing character: There is no ï¼Ÿ in font nullfont!
Missing character: There is no å…¶ in font nullfont!
Missing character: There is no å® in font nullfont!
Missing character: There is no åª in font nullfont!
Missing character: There is no è¦ in font nullfont!
Missing character: There is no ä¸¤ in font nullfont!
Missing character: There is no ç«¯ in font nullfont!
Missing character: There is no åŒ in font nullfont!
Missing character: There is no æ—¶ in font nullfont!
Missing character: There is no ä¹˜ in font nullfont!
Missing character: There is no ä»¥ in font nullfont!
Missing character: There is no - in font nullfont!
Missing character: There is no 1 in font nullfont!
Missing character: There is no ï¼Œ in font nullfont!
Missing character: There is no å°± in font nullfont!
Missing character: There is no è½¬ in font nullfont!
Missing character: There is no åŒ– in font nullfont!
Missing character: There is no ä¸º in font nullfont!
Missing character: There is no äº† in font nullfont!
Missing character: There is no åŸ in font nullfont!
Missing character: There is no é—® in font nullfont!
Missing character: There is no é¢˜ in font nullfont!
Missing character: There is no ã€‚ in font nullfont!
Missing character: There is no å³ in font nullfont!
Missing character: There is no ä¾¿ in font nullfont!
Missing character: There is no ä¸ in font nullfont!
Missing character: There is no è½¬ in font nullfont!
Missing character: There is no åŒ– in font nullfont!
Missing character: There is no ï¼Œ in font nullfont!
Missing character: There is no å¯¹ in font nullfont!
Missing character: There is no æ¯” in font nullfont!
! Undefined control sequence.
l.38 ...åŸé—®é¢˜ã€‚å³ä¾¿ä¸è½¬åŒ–ï¼Œå¯¹æ¯”\eqref
                                                  {eq:tri}ï¼Œæˆ‘ä»¬å‘ç°æœ¬...
The control sequence at the end of the top line
of your error message was never \def'ed. If you have
misspelled it (e.g., `\hobx'), type `I' and the correct
spelling (e.g., `I\hbox'). Otherwise just continue,
and I'll forget about whatever was undefined.

Missing character: There is no e in font nullfont!
Missing character: There is no q in font nullfont!
Missing character: There is no : in font nullfont!
Missing character: There is no t in font nullfont!
Missing character: There is no r in font nullfont!
Missing character: There is no i in font nullfont!
Missing character: There is no ï¼Œ in font nullfont!
Missing character: There is no æˆ‘ in font nullfont!
Missing character: There is no ä»¬ in font nullfont!
Missing character: There is no å‘ in font nullfont!
Missing character: There is no ç° in font nullfont!
Missing character: There is no æœ¬ in font nullfont!
Missing character: There is no è´¨ in font nullfont!
Missing character: There is no æ˜¯ in font nullfont!
Missing character: There is no åœ¨ in font nullfont!
Missing character: There is no æ±‚ in font nullfont!
Missing character: There is no æœ€ in font nullfont!
Missing character: There is no é•¿ in font nullfont!
Missing character: There is no è·¯ in font nullfont!
Missing character: There is no ï¼Œ in font nullfont!
Missing character: There is no æœ€ in font nullfont!
Missing character: There is no é•¿ in font nullfont!
Missing character: There is no è·¯ in font nullfont!
Missing character: There is no çš„ in font nullfont!
Missing character: There is no å¯¹ in font nullfont!
Missing character: There is no å¶ in font nullfont!
Missing character: There is no é—® in font nullfont!
Missing character: There is no é¢˜ in font nullfont!
Missing character: There is no å°± in font nullfont!
Missing character: There is no æ˜¯ in font nullfont!
Missing character: There is no è¾¹ in font nullfont!
Missing character: There is no æƒ in font nullfont!
Missing character: There is no ä¸º in font nullfont!
Missing character: There is no è´Ÿ in font nullfont!
Missing character: There is no çš„ in font nullfont!
Missing character: There is no æœ€ in font nullfont!
Missing character: There is no çŸ­ in font nullfont!
Missing character: There is no è·¯ in font nullfont!
Missing character: There is no ï¼ in font nullfont!

Overfull \hbox (36.82236pt too wide) in paragraph at lines 38--38
[]$\OML/cmm/m/it/10 x[] \OMS/cmsy/m/n/10 ^^@
 []


Overfull \hbox (20.48434pt too wide) in paragraph at lines 38--38
\OML/cmm/m/it/10 x[] \OMS/cmsy/m/n/10 ^^U
 []


Overfull \hbox (9.24773pt too wide) in paragraph at lines 38--38
\OML/cmm/m/it/10 c[]$ 
 []

Missing character: There is no è¿˜ in font nullfont!
Missing character: There is no æœ‰ in font nullfont!
Missing character: There is no ä¸€ in font nullfont!
Missing character: There is no äº› in font nullfont!
Missing character: There is no ç‰¹ in font nullfont!
Missing character: There is no æ®Š in font nullfont!
Missing character: There is no æƒ… in font nullfont!
Missing character: There is no å†µ in font nullfont!
Missing character: There is no éœ€ in font nullfont!
Missing character: There is no è¦ in font nullfont!
Missing character: There is no æ³¨ in font nullfont!
Missing character: There is no æ„ in font nullfont!
Missing character: There is no ã€‚ in font nullfont!
Missing character: There is no æ¯” in font nullfont!
Missing character: There is no å¦‚ in font nullfont!
Missing character: There is no å¯¹ in font nullfont!
Missing character: There is no å• in font nullfont!
Missing character: There is no ä¸ª in font nullfont!
Missing character: There is no æœª in font nullfont!
Missing character: There is no çŸ¥ in font nullfont!
Missing character: There is no æ•° in font nullfont!
Missing character: There is no çš„ in font nullfont!
Missing character: There is no é™ in font nullfont!
Missing character: There is no åˆ¶ in font nullfont!
Missing character: There is no ã€‚ in font nullfont!
Missing character: There is no ç”± in font nullfont!
Missing character: There is no äº in font nullfont!
Missing character: There is no ï¼Œ in font nullfont!
Missing character: There is no æ‰€ in font nullfont!
Missing character: There is no ä»¥ in font nullfont!
Missing character: There is no ä¹Ÿ in font nullfont!
Missing character: There is no å¯ in font nullfont!
Missing character: There is no ä»¥ in font nullfont!
Missing character: There is no å˜ in font nullfont!
Missing character: There is no å½¢ in font nullfont!
Missing character: There is no ä¸º in font nullfont!
Missing character: There is no ã€‚ in font nullfont!

Overfull \hbox (46.77084pt too wide) in paragraph at lines 39--40
[]$\OML/cmm/m/it/10 f\OT1/cmr/m/n/10 [\OML/cmm/m/it/10 s\OT1/cmr/m/n/10 ] =
 []


Overfull \hbox (21.82237pt too wide) in paragraph at lines 39--40
\OT1/cmr/m/n/10 0$$\OML/cmm/m/it/10 x[] \OMS/cmsy/m/n/10 ^^@
 []


Overfull \hbox (20.5451pt too wide) in paragraph at lines 39--40
\OML/cmm/m/it/10 x[] \OMS/cmsy/m/n/10 ^^T
 []


Overfull \hbox (9.24773pt too wide) in paragraph at lines 39--40
\OML/cmm/m/it/10 c[]$ 
 []

Missing character: There is no ä¸‹ in font nullfont!
Missing character: There is no é¢ in font nullfont!
Missing character: There is no ï¼Œ in font nullfont!
Missing character: There is no çœ‹ in font nullfont!
Missing character: There is no çœ‹ in font nullfont!
Missing character: There is no å·® in font nullfont!
Missing character: There is no åˆ† in font nullfont!
Missing character: There is no çº¦ in font nullfont!
Missing character: There is no æŸ in font nullfont!
Missing character: There is no ç³» in font nullfont!
Missing character: There is no ç»Ÿ in font nullfont!
Missing character: There is no åœ¨ in font nullfont!
Missing character: There is no ä¿¡ in font nullfont!
Missing character: There is no æ¯ in font nullfont!
Missing character: There is no å­¦ in font nullfont!
Missing character: There is no ä¸­ in font nullfont!
Missing character: There is no çš„ in font nullfont!
Missing character: There is no åº” in font nullfont!
Missing character: There is no ç”¨ in font nullfont!
Missing character: There is no å§ in font nullfont!
Missing character: There is no ã€‚ in font nullfont!
 (./candy.tex
! Undefined control sequence.
l.1 \subsection
               {[ä¾‹ä¸€]SCOI2011 ç³–æœ}
The control sequence at the end of the top line
of your error message was never \def'ed. If you have
misspelled it (e.g., `\hobx'), type `I' and the correct
spelling (e.g., `I\hbox'). Otherwise just continue,
and I'll forget about whatever was undefined.

Missing character: There is no [ in font nullfont!
Missing character: There is no ä¾‹ in font nullfont!
Missing character: There is no ä¸€ in font nullfont!
Missing character: There is no ] in font nullfont!
Missing character: There is no S in font nullfont!
Missing character: There is no C in font nullfont!
Missing character: There is no O in font nullfont!
Missing character: There is no I in font nullfont!
Missing character: There is no 2 in font nullfont!
Missing character: There is no 0 in font nullfont!
Missing character: There is no 1 in font nullfont!
Missing character: There is no 1 in font nullfont!
Missing character: There is no ç³– in font nullfont!
Missing character: There is no æœ in font nullfont!
! Undefined control sequence.
l.2 \subsubsection
                  {æè¿°}
The control sequence at the end of the top line
of your error message was never \def'ed. If you have
misspelled it (e.g., `\hobx'), type `I' and the correct
spelling (e.g., `I\hbox'). Otherwise just continue,
and I'll forget about whatever was undefined.

Missing character: There is no æ in font nullfont!
Missing character: There is no è¿° in font nullfont!
Missing character: There is no å¹¼ in font cmti10!
Missing character: There is no å„¿ in font cmti10!
Missing character: There is no å›­ in font cmti10!
Missing character: There is no é‡Œ in font cmti10!
Missing character: There is no æœ‰ in font cmti10!
Missing character: There is no ä¸ª in font cmti10!
Missing character: There is no å° in font cmti10!
Missing character: There is no æœ‹ in font cmti10!
Missing character: There is no å‹ in font cmti10!
Missing character: There is no ï¼Œ in font cmti10!
Missing character: There is no è€ in font cmti10!
Missing character: There is no å¸ˆ in font cmti10!
Missing character: There is no ç° in font cmti10!
Missing character: There is no åœ¨ in font cmti10!
Missing character: There is no æƒ³ in font cmti10!
Missing character: There is no è¦ in font cmti10!
Missing character: There is no ç»™ in font cmti10!
Missing character: There is no è¿™ in font cmti10!
Missing character: There is no äº› in font cmti10!
Missing character: There is no å° in font cmti10!
Missing character: There is no æœ‹ in font cmti10!
Missing character: There is no å‹ in font cmti10!
Missing character: There is no ä»¬ in font cmti10!
Missing character: There is no åˆ† in font cmti10!
Missing character: There is no é… in font cmti10!
Missing character: There is no ç³– in font cmti10!
Missing character: There is no æœ in font cmti10!
Missing character: There is no ï¼Œ in font cmti10!
Missing character: There is no è¦ in font cmti10!
Missing character: There is no æ±‚ in font cmti10!
Missing character: There is no æ¯ in font cmti10!
Missing character: There is no ä¸ª in font cmti10!
Missing character: There is no å° in font cmti10!
Missing character: There is no æœ‹ in font cmti10!
Missing character: There is no å‹ in font cmti10!
Missing character: There is no éƒ½ in font cmti10!
Missing character: There is no è¦ in font cmti10!
Missing character: There is no åˆ† in font cmti10!
Missing character: There is no åˆ° in font cmti10!
Missing character: There is no ç³– in font cmti10!
Missing character: There is no æœ in font cmti10!
Missing character: There is no ã€‚ in font cmti10!
Missing character: There is no ä½† in font cmti10!
Missing character: There is no æ˜¯ in font cmti10!
Missing character: There is no å° in font cmti10!
Missing character: There is no æœ‹ in font cmti10!
Missing character: There is no å‹ in font cmti10!
Missing character: There is no ä»¬ in font cmti10!
Missing character: There is no ä¹Ÿ in font cmti10!
Missing character: There is no æœ‰ in font cmti10!
Missing character: There is no å«‰ in font cmti10!
Missing character: There is no å¦’ in font cmti10!
Missing character: There is no å¿ƒ in font cmti10!
Missing character: There is no ï¼Œ in font cmti10!
Missing character: There is no æ€» in font cmti10!
Missing character: There is no æ˜¯ in font cmti10!
Missing character: There is no ä¼š in font cmti10!
Missing character: There is no æ in font cmti10!
Missing character: There is no å‡º in font cmti10!
Missing character: There is no ä¸€ in font cmti10!
Missing character: There is no äº› in font cmti10!
Missing character: There is no è¦ in font cmti10!
Missing character: There is no æ±‚ in font cmti10!
Missing character: There is no ï¼Œ in font cmti10!
Missing character: There is no æ¯” in font cmti10!
Missing character: There is no å¦‚ in font cmti10!
Missing character: There is no å° in font cmti10!
Missing character: There is no æ˜ in font cmti10!
Missing character: There is no ä¸ in font cmti10!
Missing character: There is no å¸Œ in font cmti10!
Missing character: There is no æœ› in font cmti10!
Missing character: There is no å° in font cmti10!
Missing character: There is no çº¢ in font cmti10!
Missing character: There is no åˆ† in font cmti10!
Missing character: There is no åˆ° in font cmti10!
Missing character: There is no çš„ in font cmti10!
Missing character: There is no ç³– in font cmti10!
Missing character: There is no æœ in font cmti10!
Missing character: There is no æ¯” in font cmti10!
Missing character: There is no ä»– in font cmti10!
Missing character: There is no çš„ in font cmti10!
Missing character: There is no å¤š in font cmti10!
Missing character: There is no ï¼Œ in font cmti10!
Missing character: There is no äº in font cmti10!
Missing character: There is no æ˜¯ in font cmti10!
Missing character: There is no åœ¨ in font cmti10!
Missing character: There is no åˆ† in font cmti10!
Missing character: There is no é… in font cmti10!
Missing character: There is no ç³– in font cmti10!
Missing character: There is no æœ in font cmti10!
Missing character: There is no çš„ in font cmti10!
Missing character: There is no æ—¶ in font cmti10!
Missing character: There is no å€™ in font cmti10!
Missing character: There is no ï¼Œ in font cmti10!
Missing character: There is no éœ€ in font cmti10!
Missing character: There is no è¦ in font cmti10!
Missing character: There is no æ»¡ in font cmti10!
Missing character: There is no è¶³ in font cmti10!
Missing character: There is no å° in font cmti10!
Missing character: There is no æœ‹ in font cmti10!
Missing character: There is no å‹ in font cmti10!
Missing character: There is no ä»¬ in font cmti10!
Missing character: There is no çš„ in font cmti10!
Missing character: There is no ä¸ª in font cmti10!
Missing character: There is no è¦ in font cmti10!
Missing character: There is no æ±‚ in font cmti10!
Missing character: There is no ã€‚ in font cmti10!
Missing character: There is no å¹¼ in font cmti10!
Missing character: There is no å„¿ in font cmti10!
Missing character: There is no å›­ in font cmti10!
Missing character: There is no çš„ in font cmti10!
Missing character: There is no ç³– in font cmti10!
Missing character: There is no æœ in font cmti10!
Missing character: There is no æ€» in font cmti10!
Missing character: There is no æ˜¯ in font cmti10!
Missing character: There is no æœ‰ in font cmti10!
Missing character: There is no é™ in font cmti10!
Missing character: There is no çš„ in font cmti10!
Missing character: There is no ï¼Œ in font cmti10!
Missing character: There is no æƒ³ in font cmti10!
Missing character: There is no çŸ¥ in font cmti10!
Missing character: There is no é“ in font cmti10!
Missing character: There is no ä»– in font cmti10!
Missing character: There is no è‡³ in font cmti10!
Missing character: There is no å°‘ in font cmti10!
Missing character: There is no éœ€ in font cmti10!
Missing character: There is no è¦ in font cmti10!
Missing character: There is no å‡† in font cmti10!
Missing character: There is no å¤‡ in font cmti10!
Missing character: There is no å¤š in font cmti10!
Missing character: There is no å°‘ in font cmti10!
Missing character: There is no ä¸ª in font cmti10!
Missing character: There is no ç³– in font cmti10!
Missing character: There is no æœ in font cmti10!
Missing character: There is no ï¼Œ in font cmti10!
Missing character: There is no æ‰ in font cmti10!
Missing character: There is no èƒ½ in font cmti10!
Missing character: There is no ä½¿ in font cmti10!
Missing character: There is no å¾— in font cmti10!
Missing character: There is no æ¯ in font cmti10!
Missing character: There is no ä¸ª in font cmti10!
Missing character: There is no å° in font cmti10!
Missing character: There is no æœ‹ in font cmti10!
Missing character: There is no å‹ in font cmti10!
Missing character: There is no éƒ½ in font cmti10!
Missing character: There is no èƒ½ in font cmti10!
Missing character: There is no å¤Ÿ in font cmti10!
Missing character: There is no åˆ† in font cmti10!
Missing character: There is no åˆ° in font cmti10!
Missing character: There is no ç³– in font cmti10!
Missing character: There is no æœ in font cmti10!
Missing character: There is no ï¼Œ in font cmti10!
Missing character: There is no å¹¶ in font cmti10!
Missing character: There is no ä¸” in font cmti10!
Missing character: There is no æ»¡ in font cmti10!
Missing character: There is no è¶³ in font cmti10!
Missing character: There is no å° in font cmti10!
Missing character: There is no æœ‹ in font cmti10!
Missing character: There is no å‹ in font cmti10!
Missing character: There is no ä»¬ in font cmti10!
Missing character: There is no æ‰€ in font cmti10!
Missing character: There is no æœ‰ in font cmti10!
Missing character: There is no çš„ in font cmti10!
Missing character: There is no è¦ in font cmti10!
Missing character: There is no æ±‚ in font cmti10!
Missing character: There is no ã€‚ in font cmti10!
! Undefined control sequence.
l.4 \subsubsection
                  {è¾“å…¥æ ¼å¼}
The control sequence at the end of the top line
of your error message was never \def'ed. If you have
misspelled it (e.g., `\hobx'), type `I' and the correct
spelling (e.g., `I\hbox'). Otherwise just continue,
and I'll forget about whatever was undefined.

Missing character: There is no è¾“ in font nullfont!
Missing character: There is no å…¥ in font nullfont!
Missing character: There is no æ ¼ in font nullfont!
Missing character: There is no å¼ in font nullfont!
Missing character: There is no è¾“ in font cmti10!
Missing character: There is no å…¥ in font cmti10!
Missing character: There is no çš„ in font cmti10!
Missing character: There is no ç¬¬ in font cmti10!
Missing character: There is no ä¸€ in font cmti10!
Missing character: There is no è¡Œ in font cmti10!
Missing character: There is no æ˜¯ in font cmti10!
Missing character: There is no ä¸¤ in font cmti10!
Missing character: There is no ä¸ª in font cmti10!
Missing character: There is no æ•´ in font cmti10!
Missing character: There is no æ•° in font cmti10!
Missing character: There is no ï¼Œ in font cmti10!
Missing character: There is no ã€‚ in font cmti10!

Overfull \hbox (20.0pt too wide) in paragraph at lines 40--5
[]
 []


Overfull \hbox (18.20544pt too wide) in paragraph at lines 40--5
\OT1/cmr/m/it/10 Nlx-
 []


Overfull \hbox (13.28879pt too wide) in paragraph at lines 40--5
\OT1/cmr/m/it/10 hg-
 []


Overfull \hbox (24.57208pt too wide) in paragraph at lines 40--5
\OT1/cmr/m/it/10 wwlx-
 []


Overfull \hbox (13.28879pt too wide) in paragraph at lines 40--5
\OT1/cmr/m/it/10 hg-
 []


Overfull \hbox (24.5554pt too wide) in paragraph at lines 40--5
\OT1/cmr/m/it/10 wwK-
 []


Overfull \hbox (10.77216pt too wide) in paragraph at lines 40--5
\OT1/cmr/m/it/10 lx-
 []


Overfull \hbox (22.99986pt too wide) in paragraph at lines 40--5
\OT1/cmr/m/it/10 hgww
 []


Overfull \hbox (15.12213pt too wide) in paragraph at lines 40--5
\OT1/cmr/m/it/10 NK 
 []

Missing character: There is no æ¥ in font cmti10!
Missing character: There is no ä¸‹ in font cmti10!
Missing character: There is no æ¥ in font cmti10!
Missing character: There is no è¡Œ in font cmti10!
Missing character: There is no ï¼Œ in font cmti10!
Missing character: There is no è¡¨ in font cmti10!
Missing character: There is no ç¤º in font cmti10!
Missing character: There is no è¿™ in font cmti10!
Missing character: There is no äº› in font cmti10!
Missing character: There is no ç‚¹ in font cmti10!
Missing character: There is no éœ€ in font cmti10!
Missing character: There is no è¦ in font cmti10!
Missing character: There is no æ»¡ in font cmti10!
Missing character: There is no è¶³ in font cmti10!
Missing character: There is no çš„ in font cmti10!
Missing character: There is no å…³ in font cmti10!
Missing character: There is no ç³» in font cmti10!
Missing character: There is no ï¼Œ in font cmti10!
Missing character: There is no æ¯ in font cmti10!
Missing character: There is no è¡Œ in font cmti10!
Missing character: There is no ä¸ª in font cmti10!
Missing character: There is no æ•° in font cmti10!
Missing character: There is no å­— in font cmti10!
Missing character: There is no ï¼Œ in font cmti10!
Missing character: There is no ï¼Œ in font cmti10!
Missing character: There is no ï¼Œ in font cmti10!
Missing character: There is no ã€‚ in font cmti10!

Overfull \hbox (54.70535pt too wide) in paragraph at lines 6--6
[]\OT1/cmr/m/it/10 K3XAB 
 []

Missing character: There is no å¦‚ in font cmti10!
Missing character: There is no æœ in font cmti10!
Missing character: There is no ï¼Œ in font cmti10!
Missing character: There is no è¡¨ in font cmti10!
Missing character: There is no ç¤º in font cmti10!
Missing character: There is no ç¬¬ in font cmti10!
Missing character: There is no ä¸ª in font cmti10!
Missing character: There is no å° in font cmti10!
Missing character: There is no æœ‹ in font cmti10!
Missing character: There is no å‹ in font cmti10!
Missing character: There is no åˆ† in font cmti10!
Missing character: There is no åˆ° in font cmti10!
Missing character: There is no çš„ in font cmti10!
Missing character: There is no ç³– in font cmti10!
Missing character: There is no æœ in font cmti10!
Missing character: There is no å¿… in font cmti10!
Missing character: There is no é¡» in font cmti10!
Missing character: There is no å’Œ in font cmti10!
Missing character: There is no ç¬¬ in font cmti10!
Missing character: There is no ä¸ª in font cmti10!
Missing character: There is no å° in font cmti10!
Missing character: There is no æœ‹ in font cmti10!
Missing character: There is no å‹ in font cmti10!
Missing character: There is no åˆ† in font cmti10!
Missing character: There is no åˆ° in font cmti10!
Missing character: There is no çš„ in font cmti10!
Missing character: There is no ç³– in font cmti10!
Missing character: There is no æœ in font cmti10!
Missing character: There is no ä¸€ in font cmti10!
Missing character: There is no æ · in font cmti10!
Missing character: There is no å¤š in font cmti10!
Missing character: There is no ï¼› in font cmti10!

Overfull \hbox (40.211pt too wide) in paragraph at lines 7--7
[]\OT1/cmr/m/it/10 X=1
 []


Overfull \hbox (14.47214pt too wide) in paragraph at lines 7--7
\OT1/cmr/m/it/10 AB 
 []

Missing character: There is no å¦‚ in font cmti10!
Missing character: There is no æœ in font cmti10!
Missing character: There is no ï¼Œ in font cmti10!
Missing character: There is no è¡¨ in font cmti10!
Missing character: There is no ç¤º in font cmti10!
Missing character: There is no ç¬¬ in font cmti10!
Missing character: There is no ä¸ª in font cmti10!
Missing character: There is no å° in font cmti10!
Missing character: There is no æœ‹ in font cmti10!
Missing character: There is no å‹ in font cmti10!
Missing character: There is no åˆ† in font cmti10!
Missing character: There is no åˆ° in font cmti10!
Missing character: There is no çš„ in font cmti10!
Missing character: There is no ç³– in font cmti10!
Missing character: There is no æœ in font cmti10!
Missing character: There is no å¿… in font cmti10!
Missing character: There is no é¡» in font cmti10!
Missing character: There is no å°‘ in font cmti10!
Missing character: There is no äº in font cmti10!
Missing character: There is no ç¬¬ in font cmti10!
Missing character: There is no ä¸ª in font cmti10!
Missing character: There is no å° in font cmti10!
Missing character: There is no æœ‹ in font cmti10!
Missing character: There is no å‹ in font cmti10!
Missing character: There is no åˆ† in font cmti10!
Missing character: There is no åˆ° in font cmti10!
Missing character: There is no çš„ in font cmti10!
Missing character: There is no ç³– in font cmti10!
Missing character: There is no æœ in font cmti10!
Missing character: There is no ï¼› in font cmti10!

Overfull \hbox (40.211pt too wide) in paragraph at lines 8--8
[]\OT1/cmr/m/it/10 X=2
 []


Overfull \hbox (14.47214pt too wide) in paragraph at lines 8--8
\OT1/cmr/m/it/10 AB 
 []

Missing character: There is no å¦‚ in font cmti10!
Missing character: There is no æœ in font cmti10!
Missing character: There is no ï¼Œ in font cmti10!
Missing character: There is no è¡¨ in font cmti10!
Missing character: There is no ç¤º in font cmti10!
Missing character: There is no ç¬¬ in font cmti10!
Missing character: There is no ä¸ª in font cmti10!
Missing character: There is no å° in font cmti10!
Missing character: There is no æœ‹ in font cmti10!
Missing character: There is no å‹ in font cmti10!
Missing character: There is no åˆ† in font cmti10!
Missing character: There is no åˆ° in font cmti10!
Missing character: There is no çš„ in font cmti10!
Missing character: There is no ç³– in font cmti10!
Missing character: There is no æœ in font cmti10!
Missing character: There is no å¿… in font cmti10!
Missing character: There is no é¡» in font cmti10!
Missing character: There is no ä¸ in font cmti10!
Missing character: There is no å°‘ in font cmti10!
Missing character: There is no äº in font cmti10!
Missing character: There is no ç¬¬ in font cmti10!
Missing character: There is no ä¸ª in font cmti10!
Missing character: There is no å° in font cmti10!
Missing character: There is no æœ‹ in font cmti10!
Missing character: There is no å‹ in font cmti10!
Missing character: There is no åˆ† in font cmti10!
Missing character: There is no åˆ° in font cmti10!
Missing character: There is no çš„ in font cmti10!
Missing character: There is no ç³– in font cmti10!
Missing character: There is no æœ in font cmti10!
Missing character: There is no ï¼› in font cmti10!

Overfull \hbox (40.211pt too wide) in paragraph at lines 9--9
[]\OT1/cmr/m/it/10 X=3
 []


Overfull \hbox (14.47214pt too wide) in paragraph at lines 9--9
\OT1/cmr/m/it/10 AB 
 []

Missing character: There is no å¦‚ in font cmti10!
Missing character: There is no æœ in font cmti10!
Missing character: There is no ï¼Œ in font cmti10!
Missing character: There is no è¡¨ in font cmti10!
Missing character: There is no ç¤º in font cmti10!
Missing character: There is no ç¬¬ in font cmti10!
Missing character: There is no ä¸ª in font cmti10!
Missing character: There is no å° in font cmti10!
Missing character: There is no æœ‹ in font cmti10!
Missing character: There is no å‹ in font cmti10!
Missing character: There is no åˆ† in font cmti10!
Missing character: There is no åˆ° in font cmti10!
Missing character: There is no çš„ in font cmti10!
Missing character: There is no ç³– in font cmti10!
Missing character: There is no æœ in font cmti10!
Missing character: There is no å¿… in font cmti10!
Missing character: There is no é¡» in font cmti10!
Missing character: There is no å¤š in font cmti10!
Missing character: There is no äº in font cmti10!
Missing character: There is no ç¬¬ in font cmti10!
Missing character: There is no ä¸ª in font cmti10!
Missing character: There is no å° in font cmti10!
Missing character: There is no æœ‹ in font cmti10!
Missing character: There is no å‹ in font cmti10!
Missing character: There is no åˆ† in font cmti10!
Missing character: There is no åˆ° in font cmti10!
Missing character: There is no çš„ in font cmti10!
Missing character: There is no ç³– in font cmti10!
Missing character: There is no æœ in font cmti10!
Missing character: There is no ï¼› in font cmti10!

Overfull \hbox (40.211pt too wide) in paragraph at lines 10--10
[]\OT1/cmr/m/it/10 X=4
 []


Overfull \hbox (14.47214pt too wide) in paragraph at lines 10--10
\OT1/cmr/m/it/10 AB 
 []

Missing character: There is no å¦‚ in font cmti10!
Missing character: There is no æœ in font cmti10!
Missing character: There is no ï¼Œ in font cmti10!
Missing character: There is no è¡¨ in font cmti10!
Missing character: There is no ç¤º in font cmti10!
Missing character: There is no ç¬¬ in font cmti10!
Missing character: There is no ä¸ª in font cmti10!
Missing character: There is no å° in font cmti10!
Missing character: There is no æœ‹ in font cmti10!
Missing character: There is no å‹ in font cmti10!
Missing character: There is no åˆ† in font cmti10!
Missing character: There is no åˆ° in font cmti10!
Missing character: There is no çš„ in font cmti10!
Missing character: There is no ç³– in font cmti10!
Missing character: There is no æœ in font cmti10!
Missing character: There is no å¿… in font cmti10!
Missing character: There is no é¡» in font cmti10!
Missing character: There is no ä¸ in font cmti10!
Missing character: There is no å¤š in font cmti10!
Missing character: There is no äº in font cmti10!
Missing character: There is no ç¬¬ in font cmti10!
Missing character: There is no ä¸ª in font cmti10!
Missing character: There is no å° in font cmti10!
Missing character: There is no æœ‹ in font cmti10!
Missing character: There is no å‹ in font cmti10!
Missing character: There is no åˆ† in font cmti10!
Missing character: There is no åˆ° in font cmti10!
Missing character: There is no çš„ in font cmti10!
Missing character: There is no ç³– in font cmti10!
Missing character: There is no æœ in font cmti10!
Missing character: There is no ï¼› in font cmti10!
! Undefined control sequence.
l.12 \subsubsection
                   {è¾“å‡ºæ ¼å¼}
The control sequence at the end of the top line
of your error message was never \def'ed. If you have
misspelled it (e.g., `\hobx'), type `I' and the correct
spelling (e.g., `I\hbox'). Otherwise just continue,
and I'll forget about whatever was undefined.

Missing character: There is no è¾“ in font nullfont!
Missing character: There is no å‡º in font nullfont!
Missing character: There is no æ ¼ in font nullfont!
Missing character: There is no å¼ in font nullfont!
Missing character: There is no è¾“ in font cmti10!
Missing character: There is no å‡º in font cmti10!
Missing character: There is no ä¸€ in font cmti10!
Missing character: There is no è¡Œ in font cmti10!
Missing character: There is no ï¼Œ in font cmti10!
Missing character: There is no è¡¨ in font cmti10!
Missing character: There is no ç¤º in font cmti10!
Missing character: There is no è€ in font cmti10!
Missing character: There is no å¸ˆ in font cmti10!
Missing character: There is no è‡³ in font cmti10!
Missing character: There is no å°‘ in font cmti10!
Missing character: There is no éœ€ in font cmti10!
Missing character: There is no è¦ in font cmti10!
Missing character: There is no å‡† in font cmti10!
Missing character: There is no å¤‡ in font cmti10!
Missing character: There is no çš„ in font cmti10!
Missing character: There is no ç³– in font cmti10!
Missing character: There is no æœ in font cmti10!
Missing character: There is no æ•° in font cmti10!
Missing character: There is no ï¼Œ in font cmti10!
Missing character: There is no å¦‚ in font cmti10!
Missing character: There is no æœ in font cmti10!
Missing character: There is no ä¸ in font cmti10!
Missing character: There is no èƒ½ in font cmti10!
Missing character: There is no æ»¡ in font cmti10!
Missing character: There is no è¶³ in font cmti10!
Missing character: There is no å° in font cmti10!
Missing character: There is no æœ‹ in font cmti10!
Missing character: There is no å‹ in font cmti10!
Missing character: There is no ä»¬ in font cmti10!
Missing character: There is no çš„ in font cmti10!
Missing character: There is no æ‰€ in font cmti10!
Missing character: There is no æœ‰ in font cmti10!
Missing character: There is no è¦ in font cmti10!
Missing character: There is no æ±‚ in font cmti10!
Missing character: There is no ï¼Œ in font cmti10!
Missing character: There is no å°± in font cmti10!
Missing character: There is no è¾“ in font cmti10!
Missing character: There is no å‡º in font cmti10!
Missing character: There is no ã€‚ in font cmti10!
))
! Emergency stop.
<*> sec1.tex
            
*** (job aborted, no legal \end found)

 
Here is how much of TeX's memory you used:
 13 strings out of 495713
 112 string characters out of 1188883
 49203 words of memory out of 3000000
 3245 multiletter control sequences out of 15000+50000
 3986 words of font info for 15 fonts, out of 3000000 for 9000
 28 hyphenation exceptions out of 8191
 18i,10n,12p,238b,167s stack positions out of 5000i,500n,10000p,200000b,50000s
No pages of output.
