1
10
11
100
101
111
1000
1001
1010
1011
1111
10000
10001
10010
10011
10101
10111
11111
100000
100001
100010
100011
100100
100101
100110
100111
101010
101011
101101
101111
111111
1000000
1000001
1000010
1000011
1000100
1000101
1000110
1000111
1001001
1001010
1001011
1001101
1001110
1001111
1010101
1010111
1011011
1011111
1111111
10000000
10000001
10000010
10000011
10000100
10000101
10000110
10000111
10001000
10001001
10001010
10001011
10001100
10001101
10001110
10001111
10010010
10010011
10010101
10010110
10010111
10011001
10011010
10011011
10011101
10011110
10011111
10101010
10101011
10101101
10101111
10110111
10111011
10111111
11111111
100000000
100000001
100000010
100000011
100000100
100000101
100000110
100000111
100001000
100001001
100001010
100001011
100001100
100001101
100001110
100001111
100010001
100010010
100010011
100010100
100010101
100010110
100010111
100011001
100011010
100011011
100011100
100011101
100011110
100011111
100100100
100100101
100100110
100100111
100101001
100101010
100101011
100101101
100101110
100101111
100110011
100110101
100110110
100110111
100111010
100111011
100111101
100111110
100111111
101010101
101010111
101011011
101011101
101011111
101101101
101101111
101110111
101111111
111111111
1000000000
1000000001
1000000010
1000000011
1000000100
1000000101
1000000110
1000000111
1000001000
1000001001
1000001010
1000001011
1000001100
1000001101
1000001110
1000001111
1000010000
1000010001
1000010010
1000010011
1000010100
1000010101
1000010110
1000010111
1000011000
1000011001
1000011010
1000011011
1000011100
1000011101
1000011110
1000011111
1000100010
1000100011
1000100100
1000100101
1000100110
1000100111
1000101001
1000101010
1000101011
1000101100
1000101101
1000101110
1000101111
1000110001
1000110010
1000110011
1000110100
1000110101
1000110110
1000110111
1000111001
1000111010
1000111011
1000111100
1000111101
1000111110
1000111111
1001001001
1001001010
1001001011
1001001101
1001001110
1001001111
1001010010
1001010011
1001010101
1001010110
1001010111
1001011001
1001011010
1001011011
1001011101
1001011110
1001011111
1001100110
1001100111
1001101010
1001101011
1001101101
1001101110
1001101111
1001110011
1001110101
1001110110
1001110111
1001111010
1001111011
1001111101
1001111110
1001111111
1010101010
1010101011
1010101101
1010101111
1010110101
1010110111
1010111011
1010111101
1010111111
1011011011
1011011111
1011101111
1011110111
1011111111
1111111111
