This is XeTeX, Version 3.1415926-2.2-0.9995.2 (TeX Live 2009/Debian) (format=xelatex 2011.10.16)  27 MAR 2012 08:57
entering extended mode
 %&-line parsing enabled.
**defence.tex
(./defence.tex
LaTeX2e <2009/09/24>
Babel <v3.8l> and hyphenation patterns for english, usenglishmax, dumylang, noh
yphenation, pinyin, loaded.
! Undefined control sequence.
l.1 \section
            {äººå“ä¿å«æˆ˜}
? q
OK, entering \batchmode...

! LaTeX Error: Missing \begin{document}.

See the LaTeX manual or LaTeX Companion for explanation.
Type  H <return>  for immediate help.
 ...                                              
                                                  
l.1 \section{äºº
                å“ä¿å«æˆ˜}
You're in trouble here.  Try typing  <return>  to proceed.
If that doesn't work, type  X <return>  to quit.

Missing character: There is no äºº in font nullfont!
Missing character: There is no å“ in font nullfont!
Missing character: There is no ä¿ in font nullfont!
Missing character: There is no å« in font nullfont!
Missing character: There is no æˆ˜ in font nullfont!
! Undefined control sequence.
l.2 \subsection
               {é¢˜ç›®æè¿°}
The control sequence at the end of the top line
of your error message was never \def'ed. If you have
misspelled it (e.g., `\hobx'), type `I' and the correct
spelling (e.g., `I\hbox'). Otherwise just continue,
and I'll forget about whatever was undefined.

Missing character: There is no é¢˜ in font nullfont!
Missing character: There is no ç›® in font nullfont!
Missing character: There is no æ in font nullfont!
Missing character: There is no è¿° in font nullfont!

Overfull \hbox (20.0pt too wide) in paragraph at lines 1--3
[]
 []


! LaTeX Error: Missing \begin{document}.

See the LaTeX manual or LaTeX Companion for explanation.
Type  H <return>  for immediate help.
 ...                                              
                                                  
l.4 ^^Iè®¾
          æƒ³ä½ å»å‚åŠ noip2012ï¼Œä½ çš„åº§ä½æ˜¯åœ¨
You're in trouble here.  Try typing  <return>  to proceed.
If that doesn't work, type  X <return>  to quit.

Missing character: There is no è®¾ in font cmti10!
Missing character: There is no æƒ³ in font cmti10!
Missing character: There is no ä½  in font cmti10!
Missing character: There is no å» in font cmti10!
Missing character: There is no å‚ in font cmti10!
Missing character: There is no åŠ  in font cmti10!
Missing character: There is no ï¼Œ in font cmti10!
Missing character: There is no ä½  in font cmti10!
Missing character: There is no çš„ in font cmti10!
Missing character: There is no åº§ in font cmti10!
Missing character: There is no ä½ in font cmti10!
Missing character: There is no æ˜¯ in font cmti10!
Missing character: There is no åœ¨ in font cmti10!
Missing character: There is no ç¬¬ in font cmti10!
Missing character: There is no ä¸€ in font cmti10!
Missing character: There is no è¡Œ in font cmti10!
Missing character: There is no çš„ in font cmti10!
Missing character: There is no æœ« in font cmti10!
Missing character: There is no ç«¯ in font cmti10!
Missing character: There is no ï¼ˆ in font cmti10!
Missing character: There is no å³ in font cmti10!
Missing character: There is no ç¬¬ in font cmti10!
LaTeX Font Info:    External font `cmex10' loaded for size
(Font)              <7> on input line 5.
LaTeX Font Info:    External font `cmex10' loaded for size
(Font)              <5> on input line 5.
Missing character: There is no ä¸ª in font cmti10!
Missing character: There is no ï¼‰ in font cmti10!
Missing character: There is no ã€‚ in font cmti10!
Missing character: There is no ç¬¬ in font cmti10!
Missing character: There is no ä¸€ in font cmti10!
Missing character: There is no è¡Œ in font cmti10!
Missing character: There is no ä¸ª in font cmti10!
Missing character: There is no åº§ in font cmti10!
Missing character: There is no ä½ in font cmti10!
Missing character: There is no ï¼Œ in font cmti10!
Missing character: There is no ä½  in font cmti10!
Missing character: There is no å¿… in font cmti10!
Missing character: There is no é¡» in font cmti10!
Missing character: There is no ä» in font cmti10!
Missing character: There is no ç¬¬ in font cmti10!
Missing character: There is no ä¸€ in font cmti10!
Missing character: There is no ä¸ª in font cmti10!
Missing character: There is no åº§ in font cmti10!
Missing character: There is no ä½ in font cmti10!
Missing character: There is no èµ° in font cmti10!
Missing character: There is no åˆ° in font cmti10!
Missing character: There is no ç¬¬ in font cmti10!
Missing character: There is no ä¸ª in font cmti10!
Missing character: There is no åº§ in font cmti10!
Missing character: There is no ä½ in font cmti10!
Missing character: There is no ã€‚ in font cmti10!
Missing character: There is no åˆ in font cmti10!
Missing character: There is no å§‹ in font cmti10!
Missing character: There is no æ—¶ in font cmti10!
Missing character: There is no ï¼Œ in font cmti10!
Missing character: There is no ç» in font cmti10!
Missing character: There is no è¿‡ in font cmti10!
Missing character: There is no æ¯ in font cmti10!
Missing character: There is no ä¸ª in font cmti10!
Missing character: There is no åº§ in font cmti10!
Missing character: There is no ä½ in font cmti10!
Missing character: There is no çš„ in font cmti10!
Missing character: There is no æ—¶ in font cmti10!
Missing character: There is no é—´ in font cmti10!
Missing character: There is no ä¸º in font cmti10!
Missing character: There is no ç§’ in font cmti10!
Missing character: There is no ã€‚ in font cmti10!
Missing character: There is no ä¸ in font cmti10!
Missing character: There is no å¹¸ in font cmti10!
Missing character: There is no çš„ in font cmti10!
Missing character: There is no æ˜¯ in font cmti10!
Missing character: There is no ï¼Œ in font cmti10!
Missing character: There is no å‰ in font cmti10!
Missing character: There is no ä¸ª in font cmti10!
Missing character: There is no ä½ in font cmti10!
Missing character: There is no ç½® in font cmti10!
Missing character: There is no ä¸Š in font cmti10!
Missing character: There is no éƒ½ in font cmti10!
Missing character: There is no å in font cmti10!
Missing character: There is no æ»¡ in font cmti10!
Missing character: There is no äº† in font cmti10!
Missing character: There is no æ€ in font cmti10!
Missing character: There is no æ°” in font cmti10!
Missing character: There is no å†² in font cmti10!
Missing character: There is no å¤© in font cmti10!
Missing character: There is no çš„ in font cmti10!
Missing character: There is no ç¥ in font cmti10!
Missing character: There is no ç‰› in font cmti10!
Missing character: There is no ã€‚ in font cmti10!
Missing character: There is no è¿™ in font cmti10!
Missing character: There is no é‡Œ in font cmti10!
Missing character: There is no å‡ in font cmti10!
Missing character: There is no è®¾ in font cmti10!
Missing character: There is no ç¥ in font cmti10!
Missing character: There is no ç‰› in font cmti10!
Missing character: There is no åª in font cmti10!
Missing character: There is no æœ‰ in font cmti10!
Missing character: There is no ä¸‰ in font cmti10!
Missing character: There is no ç§ in font cmti10!
Missing character: There is no ï¼š in font cmti10!

Overfull \hbox (59.35535pt too wide) in paragraph at lines 4--10
[]\OT1/cmr/m/it/10 noip2012
 []


Overfull \hbox (16.90277pt too wide) in paragraph at lines 4--10
\OML/cmm/m/it/10 N \OT1/cmr/m/n/10 +
 []


Overfull \hbox (14.12498pt too wide) in paragraph at lines 4--10
\OT1/cmr/m/n/10 1$$\OML/cmm/m/it/10 N$
 []


Overfull \hbox (16.90277pt too wide) in paragraph at lines 4--10
\OML/cmm/m/it/10 N \OT1/cmr/m/n/10 +
 []


Overfull \hbox (5.00002pt too wide) in paragraph at lines 4--10
\OT1/cmr/m/n/10 1$
 []


Overfull \hbox (7.23265pt too wide) in paragraph at lines 4--10
\OML/cmm/m/it/10 T$
 []


Overfull \hbox (9.12497pt too wide) in paragraph at lines 4--10
\OML/cmm/m/it/10 N$ 
 []

Missing character: There is no ç» in font cmti10!
Missing character: There is no è¿‡ in font cmti10!
Missing character: There is no æ‰€ in font cmti10!
Missing character: There is no åœ¨ in font cmti10!
Missing character: There is no ä½ in font cmti10!
Missing character: There is no ç½® in font cmti10!
Missing character: There is no æ—¶ in font cmti10!
Missing character: There is no æ¯ in font cmti10!
Missing character: There is no ç§’ in font cmti10!
Missing character: There is no é’Ÿ in font cmti10!
Missing character: There is no ä¼š in font cmti10!
Missing character: There is no å‡ in font cmti10!
Missing character: There is no å°‘ in font cmti10!
Missing character: There is no ç‚¹ in font cmti10!
Missing character: There is no ã€‚ in font cmti10!

Overfull \hbox (31.71089pt too wide) in paragraph at lines 11--12
\OT1/cmr/m/it/10 TedYin
 []


Overfull \hbox (32.58662pt too wide) in paragraph at lines 11--12
\OT1/cmr/m/it/10 Tedrp$\OML/cmm/m/it/10 R$ 
 []

Missing character: There is no å½“ in font cmti10!
Missing character: There is no ä½  in font cmti10!
Missing character: There is no èµ° in font cmbxti10!
Missing character: There is no è¿‡ in font cmbxti10!
Missing character: There is no æ‰€ in font cmti10!
Missing character: There is no åœ¨ in font cmti10!
Missing character: There is no ä½ in font cmti10!
Missing character: There is no ç½® in font cmti10!
Missing character: There is no ï¼Œ in font cmti10!
Missing character: There is no ä¹‹ in font cmti10!
Missing character: There is no å in font cmti10!
Missing character: There is no çš„ in font cmti10!
Missing character: There is no æ¯ in font cmti10!
Missing character: There is no ä¸€ in font cmti10!
Missing character: There is no ç§’ in font cmti10!
Missing character: There is no éƒ½ in font cmti10!
Missing character: There is no ä¼š in font cmti10!
Missing character: There is no å›  in font cmti10!
Missing character: There is no ä¸º in font cmti10!
Missing character: There is no å¼º in font cmti10!
Missing character: There is no å¤§ in font cmti10!
Missing character: There is no çš„ in font cmti10!
Missing character: There is no æ°” in font cmti10!
Missing character: There is no åœº in font cmti10!
Missing character: There is no è¢« in font cmti10!
Missing character: There is no å¸ in font cmti10!
Missing character: There is no èµ° in font cmti10!
Missing character: There is no ç‚¹ in font cmti10!
Missing character: There is no ã€‚ in font cmti10!

Overfull \hbox (56.62737pt too wide) in paragraph at lines 12--14
\OT1/cmr/m/it/10 TheodoreYou
 []


Overfull \hbox (21.4665pt too wide) in paragraph at lines 12--14
\OT1/cmr/m/it/10 Theo
 []


Overfull \hbox (38.65671pt too wide) in paragraph at lines 12--14
\OT1/cmr/m/it/10 Theo$\OML/cmm/m/it/10 G$\OT1/cmr/m/it/10 rp 
 []

Missing character: There is no å½“ in font cmti10!
Missing character: There is no ä½  in font cmti10!
Missing character: There is no èµ° in font cmbxti10!
Missing character: There is no è¿‡ in font cmbxti10!
Missing character: There is no æ‰€ in font cmti10!
Missing character: There is no åœ¨ in font cmti10!
Missing character: There is no ä½ in font cmti10!
Missing character: There is no ç½® in font cmti10!
Missing character: There is no ï¼Œ in font cmti10!
Missing character: There is no ä½  in font cmti10!
Missing character: There is no ä¼š in font cmti10!
Missing character: There is no å›  in font cmti10!
Missing character: There is no è§ in font cmti10!
Missing character: There is no åˆ° in font cmti10!
Missing character: There is no ç in font cmti10!
Missing character: There is no æƒœ in font cmti10!
Missing character: There is no çš„ in font cmti10!
Missing character: There is no è€Œ in font cmti10!
Missing character: There is no æ”¾ in font cmti10!
Missing character: There is no ç¼“ in font cmti10!
Missing character: There is no å‰ in font cmti10!
Missing character: There is no è¿› in font cmti10!
Missing character: There is no çš„ in font cmti10!
Missing character: There is no æ­¥ in font cmti10!
Missing character: There is no ä¼ in font cmti10!
Missing character: There is no ã€‚ in font cmti10!
Missing character: There is no å³ in font cmti10!
Missing character: There is no ç» in font cmti10!
Missing character: There is no è¿‡ in font cmti10!
Missing character: There is no ä¹‹ in font cmti10!
Missing character: There is no å in font cmti10!
Missing character: There is no æ¯ in font cmti10!
Missing character: There is no ä¸ª in font cmti10!
Missing character: There is no äºº in font cmti10!
Missing character: There is no çš„ in font cmti10!
Missing character: There is no æ—¶ in font cmti10!
Missing character: There is no é—´ in font cmti10!
Missing character: There is no ä¼š in font cmti10!
Missing character: There is no å¢ in font cmti10!
Missing character: There is no åŠ  in font cmti10!
Missing character: There is no ç§’ in font cmti10!
Missing character: There is no ã€‚ in font cmti10!

Overfull \hbox (48.70522pt too wide) in paragraph at lines 14--17
\OT1/cmr/m/it/10 BeforeRain
 []


Overfull \hbox (15.21655pt too wide) in paragraph at lines 14--17
\OT1/cmr/m/it/10 Be-
 []


Overfull \hbox (15.9721pt too wide) in paragraph at lines 14--17
\OT1/cmr/m/it/10 for-
 []


Overfull \hbox (25.18317pt too wide) in paragraph at lines 14--17
\OT1/cmr/m/it/10 eRain
 []


Overfull \hbox (27.3665pt too wide) in paragraph at lines 14--17
\OT1/cmr/m/it/10 OImei
 []


Overfull \hbox (8.0868pt too wide) in paragraph at lines 14--17
\OML/cmm/m/it/10 B$ 
 []

Missing character: There is no å…¶ in font cmti10!
Missing character: There is no ä¸­ in font cmti10!
Missing character: There is no ï¼Œ in font cmti10!
Missing character: There is no å’Œ in font cmti10!
Missing character: There is no çš„ in font cmti10!
Missing character: There is no æ•ˆ in font cmti10!
Missing character: There is no æœ in font cmti10!
Missing character: There is no å¯ in font cmti10!
Missing character: There is no ä»¥ in font cmti10!
Missing character: There is no å  in font cmti10!
Missing character: There is no åŠ  in font cmti10!
Missing character: There is no ã€‚ in font cmti10!
Missing character: There is no ä¹Ÿ in font cmti10!
Missing character: There is no å°± in font cmti10!
Missing character: There is no æ˜¯ in font cmti10!
Missing character: There is no è¯´ in font cmti10!
Missing character: There is no ï¼Œ in font cmti10!
Missing character: There is no åœ¨ in font cmti10!
Missing character: There is no ç» in font cmti10!
Missing character: There is no è¿‡ in font cmti10!
Missing character: There is no ä¸ª in font cmti10!
Missing character: There is no å in font cmti10!
Missing character: There is no ï¼Œ in font cmti10!
Missing character: There is no æ¯ in font cmti10!
Missing character: There is no ç§’ in font cmti10!
Missing character: There is no ä¼š in font cmti10!
Missing character: There is no è¢« in font cmti10!
Missing character: There is no å¸ in font cmti10!
Missing character: There is no èµ° in font cmti10!
Missing character: There is no ç‚¹ in font cmti10!
Missing character: There is no ã€‚ in font cmti10!
Missing character: There is no åœ¨ in font cmti10!
Missing character: There is no ç» in font cmti10!
Missing character: There is no è¿‡ in font cmti10!
Missing character: There is no ä¸ª in font cmti10!
Missing character: There is no å in font cmti10!
Missing character: There is no ï¼Œ in font cmti10!
Missing character: There is no ç» in font cmti10!
Missing character: There is no è¿‡ in font cmti10!
Missing character: There is no æ¯ in font cmti10!
Missing character: There is no ä¸ª in font cmti10!
Missing character: There is no åº§ in font cmti10!
Missing character: There is no ä½ in font cmti10!
Missing character: There is no çš„ in font cmti10!
Missing character: There is no æ—¶ in font cmti10!
Missing character: There is no é—´ in font cmti10!
Missing character: There is no ä¼š in font cmti10!
Missing character: There is no å˜ in font cmti10!
Missing character: There is no ä¸º in font cmti10!
Missing character: There is no ã€‚ in font cmti10!

Overfull \hbox (90.17172pt too wide) in paragraph at lines 18--24
[]\OT1/cmr/m/it/10 TheoBeforeRain
 []


Overfull \hbox (56.21698pt too wide) in paragraph at lines 18--24
\OML/cmm/m/it/10 m$\OT1/cmr/m/it/10 Theo$\OML/cmm/m/it/10 mG$\OT1/cmr/m/it/10 r
p
 []


Overfull \hbox (57.48535pt too wide) in paragraph at lines 18--24
\OML/cmm/m/it/10 m$\OT1/cmr/m/it/10 BeforeRain
 []


Overfull \hbox (15.01045pt too wide) in paragraph at lines 18--24
\OML/cmm/m/it/10 T \OT1/cmr/m/n/10 +
 []


Overfull \hbox (16.86694pt too wide) in paragraph at lines 18--24
\OML/cmm/m/it/10 mB$
 []


! LaTeX Error: Missing \begin{document}.

See the LaTeX manual or LaTeX Companion for explanation.
Type  H <return>  for immediate help.
 ...                                              
                                                  
l.24 \par ç°
             åœ¨ï¼Œç¦»noip2012è¿˜æœ‰ä¸€æ®µæ—¶é—´ã€‚å‡è®¾ä½ å·²ç»çŸ¥é“ä½ ç...

You're in trouble here.  Try typing  <return>  to proceed.
If that doesn't work, type  X <return>  to quit.

Missing character: There is no ç° in font nullfont!
Missing character: There is no åœ¨ in font nullfont!
Missing character: There is no ï¼Œ in font nullfont!
Missing character: There is no ç¦» in font nullfont!
Missing character: There is no n in font nullfont!
Missing character: There is no o in font nullfont!
Missing character: There is no i in font nullfont!
Missing character: There is no p in font nullfont!
Missing character: There is no 2 in font nullfont!
Missing character: There is no 0 in font nullfont!
Missing character: There is no 1 in font nullfont!
Missing character: There is no 2 in font nullfont!
Missing character: There is no è¿˜ in font nullfont!
Missing character: There is no æœ‰ in font nullfont!
Missing character: There is no ä¸€ in font nullfont!
Missing character: There is no æ®µ in font nullfont!
Missing character: There is no æ—¶ in font nullfont!
Missing character: There is no é—´ in font nullfont!
Missing character: There is no ã€‚ in font nullfont!
Missing character: There is no å‡ in font nullfont!
Missing character: There is no è®¾ in font nullfont!
Missing character: There is no ä½  in font nullfont!
Missing character: There is no å·² in font nullfont!
Missing character: There is no ç» in font nullfont!
Missing character: There is no çŸ¥ in font nullfont!
Missing character: There is no é“ in font nullfont!
Missing character: There is no ä½  in font nullfont!
Missing character: There is no çš„ in font nullfont!
Missing character: There is no ä½ in font nullfont!
Missing character: There is no ç½® in font nullfont!
Missing character: There is no ï¼Œ in font nullfont!
Missing character: There is no ä½  in font nullfont!
Missing character: There is no å¿… in font nullfont!
Missing character: There is no é¡» in font nullfont!
Missing character: There is no é¢„ in font nullfont!
Missing character: There is no æµ‹ in font nullfont!
Missing character: There is no åˆ° in font nullfont!
Missing character: There is no æœ€ in font nullfont!
Missing character: There is no å in font nullfont!
Missing character: There is no æƒ… in font nullfont!
Missing character: There is no å†µ in font nullfont!
Missing character: There is no ä¸‹ in font nullfont!
Missing character: There is no ä¼š in font nullfont!
Missing character: There is no è¢« in font nullfont!
Missing character: There is no å¸ in font nullfont!
Missing character: There is no èµ° in font nullfont!
Missing character: There is no å¤š in font nullfont!
Missing character: There is no å°‘ in font nullfont!
Missing character: There is no r in font nullfont!
Missing character: There is no p in font nullfont!
Missing character: There is no ã€‚ in font nullfont!
Missing character: There is no å†™ in font nullfont!
Missing character: There is no ä¸ª in font nullfont!
Missing character: There is no ç¨‹ in font nullfont!
Missing character: There is no åº in font nullfont!
Missing character: There is no è¾“ in font nullfont!
Missing character: There is no å‡º in font nullfont!
Missing character: There is no è¿™ in font nullfont!
Missing character: There is no ä¸ª in font nullfont!
Missing character: There is no æœ€ in font nullfont!
Missing character: There is no å¤§ in font nullfont!
Missing character: There is no å€¼ in font nullfont!
Missing character: There is no ã€‚ in font nullfont!

Overfull \hbox (20.0pt too wide) in paragraph at lines 24--26
[]
 []

! Undefined control sequence.
l.27 \subsection
                {è¾“å…¥æ ¼å¼}
The control sequence at the end of the top line
of your error message was never \def'ed. If you have
misspelled it (e.g., `\hobx'), type `I' and the correct
spelling (e.g., `I\hbox'). Otherwise just continue,
and I'll forget about whatever was undefined.


! LaTeX Error: Missing \begin{document}.

See the LaTeX manual or LaTeX Companion for explanation.
Type  H <return>  for immediate help.
 ...                                              
                                                  
l.27 \subsection{è¾“
                    å…¥æ ¼å¼}
You're in trouble here.  Try typing  <return>  to proceed.
If that doesn't work, type  X <return>  to quit.

Missing character: There is no è¾“ in font nullfont!
Missing character: There is no å…¥ in font nullfont!
Missing character: There is no æ ¼ in font nullfont!
Missing character: There is no å¼ in font nullfont!
Missing character: There is no ä¸€ in font nullfont!
Missing character: There is no è¡Œ in font nullfont!
Missing character: There is no ï¼Œ in font nullfont!
Missing character: There is no äº” in font nullfont!
Missing character: There is no ä¸ª in font nullfont!
Missing character: There is no ç©º in font nullfont!
Missing character: There is no æ ¼ in font nullfont!
Missing character: There is no éš” in font nullfont!
Missing character: There is no å¼€ in font nullfont!
Missing character: There is no çš„ in font nullfont!
Missing character: There is no æ•´ in font nullfont!
Missing character: There is no æ•° in font nullfont!
Missing character: There is no ã€ in font nullfont!
Missing character: There is no ã€ in font nullfont!
Missing character: There is no ã€ in font nullfont!
Missing character: There is no ã€ in font nullfont!
Missing character: There is no ã€‚ in font nullfont!
! Undefined control sequence.
l.29 \subsection
                {è¾“å‡ºæ ¼å¼}
The control sequence at the end of the top line
of your error message was never \def'ed. If you have
misspelled it (e.g., `\hobx'), type `I' and the correct
spelling (e.g., `I\hbox'). Otherwise just continue,
and I'll forget about whatever was undefined.

Missing character: There is no è¾“ in font nullfont!
Missing character: There is no å‡º in font nullfont!
Missing character: There is no æ ¼ in font nullfont!
Missing character: There is no å¼ in font nullfont!
Missing character: There is no åª in font nullfont!
Missing character: There is no éœ€ in font nullfont!
Missing character: There is no è¾“ in font nullfont!
Missing character: There is no å‡º in font nullfont!
Missing character: There is no ä¸€ in font nullfont!
Missing character: There is no è¡Œ in font nullfont!
Missing character: There is no ä¸€ in font nullfont!
Missing character: There is no ä¸ª in font nullfont!
Missing character: There is no æ•´ in font nullfont!
Missing character: There is no æ•° in font nullfont!
Missing character: There is no ï¼Œ in font nullfont!
Missing character: There is no å³ in font nullfont!
Missing character: There is no æœ€ in font nullfont!
Missing character: There is no å in font nullfont!
Missing character: There is no æƒ… in font nullfont!
Missing character: There is no å†µ in font nullfont!
Missing character: There is no ä¸‹ in font nullfont!
Missing character: There is no ä¼š in font nullfont!
Missing character: There is no è¢« in font nullfont!
Missing character: There is no å¸ in font nullfont!
Missing character: There is no èµ° in font nullfont!
Missing character: There is no å¤š in font nullfont!
Missing character: There is no å°‘ in font nullfont!
Missing character: There is no r in font nullfont!
Missing character: There is no p in font nullfont!
Missing character: There is no ã€‚ in font nullfont!
! Undefined control sequence.
l.31 \subsection
                {æ ·ä¾‹è¾“å…¥}
The control sequence at the end of the top line
of your error message was never \def'ed. If you have
misspelled it (e.g., `\hobx'), type `I' and the correct
spelling (e.g., `I\hbox'). Otherwise just continue,
and I'll forget about whatever was undefined.

Missing character: There is no æ · in font nullfont!
Missing character: There is no ä¾‹ in font nullfont!
Missing character: There is no è¾“ in font nullfont!
Missing character: There is no å…¥ in font nullfont!
Missing character: There is no 5 in font nullfont!
Missing character: There is no 4 in font nullfont!
Missing character: There is no 3 in font nullfont!
Missing character: There is no 2 in font nullfont!
Missing character: There is no 1 in font nullfont!
! Undefined control sequence.
l.33 \subsection
                {æ ·ä¾‹è¾“å‡º}
The control sequence at the end of the top line
of your error message was never \def'ed. If you have
misspelled it (e.g., `\hobx'), type `I' and the correct
spelling (e.g., `I\hbox'). Otherwise just continue,
and I'll forget about whatever was undefined.

Missing character: There is no æ · in font nullfont!
Missing character: There is no ä¾‹ in font nullfont!
Missing character: There is no è¾“ in font nullfont!
Missing character: There is no å‡º in font nullfont!
Missing character: There is no 8 in font nullfont!
Missing character: There is no 2 in font nullfont!
! Undefined control sequence.
l.35 \subsection
                {Hint}
The control sequence at the end of the top line
of your error message was never \def'ed. If you have
misspelled it (e.g., `\hobx'), type `I' and the correct
spelling (e.g., `I\hbox'). Otherwise just continue,
and I'll forget about whatever was undefined.

Missing character: There is no H in font nullfont!
Missing character: There is no i in font nullfont!
Missing character: There is no n in font nullfont!
Missing character: There is no t in font nullfont!

Overfull \hbox (20.0pt too wide) in paragraph at lines 27--36
[]
 []


Overfull \hbox (39.97707pt too wide) in paragraph at lines 27--36
\OML/cmm/m/it/10 N$$R$$G$$B$$T$
 []


! LaTeX Error: Missing \begin{document}.

See the LaTeX manual or LaTeX Companion for explanation.
Type  H <return>  for immediate help.
 ...                                              
                                                  
l.37 $
      20\%$çš„æ•°æ®æ»¡è¶³$N \le 12$ï¼›
You're in trouble here.  Try typing  <return>  to proceed.
If that doesn't work, type  X <return>  to quit.

Missing character: There is no çš„ in font nullfont!
Missing character: There is no æ•° in font nullfont!
Missing character: There is no æ® in font nullfont!
Missing character: There is no æ»¡ in font nullfont!
Missing character: There is no è¶³ in font nullfont!
Missing character: There is no ï¼› in font nullfont!

Overfull \hbox (58.01387pt too wide) in paragraph at lines 37--38
[]$\OT1/cmr/m/n/10 20%$$\OML/cmm/m/it/10 N \OMS/cmsy/m/n/10 ^^T
 []


Overfull \hbox (10.00003pt too wide) in paragraph at lines 37--38
\OT1/cmr/m/n/10 12$ 
 []


! LaTeX Error: Missing \begin{document}.

See the LaTeX manual or LaTeX Companion for explanation.
Type  H <return>  for immediate help.
 ...                                              
                                                  
l.39 $
      50\%$çš„æ•°æ®æ»¡è¶³$N \le 100$ï¼›
You're in trouble here.  Try typing  <return>  to proceed.
If that doesn't work, type  X <return>  to quit.

Missing character: There is no çš„ in font nullfont!
Missing character: There is no æ•° in font nullfont!
Missing character: There is no æ® in font nullfont!
Missing character: There is no æ»¡ in font nullfont!
Missing character: There is no è¶³ in font nullfont!
Missing character: There is no ï¼› in font nullfont!

Overfull \hbox (58.01387pt too wide) in paragraph at lines 39--40
[]$\OT1/cmr/m/n/10 50%$$\OML/cmm/m/it/10 N \OMS/cmsy/m/n/10 ^^T
 []


Overfull \hbox (15.00005pt too wide) in paragraph at lines 39--40
\OT1/cmr/m/n/10 100$ 
 []


! LaTeX Error: Missing \begin{document}.

See the LaTeX manual or LaTeX Companion for explanation.
Type  H <return>  for immediate help.
 ...                                              
                                                  
l.41 $
      100\%$çš„æ•°æ®æ»¡è¶³$N \le 1024$ï¼Œ$0 \le R, G, B \le 65536$ï¼Œ $0 \l...

You're in trouble here.  Try typing  <return>  to proceed.
If that doesn't work, type  X <return>  to quit.

Missing character: There is no çš„ in font nullfont!
Missing character: There is no æ•° in font nullfont!
Missing character: There is no æ® in font nullfont!
Missing character: There is no æ»¡ in font nullfont!
Missing character: There is no è¶³ in font nullfont!
Missing character: There is no ï¼Œ in font nullfont!
Missing character: There is no ï¼Œ in font nullfont!
Missing character: There is no ã€‚ in font nullfont!
)
! Emergency stop.
<*> defence.tex
               
*** (job aborted, no legal \end found)

 
Here is how much of TeX's memory you used:
 13 strings out of 495713
 135 string characters out of 1188882
 46203 words of memory out of 3000000
 3247 multiletter control sequences out of 15000+50000
 4345 words of font info for 16 fonts, out of 3000000 for 9000
 28 hyphenation exceptions out of 8191
 18i,1n,12p,82b,148s stack positions out of 5000i,500n,10000p,200000b,50000s
No pages of output.
