\BOOKMARK [1][-]{section.1}{子串与子序列}{}
\BOOKMARK [2][-]{subsection.1.1}{题目描述}{section.1}
\BOOKMARK [2][-]{subsection.1.2}{输入格式}{section.1}
\BOOKMARK [2][-]{subsection.1.3}{输出格式}{section.1}
\BOOKMARK [2][-]{subsection.1.4}{样例输入}{section.1}
\BOOKMARK [2][-]{subsection.1.5}{样例输出}{section.1}
\BOOKMARK [2][-]{subsection.1.6}{Hint}{section.1}
\BOOKMARK [1][-]{section.2}{人品保卫战}{}
\BOOKMARK [2][-]{subsection.2.1}{题目描述}{section.2}
\BOOKMARK [2][-]{subsection.2.2}{输入格式}{section.2}
\BOOKMARK [2][-]{subsection.2.3}{输出格式}{section.2}
\BOOKMARK [2][-]{subsection.2.4}{样例输入}{section.2}
\BOOKMARK [2][-]{subsection.2.5}{样例输出}{section.2}
\BOOKMARK [2][-]{subsection.2.6}{Hint}{section.2}
\BOOKMARK [1][-]{section.3}{怪盗与新一的乱步}{}
\BOOKMARK [2][-]{subsection.3.1}{题目描述}{section.3}
\BOOKMARK [2][-]{subsection.3.2}{输入格式}{section.3}
\BOOKMARK [2][-]{subsection.3.3}{输出格式}{section.3}
\BOOKMARK [2][-]{subsection.3.4}{样例输入}{section.3}
\BOOKMARK [2][-]{subsection.3.5}{样例输出}{section.3}
\BOOKMARK [2][-]{subsection.3.6}{Hint}{section.3}
