109233469789691
35221094929094
130792552398211
60538726394288
20502395920230
34721490345403
138894293397628
77299558990508
83196534533979
18018926736463
17229488596704
250951001048920
5992381615948
68143690285213
214072129002548
197780182440788
144571939530440
182586519145738
9639338180679
407739906605308
36370260314407
158128975704148
321133750733939
82959800908837
185121225998521
105018505053032
20223119054477
32350117369467
53174525777187
32577073583344
157111817649397
66211594510670
30129976216546
320503497427551
50115954490069
64334457307495
78835079604218
71787464107720
40204376673173
156557163357208
53113810764368
322854529082435
352982131896686
188048257171940
108343066560144
344878009956911
76940822858602
208265161443202
43086295318577
46193734788248
135424239747326
30758825080025
123061969563361
218048124967288
57842915256455
118031744289815
149071658490322
42116990758122
129385911701891
84216154347131
173093464645261
26298441632713
180328899126441
36067486370814
36610440777010
162307323065746
169963842988941
49630907447044
143124966429709
92853386670576
120337554780605
58764500305166
9161629184589
54351721847298
76265079184835
40714869588500
109084228173849
45269873156307
226278680413979
84596865438617
213186205898569
46300957941280
111092228628265
51376887144500
149226610649992
295666251580970
101840473338329
84710333174804
135351918557830
289219641183434
149903934393457
167593335693382
67313329938379
91215947531797
144379914496469
380280218554662
31472569559449
222241477587010
114015625950198
92773954803190
274300614975221
335733887330264
146901769797711
1211289170838
34518170789692
9992969507291
13335236831010
80227645000862
57369566972275
236572164093797
78938143656394
53330666136096
297048661216313
177353539747125
349997773989190
79628211596534
26488661969026
53516081273296
50689918212789
146490629520897
14729461085620
64953058733404
171444896494345
156857071129347
197804078553637
123552755819316
6471618153089
81735333260289
64849968608380
264254194019437
276991707174470
194669686777660
30373945364042
187506570185408
66156188478819
82470856902978
101174672529356
62104967570500
25931279461198
39698739063731
146108454154877
134914147475251
227964497783823
24765465268910
38021458738941
109656427068898
71917718462625
8509527423835
269169755899101
11834043846289
77485016746853
116213782529737
49409694581187
402804319278951
84113421814932
119868835497613
7488813593332
155097260877436
212045848831619
67639623151348
138255875777755
106684502884863
9465017133077
50497691021045
7865197491184
19284777897823
355086691342566
161898560481528
49542278073857
26431592262906
36364821674307
2519740233316
391914563938812
10435956525958
114875572325409
74220805827060
77208101281978
54805885909041
8913391531293
68241341676733
24554245919289
132757465505128
176920856251102
40871013829396
204407270737475
60816431662554
11487262440961
74221041075187
28764474635454
340837742566682
20882210636173
163408108855063
101959413468073
54338719287523
36779432812412
100195462784182
165751638238253
87927047598763
224802734350723
65356915087686
29176271737281
82152405017784
369090866164023
9207763475689
277419311412501
3374615033559
38850357853893
14910253148558
233844987588824
12142634081208
40262540968258
23746149401105
106002609955362
98959056213477
3243452375701
306542051527156
60677669245009
85098076642010
109971029896524
60896508563011
175704544517842
54790985563349
142811250274872
104631184814044
148281433607307
122212222856215
185735267806794
99607320579564
72787309761580
88533350332695
125032891738373
102388229524545
37566718018453
63118931989779
12383758388203
334761729573966
267121200186361
51497762029592
278086896254462
76939049068876
160408395377689
214663549902305
45833372252343
201765353802381
86379826270390
319395263257966
222328842009986
25313390373332
229200316687442
92974666615879
2650997157469
85919403829985
19119973068113
321751414914651
282238258062980
41274508751819
120385169350072
8177074897096
28395501962370
65778287809029
391951767366100
7995486247572
35819535239988
126199800252270
145369427960755
414677457082635
38126360145904
294934226149003
63489132168043
287963681006246
169461589982774
156809850313741
59020808401654
157417981244051
519840406094
88130100969066
93839835089227
23461901728406
27352566211763
313022073596007
91102871658211
138244757991294
219830842209899
11998912980015
56499030629741
109314342563257
162161174089743
161701027640056
235580249616382
125047819405916
51806232292859
45289979144362
72787892780648
22055352696251
18175061776128
28732576716224
173489341358774
99422370685772
100818186889388
267643855291056
241685826797583
73751450352374
170179543771523
38507883579958
259665862214193
46498641475945
4684018193794
343863653199251
87743914092233
4563110592533
15845944537879
95513338731794
107715294828623
108238159144360
256738683335309
16282141816407
222687319419633
171594574305397
45665182165546
148951888000445
65864965840295
10702056596576
14119870196593
14643875319489
1895804709048
197548265126069
79720441238960
116593105452539
20143569950571
277711763301971
37692042661252
270500979163532
13309978289861
209513278197145
174905494786306
220090903992934
16501337799560
112548213237704
199993187886250
118419662976749
36461387047318
88959613131106
91326367909319
181761047298505
45913035252786
230147216124301
46760261010057
149918089546826
43602176569319
4815903792509
27725036344346
101157736284541
196554691643894
225489909860816
8558667177035
24055509665861
5469200530172
288146141868621
40523319440626
11425083422983
56798806407499
19902909298479
25699136432183
115596233335849
132753137589797
103823048568641
236828080631407
121605929560154
66165978116021
265651580504791
68842874925820
4191896473005
154889409477084
91725862179353
137639319753839
23157054541148
60857859233549
40711960906842
185410656361990
185334286103447
51286380891723
47097337392666
226811998571019
82348582649212
34405287223527
187950935368400
1571184810108
148421617635185
61599396579683
6477880255585
106217117984450
143162961845645
88664979037011
100407003539851
135476949620452
58204829543706
62522807945199
141236429314924
135902957183379
4882292450652
26199275216473
230533740755762
29795951826665
130664759434859
48095827233756
47770646909629
13536227867582
3168523771924
14061096649884
18796244245164
60501612574737
69646468421696
231225692186061
64223051837736
103193996922900
168849836879011
233887013217421
1411640162897
100732372492712
149745018461175
136340638420757
4853041027850
306576386217148
281946986646630
48687199889571
55388211115310
87428682958548
72136008734447
364866474968422
12810844657598
5402053056473
34844803635543
230159103314462
197135015638939
302665651376523
130554072524494
50605435605252
136535381664960
241236485352340
10635690634371
177886611446207
53281901669992
32425377429881
104510211025425
90687718610268
2878591003934
274985115910695
21881095330797
272566838039667
47492940189089
77379680847137
35247382945846
113758369975477
49228681907282
83199165969518
52262454115449
229271287380406
17227077873915
23035699513318
189440410770712
42810634518402
149234684720575
119470200484168
102730524833083
107918535129762
18462749638340
62907617575177
124904264325305
31287975575699
109262703640936
113873788689852
37967347711977
224504342295178
37302323167176
71823888430605
105147868667427
19432630512946
133987834014073
223229952327103
27652698494617
30511706552883
145016599313325
168124954109021
48843927447241
121230294955799
47903211961769
6471890947323
151229064473724
32009836464529
11265712896169
174544285216021
298260276437057
54953674615330
24238171375970
1095674178096
137991701602266
19844644609405
28221611081853
139995083034321
2433346930949
37620590551991
132057707424415
20844697746972
166395209041478
287031954761397
24823202107300
5759958613290
59138415451600
28448255767342
330089461587485
108657877278345
47860359914867
243468918077845
30740843485563
81591300088562
115323973051098
17379385376927
51443262906485
135063142869139
44366805207242
60493021980955
337985806635042
197541157088708
322988165230892
121610693513155
15931626318379
41455202795363
345735542883004
130688362265268
178325751054452
34988311831524
166025118240007
31463413808450
378343302673749
109177136645890
355724991380065
139517581232368
211935531598818
74598840676301
114252257277593
71065357691688
213865116074772
57134432775437
309021412670453
126455110043991
313837141589849
269568217629403
116676586583397
255853453213833
3471954634098
128434938906649
40240467087142
41224631303348
10797552381770
112648158620377
170452847873705
133949125156533
35552015721161
370410806526680
157837131811159
79797759004200
185712800820845
165144005319662
223048117389075
77197104515895
32713365476662
37341456060713
17191560974352
53696600963159
91934760042521
81888428211357
65517456872877
18368742499256
86838667614213
379504204368112
99476863052522
194821010175495
316462982743423
192084950841183
361998752086677
124951510082554
1718356965332
172064564619724
4412452743767
42364328898449
157711585619866
13633861672197
76163572888975
37809134367567
13785270611795
187937295086985
315050967095216
2071047269395
113889901322044
14950868403771
16175620803077
2486583447512
25742759490178
90832395377600
95829433902885
26325583116665
287011223586895
132310544672716
2842297112732
32602918394350
121757629519882
46139428065810
34309733651965
39402771516452
5710309795716
157551612152654
182298723302662
5546937907537
30254010016849
27905610392457
82913646659222
21713381066807
35622884204207
122850819585648
69170173226377
105220551756055
87235969574109
54584347334227
64257501364131
156721668827772
28505518443411
13221493116430
307013696459672
30318795446664
90924807958675
17389265877638
62452221531729
17177424820002
15999956668684
173478161035705
325472039817068
251235015528760
85991114813383
48059832266689
181272991660254
53161320915374
100611397600013
10591703934655
63694875633457
24531124662445
22666462071400
185489079494682
69590164444674
253513790470023
122655642950123
104603102960652
184185264506513
430517800389104
28006486689969
5619631457911
55886936801715
180999048875743
46095956438882
127613413200582
103924981894657
2847018077077
246228065084818
2455466762073
172115620411497
282182922513052
190708137162258
31457554933848
82420620889423
120724759964673
25216224584809
191997269839561
251674491521281
72531440650887
10664245445174
305336726079340
46777836536306
96333809508658
201039016660418
36739067995017
9914493919702
16170665660772
38210513536342
2235137542780
4727641075094
28355960647186
63795500130149
61742335129830
45430170227888
47972739871280
192217848687372
176461599229462
84612664517340
251864476859157
91121387407105
150897733479710
2565097804569
236402492410567
120628368865660
107400636170106
33046461161336
36366465440759
220027400880609
48332067756067
9182189456684
224851420609480
241271608242937
147707710754652
255799900330234
25960411748782
206923623246687
86091822749766
47629832137922
44484638603964
35314552096428
74521567210146
107066474197491
239174956738884
124713935983287
62138896714643
145960762056863
55372870686309
79658562555263
20340870707450
84361147684214
203743811747306
332652225651981
237659604752464
20177470189029
172770005600735
35623638079854
313311185669201
79884434527280
43368516991606
3213961222639
96895523705250
5676567880985
31738810840407
65787316203819
164125358132760
19368934642504
121144910257082
179791933263350
398213428454279
39544143825350
21864031029625
13751886554495
222721016271278
105303395092162
402705476404145
144613205903969
10618269494540
163867940989326
32230343941970
117731987824656
18192274886508
11859921247180
77942199139083
89919583742811
1362523863463
51657119451409
190543536179313
28912438040225
22665674080843
181080309086044
60821816620573
179733249969744
206903478691824
232001015116247
149043314680820
188466848926664
5113030950281
17608447631696
80738488217977
13202741766230
349966980861092
26205270969984
154114556298220
13794740570303
105243765997060
25473695793668
75940449772171
267237662465391
46464580624046
22579346798337
316978744125694
188479241024326
53924035146977
241848517491100
223254455541931
147339801656132
10577002645478
162556697689150
259694206945483
48429880960413
241747467739899
392101836900270
33246405889407
15848819025936
109327799116262
255954188766114
19777619345661
9294542700578
136070473979681
11110996135860
11132479563600
83677482629221
192740533478702
134258025691317
48767066995421
31100319890835
12267365611338
38872412455173
137723688518124
367099798276183
6452601300412
95772451455983
13730784813762
33190146700088
141849845424955
28407240818090
104036882578293
32814700580115
118910520153322
22667374118551
232788046114734
69596370576875
23093356790553
179077357823395
168517169106855
216736888653612
251832661319674
122084021973979
270709157325346
6466180788014
155972843737624
214309431503014
110853973646561
3221678548077
28352023024018
140342387528518
241299112751041
317293896404409
129174387171223
118751772908206
41274953972800
327408929905409
35526644762067
121774127351173
18336638899084
18779335372880
7456845198771
54825547741335
39859676481236
163505396775262
60772542276411
3878247230760
7747209465724
10940060578377
121665612620623
281794998076894
19654112387204
211212096991002
137492301008715
85207921060382
253140791447974
89593975062818
128060361286136
33840459292432
84435567596867
36765494509732
21535639166882
41104856470183
217390046345797
404365169262143
283975231799708
151254878802079
23901612940731
93432341014809
42030913101099
40124438459603
53353101921006
30413351354978
29372150323378
10149626252089
4915575560919
13984967471492
207575097886620
272143966620127
53456128335086
170385883406913
356433605896946
151042357597473
14677241087349
82889152263229
125946818076139
189956667889686
49938727426365
399158397777680
16612426706302
42658460525821
60804612660299
67039099302745
81257621843402
27323914183301
34221934102700
183747487793155
298587244966813
261714574196380
7640872325857
67741726818535
42713611554860
76206169048358
50427433649295
265256999568658
28147830757903
173890555604875
288875609277890
872766030644
59317911876430
138632432358727
37132277943031
163869970600792
28083006833555
138433840141404
133704972101378
14078263668988
144814725250576
20131518740515
181054280488635
10537579254843
8223427900339
146412290159708
126055170373090
7084255201853
149163623856706
75956548266581
135479217723296
180919925545206
2814385695171
29007349234555
79598860053302
204244668163560
197970994843393
5757150711724
298085966816797
139502020326426
67500877279726
65495900746876
338164324681248
241065153156343
40552339132611
31473661770830
105940683899558
66685056542618
143541547266080
229345117450208
146822974527176
188408128413410
68817840450386
80212609608172
117957311144456
123151620462042
31956591423051
20293643660994
278308742156611
16751167702001
168012160088252
138996703839648
21000590019472
64101671791768
26293133297452
40133837535821
85040973420105
50772996622550
184309278875027
188593775344242
35680804364913
86785730127359
147768723862530
21808600509136
18624653386965
19155476277788
179327786505352
215797717052009
47845663338356
59735925067027
247178597534768
228850294744101
210201506081557
51007750919881
151390697436190
82320421723884
68385698740704
52595717725594
8243014280202
328271612159969
349862901657050
109439024591789
126229072757581
12129779929818
29856402790592
198014576286115
43666460034596
23455784339595
74221855705576
15135550806107
151419807078455
108374342037247
199323330326817
30313201965537
240760845492364
158736100752407
115226148990616
113852037470233
106597937122702
81795989597023
4039616973675
122372573404525
122807470608376
181056527746000
4567899878411
17223190466182
174747796272248
16634829404032
91252783018000
6011982738575
126880652945428
155524441002990
225271920014659
8545196248544
109494755491146
123780588816295
51558122374271
1804897657346
173833804462475
55259736219563
253547607381829
24048329715677
129146159094421
2766592488947
148054699606360
293442865436180
185140619016802
136545744359142
51284168244323
81010594077767
150800648038354
14690589176634
844102116713
47051678139764
4762143662803
32861174418631
107366265039419
18941517377670
17408776802878
5714298068765
259704216730469
206868553172578
172629950652947
86440065256183
143026860182282
154810550929884
262663967852901
91649836632178
253890406335083
363756699167153
26489173209929
57469882448767
26833325610624
48280763966365
149819979282023
307304246231361
79441526037392
169443182798778
198754079137639
132064935454773
83687731107175
229311237691414
6592684746015
100147005353555
69395616014237
47228370962299
20898940886480
57993348894958
13347685801526
134450476701472
92828486637863
102425360971082
37363930323741
71515671948857
11319762474138
33982759855533
271473497519112
6709115043000
120362572687083
54709354882810
88592308177462
22400566063367
11739964983573
210540159029820
46214151484633
145090926910756
197691460920108
103806078875489
15192014463365
14695002685660
53737598721969
157509489538075
72099395667681
133616908459161
173734385516583
27941382866952
54187624816508
179450491762263
182242307012577
173352382841793
47979237546883
4570882458149
201316686084555
65142848137405
28432252564272
228345499044942
337149949992296
228844132887380
99619731741041
418674854637268
100561408411960
100554912890885
25096421894078
197316569401113
78297544232708
185617744665519
127246500464874
71144459986798
692259202248
382430407913666
10110378258584
45960082945251
7413496090953
12463616348749
236577921755158
128038419287368
29883074052123
200520863342760
70097131022536
137461393875471
231397537978230
112253651263736
4959093325620
117002985054846
278038777043411
1810246077432
60876599331551
13339614793211
44511159050952
242116909087224
1033325269790
32318650236566
122703090480226
1359409540053
38449464979845
76725708339022
26550198829757
85056545361274
234574895906585
66671352003115
71107281380627
141404493234094
74067717123068
123858304906619
173416371384906
35423994879342
156034195398222
153134447742247
18957796355430
103713249138817
3192041044849
116431320491980
295162011101163
39146350435741
26234994012629
1776407802361
59887002861938
154500767043905
141466655176766
54213055069580
88347859751871
164328883494559
255371344343444
20880916833540
149187498851252
46498151765336
188023011088028
177734481727766
304783232366645
16085893374923
282547685524199
71973286333425
363201687123324
244126295956797
180513134879603
15224161280613
86265201856853
44004087874063
152483841738814
77513494114890
285524532897591
168367911619558
50825897984606
355536089074713
185098973266438
1834572573810
137652401086768
70144695233551
43532482230967
24998127283557
72442287712139
81901362144122
83530837335984
47534047705587
211842913409776
108445859539933
42735546355018
156232840916803
50659208344816
20186200884264
76068806123946
52007477452319
332592970645860
339242611049160
41174104983936
74734614981849
28661657009107
33127862403729
77289871282793
97100430319775
66870361094434
9837556009581
27104461355031
125138908313826
186755392163017
170211234430057
229047352512957
150487738089574
76505697497531
116607207779772
69326573931220
180607967043265
6429672670244
4832171724837
32438982004596
151925017459547
80209051865926
100917724012139
79450908466769
14599247016101
27733858254330
245529746765932
103485210403374
170578080905928
17536133211670
86847288688451
141798475690860
103864072959110
42341409013911
17705743493932
71660521417706
112777587151934
311566779753583
95434690796943
120564219875044
60679519736710
258940440348402
3505179113385
263525448761484
213253000201992
187061322404722
8122850088915
3311555709955
268488909650845
271039503161691
209030482149249
45973693917487
183294376956480
103600515349422
352967194343862
64361861343849
196660090503382
98439769828687
326531581309228
87376751237969
154045752262336
58868977103406
62705914184402
143346064835125
31558721800525
15052083539799
11327746357701
31808333578014
52705099824029
56048192910689
187339386896701
13127729895565
84113066344945
207365568920086
27348438047816
391469057671902
6521444328481
50567763652445
133366538387125
19841649539699
168032327651378
180999549620100
299124577708988
59617634111999
119737087791876
16553053790152
6868156455006
126389796013329
130999771030311
38240226165088
289869363820167
115411495059130
224677992137691
90311668329897
96527237502385
122270263289558
203258723443208
294932492529598
84622827282140
17036579931304
13171794252819
56369925654101
179421725569862
157866466308859
26046192882891
199029691690334
71765836854879
114842881956873
83195055648558
5672904378559
76520959272745
7325873688862
18754632517861
128258799084218
217750769663310
205489652309988
83408566344196
15566175301553
95506339478194
41255660268479
5793347123158
116398833069515
130468591008427
10194717206870
9272101934755
34957735180798
20617847175132
107665272689339
10253316385065
8551413219655
106053238398626
51853185936452
152195135577252
105480419589091
330015307989939
274633494532346
77414141516024
258431440599030
140169352761945
278109588893903
78253195615166
139539034369803
86469282817536
8928316791030
117219906723622
84520228261158
331764020340760
62291221933578
97559582754605
1179316640301
154737508147527
135900255744847
201558866793852
137799766270417
287026896376024
75704660785977
45634088488371
82001329335328
8194561740362
93349998386377
191651913191846
146675293518057
12476665781469
308915888957050
37102698846393
91480062001062
19923062153078
90981574313272
91738008746555
144178982540901
276780847005629
335942145005229
289239377896670
141544142521350
64959926486668
152177568626004
136896496338659
168378846900675
210712760302313
66893484377639
45228994736382
181307788987913
166732051622917
20157122985822
67785708965367
72356193029482
150840935111755
152435626725994
48328639333585
724424483325
149066336221279
7721444767688
95993198420815
52468685591002
155767136923542
52791454872092
45277018003735
73305735236727
273784016898750
41808399914801
13831835520744
46525555793835
5522625916371
20654268796021
75209868059496
63514180916020
55218345754510
3783733665425
318951832877221
3868284951001
65527648863363
172036302417621
14226485301405
56472879509881
252794286159793
73043147979402
103563581567025
23554409344943
87262500222121
76511630007976
304885161804505
11586276370208
108954652668513
61208820541447
99229960156573
189259861150058
100708613040553
106316348049618
25928882681644
143860488551979
101344250493530
123243724416042
213622914004624
175477981626623
302640593526047
86616065497769
32198018305988
47729364905596
143637501354865
73402552822457
40379019200546
16133009518131
348562615073066
2770650951360
140716931436513
29574835362945
9776810237779
200348735108741
260110632886604
194086779141673
43230076089737
186883822465895
22271000224552
75889068757975
203741117004713
61000982200134
49820938453856
5648442032770
221587559989843
76075831282389
281402301960297
3610746101070
84140571264718
192536119614705
22010504904980
311731140284535
26334245448162
110142356585483
303527475387574
188355547347774
288873608027790
71981352460473
14188865011184
161701125111542
42272058278965
60699625991619
61261372741891
15432166154278
178480785867238
123388612221446
45438859765549
17210244895379
34795227752118
1489789466808
71676984165407
12727959452741
4005067387527
183425888014128
69130911441767
207134087813119
65694917324856
146062840384832
57312603902830
7353728219462
168195000146399
244932474056304
48362843425867
135786964707012
127869813166315
16107886562268
42235085413513
91479183174603
43721846797741
6972396295313
67377738378436
67887093075578
289827367361744
113172702172636
77836002449359
19591438477562
135063497693070
131110735126235
38413847740034
270623394893457
161468711430637
3445371168547
217470969406744
18652412473231
77599945738669
58778891666723
12925753384992
124308368825987
351787642201709
96740100859153
124205199210259
171033652911695
42722990151436
55801281647336
96768890439511
185077613428985
98751964531937
106707219487191
138236602166070
13642890281703
195161740397905
202232855846320
3364241876250
741058223269
131476099960445
4561981115984
268154576936839
76577216799782
40062305353179
37295755974743
49954484350465
262681072373714
316492479294894
155591144076840
221494167396561
8851174547609
78803772205435
32176197523421
217906242025286
173588045411616
130395028555398
96880956652332
89422835153148
153610071897706
52626017136991
19436172783853
19748334274972
2184714211842
37586606093408
148783574261183
89513195715717
304012517442777
173773401648083
88703284795180
315704663594752
39554712640483
48088576829038
21725088751762
191390783358824
44544754974599
11502500104225
77693830294656
12922345919879
3354927935595
46865992950617
196832755827436
199303595257069
307785482739673
13394605174622
85562271362273
209211953691710
28928060670960
12366842787416
198577925018889
234961770509089
239116078762800
32635024289190
91709715623761
315379461787058
200056606151889
24356441347087
115648027545782
87162756912603
120357090140263
223796561000059
31713046117745
204139126535602
88439835949407
19342448888549
274298686106617
51845798101698
61889156392866
42487312521588
143435003732552
30943391845460
135126100920991
61130057099720
148106617465645
152796145332940
14793649104257
15070824516627
84639057279412
30722232679475
122598409448278
310279284064122
200209373422788
139857516755213
111619026082105
230634936246718
297963006954570
89391951049483
19240334342554
15405705640399
218481614125300
1880370900368
80924073085680
113509074012165
151819717076212
138142275016828
244476022979843
50544438873802
109684343628168
46944346875419
79908153498621
114719455999618
43301848738397
62276950876698
150354397141972
135288840699434
46153868177337
241235790565306
326998579293167
15626798717993
194971537523856
99866954481525
201096718067647
195941430717181
58156096824537
167908320924292
45130380633894
29805689621118
83788833489776
234571411140465
164860862794015
175024986328601
27814970088269
359101269956926
65422373751856
66569966398503
17454042703763
35249698958441
141973118085073
158278162630620
15997376064450
24449752315165
95878737866923
202951952599881
95260769778981
67094327428518
136536787627216
141789881328074
25010967428487
47366175793309
91455929840070
77917436661416
44021514956895
274739038350848
10352143024535
66984407151454
268855004508130
126246280259564
61549701674932
98009412566264
232983956370022
163762328599992
63719198922402
27168785854954
17681046456551
48684696744727
233103196142380
17001278235997
160571544665120
94740518065284
311866341670889
33960951191117
76161372870456
71888130491066
19660027464911
45425661758019
37542992764028
131810734033520
49425339803732
271618820524022
15321360853385
142622449873788
191656694845379
125005939010765
40049180775720
416670282241182
133681199988550
45433890711706
17585522830463
3696857154754
140427184195837
222228927976418
6375373603837
192822021194028
177967307868315
126301972590967
118466615766437
11492694009128
326443723697483
218976157074468
247964507034067
406376247154456
164049605921773
251639908127272
174426163113520
128943073097171
259980851801881
140000887998806
165595381316268
71324065258215
384105997080319
61074046609196
15317863722068
207000237016722
143729991954337
208135973756965
233138976787552
3698045533043
66711495056701
17715364591304
140500962155229
52005574536291
214838867741654
93728344506605
142503002147471
35813420683587
342316197955984
168398776851490
47343738029705
163055057840452
35909300916756
101178955190782
13450350847947
45289330818429
18612750107057
21134975471775
239579871277651
294095856880597
256655146056001
27246405609010
31240325424154
16527066594081
268380563848226
130976490383519
45909440564355
15632183019013
124436746929888
18158355858119
52189146515755
130203348023207
9826487378008
394794453193954
53196946861081
40376210123717
13305254033836
78049523914078
300939307632924
289404261630259
96230424560403
30320864376175
213050086777026
122432750146761
175093709766072
16372412455836
153194979500349
12262822999523
135580310615449
17150358660899
9737036509466
28093617253626
34777758817217
29792154410400
246573855435800
32692130868410
41256758604103
87047102416142
163917512966915
63608719622325
122437147473623
204503181162746
99967529673661
9534271686974
76267644956159
10831794255982
15229287084697
83633351629786
233414773010602
29836031960161
17755049729701
680203759995
10921796038255
134713014445464
77479642626152
230351820250728
22607418361056
84558683538832
156907185177758
109132492701675
146969602560481
158537887533707
40103623004270
22648550939676
304739627800719
7439675880027
120416333285065
46869385633173
348719032610156
219666033671427
1074674724524
113110913486048
20796643039502
129442206806228
42534000868463
7149775155352
155465847922449
1098201818548
7234714611177
65651418690985
6597998919372
166182782075328
84088006218455
63989770399739
76217933096584
111366706761730
42508641506131
150397332873511
14673704312941
237165027121648
201267832198814
257959972990401
180590589289457
73724844149775
39673505838949
66930131725869
134049679245810
282653643459670
193514260632494
46210679655657
15992479067466
175810183521350
107208453624480
105446022759918
188770700146939
201148035016103
37648370311586
398420403742896
218623350137378
87361970580673
183598235178418
194644867666796
209392804511206
116749594423278
412525199681701
7575343060398
79486095256112
58791112459245
21306934045549
57706986343676
97640008406632
34853757385064
19553433928436
71147137375813
38392211437645
259604788015507
1884337984567
99988516026944
206590986238460
2801841156659
318792403306681
19983337474040
133066975218736
94952089884481
24906937156791
151126594751385
24299372129221
101742536067353
169950777184942
5572465751558
188814637559367
55374082251204
254393175595792
63640906888800
17844150919768
4710278136495
253978334038406
108832109867880
40387784348632
98144954533985
135696651565471
46493043414142
23916962397719
216201325337570
289493332880606
20977368483285
273852780102543
60310550546915
90496746122967
53003142539130
275159239092336
347898315776159
50040579132256
94479156622602
146461768012979
29535913630332
18110536501506
27614364457586
104531147704585
38057640193447
137393079080975
94596967664387
327331532856982
70114820208625
34188254004261
25785515267289
161428975567686
149996475155167
262939034233300
23367600440012
15812773046831
122965521247275
54387886819315
65123801366616
344261598005316
100282339287738
167758275592202
233844723237465
23452629727876
22483064314073
99203741353237
18148940108032
56891138119978
346677032830887
224616185802838
64569202905908
72053056447129
172156981575058
419669304926726
143028577572029
124923621945341
32745588594642
302267433580836
248536226754880
66568737685144
14777642057952
14924996271209
50168323129234
151641224686759
110590684402706
248440753667550
222834130384460
47777911814900
413715657784414
44334481852531
185969203562104
1032129282444
127692505183776
46789112277713
78036078195872
1295638765515
40364930519321
217079452241963
98697958855104
21591064041365
41843129303573
214929990828175
121393036415540
278469104918632
198290837056453
111600524016329
175554983119862
42314117974071
76740602213596
24656506916693
12394642209851
126859671952816
11018571978843
23900509607583
7858174436363
340016739485839
144564790201656
33762880039801
173248678028532
184072500294763
291830837528484
143906684067032
268381377507308
22009613060891
185810392289618
346540403550940
57349487122082
10482662090055
67794591833809
215952168705261
155824058504961
197475880875559
39203563035149
257791992553809
5807750991762
15058081736810
325817671112144
71021271867732
241110603770671
186253557220279
119899681300313
35647772391582
264772329137617
23445824296943
131591107243793
267627634281441
17999556357341
106344368153755
62967981743577
194392711037251
61346180493917
77016346351136
85398759338087
222204262401310
41186174020539
248820051658180
80450128303908
61997309401049
28224674290250
82334221959320
172026379122257
242847047422176
287927621190993
7344531996054
24374134791585
2478103847152
144606419203599
144335867169718
123464259003310
27633034727363
62151775440522
10954615274736
66382073173526
181416132511148
68968388216605
332807944190619
43408657835240
1597646313361
7048162854839
101131425774766
118564276034235
55982785932742
93806515921933
779697913207
98964331117029
117186991590515
10400053037503
235497088373270
219568845058305
29580347639190
14150034542946
113072204540250
28460714546405
14489811663273
171788867441294
29120293474541
86282872535276
198932255119809
69021182138591
177405509981342
1194630614900
77540334282485
109593718796028
100202727290977
232927795253814
30883057113656
25734768985018
192321106796919
205140652386023
253296792087120
5234663269287
16984903588691
143251530714201
96504855370029
329268675043416
86627911984288
10778789853414
47813519104153
103913691391324
142134543878753
99737145009711
113554623621471
187574510363271
241157872480805
176138602697133
64224486698956
177600828630582
162432310468117
35758071354604
117278004492847
120027546956110
359698389406113
74306651947223
7505026089471
227377468378541
23697696559409
172389149047760
279760949041707
15754794125842
71413891507814
144249388852818
128433627977494
124678974173422
40382414943923
31322248495875
292212517246119
119560984861970
188644325391929
142528251802008
17345773238501
197329756645163
59684142877644
28559754107862
21753815290997
199891971023910
213252539474836
231920973533880
47002149041716
19477357577699
234999503121949
241733626152949
12310961946329
251195124962142
162736832112239
100231041302291
160345544904247
5230710344701
133123828037557
307911466184139
195169253606867
291425849944313
48202693540857
80478719849165
4974083486940
1790188671058
70129916236512
29736558165658
149355928859918
30359544895352
35781670966626
87730889598950
59257102300902
32114302201468
305737798910595
240752567162968
2049432347915
27978876830252
141946966911069
336875290043968
26849030153513
178195428471705
160781555777617
245106233482474
328859850403337
20808611123179
132710194591
224969093215472
2991309503830
107599262383947
29725045929677
153619003748027
29256899006192
223100189969634
13129539099230
137474734624775
53125391747435
284383706605196
171979693947759
61596918511430
9853700549326
95967775257884
48062526304824
29523332100021
85661511313930
10396647271713
177670781740768
120575869360941
94128095069045
33761622202646
261018470823727
89380737799192
10694182461554
12520111000770
70302035096682
36057915321734
219445849429934
15647871423807
255499000729420
57515548330793
1305065250075
27334550308964
29312671969735
68379588482081
4357330702380
73064471914615
117598335629456
114487530482070
33286251005011
80492560529432
183812475514463
69144075032386
49817917663806
122604760298377
100933305973455
277774952418717
28180068240983
279638371866207
31526360304327
15877594409723
52681148623714
34092049470535
174857391992916
15045647505112
61635977208968
34222359781138
50363797065040
5308089027802
171459880272142
312047610123631
80565965744819
198681688844211
154820823839542
240746563778728
46292100171046
50814967800012
159762743821844
302319122064272
49974588413505
235315114913544
51793584506098
126751824183397
71709632724946
11195589868487
89716573525613
4744445755136
2593696446861
343527230964937
64716264475024
28124594129608
107168917650183
54637368338892
180231363310938
14095172922134
218252016669691
142088785717738
5496471073569
89699861725091
136933985314252
20807501907683
113702039882905
103763923163567
317837583553655
292709795571131
31881264587179
229662117208480
104513571676981
139559164820500
33185517867291
261185930958070
12311235401481
60365370065706
134291397415315
136102891312575
178893201317215
3262322378316
299685058597255
13280967445181
24702029546123
117768171895863
37257411611484
37033963819512
127484098494531
57124975716041
86303356292497
109402025838816
29098021441903
93631526790219
186601790252543
12410037196439
120095623515974
16106303008911
218069312836935
102698023195587
71106421228917
57458657573558
44751185163523
28915718304945
78437573122798
241325346506361
111238328525711
38140865276357
76165988102874
100774556374620
169658269180470
46467681100339
77935349750187
40351347201647
68989641220553
23767630516587
116460294435205
181778505064018
57522138588918
208495077122618
408209861882437
40724316914199
102835261976280
12336201422797
52562005038360
38289342999437
57920607536740
16522523868947
204345201970309
197674218994840
239062216573325
86601862274764
155400387987455
143996014688350
117899878568641
72188406219270
70619442343059
125829023752822
770544197590
13985677506501
92916036995471
25802919842371
56516528339938
9995400620905
67886365619387
59563738993254
236593574495855
46238531502234
242335266686842
264892747633073
92121101594163
68789778120683
6478921199949
169481839648225
238697377894997
216760322881090
251570924522441
37344248793549
61359551402216
14026699816040
82978629344970
72854244645676
94177570226912
73549853446703
39323888797705
34468941396814
23824950727317
137747572711924
75346910614050
289941752438532
200024480419326
386115653968546
116333341645032
162196395194948
318103180040751
149558253613997
68034901650138
29801229560146
78714542729703
303165764576246
89821884284825
54945770777484
27205413172790
22866559762052
50631320309753
128030061064647
26151233986039
103016543108165
79424768090990
391196683916935
316865178119345
36319818412861
176663484180562
116890445085409
323876920062740
56015396797702
178070208843596
7930219306562
30602623814945
26357231291831
294015166549503
2167556308200
215159185906571
106497984848679
28273074714887
135657017682303
59681213092985
205402119125524
39922636640095
58984214275358
291659805170100
198202315989246
425489317464713
115988907747346
66482916876764
111113788666850
164231671967787
143862389451890
116123468015653
54197627069419
41068216849319
59699753736936
3230269143573
60670014988349
29324625584643
25342289228595
200660138716058
175244384029675
143063135539964
179919878891124
294689167053736
57835487258643
40060924431147
109321052293517
248322095765314
167517502893173
18392828892831
207122285460459
6087775537002
109206030321171
61964251919995
83060424447764
143107990470748
224701556569722
62662938529742
284474542215353
170047142318648
33837847172424
232708043398602
117438038107923
122100767990235
147973186428665
22278041275034
90818459743939
89604992905039
78133911904129
57428613986116
264345371050165
295056317083484
159111091882441
108919254760247
8168849055155
206226050187547
124942711547807
99629963249281
155034267282116
134307739271239
68675106376357
14665495678185
25148174222324
186274670411889
39313582683924
15668593017505
81580818726031
297957993462476
62901013011012
21229600145728
12644695139073
108371337610480
111021576946450
219228831046365
6912720378167
20781241388967
180836426272912
150633358371361
5771827392919
122947614619689
35439216753472
160407904666786
71196505821150
257266102042394
13331887598814
5837274476546
99357285984320
139295306609869
657132839385
55221846607133
115673639303801
323944088724387
42591218935464
281565840257982
57783047437293
152561463366549
181479826284752
16792138441902
9163567773138
13446563754226
103052479205758
139779469212924
82500769614049
881511236698
7881089973066
131414546999009
178203257166703
177380719755727
149014992787275
27223985450328
192677781883394
351087103912654
114534683882257
319880675574271
160103515734445
92719451961312
462268187418
116179929747978
12648334737048
51345603418773
28017663658031
62147771454883
67110648092760
3461416010656
48938504801745
236527783845916
207761963327786
26012689594146
175890854538794
316983925129626
29180680124876
148327806054189
16551148439685
131938866197661
304919123263730
39792783257070
144232960270380
61590452454482
22783726974846
57496810499048
20509169552313
39191373067055
247399806708847
78924521711313
22533760354207
165969811666054
8067023313307
86135556001120
19726653121126
133764673461438
246612266011538
133484121529675
13826899843175
39465144087823
201306692900434
15581089728512
282897362473426
159966770450276
111329142138372
94273264744992
226867626409377
215223152622153
229632862811126
32452602428092
87829190234277
8156912212610
94858856171170
121144692595472
37477882955170
45330840473210
27073648935335
106221108152641
32627530559091
53935245422079
113275211368250
126687112490003
31000344268284
97737275286596
7604773849074
101171044156995
291918630381916
19981524057000
13418478900395
56593220203628
157444962783829
27180801011803
3476782559203
3135867841641
37715858582065
8060011454414
61007347923043
175887795078961
24937672702579
95117748478056
146452696302703
57112842471723
21880805606972
29501028449972
22999644855196
16052470410660
57878892654536
68774670764128
2180002299862
92373969298221
211416461726069
51249662729259
109849187352366
46739054892483
107854002577398
160575268163207
324422048806250
5059875212276
103525493810571
89332308062037
185062112041899
219607453608808
34293399203704
66028927220434
281183058635469
104910950151446
48474446854964
233620120974205
87422044862121
57236084347190
118595231347955
21234597035021
267045940610976
83241320666292
51047564876990
254210358307418
40208259564173
108565950753523
87377739705837
290605370150588
404064024480314
27300759520707
948564577337
14208258586181
81803371255488
45947720551495
259930473521091
294860347434310
21409026671009
46292615332851
30271617651323
113325903465998
314672287691438
63238217980219
71496405422503
15764616954763
32513140962163
12150102245304
65721074338170
154500362248245
179876301430603
111932407805559
212980161281598
159042681781220
33636824239350
42589957349822
225618660325700
83782354369628
28130752578693
78220544681366
23811106432128
137467605109927
345625060144437
57949762172691
68477491515525
109904354053997
98087993702964
196612217663814
93163850136851
103629496723744
25111743401353
199727088557862
134573759353013
118862357325758
265237157571139
37353840030868
39878117631688
273062568238861
129156133876341
61717199197476
245292383329997
261875815227123
84980441881817
25754712495500
99468731102419
39700855660196
27428255648204
25722516397238
215026302544350
30023156336496
248842406256827
100872725563532
147210638572397
50182375600297
169178343225355
49214486745351
253831476418761
84883957419763
23851529378860
230465963178222
168983777375512
167219033675656
139952746349294
170896898780839
256330232280633
171939786437367
176468842006707
79669630895127
54911974629983
13781761935078
129499074772765
69110824485391
149762954160995
12353469622031
49787962439317
248483337382289
85657806580659
869428806403
4216049324195
69960189905914
203154732433135
46005569023417
152184600401246
284427567591095
255561106175346
121841320452755
149328805266007
227479994443218
56684811075815
20532706204220
71834664286668
94938183568824
862339259190
15291830400435
34474054758731
673413346660
114488204807731
51955086108528
70694012729738
17275002287516
173153729381451
45960599792538
2575504781998
122405459634648
72597371306845
186033579428030
29341545528115
258233423100381
18659631284235
115992036918518
93444113351148
27840852427624
7148153174284
138482944763
48510549499610
315475755011314
269676697076073
21114862763501
74773374362798
26668817983342
196004942911511
258224478136139
42820475301163
356394753713115
41797268785245
39983001876871
116437956786853
136270536596812
252503236606900
7651715606726
22223013444483
37036826142923
21822187893145
143403547660939
147687917810619
99639810620590
65864414838104
114646352971174
47368747655609
61199118349059
11647074328280
144233207826018
121300946750880
1602854514610
254322859374178
85905180633826
7518376313639
27725649125281
212624706892734
26341481871640
13975474815239
22215849954143
311848995369827
100625262849364
114853961561661
12840313580213
274822474615571
305228803283929
8281033177000
74026571297329
16594991531008
258826579741317
62160890771690
138536966410901
184816900551472
52751462034979
108308182594311
59697090444933
106640461719253
12710095792830
86790614402453
1694976079879
105102852281908
304208358083293
83041115983220
224997306738495
71167415150422
21071947199112
17486591024977
100602601959042
17755184538026
167233230720901
12381482146835
43810056667417
132589879951364
58817385055885
136460117631819
11866575334272
89638905974340
265014655930301
36903148723289
15590989351489
40937121301373
38107927832877
293918388816189
28233605567063
93818229599697
315544672513330
111398771208360
363352241973490
162662256342168
162284571806438
31364065226605
114771848170989
3182537804124
269843252291927
50371613311058
304553503812789
166060641183913
57150186446237
40533499331833
50791339415543
94029909161419
5818417293020
288999978023810
7535872291230
242333386484647
65627178250931
494603702870
128111388747200
78000867805391
76750897155628
157551139518640
10540907385262
191013295551490
44406910434409
278509671731881
165082811867115
24756617599274
197308614654852
321706937002687
9564277112647
72483721289980
38809237368288
232363854731630
103362174946150
101697414357119
56206413107859
40559514962373
5021230155884
65102711204521
139258144950990
60930829051238
11797513920248
277415287382493
177053909831826
61161313665256
16066208151312
118757962714842
42103364966901
232191999619451
1104140986090
150543306312989
115236461263436
92763254433923
259419092071327
32826869355151
188095878303550
266966227477441
130225736313673
99463480092673
29315521940351
45321841975530
17031399995124
8746013734806
62805975941816
119530366652060
231393663625601
54573291435071
54542576840059
164890380106673
234387341876237
255146328832180
47439096463661
57204100493267
114218640989528
217732238460990
78169518363268
4944800697395
48679623380009
39280133954354
65339503471305
72613595785940
29955430668199
6100634945308
5896938631701
8368297508233
186895511902841
42607757441648
372014742384500
6353923726186
244640939920003
7997079173987
26417504849674
335135431031197
4561208026652
125700326260167
31615882618461
72053688026202
85775197953913
107266851945983
124616902013519
68945094927875
301944779103750
191502556043907
20183630717552
252618476178883
149217335779522
90042162644584
181313155150436
5210641065862
162100855415014
118112792941806
166019720998677
208344429825394
210652374068158
275942347225417
79557366193857
72159706091259
12542137728419
238396727640673
131321145840780
16686197726176
7342753434516
45230215429231
32934737759016
54251919348779
55064555939
159570653661357
115125382741607
8148944993169
173504943249476
371749394747142
37407695198258
290194342346232
38917655487089
205870389040247
45819625487863
104522437735388
55138552315138
19805008242895
32058566549042
231591177361626
87738510716298
316058714784114
173539388333580
142231141640739
78789985023896
9663947653177
4054454245961
39286803174371
45744765537703
57831069765488
223226910443717
30966732319057
131444159807114
36394199477768
138176600065013
273085008803987
150048939677858
28120039783345
419678931837584
72608853344700
8937828836574
307935068225187
132247481446143
41525783385382
2031201948476
2865209935485
109731334563201
204088467195672
55766907196385
10991476422996
40412965554737
386685248496162
35000202036678
267498521409949
11590445968367
92023198225762
68399442580671
7701023679940
133665879877369
29187814979835
53453596909347
285635594467257
43961533873704
10089461134153
66391305035423
6463999884850
38887981076415
121830419400582
113030691351289
256647076101233
216503997439587
46204243928557
301663672976468
104705737075514
64921851374230
314132433399307
103282613433712
318954842585613
26484553427848
31446847708772
72157796562927
16653981654489
6297056310673
1324096069849
9387388989404
130907805127461
83712106226172
76802047582831
123043382017879
179192616520800
29983257827599
153589724328620
231362382287569
48434244697889
33945795147144
248801840806178
42638857046243
55035155864500
125439043520236
66126524276927
45614736544841
155160702805128
4335919138491
344247047508483
12016172733703
2514456659346
99480154988010
146804619714988
36111275934155
45947694726929
23732229644764
263734470651079
73974503662578
6417899095627
193549540131609
10465137431240
35859274701674
13309912003824
44741122766823
36467771046615
27889671785301
16687754039250
87469880239851
95456109208773
148264187826078
137975312960436
162505078090584
3611430758262
138201749826121
71552935061978
64848732087116
180140839318720
134408933717996
18417945467767
109067886370552
55949596226847
73858113637535
78413417294237
90787706791655
103238989905735
13034886872539
97659733626663
297482176676666
163160103412440
282205152182555
57697514432748
71088418065231
326560554325782
80272662114963
13639725232197
67998804747189
76730966083700
17221948383236
83765482847973
29283220550979
297953702666214
11472303098967
29832518698697
221798815551597
82328242844727
28997400534996
84289477609395
63777520810081
199562922016559
82183228758659
129250836874990
161737332410482
52902996805670
22004550726263
234104189305543
206087759076350
334266178707681
18748311933793
16926185546962
44998055540017
227470889661047
318381020062335
48494256435388
101630007916447
25573159920381
146825043491799
18438395854040
24288776680859
198219485762248
307632468581837
16884757207411
61629620809819
152563940599707
207776879289036
197149210052812
108234120261226
10122775468161
33720579230960
260819637499198
7214593175450
120763107811681
273875700258601
7573515285128
55413683473905
11034531941196
86700974788068
364818863558466
34353311591143
106533004509546
148648674411446
193654114510848
99431223409223
85410755639889
120647805283755
89026436008905
117834430301686
219453537718488
18839258810058
274857523133447
41516756848478
297012529203998
32979476226645
24218671476807
219060915353594
277592810491131
86164723392805
24824451636405
84959409432113
39565714263003
282131268961090
70927603225817
108113032483705
4715037479756
178005606846060
153701091676723
80775472262155
207365105529637
57860048748098
17601145573364
137893242187982
93198443354186
157079173461003
74173218387001
58605249714265
263177798803478
82566313517569
128364809215655
77855463330714
205265302289246
133194099228206
191876365906937
131477651647757
101030610131479
64138001797823
13940677067271
304305910117348
22437478438670
79085386430083
228344010196239
27545501496794
31478755055219
82638599711989
70883053970636
19302391044453
196219503550203
190638671098232
225030622081844
6228303317431
254349417960189
193078739918977
258488221338625
18246137566388
138853639017282
102003788977592
34477757828327
235018345748452
80058514044464
137753121026561
213649859338119
23957756340991
36977826448209
72019134987497
82205789861743
47330900308428
291146656400086
45135705607224
11876493307783
160590487548831
228944896583432
117664593725092
55617517669500
47763014978022
195976878642413
44401714798472
4086875048631
145995250833422
172801342725585
55765591729609
38014379848760
53297518614195
28562703315154
4739145631643
21749097324912
51942127916469
63884701638909
322030980077953
212024864292008
199643271955584
44005574949930
50755772281461
32360353636119
145792434822632
220746456468014
39920729569486
51963128626171
84377917411809
121825786635531
56166943574737
329301713827633
6231848299106
51624355816222
256255610882289
80555024291823
275815771033204
1247865934393
186150934661295
142129177512551
77418577223966
21675462332278
32733775286648
51879947207315
2137856670384
38103127605441
43116660190051
150995767272942
9123980642450
140470701552372
42364000203416
5055227978741
12920644926225
35885852897639
16802416660423
184188076651278
2883173819773
14682831982280
244839970877501
34199458198781
56770148072940
416132984822491
91876781308421
82349950088349
65028802220838
128089356614757
113104257690152
37696845970317
64347232013530
351263860643777
93124223909639
113052523624310
267762725777484
79205950895424
308085158564047
414419717908604
201680420596129
28841840540992
34089488401793
201367241142307
103214396947120
44983347117987
92787141802526
1952429075911
148684463200909
4623557974852
71470824411556
264943153819082
97359695337623
359212891539347
33379038553186
11143529064514
22221780469381
205860339216765
75145485996920
263580613467737
5735032093852
32422908906478
16527850248872
112912116067629
70182298782732
4559312859180
41475941232780
135800756377068
54355944197134
88817486829929
147856257119711
13128268217188
148657220661977
189246020927122
28891318115899
114748613258558
153884781282030
75489770504697
30350717425672
72258426980017
53579422933338
169687196602873
122511000707647
28535998719359
241149620645406
35798429529745
264914701144903
11058328900471
28634616062678
410228643440056
56210695791762
57588001127873
126553725175107
213199995410462
157365971264834
98079429026083
119511843521887
89759781971495
82997344723057
372001491264414
112839369676828
90266373536691
60833379963
9282225037946
134809153971052
361311665182273
199358367242363
153440658939841
5875618977940
68713220336547
60718429793248
170469894824189
301388079865300
288906630418903
200511234305885
138900647762312
177451500941327
76398698929196
268772798774216
116140446724689
32124878129311
153995728091232
90429361595940
182866216575873
93430024035753
1421179451128
23906750617414
199014379435110
36429756255125
3149363437411
165970977432533
378828058961943
54632524927335
65905925386319
29076894099860
169061734951505
126464752633685
102120886463319
141301547244316
77926000190408
248847596303744
133996887640620
204731256694089
203163471928493
131772234359139
267963649224046
331802876124072
233387891802458
2532418200735
157419106411905
22806523558216
232493871210934
16025471387164
93204044421976
152943945119122
273424807753867
54210726344680
43391753365409
1900581488307
7152235700729
218128425950626
27661951306633
178784065652821
58045801846850
100214467876441
229441243222037
61223011815630
29204411507929
110155524376038
89349924415445
76795150951859
51591916882214
207886203686737
22736530909680
25247550734616
56354427557320
126072419873420
92278087696275
37813078941157
19916573666713
33970777405791
123713947165565
143108310773909
144837163848675
142022438947807
38018010690006
158546061950095
189891159269088
26344587531033
247257596283482
141578147061985
156918008846352
155017725718001
216321888339979
126121052807809
11596641158174
280453129751867
226607355142939
200615707316692
92268867928714
309390272734132
113172974064224
86550403018332
220780227954437
18823726616085
42786027435877
120851872280899
95264138929913
197064289269351
11988354567066
20698460083093
93893588376939
170624605453723
70314032209745
247686116934228
265620505554019
44991719653190
65644135040640
275860784703931
37262178818046
13940247781316
73444722929395
22761306398516
285958701559533
116068449202857
265990654624880
252482549472748
212681718276849
140665872667509
75276612484402
56145636678570
70256914168714
19755744320606
222858685031263
133809900259121
770940434653
232392206809615
22588771682867
188559350417266
328659255988126
7845123021960
64678446566776
70557080008602
30054114571640
78537276710736
95935363872431
116058727342535
110339852785878
315597770901061
91750715165182
41071878846284
117894007851331
14302729555079
30494800163142
131871582160992
316991667613037
10576153194694
151217089344737
138092605374490
67887469507874
20602085839745
124346228910872
54229199559080
311108983381678
299696918417786
62486321422360
42706846640928
93238839617937
148560070882975
34174376712800
37107874726620
3454445568929
68903239971259
180475537773141
101089581244960
13952117355837
51735415553276
97590455566416
231483101869332
80684065381829
39993459496370
247030380152219
14577699388308
68560725934134
120210526912220
172597104063137
78012028399556
199630035611857
100089938479796
59842289414422
5042939298770
632547266256
26561836262889
167220875166355
62362861633159
298886142288241
85342124058048
48136728143289
50837682274910
46596427984670
298634456324901
208080062169365
283599883141525
39104794929197
92516494854057
32455554754545
14191732342015
326648029261221
28373624476977
30974843536086
22002382111386
162953166024087
196165062673273
130710094345165
100475742328168
25022413419609
124939926612083
200196233644180
280034465158959
67677204639571
173505070656694
201837068868152
84972300589208
218878507943503
232128536346223
983497056822
63408202255579
47045600061642
96509322135374
244058512679119
104917231614688
24795978775800
51011171108430
135743676255222
16304372986913
393536777637256
21849051393088
48124325151365
189760519140892
85885630899829
158042525126790
168684466802242
17214950813048
12393909979781
11985898241071
51782487735228
97915026308495
162213932104476
13763201340907
182574138681524
57463446915532
162326544349361
186178414740960
6125535931497
40695575120131
166963134197069
20411842614545
60544482749802
229041453896229
50826688063404
162299549738806
193321119820352
2632588212011
5251894748721
156956317897545
259385161338726
16153126443823
151762724998393
131147621842380
170388718726213
135788489539534
63835494345810
45082301243223
22697421896794
54629360222525
210418668662874
48803201940455
13739923147446
46217528209398
316368005640109
26032362962215
180820001469551
23920811712581
128109212892766
76452867688183
6938028356483
38521056786149
68266772135172
111037173011040
129021980815671
40449652660
160775145534144
90234956895637
119276844667853
54375055460376
86513164875137
84071888781790
261930015357257
49066141809116
115137680766417
50631709745191
177787961839849
242533060927410
209648650508314
33974677134265
124659825145256
16922988284836
42881429363019
50331824262737
9281899830552
179451399868508
5374388813343
142731660856700
297302130380894
126226898460867
119304636166345
41123837473034
288213002031704
14262110631389
216031379406729
28043373615479
50990711744345
79688274284276
65000302559570
11415985603268
178224416277003
43351465498644
48274467863657
242094639974421
6722333063200
26901784445867
9585929748655
121332422461689
215720315444810
6487505174300
78613127046438
28368711117717
139277530891178
114373991820915
4092662624291
246401587926741
64448741721370
84452960296431
32888831706753
54740358722515
97863335965460
129998364635101
45625926849490
35477603469318
106019195992433
50841659023630
39397900730151
86279676468724
178847001739266
26481377876982
609291346277
228961868974429
84349724752337
57126684060022
270814112246377
109804057378817
11652855431933
259308440044468
101052781892911
132280303843422
205866232908727
211819961570463
56423485223621
66760127008092
120706576424080
272591269628769
12654768765780
112291620165780
115746662733365
178385688710562
300306517297734
133628635929
140460110901255
68348414349680
31421596669441
20106680589449
13521939636365
195775932539595
82145180299435
136187262458351
32353911959490
143659629652717
217057329009754
20932693627312
146653017233702
133514082572918
175443782905042
25470037362400
209389660565668
88283680300675
15478389066206
23125020621518
241271206560668
165700178387113
159491968513212
309525766535909
97210012083305
83405990697578
126762624866875
302145194012531
66238866004438
81470412130542
246408755597537
147176143373141
36780041451114
106083718050341
28197274893289
11033417006789
29314134125993
252527737302348
113391369138967
83164724714515
392696045739751
127541148287703
25241877963516
10280384050888
67114917474156
81721740025045
246095287442784
7038658631630
40005583932745
158314762932686
39553468947050
6095685526545
157087144050246
5185685617975
49627203415038
4395310960941
25598056517871
199334563451924
175323389443482
163504551582712
138475237702186
22397692279494
19768881844799
54421520450637
142429311629229
162777926222911
51898566645094
26283864238615
86238419299133
84897646004913
73701724238086
8046062416623
138125773499854
44126113951655
127735684124382
56198267561763
177808305895887
83688481649659
138140553193600
75175999108373
190431160821658
176822177993024
8948697368359
28026630417311
926600329049
171398173072938
31907166174920
244217529483497
11791954516578
119184753512450
5985585953337
3164202800106
94325237373185
8318003435863
48439837958262
9886262085023
93218311435028
222550064375011
103328586461504
257567085203845
3426213507184
66486922043562
21256651297231
375329162172693
45583424808633
51758358336109
259555861493470
3143491817916
26287896081656
71290556303128
119526723913450
85160260896515
156767430925613
33318877523628
31432926872305
69478610565309
7115976964073
112249334995943
3444520035058
52750386341111
47850885278646
38619095181142
9647953071789
168201518530770
17401386471718
238215880033930
238160033119873
193298955841258
34809265585962
135739304199653
145111976843640
3259010343893
172468655619386
118398843598107
210764780150343
189604186956389
195893122728076
29322424265916
111957640096894
39611025488498
7452984369314
232246153785632
43740741483629
53331724552537
281119004013131
116450205520406
116526901169102
13661157683546
76330156550142
90018794740226
5446566336144
58141803943105
11545802364897
252591309764079
221418890841338
28345632178258
233141861410080
34604870129984
3173469382703
191423768317911
86532488985713
150598241754123
119994966539312
41943094286639
54418995740435
116155385038005
85959002667570
59212636461647
36517825077841
146720485166646
204739147461342
202259203512816
77952258297610
81515753620685
123158307768223
75254979938128
79770628336936
36226598102545
146108289649523
34912600169969
147515311822709
151521334821140
45565226538286
208265815269938
55760281727521
89646641997707
14299248838991
141274992052020
157318951680106
129732355065381
209896474743
126438055777855
113169582766957
153808876989524
288272406905624
32666063550625
155503829478353
284563691869334
197073074975054
95734156115495
53312067649890
51137219441370
212755751452134
304506124662661
59212633582987
81853262485849
156655992915553
16727228623557
1755686214158
163310422069888
124713646999825
55982699074857
17288663782667
19824093280524
300436366935820
98448549094154
10514673010159
348048139124787
73076639735037
126469398233042
33561766430883
32611731376906
281925576743093
207678283650628
130307290775994
31626874411765
179700917899228
93669747616008
74099089477150
45389443187942
36066042075460
37718812088143
78445065684214
42332633952657
200994723064162
43625404766537
117782460180077
59696264996510
349974110629086
35494060677008
55559955366586
265643287641806
38716663314186
186627809750916
133024053784842
51779247605243
15943461458443
121202867558965
284280856326983
87410592304005
98678989166808
18170630133963
123924383864413
160819108016532
322363824196153
58553444947049
38794328359303
241218801011399
75969503422741
140190131957051
285596071888067
165426194169486
205830365495562
302034006423409
52163456927383
194997639709860
92336542883822
119584303321239
354197862448151
16117189351274
46049533325451
119943269656673
27210917711949
7529384765322
80460921528052
33594362411339
68618639889557
14330380442209
20604040206652
29975168373306
186806930045476
76920328892075
234956786367993
49581848212981
89927363333308
130408266559620
293901164157099
70368589390773
138038448007418
109202271370607
5227438467828
92430154704956
172815152533362
17134039711712
316350781318274
67982663738125
20324046489967
44264476928095
239399884727210
2508347197323
91579548779975
268803667876806
105727077489339
324311373016844
66648971862120
149051267948173
112716409767781
104662939717580
39921785698021
305515206430312
43281722439009
119184352888126
36321137144786
144505743628484
19727935297342
407459110353638
105781700226028
392448147816731
57369871340528
75749323631495
143311857769744
3891665368961
51816574130144
138082583290644
333151592024716
15564348777015
1862862144769
142326220711078
26024106497668
8123422046804
9463149624081
26150885364048
167230146801583
103913492150056
190776559908102
9187848013668
10592655290759
26222595441609
97546968572708
180132228005155
180107372368905
8617095380854
9856945743647
91486073725662
68290152844736
22486559619943
93922541460629
208574404628243
375643184370347
47299850347744
107052062231737
40317483501073
237071566163780
71416175597332
150286977486684
42119021097976
188757234127667
72668851901407
18862750294744
18526563447754
30688912002829
65619351093653
7011879866327
160810672687913
180695251685085
50103768059338
290975814982835
191580887544089
2721770398219
198773189832840
89632175795380
212645552612514
307337267963253
44652168597525
117940413915062
243642592997841
65382971331120
136366909251884
65588486564102
266135898510149
150601293592007
74896101758544
276749528693144
9250229730680
30724105836477
108692328854254
280195564102293
265792724956209
225018384381368
33651796444609
342268226916010
121112633391559
292413593877241
193249294924011
17962889898300
143051627773330
22240387385941
11392293923328
74246835342034
583295144802
230859371598964
93847139149896
187900687850267
326736111692691
97188389343219
284352048231275
107001036666154
123723102251215
169809793686527
123296673976446
56805255776523
123502296693968
95458909776913
2137354054810
4787372713698
228188866962236
188144849333684
300802575736468
245843916537287
131543691273523
65499965063638
76336579559364
90753239559678
282562244931525
52190717648949
261890906341410
1306223478866
43305292039643
30676234018144
197281717231371
6575969171993
178496838431100
108274697984308
86069853119623
11933738632430
49708947375128
215147500971151
3514057212981
33314418305633
22892275180204
33754091206617
183785245750073
132242485388547
76280197000944
426737319277305
52347756555960
87448537581371
47362310065256
181966440217986
203332732430466
184457212244977
27612875404599
88722670470818
351283190449682
61560826563343
43911232894724
122621745461315
143728431463679
178055035297181
67708257822358
59652625122318
19126768815077
44657872379134
10588499337989
90244458806422
25181784196378
138095115245257
51731455847411
53457745892977
16078528141053
324362581906202
98993760826759
74677219900920
24412232928638
83156852766605
333819854458285
64297879000601
7131010627125
36383156536549
44441672253886
141188645254691
557505635219
114844564455466
115856706336492
13326268559105
46372972380810
27653249513222
190375336843173
49274910411473
7774192779654
48930652167671
107334486301118
206499498938186
150718444290231
36653112755056
14889089969806
51071944798226
453665880833940
53786848643621
362657274191136
191440035193523
179999884872109
227956095249825
58765999095710
692489807524
4804062946557
82343312711527
54827472312717
187150868081595
8944440761294
307905585307618
29929197620111
273656185355611
40742373323974
12335919399725
42809296664197
384155300767119
83859941389353
34831521200742
334047491824101
94937468130293
32507870204887
117579660426562
39085598004637
120271785031973
16221499531912
121842146325851
28164254389925
143287492684528
226310841092438
62597407327027
49529486076386
77235215614810
32894574788646
282108948357266
183657153296308
125085133541141
131370390396705
125776028760393
36209627917174
146118846878251
52857504219454
145958778878174
61959176488996
19040809930186
94608276900623
179479532054299
1570446792438
40708296266607
56016825584847
24780990999379
3296454427961
354537350451240
73065025792741
102131706663409
12400198821615
25818016753114
32802669479925
105974574705561
15104460239197
125537901444370
11831388513779
142859015816637
175542679590700
16442536580704
8433358215871
34804274300648
122645973416690
74478622088316
213581111571578
140113967221596
265999531011869
136725798409256
2142020078962
68214892653655
91387162041666
148186048037778
1314443206813
116626413214686
63603174805748
81937785516491
17208805357593
132975403537286
195386786918064
46674223396253
81172656568617
96401594733723
103841402050890
51389397774140
32882580715936
91837394633047
1988543427100
118281045475752
362979911595620
63361534977216
188182002149397
38899321957155
44265121980012
85932771506779
205481176755765
173259267521905
141239248903770
31148395914407
15501919714838
66452650657707
279871905278796
125159578600893
46543141536133
30472491946205
52100761324116
256808878251051
145496489702340
131580510886487
187286362772460
224917948343737
48475456055596
907657958426
77197114628390
36487261929447
265289344106158
9604849375863
41372831569331
92974743618158
16090297483439
78205332362988
84970589003855
115050678934546
27092748106704
30184331682800
67852096677519
75536455720089
93200341270554
60193517506479
354846968549717
47406545205338
175477380414275
267089596032678
257798045617367
49009990292606
6718867863886
25998153044746
3227041679918
98076868527819
36013275946044
43634859560127
83216504477578
80284455529472
108530749901032
29860405206166
205162906733132
15672409393968
125711113917845
67864032145296
315307162175259
43789056223280
54734348385715
172596220898535
356004361448219
86119248909763
44679427998031
268533422761562
10838697169420
151419841894138
6415116455499
175059676091726
163097486910645
21848450902830
70285505680514
261230072184892
20934553557163
137733175082366
100154966051781
223039868623865
388160747304494
276491306725732
106590459830654
1467996687392
39760017782899
231031013661226
286759216427930
69583610517633
4966098384372
47613455853609
248705062144786
10959247845177
129852379431067
214449491544407
50719929241464
60392999111258
48104375173191
64799340084987
29143955371652
13690070665680
136461197530220
22573061189095
14946738657585
100735746163946
67318319174982
134689712434454
345472689909727
13977354477738
205627956363852
22983251490045
183313908843675
60617048084823
183893185502945
68895816635186
34236637632363
132671361184996
99595673114785
158567159825697
302402270182705
309903363832762
96686324825141
53979663608299
175273700028605
293833868606734
35860966607590
17996319701978
57745375873776
19286036264833
55629638050754
229084003043695
229982521797759
205367809344784
41588613594162
18688830032217
229353585515120
