This is XeTeX, Version 3.1415926-2.2-0.9995.2 (TeX Live 2009/Debian) (format=xelatex 2011.7.16)  2 SEP 2011 16:01
entering extended mode
 %&-line parsing enabled.
**tsp.tex
(./tsp.tex
LaTeX2e <2009/09/24>
Babel <v3.8l> and hyphenation patterns for english, usenglishmax, dumylang, noh
yphenation, pinyin, loaded.
! Undefined control sequence.
l.1 \section
            {å¦¹å­çš„ç¤¼ç‰©}
? q
OK, entering \batchmode...

! LaTeX Error: Missing \begin{document}.

See the LaTeX manual or LaTeX Companion for explanation.
Type  H <return>  for immediate help.
 ...                                              
                                                  
l.1 \section{å¦¹
                å­çš„ç¤¼ç‰©}
You're in trouble here.  Try typing  <return>  to proceed.
If that doesn't work, type  X <return>  to quit.

Missing character: There is no å¦¹ in font nullfont!
Missing character: There is no å­ in font nullfont!
Missing character: There is no çš„ in font nullfont!
Missing character: There is no ç¤¼ in font nullfont!
Missing character: There is no ç‰© in font nullfont!
! Undefined control sequence.
l.2 \subsection
               {é¢˜ç›®æè¿°}
The control sequence at the end of the top line
of your error message was never \def'ed. If you have
misspelled it (e.g., `\hobx'), type `I' and the correct
spelling (e.g., `I\hbox'). Otherwise just continue,
and I'll forget about whatever was undefined.

Missing character: There is no é¢˜ in font nullfont!
Missing character: There is no ç›® in font nullfont!
Missing character: There is no æ in font nullfont!
Missing character: There is no è¿° in font nullfont!
Missing character: There is no ç‹ in font cmti10!
Missing character: There is no è¿ª in font cmti10!
Missing character: There is no æœ‰ in font cmti10!
Missing character: There is no ç€ in font cmti10!
Missing character: There is no é in font cmti10!
Missing character: There is no å¸¸ in font cmti10!
Missing character: There is no å¥½ in font cmti10!
Missing character: There is no çš„ in font cmti10!
Missing character: There is no å¦¹ in font cmti10!
Missing character: There is no å­ in font cmti10!
Missing character: There is no ç¼˜ in font cmti10!
Missing character: There is no ï¼Œ in font cmti10!
Missing character: There is no æ‰€ in font cmti10!
Missing character: There is no ä»¥ in font cmti10!
Missing character: There is no æ¯ in font cmti10!
Missing character: There is no å½“ in font cmti10!
Missing character: There is no ç”Ÿ in font cmti10!
Missing character: There is no æ—¥ in font cmti10!
Missing character: There is no æ¥ in font cmti10!
Missing character: There is no åˆ° in font cmti10!
Missing character: There is no çš„ in font cmti10!
Missing character: There is no æ—¶ in font cmti10!
Missing character: There is no å€™ in font cmti10!
Missing character: There is no ï¼Œ in font cmti10!
Missing character: There is no ä¸€ in font cmti10!
Missing character: There is no å¤§ in font cmti10!
Missing character: There is no ä¹ in font cmti10!
Missing character: There is no äº‹ in font cmti10!
Missing character: There is no å°± in font cmti10!
Missing character: There is no æ˜¯ in font cmti10!
Missing character: There is no æ”¶ in font cmti10!
Missing character: There is no åˆ° in font cmti10!
Missing character: There is no ä¸€ in font cmti10!
Missing character: There is no å¤§ in font cmti10!
Missing character: There is no å † in font cmti10!
Missing character: There is no å¦¹ in font cmti10!
Missing character: There is no å­ in font cmti10!
Missing character: There is no çš„ in font cmti10!
Missing character: There is no ç¤¼ in font cmti10!
Missing character: There is no ç‰© in font cmti10!
Missing character: There is no ã€‚ in font cmti10!
Missing character: There is no ä½† in font cmti10!
Missing character: There is no å¦¹ in font cmti10!
Missing character: There is no å­ in font cmti10!
Missing character: There is no éƒ½ in font cmti10!
Missing character: There is no æ¯” in font cmti10!
Missing character: There is no è¾ƒ in font cmti10!
Missing character: There is no ç• in font cmti10!
Missing character: There is no æƒ§ in font cmti10!
Missing character: There is no å…ˆ in font cmti10!
Missing character: There is no ç”Ÿ in font cmti10!
Missing character: There is no ï¼Œ in font cmti10!
Missing character: There is no åŒ in font cmti10!
Missing character: There is no æ—¶ in font cmti10!
Missing character: There is no ä¸º in font cmti10!
Missing character: There is no äº† in font cmti10!
Missing character: There is no èƒ½ in font cmti10!
Missing character: There is no è· in font cmti10!
Missing character: There is no å¾— in font cmti10!
Missing character: There is no ç‹¬ in font cmti10!
Missing character: There is no è‡ª in font cmti10!
Missing character: There is no ä¸ in font cmti10!
Missing character: There is no ç‹ in font cmti10!
Missing character: There is no è¿ª in font cmti10!
Missing character: There is no äº¤ in font cmti10!
Missing character: There is no æµ in font cmti10!
Missing character: There is no çš„ in font cmti10!
Missing character: There is no æ—¶ in font cmti10!
Missing character: There is no é—´ in font cmti10!
Missing character: There is no ï¼Œ in font cmti10!
Missing character: There is no å¸Œ in font cmti10!
Missing character: There is no æœ› in font cmti10!
Missing character: There is no ç‹ in font cmti10!
Missing character: There is no è¿ª in font cmti10!
Missing character: There is no ä¸» in font cmti10!
Missing character: There is no åŠ¨ in font cmti10!
Missing character: There is no åˆ° in font cmti10!
Missing character: There is no å¦¹ in font cmti10!
Missing character: There is no å­ in font cmti10!
Missing character: There is no å¤„ in font cmti10!
Missing character: There is no é¢† in font cmti10!
Missing character: There is no å– in font cmti10!
Missing character: There is no ï¼Œ in font cmti10!
Missing character: There is no è€Œ in font cmti10!
Missing character: There is no ä¸ in font cmti10!
Missing character: There is no æ˜¯ in font cmti10!
Missing character: There is no æŠŠ in font cmti10!
Missing character: There is no ç¤¼ in font cmti10!
Missing character: There is no ç‰© in font cmti10!
Missing character: There is no é€ in font cmti10!
Missing character: There is no ä¸Š in font cmti10!
Missing character: There is no é—¨ in font cmti10!
Missing character: There is no æ¥ in font cmti10!
Missing character: There is no ã€‚ in font cmti10!

Overfull \hbox (20.0pt too wide) in paragraph at lines 1--4
[]
 []


Overfull \hbox (20.48874pt too wide) in paragraph at lines 1--4
\OT1/cmr/m/it/10 LYD 
 []


! LaTeX Error: Missing \begin{document}.

See the LaTeX manual or LaTeX Companion for explanation.
Type  H <return>  for immediate help.
 ...                                              
                                                  
l.4 \par ä¸º
            äº†ç®€åŒ–é—®é¢˜ï¼Œå¯ä»¥æŠŠç‹è¿ªå’Œå¦¹å­çœ‹ä½œä¸‰ç»´ç›´è§’åæ...

You're in trouble here.  Try typing  <return>  to proceed.
If that doesn't work, type  X <return>  to quit.

Missing character: There is no ä¸º in font cmti10!
Missing character: There is no äº† in font cmti10!
Missing character: There is no ç®€ in font cmti10!
Missing character: There is no åŒ– in font cmti10!
Missing character: There is no é—® in font cmti10!
Missing character: There is no é¢˜ in font cmti10!
Missing character: There is no ï¼Œ in font cmti10!
Missing character: There is no å¯ in font cmti10!
Missing character: There is no ä»¥ in font cmti10!
Missing character: There is no æŠŠ in font cmti10!
Missing character: There is no ç‹ in font cmti10!
Missing character: There is no è¿ª in font cmti10!
Missing character: There is no å’Œ in font cmti10!
Missing character: There is no å¦¹ in font cmti10!
Missing character: There is no å­ in font cmti10!
Missing character: There is no çœ‹ in font cmti10!
Missing character: There is no ä½œ in font cmti10!
Missing character: There is no ä¸‰ in font cmti10!
Missing character: There is no ç»´ in font cmti10!
Missing character: There is no ç›´ in font cmti10!
Missing character: There is no è§’ in font cmti10!
Missing character: There is no å in font cmti10!
Missing character: There is no æ ‡ in font cmti10!
Missing character: There is no ç³» in font cmti10!
Missing character: There is no ä¸­ in font cmti10!
Missing character: There is no çš„ in font cmti10!
Missing character: There is no ç‚¹ in font cmti10!
Missing character: There is no ï¼Œ in font cmti10!
Missing character: There is no å…¶ in font cmti10!
Missing character: There is no ä¸­ in font cmti10!
Missing character: There is no ä»» in font cmti10!
Missing character: There is no æ„ in font cmti10!
Missing character: There is no ä¸¤ in font cmti10!
Missing character: There is no ç‚¹ in font cmti10!
Missing character: There is no ä¹‹ in font cmti10!
Missing character: There is no é—´ in font cmti10!
Missing character: There is no æ²¡ in font cmti10!
Missing character: There is no æœ‰ in font cmti10!
Missing character: There is no éšœ in font cmti10!
Missing character: There is no ç¢ in font cmti10!
Missing character: There is no ï¼ˆ in font cmti10!
Missing character: There is no éƒ½ in font cmti10!
Missing character: There is no èƒ½ in font cmti10!
Missing character: There is no äº’ in font cmti10!
Missing character: There is no ç›¸ in font cmti10!
Missing character: There is no è¾¾ in font cmti10!
Missing character: There is no åˆ° in font cmti10!
Missing character: There is no ï¼‰ in font cmti10!
Missing character: There is no ã€‚ in font cmti10!
Missing character: There is no ç‹ in font cmti10!
Missing character: There is no è¿ª in font cmti10!
Missing character: There is no å½“ in font cmti10!
Missing character: There is no ç„¶ in font cmti10!
Missing character: There is no ä¸ in font cmti10!
Missing character: There is no ä¼š in font cmti10!
Missing character: There is no é”™ in font cmti10!
Missing character: There is no è¿‡ in font cmti10!
Missing character: There is no ä»» in font cmti10!
Missing character: There is no ä½• in font cmti10!
Missing character: There is no ä¸€ in font cmti10!
Missing character: There is no ä¸ª in font cmti10!
Missing character: There is no å¦¹ in font cmti10!
Missing character: There is no å­ in font cmti10!
Missing character: There is no çš„ in font cmti10!
Missing character: There is no ç¤¼ in font cmti10!
Missing character: There is no ç‰© in font cmti10!
Missing character: There is no ï¼Œ in font cmti10!
Missing character: There is no å¹¶ in font cmti10!
Missing character: There is no ä¸” in font cmti10!
Missing character: There is no ä»– in font cmti10!
Missing character: There is no æ‰“ in font cmti10!
Missing character: There is no ç®— in font cmti10!
Missing character: There is no åª in font cmti10!
Missing character: There is no è§ in font cmti10!
Missing character: There is no æ¯ in font cmti10!
Missing character: There is no ä¸€ in font cmti10!
Missing character: There is no ä¸ª in font cmti10!
Missing character: There is no å¦¹ in font cmti10!
Missing character: There is no å­ in font cmti10!
Missing character: There is no ä¸€ in font cmti10!
Missing character: There is no é¢ in font cmti10!
Missing character: There is no ï¼Œ in font cmti10!
Missing character: There is no æœ€ in font cmti10!
Missing character: There is no å in font cmti10!
Missing character: There is no å› in font cmti10!
Missing character: There is no åˆ° in font cmti10!
Missing character: There is no ä»– in font cmti10!
Missing character: There is no æœ€ in font cmti10!
Missing character: There is no å¼€ in font cmti10!
Missing character: There is no å§‹ in font cmti10!
Missing character: There is no æ‰€ in font cmti10!
Missing character: There is no åœ¨ in font cmti10!
Missing character: There is no ä½ in font cmti10!
Missing character: There is no ç½® in font cmti10!
Missing character: There is no ã€‚ in font cmti10!
Missing character: There is no ä½† in font cmti10!
Missing character: There is no ç‹ in font cmti10!
Missing character: There is no è¿ª in font cmti10!
Missing character: There is no ä¸ in font cmti10!
Missing character: There is no å¤ª in font cmti10!
Missing character: There is no å–œ in font cmti10!
Missing character: There is no æ¬¢ in font cmti10!
Missing character: There is no èµ° in font cmti10!
Missing character: There is no è·¯ in font cmti10!
Missing character: There is no ï¼Œ in font cmti10!
Missing character: There is no ä»– in font cmti10!
Missing character: There is no åª in font cmti10!
Missing character: There is no æ„¿ in font cmti10!
Missing character: There is no æ„ in font cmti10!
Missing character: There is no é€‰ in font cmti10!
Missing character: There is no æ‹© in font cmti10!
Missing character: There is no ä¸€ in font cmti10!
Missing character: There is no æ¡ in font cmti10!
Missing character: There is no æœ€ in font cmti10!
Missing character: There is no çŸ­ in font cmti10!
Missing character: There is no çš„ in font cmti10!
Missing character: There is no è·¯ in font cmti10!
Missing character: There is no æ¥ in font cmti10!
Missing character: There is no èµ° in font cmti10!
Missing character: There is no ã€‚ in font cmti10!
Missing character: There is no åŒ in font cmti10!
Missing character: There is no æ—¶ in font cmti10!
Missing character: There is no ç”± in font cmti10!
Missing character: There is no äº in font cmti10!
Missing character: There is no ç‹ in font cmti10!
Missing character: There is no è¿ª in font cmti10!
Missing character: There is no æ€¥ in font cmti10!
Missing character: There is no åˆ‡ in font cmti10!
Missing character: There is no åœ° in font cmti10!
Missing character: There is no æƒ³ in font cmti10!
Missing character: There is no è§ in font cmti10!
Missing character: There is no å¦¹ in font cmti10!
Missing character: There is no å­ in font cmti10!
Missing character: There is no ï¼Œ in font cmti10!
Missing character: There is no ç¼– in font cmti10!
Missing character: There is no ç¨‹ in font cmti10!
Missing character: There is no åŠŸ in font cmti10!
Missing character: There is no åŠ› in font cmti10!
Missing character: There is no é€€ in font cmti10!
Missing character: There is no æ­¥ in font cmti10!
Missing character: There is no ï¼Œ in font cmti10!
Missing character: There is no å¸Œ in font cmti10!
Missing character: There is no æœ› in font cmti10!
Missing character: There is no ä½  in font cmti10!
Missing character: There is no èƒ½ in font cmti10!
Missing character: There is no å¸® in font cmti10!
Missing character: There is no ä»– in font cmti10!
Missing character: There is no è§£ in font cmti10!
Missing character: There is no å†³ in font cmti10!
Missing character: There is no è¿™ in font cmti10!
Missing character: There is no ä¸ª in font cmti10!
Missing character: There is no é—® in font cmti10!
Missing character: There is no é¢˜ in font cmti10!
Missing character: There is no ã€‚ in font cmti10!
! Undefined control sequence.
l.7 \subsection
               {è¾“å…¥æ ¼å¼}
The control sequence at the end of the top line
of your error message was never \def'ed. If you have
misspelled it (e.g., `\hobx'), type `I' and the correct
spelling (e.g., `I\hbox'). Otherwise just continue,
and I'll forget about whatever was undefined.

Missing character: There is no è¾“ in font nullfont!
Missing character: There is no å…¥ in font nullfont!
Missing character: There is no æ ¼ in font nullfont!
Missing character: There is no å¼ in font nullfont!
Missing character: There is no ç¬¬ in font cmti10!
Missing character: There is no ä¸€ in font cmti10!
Missing character: There is no è¡Œ in font cmti10!
Missing character: There is no åŒ… in font cmti10!
Missing character: There is no æ‹¬ in font cmti10!
Missing character: There is no ä¸‰ in font cmti10!
Missing character: There is no ä¸ª in font cmti10!
Missing character: There is no å® in font cmti10!
Missing character: There is no æ•° in font cmti10!
LaTeX Font Info:    External font `cmex10' loaded for size
(Font)              <7> on input line 9.
LaTeX Font Info:    External font `cmex10' loaded for size
(Font)              <5> on input line 9.
Missing character: There is no ï¼Œ in font cmti10!
Missing character: There is no ï¼Œ in font cmti10!
Missing character: There is no ï¼Œ in font cmti10!
Missing character: There is no ä¸º in font cmti10!
Missing character: There is no ç‹ in font cmti10!
Missing character: There is no è¿ª in font cmti10!
Missing character: There is no æœ€ in font cmti10!
Missing character: There is no åˆ in font cmti10!
Missing character: There is no çš„ in font cmti10!
Missing character: There is no ä½ in font cmti10!
Missing character: There is no ç½® in font cmti10!
Missing character: There is no ã€‚ in font cmti10!

Overfull \hbox (20.0pt too wide) in paragraph at lines 4--10
[]
 []


Overfull \hbox (28.72697pt too wide) in paragraph at lines 4--10
\OML/cmm/m/it/10 x[]$$y[]$$z[]$ 
 []


! LaTeX Error: Missing \begin{document}.

See the LaTeX manual or LaTeX Companion for explanation.
Type  H <return>  for immediate help.
 ...                                              
                                                  
l.10 \par ç¬¬
             äºŒè¡Œä¸ºä¸€ä¸ªæ•°$n$ï¼ˆ$0 \le n \le 100$ï¼‰ï¼Œä¸ºå¦¹å­ä¸ªæ•°ã€‚
You're in trouble here.  Try typing  <return>  to proceed.
If that doesn't work, type  X <return>  to quit.

Missing character: There is no ç¬¬ in font cmti10!
Missing character: There is no äºŒ in font cmti10!
Missing character: There is no è¡Œ in font cmti10!
Missing character: There is no ä¸º in font cmti10!
Missing character: There is no ä¸€ in font cmti10!
Missing character: There is no ä¸ª in font cmti10!
Missing character: There is no æ•° in font cmti10!
Missing character: There is no ï¼ˆ in font cmti10!
Missing character: There is no ï¼‰ in font cmti10!
Missing character: There is no ï¼Œ in font cmti10!
Missing character: There is no ä¸º in font cmti10!
Missing character: There is no å¦¹ in font cmti10!
Missing character: There is no å­ in font cmti10!
Missing character: There is no ä¸ª in font cmti10!
Missing character: There is no æ•° in font cmti10!
Missing character: There is no ã€‚ in font cmti10!

Overfull \hbox (41.55788pt too wide) in paragraph at lines 10--11
[]$\OML/cmm/m/it/10 n$$\OT1/cmr/m/n/10 0 \OMS/cmsy/m/n/10 ^^T
 []


Overfull \hbox (16.55786pt too wide) in paragraph at lines 10--11
\OML/cmm/m/it/10 n \OMS/cmsy/m/n/10 ^^T
 []


Overfull \hbox (15.00005pt too wide) in paragraph at lines 10--11
\OT1/cmr/m/n/10 100$ 
 []


! LaTeX Error: Missing \begin{document}.

See the LaTeX manual or LaTeX Companion for explanation.
Type  H <return>  for immediate help.
 ...                                              
                                                  
l.11 \par æ¥
             ä¸‹æ¥$n$è¡Œï¼Œç¬¬$i$è¡ŒåŒ…æ‹¬ä¸‰ä¸ªå®æ•°$x_i$ï¼Œ$y_i$ï¼Œ$z_i$...

You're in trouble here.  Try typing  <return>  to proceed.
If that doesn't work, type  X <return>  to quit.

Missing character: There is no æ¥ in font cmti10!
Missing character: There is no ä¸‹ in font cmti10!
Missing character: There is no æ¥ in font cmti10!
Missing character: There is no è¡Œ in font cmti10!
Missing character: There is no ï¼Œ in font cmti10!
Missing character: There is no ç¬¬ in font cmti10!
Missing character: There is no è¡Œ in font cmti10!
Missing character: There is no åŒ… in font cmti10!
Missing character: There is no æ‹¬ in font cmti10!
Missing character: There is no ä¸‰ in font cmti10!
Missing character: There is no ä¸ª in font cmti10!
Missing character: There is no å® in font cmti10!
Missing character: There is no æ•° in font cmti10!
Missing character: There is no ï¼Œ in font cmti10!
Missing character: There is no ï¼Œ in font cmti10!
Missing character: There is no ï¼Œ in font cmti10!
Missing character: There is no ä¸º in font cmti10!
Missing character: There is no ç¬¬ in font cmti10!
Missing character: There is no ä¸ª in font cmti10!
Missing character: There is no å¦¹ in font cmti10!
Missing character: There is no å­ in font cmti10!
Missing character: There is no çš„ in font cmti10!
Missing character: There is no å in font cmti10!
Missing character: There is no æ ‡ in font cmti10!
Missing character: There is no ã€‚ in font cmti10!
! Undefined control sequence.
l.12 \subsection
                {è¾“å‡ºæ ¼å¼}
The control sequence at the end of the top line
of your error message was never \def'ed. If you have
misspelled it (e.g., `\hobx'), type `I' and the correct
spelling (e.g., `I\hbox'). Otherwise just continue,
and I'll forget about whatever was undefined.

Missing character: There is no è¾“ in font nullfont!
Missing character: There is no å‡º in font nullfont!
Missing character: There is no æ ¼ in font nullfont!
Missing character: There is no å¼ in font nullfont!
Missing character: There is no ç¬¬ in font cmti10!
Missing character: There is no ä¸€ in font cmti10!
Missing character: There is no è¡Œ in font cmti10!
Missing character: There is no åŒ… in font cmti10!
Missing character: There is no å« in font cmti10!
Missing character: There is no ä¸€ in font cmti10!
Missing character: There is no ä¸ª in font cmti10!
Missing character: There is no å® in font cmti10!
Missing character: There is no æ•° in font cmti10!
Missing character: There is no ï¼Œ in font cmti10!
Missing character: There is no å³ in font cmti10!
Missing character: There is no æœ€ in font cmti10!
Missing character: There is no çŸ­ in font cmti10!
Missing character: There is no çš„ in font cmti10!
Missing character: There is no æ€» in font cmti10!
Missing character: There is no è·¯ in font cmti10!
Missing character: There is no ç¨‹ in font cmti10!
Missing character: There is no ï¼Œ in font cmti10!
Missing character: There is no ä¿ in font cmti10!
Missing character: There is no ç•™ in font cmti10!
Missing character: There is no ä½ in font cmti10!
Missing character: There is no å° in font cmti10!
Missing character: There is no æ•° in font cmti10!
Missing character: There is no ã€‚ in font cmti10!

Overfull \hbox (58.14905pt too wide) in paragraph at lines 11--15
[]$\OML/cmm/m/it/10 n$$i$$x[]$$y[]$$z[]$$i$
 []


Overfull \hbox (5.00002pt too wide) in paragraph at lines 11--15
\OT1/cmr/m/n/10 3$ 
 []


! LaTeX Error: Missing \begin{document}.

See the LaTeX manual or LaTeX Companion for explanation.
Type  H <return>  for immediate help.
 ...                                              
                                                  
l.15 \par ç¬¬
             äºŒè¡ŒåŒ…å«$n$ä¸ªæ•°ï¼Œå³ä¾æ¬¡è®¿é—®çš„å¦¹å­ç¼–å·ã€‚}
You're in trouble here.  Try typing  <return>  to proceed.
If that doesn't work, type  X <return>  to quit.

Missing character: There is no ç¬¬ in font cmti10!
Missing character: There is no äºŒ in font cmti10!
Missing character: There is no è¡Œ in font cmti10!
Missing character: There is no åŒ… in font cmti10!
Missing character: There is no å« in font cmti10!
Missing character: There is no ä¸ª in font cmti10!
Missing character: There is no æ•° in font cmti10!
Missing character: There is no ï¼Œ in font cmti10!
Missing character: There is no å³ in font cmti10!
Missing character: There is no ä¾ in font cmti10!
Missing character: There is no æ¬¡ in font cmti10!
Missing character: There is no è®¿ in font cmti10!
Missing character: There is no é—® in font cmti10!
Missing character: There is no çš„ in font cmti10!
Missing character: There is no å¦¹ in font cmti10!
Missing character: There is no å­ in font cmti10!
Missing character: There is no ç¼– in font cmti10!
Missing character: There is no å· in font cmti10!
Missing character: There is no ã€‚ in font cmti10!
! Undefined control sequence.
l.16 \subsection
                {æ ·ä¾‹è¾“å…¥}
The control sequence at the end of the top line
of your error message was never \def'ed. If you have
misspelled it (e.g., `\hobx'), type `I' and the correct
spelling (e.g., `I\hbox'). Otherwise just continue,
and I'll forget about whatever was undefined.

Missing character: There is no æ · in font nullfont!
Missing character: There is no ä¾‹ in font nullfont!
Missing character: There is no è¾“ in font nullfont!
Missing character: There is no å…¥ in font nullfont!

Overfull \hbox (26.00235pt too wide) in paragraph at lines 15--17
[]$\OML/cmm/m/it/10 n$ 
 []


Overfull \hbox (26.24977pt too wide) in paragraph at lines 21--21
[]\OT1/cmtt/m/n/10 0 0 0[] 
 []


Overfull \hbox (5.24995pt too wide) in paragraph at lines 21--21
[]\OT1/cmtt/m/n/10 1[] 
 []


Overfull \hbox (26.24977pt too wide) in paragraph at lines 21--21
[]\OT1/cmtt/m/n/10 1 1 1[] 
 []

! Undefined control sequence.
l.22 \subsection
                {æ ·ä¾‹è¾“å‡º}
The control sequence at the end of the top line
of your error message was never \def'ed. If you have
misspelled it (e.g., `\hobx'), type `I' and the correct
spelling (e.g., `I\hbox'). Otherwise just continue,
and I'll forget about whatever was undefined.

Missing character: There is no æ · in font nullfont!
Missing character: There is no ä¾‹ in font nullfont!
Missing character: There is no è¾“ in font nullfont!
Missing character: There is no å‡º in font nullfont!

Overfull \hbox (26.24977pt too wide) in paragraph at lines 26--26
[]\OT1/cmtt/m/n/10 1.732[] 
 []


Overfull \hbox (5.24995pt too wide) in paragraph at lines 26--26
[]\OT1/cmtt/m/n/10 1[] 
 []

! Undefined control sequence.
l.28 \subsection
                {æ•°æ®è§„æ¨¡}
The control sequence at the end of the top line
of your error message was never \def'ed. If you have
misspelled it (e.g., `\hobx'), type `I' and the correct
spelling (e.g., `I\hbox'). Otherwise just continue,
and I'll forget about whatever was undefined.

Missing character: There is no æ•° in font nullfont!
Missing character: There is no æ® in font nullfont!
Missing character: There is no è§„ in font nullfont!
Missing character: There is no æ¨¡ in font nullfont!
Missing character: There is no å¯¹ in font cmti10!
Missing character: There is no äº in font cmti10!
Missing character: There is no çš„ in font cmti10!
Missing character: There is no æ•° in font cmti10!
Missing character: There is no æ® in font cmti10!
Missing character: There is no ï¼Œ in font cmti10!
Missing character: There is no ï¼› in font cmti10!

Overfull \hbox (20.0pt too wide) in paragraph at lines 28--30
[]
 []


Overfull \hbox (34.89125pt too wide) in paragraph at lines 28--30
\OT1/cmr/m/n/10 30%$$\OML/cmm/m/it/10 n \OMS/cmsy/m/n/10 ^^T
 []


Overfull \hbox (10.00003pt too wide) in paragraph at lines 28--30
\OT1/cmr/m/n/10 10$ 
 []

Missing character: There is no å¯¹ in font cmti10!
Missing character: There is no äº in font cmti10!
Missing character: There is no çš„ in font cmti10!
Missing character: There is no æ•° in font cmti10!
Missing character: There is no æ® in font cmti10!
Missing character: There is no ï¼Œ in font cmti10!
Missing character: There is no ï¼› in font cmti10!

Overfull \hbox (54.89125pt too wide) in paragraph at lines 31--31
[]$\OT1/cmr/m/n/10 60%$$\OML/cmm/m/it/10 n \OMS/cmsy/m/n/10 ^^T
 []


Overfull \hbox (10.00003pt too wide) in paragraph at lines 31--31
\OT1/cmr/m/n/10 20$ 
 []

Missing character: There is no å¯¹ in font cmti10!
Missing character: There is no äº in font cmti10!
Missing character: There is no çš„ in font cmti10!
Missing character: There is no æ•° in font cmti10!
Missing character: There is no æ® in font cmti10!
Missing character: There is no ï¼Œ in font cmti10!
Missing character: There is no ï¼Œ in font cmti10!
Missing character: There is no æ‰€ in font cmti10!
Missing character: There is no æœ‰ in font cmti10!
Missing character: There is no å® in font cmti10!
Missing character: There is no æ•° in font cmti10!
Missing character: There is no å‡ in font cmti10!
Missing character: There is no å¤§ in font cmti10!
Missing character: There is no äº in font cmti10!
Missing character: There is no å° in font cmti10!
Missing character: There is no äº in font cmti10!
Missing character: There is no ã€‚ in font cmti10!
)
! Emergency stop.
<*> tsp.tex
           
*** (job aborted, no legal \end found)

 
Here is how much of TeX's memory you used:
 11 strings out of 495713
 100 string characters out of 1188883
 46203 words of memory out of 3000000
 3245 multiletter control sequences out of 15000+50000
 4154 words of font info for 16 fonts, out of 3000000 for 9000
 28 hyphenation exceptions out of 8191
 18i,1n,12p,133b,157s stack positions out of 5000i,500n,10000p,200000b,50000s
No pages of output.
