This is XeTeX, Version 3.1415926-2.2-0.9995.2 (TeX Live 2009/Debian) (format=xelatex 2011.7.16)  2 SEP 2011 16:45
entering extended mode
 %&-line parsing enabled.
**wdnum.tex
(./wdnum.tex
LaTeX2e <2009/09/24>
Babel <v3.8l> and hyphenation patterns for english, usenglishmax, dumylang, noh
yphenation, pinyin, loaded.
! Undefined control sequence.
l.1 \section
            {ç‹è¿ªæ•°}
? q
OK, entering \batchmode...

! LaTeX Error: Missing \begin{document}.

See the LaTeX manual or LaTeX Companion for explanation.
Type  H <return>  for immediate help.
 ...                                              
                                                  
l.1 \section{ç‹
                è¿ªæ•°}
You're in trouble here.  Try typing  <return>  to proceed.
If that doesn't work, type  X <return>  to quit.

Missing character: There is no ç‹ in font nullfont!
Missing character: There is no è¿ª in font nullfont!
Missing character: There is no æ•° in font nullfont!
! Undefined control sequence.
l.2 \subsection
               {é¢˜ç›®æè¿°}
The control sequence at the end of the top line
of your error message was never \def'ed. If you have
misspelled it (e.g., `\hobx'), type `I' and the correct
spelling (e.g., `I\hbox'). Otherwise just continue,
and I'll forget about whatever was undefined.

Missing character: There is no é¢˜ in font nullfont!
Missing character: There is no ç›® in font nullfont!
Missing character: There is no æ in font nullfont!
Missing character: There is no è¿° in font nullfont!
Missing character: There is no ç‹ in font cmti10!
Missing character: There is no è¿ª in font cmti10!
Missing character: There is no å–œ in font cmti10!
Missing character: There is no æ¬¢ in font cmti10!
Missing character: There is no ç© in font cmti10!
Missing character: There is no æ•° in font cmti10!
Missing character: There is no å­— in font cmti10!
Missing character: There is no æ¸¸ in font cmti10!
Missing character: There is no æˆ in font cmti10!
Missing character: There is no ã€‚ in font cmti10!
Missing character: There is no ä¸¤ in font cmti10!
Missing character: There is no å¤© in font cmti10!
Missing character: There is no ä»¥ in font cmti10!
Missing character: There is no å‰ in font cmti10!
Missing character: There is no ä»– in font cmti10!
Missing character: There is no å‘ in font cmti10!
Missing character: There is no ç° in font cmti10!
LaTeX Font Info:    External font `cmex10' loaded for size
(Font)              <7> on input line 5.
LaTeX Font Info:    External font `cmex10' loaded for size
(Font)              <5> on input line 5.
Missing character: There is no æœ€ in font cmti10!
Missing character: There is no å in font cmti10!
Missing character: There is no å›› in font cmti10!
Missing character: There is no ä½ in font cmti10!
Missing character: There is no æ•° in font cmti10!
Missing character: There is no æ° in font cmti10!
Missing character: There is no å¥½ in font cmti10!
Missing character: There is no ä¸º in font cmti10!
Missing character: There is no åŸ in font cmti10!
Missing character: There is no æ•° in font cmti10!
Missing character: There is no ã€‚ in font cmti10!
Missing character: There is no ä»– in font cmti10!
Missing character: There is no ç§° in font cmti10!
Missing character: There is no è¿™ in font cmti10!
Missing character: There is no ç§ in font cmti10!
Missing character: There is no æ•° in font cmti10!
Missing character: There is no ä¸º in font cmti10!
Missing character: There is no ç‹ in font cmti10!
Missing character: There is no è¿ª in font cmti10!
Missing character: There is no æ•° in font cmti10!
Missing character: There is no ã€‚ in font cmti10!
Missing character: There is no æ›´ in font cmti10!
Missing character: There is no ç²¾ in font cmti10!
Missing character: There is no ç¡® in font cmti10!
Missing character: There is no åœ° in font cmti10!
Missing character: There is no è¯´ in font cmti10!
Missing character: There is no ï¼Œ in font cmti10!
Missing character: There is no ä¸€ in font cmti10!
Missing character: There is no ä¸ª in font cmti10!
Missing character: There is no ä½ in font cmti10!
Missing character: There is no æ•° in font cmti10!
Missing character: There is no æ˜¯ in font cmti10!
Missing character: There is no ç‹ in font cmti10!
Missing character: There is no è¿ª in font cmti10!
Missing character: There is no æ•° in font cmti10!
Missing character: There is no å½“ in font cmti10!
Missing character: There is no è¿™ in font cmti10!
Missing character: There is no ä¸ª in font cmti10!
Missing character: There is no æ•° in font cmti10!
Missing character: There is no ç­‰ in font cmti10!
Missing character: There is no äº in font cmti10!
Missing character: There is no å®ƒ in font cmti10!
Missing character: There is no çš„ in font cmti10!
Missing character: There is no å¹³ in font cmti10!
Missing character: There is no æ–¹ in font cmti10!
Missing character: There is no çš„ in font cmti10!
Missing character: There is no æœ€ in font cmti10!
Missing character: There is no å in font cmti10!
Missing character: There is no ä½ in font cmti10!
Missing character: There is no ã€‚ in font cmti10!
Missing character: There is no å¦¹ in font cmti10!
Missing character: There is no å­ in font cmti10!
Missing character: There is no å¾— in font cmti10!
Missing character: There is no çŸ¥ in font cmti10!
Missing character: There is no äº† in font cmti10!
Missing character: There is no ç‹ in font cmti10!
Missing character: There is no è¿ª in font cmti10!
Missing character: There is no çš„ in font cmti10!
Missing character: There is no è¿™ in font cmti10!
Missing character: There is no ä¸ª in font cmti10!
Missing character: There is no çˆ± in font cmti10!
Missing character: There is no å¥½ in font cmti10!
Missing character: There is no ï¼Œ in font cmti10!
Missing character: There is no æ‰“ in font cmti10!
Missing character: There is no ç®— in font cmti10!
Missing character: There is no é€ in font cmti10!
Missing character: There is no ç‹ in font cmti10!
Missing character: There is no è¿ª in font cmti10!
Missing character: There is no ä¸€ in font cmti10!
Missing character: There is no äº› in font cmti10!
Missing character: There is no æ–° in font cmti10!
Missing character: There is no çš„ in font cmti10!
Missing character: There is no è¿™ in font cmti10!
Missing character: There is no ç±» in font cmti10!
Missing character: There is no æ•° in font cmti10!
Missing character: There is no ã€‚ in font cmti10!
Missing character: There is no ä¸ in font cmti10!
Missing character: There is no å¹¸ in font cmti10!
Missing character: There is no çš„ in font cmti10!
Missing character: There is no æ˜¯ in font cmti10!
Missing character: There is no ï¼Œ in font cmti10!
Missing character: There is no ç‹ in font cmti10!
Missing character: There is no è¿ª in font cmti10!
Missing character: There is no å·² in font cmti10!
Missing character: There is no ç» in font cmti10!
Missing character: There is no çŸ¥ in font cmti10!
Missing character: There is no é“ in font cmti10!
Missing character: There is no äº† in font cmti10!
Missing character: There is no è¿› in font cmti10!
Missing character: There is no åˆ¶ in font cmti10!
Missing character: There is no ä¸‹ in font cmti10!
Missing character: There is no æ‰€ in font cmti10!
Missing character: There is no æœ‰ in font cmti10!
Missing character: There is no çš„ in font cmti10!
Missing character: There is no ç‹ in font cmti10!
Missing character: There is no è¿ª in font cmti10!
Missing character: There is no æ•° in font cmti10!
Missing character: There is no ï¼Œ in font cmti10!
Missing character: There is no æ‰€ in font cmti10!
Missing character: There is no ä»¥ in font cmti10!
Missing character: There is no å¦¹ in font cmti10!
Missing character: There is no å­ in font cmti10!
Missing character: There is no å¸Œ in font cmti10!
Missing character: There is no æœ› in font cmti10!
Missing character: There is no èƒ½ in font cmti10!
Missing character: There is no æ‰¾ in font cmti10!
Missing character: There is no å‡º in font cmti10!
Missing character: There is no è¿› in font cmti10!
Missing character: There is no åˆ¶ in font cmti10!
Missing character: There is no ä¸‹ in font cmti10!
Missing character: There is no ä½ in font cmti10!
Missing character: There is no æ•° in font cmti10!
Missing character: There is no ä¸º in font cmti10!
Missing character: There is no çš„ in font cmti10!
Missing character: There is no ç‹ in font cmti10!
Missing character: There is no è¿ª in font cmti10!
Missing character: There is no æ•° in font cmti10!
Missing character: There is no ã€‚ in font cmti10!

Overfull \hbox (20.0pt too wide) in paragraph at lines 1--7
[]
 []


Overfull \hbox (35.0417pt too wide) in paragraph at lines 1--7
\OT1/cmr/m/n/10 9376[] =
 []


Overfull \hbox (50.22229pt too wide) in paragraph at lines 1--7
\OT1/cmr/m/n/10 87909376$\OT1/cmr/m/it/10 ---
 []


Overfull \hbox (64.56537pt too wide) in paragraph at lines 1--7
\OT1/cmr/m/n/10 9376$$\OML/cmm/m/it/10 n$$n$\OT1/cmr/m/it/10 Z$\OT1/cmr/m/n/10 
10$\OT1/cmr/m/it/10 Z$\OML/cmm/m/it/10 b$$n$
 []

! Undefined control sequence.
l.8 \subsection
               {è¾“å…¥æ ¼å¼}
The control sequence at the end of the top line
of your error message was never \def'ed. If you have
misspelled it (e.g., `\hobx'), type `I' and the correct
spelling (e.g., `I\hbox'). Otherwise just continue,
and I'll forget about whatever was undefined.


! LaTeX Error: Missing \begin{document}.

See the LaTeX manual or LaTeX Companion for explanation.
Type  H <return>  for immediate help.
 ...                                              
                                                  
l.8 \subsection{è¾“
                   å…¥æ ¼å¼}
You're in trouble here.  Try typing  <return>  to proceed.
If that doesn't work, type  X <return>  to quit.

Missing character: There is no è¾“ in font nullfont!
Missing character: There is no å…¥ in font nullfont!
Missing character: There is no æ ¼ in font nullfont!
Missing character: There is no å¼ in font nullfont!
Missing character: There is no ä»… in font cmti10!
Missing character: There is no ä¸€ in font cmti10!
Missing character: There is no è¡Œ in font cmti10!
Missing character: There is no åŒ… in font cmti10!
Missing character: There is no å« in font cmti10!
Missing character: There is no ä¸¤ in font cmti10!
Missing character: There is no ä¸ª in font cmti10!
Missing character: There is no æ•° in font cmti10!
Missing character: There is no ï¼Œ in font cmti10!
Missing character: There is no ã€‚ in font cmti10!
! Undefined control sequence.
l.12 \subsection
                {è¾“å‡ºæ ¼å¼}
The control sequence at the end of the top line
of your error message was never \def'ed. If you have
misspelled it (e.g., `\hobx'), type `I' and the correct
spelling (e.g., `I\hbox'). Otherwise just continue,
and I'll forget about whatever was undefined.

Missing character: There is no è¾“ in font nullfont!
Missing character: There is no å‡º in font nullfont!
Missing character: There is no æ ¼ in font nullfont!
Missing character: There is no å¼ in font nullfont!
Missing character: There is no è¾“ in font cmti10!
Missing character: There is no å‡º in font cmti10!
Missing character: There is no ç¬¬ in font cmti10!
Missing character: There is no ä¸€ in font cmti10!
Missing character: There is no è¡Œ in font cmti10!
Missing character: There is no ä¸º in font cmti10!
Missing character: There is no ï¼Œ in font cmti10!
Missing character: There is no å³ in font cmti10!
Missing character: There is no æ»¡ in font cmti10!
Missing character: There is no è¶³ in font cmti10!
Missing character: There is no æ¡ in font cmti10!
Missing character: There is no ä»¶ in font cmti10!
Missing character: There is no çš„ in font cmti10!
Missing character: There is no ç‹ in font cmti10!
Missing character: There is no è¿ª in font cmti10!
Missing character: There is no æ•° in font cmti10!
Missing character: There is no çš„ in font cmti10!
Missing character: There is no ä¸ª in font cmti10!
Missing character: There is no æ•° in font cmti10!
Missing character: There is no ã€‚ in font cmti10!

Overfull \hbox (20.0pt too wide) in paragraph at lines 8--15
[]
 []


Overfull \hbox (10.294pt too wide) in paragraph at lines 8--15
\OML/cmm/m/it/10 b$$n$
 []


Overfull \hbox (9.20833pt too wide) in paragraph at lines 8--15
\OML/cmm/m/it/10 K$ 
 []


! LaTeX Error: Missing \begin{document}.

See the LaTeX manual or LaTeX Companion for explanation.
Type  H <return>  for immediate help.
 ...                                              
                                                  
l.15 \par æ¥
             ä¸‹æ¥$K$è¡Œæ¯è¡Œä¸ºä¸€ä¸ªç‹è¿ªæ•°ã€‚ç”¨å¤§å†™å­—æ¯Aåˆ°Zæ¥è...

You're in trouble here.  Try typing  <return>  to proceed.
If that doesn't work, type  X <return>  to quit.

Missing character: There is no æ¥ in font cmti10!
Missing character: There is no ä¸‹ in font cmti10!
Missing character: There is no æ¥ in font cmti10!
Missing character: There is no è¡Œ in font cmti10!
Missing character: There is no æ¯ in font cmti10!
Missing character: There is no è¡Œ in font cmti10!
Missing character: There is no ä¸º in font cmti10!
Missing character: There is no ä¸€ in font cmti10!
Missing character: There is no ä¸ª in font cmti10!
Missing character: There is no ç‹ in font cmti10!
Missing character: There is no è¿ª in font cmti10!
Missing character: There is no æ•° in font cmti10!
Missing character: There is no ã€‚ in font cmti10!
Missing character: There is no ç”¨ in font cmti10!
Missing character: There is no å¤§ in font cmti10!
Missing character: There is no å†™ in font cmti10!
Missing character: There is no å­— in font cmti10!
Missing character: There is no æ¯ in font cmti10!
Missing character: There is no åˆ° in font cmti10!
Missing character: There is no æ¥ in font cmti10!
Missing character: There is no è¡¨ in font cmti10!
Missing character: There is no ç¤º in font cmti10!
Missing character: There is no æŸ in font cmti10!
Missing character: There is no ä¸€ in font cmti10!
Missing character: There is no ä½ in font cmti10!
Missing character: There is no ä¸º in font cmti10!
Missing character: There is no åˆ° in font cmti10!
Missing character: There is no ã€‚ in font cmti10!
Missing character: There is no ä»¥ in font cmti10!
Missing character: There is no ä»» in font cmti10!
Missing character: There is no æ„ in font cmti10!
Missing character: There is no é¡º in font cmti10!
Missing character: There is no åº in font cmti10!
Missing character: There is no è¾“ in font cmti10!
Missing character: There is no å‡º in font cmti10!
Missing character: There is no éƒ½ in font cmti10!
Missing character: There is no å¯ in font cmti10!
Missing character: There is no ã€‚ in font cmti10!
! Undefined control sequence.
l.18 \subsection
                {æ ·ä¾‹è¾“å…¥}
The control sequence at the end of the top line
of your error message was never \def'ed. If you have
misspelled it (e.g., `\hobx'), type `I' and the correct
spelling (e.g., `I\hbox'). Otherwise just continue,
and I'll forget about whatever was undefined.

Missing character: There is no æ · in font nullfont!
Missing character: There is no ä¾‹ in font nullfont!
Missing character: There is no è¾“ in font nullfont!
Missing character: There is no å…¥ in font nullfont!

Overfull \hbox (62.77496pt too wide) in paragraph at lines 15--19
[]$\OML/cmm/m/it/10 K$\OT1/cmr/m/it/10 AZ$\OT1/cmr/m/n/10 10$$35$
 []


Overfull \hbox (20.99982pt too wide) in paragraph at lines 21--21
[]\OT1/cmtt/m/n/10 12 6[] 
 []

! Undefined control sequence.
l.22 \subsection
                {æ ·ä¾‹è¾“å‡º}
The control sequence at the end of the top line
of your error message was never \def'ed. If you have
misspelled it (e.g., `\hobx'), type `I' and the correct
spelling (e.g., `I\hbox'). Otherwise just continue,
and I'll forget about whatever was undefined.

Missing character: There is no æ · in font nullfont!
Missing character: There is no ä¾‹ in font nullfont!
Missing character: There is no è¾“ in font nullfont!
Missing character: There is no å‡º in font nullfont!

Overfull \hbox (5.24995pt too wide) in paragraph at lines 27--27
[]\OT1/cmtt/m/n/10 2[] 
 []


Overfull \hbox (31.49973pt too wide) in paragraph at lines 27--27
[]\OT1/cmtt/m/n/10 1B3854[] 
 []


Overfull \hbox (31.49973pt too wide) in paragraph at lines 27--27
[]\OT1/cmtt/m/n/10 A08369[] 
 []

! Undefined control sequence.
l.28 \subsection
                {æ•°æ®èŒƒå›´}
The control sequence at the end of the top line
of your error message was never \def'ed. If you have
misspelled it (e.g., `\hobx'), type `I' and the correct
spelling (e.g., `I\hbox'). Otherwise just continue,
and I'll forget about whatever was undefined.

Missing character: There is no æ•° in font nullfont!
Missing character: There is no æ® in font nullfont!
Missing character: There is no èŒƒ in font nullfont!
Missing character: There is no å›´ in font nullfont!
Missing character: There is no å¯¹ in font cmti10!
Missing character: There is no äº in font cmti10!
Missing character: There is no çš„ in font cmti10!
Missing character: There is no æ•° in font cmti10!
Missing character: There is no æ® in font cmti10!
Missing character: There is no ï¼Œ in font cmti10!
Missing character: There is no ï¼› in font cmti10!

Overfull \hbox (34.89125pt too wide) in paragraph at lines 28--31
 $\OT1/cmr/m/n/10 30%$$\OML/cmm/m/it/10 n \OMS/cmsy/m/n/10 ^^T
 []


Overfull \hbox (10.00003pt too wide) in paragraph at lines 28--31
\OT1/cmr/m/n/10 10$ 
 []

Missing character: There is no å¯¹ in font cmti10!
Missing character: There is no äº in font cmti10!
Missing character: There is no çš„ in font cmti10!
Missing character: There is no æ•° in font cmti10!
Missing character: There is no æ® in font cmti10!
Missing character: There is no ï¼Œ in font cmti10!
Missing character: There is no ï¼› in font cmti10!

Overfull \hbox (54.89125pt too wide) in paragraph at lines 31--32
[]$\OT1/cmr/m/n/10 50%$$\OML/cmm/m/it/10 n \OMS/cmsy/m/n/10 ^^T
 []


Overfull \hbox (10.00003pt too wide) in paragraph at lines 31--32
\OT1/cmr/m/n/10 50$ 
 []

Missing character: There is no å¯¹ in font cmti10!
Missing character: There is no äº in font cmti10!
Missing character: There is no çš„ in font cmti10!
Missing character: There is no æ•° in font cmti10!
Missing character: There is no æ® in font cmti10!
Missing character: There is no ï¼Œ in font cmti10!
Missing character: There is no ï¼› in font cmti10!

Overfull \hbox (54.89125pt too wide) in paragraph at lines 32--33
[]$\OT1/cmr/m/n/10 60%$$\OML/cmm/m/it/10 n \OMS/cmsy/m/n/10 ^^T
 []


Overfull \hbox (15.00005pt too wide) in paragraph at lines 32--33
\OT1/cmr/m/n/10 100$ 
 []

Missing character: There is no å¯¹ in font cmti10!
Missing character: There is no äº in font cmti10!
Missing character: There is no çš„ in font cmti10!
Missing character: There is no æ•° in font cmti10!
Missing character: There is no æ® in font cmti10!
Missing character: There is no ï¼Œ in font cmti10!
Missing character: There is no ï¼› in font cmti10!

Overfull \hbox (54.89125pt too wide) in paragraph at lines 33--34
[]$\OT1/cmr/m/n/10 70%$$\OML/cmm/m/it/10 n \OMS/cmsy/m/n/10 ^^T
 []


Overfull \hbox (15.00005pt too wide) in paragraph at lines 33--34
\OT1/cmr/m/n/10 200$ 
 []

Missing character: There is no å¯¹ in font cmti10!
Missing character: There is no äº in font cmti10!
Missing character: There is no çš„ in font cmti10!
Missing character: There is no æ•° in font cmti10!
Missing character: There is no æ® in font cmti10!
Missing character: There is no ï¼Œ in font cmti10!
Missing character: There is no ï¼Œ in font cmti10!
Missing character: There is no ã€‚ in font cmti10!
)
! Emergency stop.
<*> wdnum.tex
             
*** (job aborted, no legal \end found)

 
Here is how much of TeX's memory you used:
 11 strings out of 495713
 108 string characters out of 1188883
 46203 words of memory out of 3000000
 3245 multiletter control sequences out of 15000+50000
 4154 words of font info for 16 fonts, out of 3000000 for 9000
 28 hyphenation exceptions out of 8191
 18i,1n,12p,210b,157s stack positions out of 5000i,500n,10000p,200000b,50000s
No pages of output.
