This is XeTeX, Version 3.1415926-2.2-0.9995.2 (TeX Live 2009/Debian) (format=xelatex 2011.10.16)  18 OCT 2011 20:25
entering extended mode
 %&-line parsing enabled.
**game.tex
(./game.tex
LaTeX2e <2009/09/24>
Babel <v3.8l> and hyphenation patterns for english, usenglishmax, dumylang, noh
yphenation, pinyin, loaded.
! Undefined control sequence.
l.1 \section
            {æœ‰è¶£çš„æ¸¸æˆ}
? q
OK, entering \batchmode...

! LaTeX Error: Missing \begin{document}.

See the LaTeX manual or LaTeX Companion for explanation.
Type  H <return>  for immediate help.
 ...                                              
                                                  
l.1 \section{æœ‰
                è¶£çš„æ¸¸æˆ}
You're in trouble here.  Try typing  <return>  to proceed.
If that doesn't work, type  X <return>  to quit.

Missing character: There is no æœ‰ in font nullfont!
Missing character: There is no è¶£ in font nullfont!
Missing character: There is no çš„ in font nullfont!
Missing character: There is no æ¸¸ in font nullfont!
Missing character: There is no æˆ in font nullfont!
! Undefined control sequence.
l.2 \subsection
               {é¢˜ç›®æè¿°}
The control sequence at the end of the top line
of your error message was never \def'ed. If you have
misspelled it (e.g., `\hobx'), type `I' and the correct
spelling (e.g., `I\hbox'). Otherwise just continue,
and I'll forget about whatever was undefined.

Missing character: There is no é¢˜ in font nullfont!
Missing character: There is no ç›® in font nullfont!
Missing character: There is no æ in font nullfont!
Missing character: There is no è¿° in font nullfont!
Missing character: There is no åœ¨ in font cmti10!
Missing character: There is no è¿œ in font cmti10!
Missing character: There is no å¤ in font cmti10!
Missing character: There is no çš„ in font cmti10!
Missing character: There is no å¹´ in font cmti10!
Missing character: There is no ä»£ in font cmti10!
Missing character: There is no ï¼Œ in font cmti10!
Missing character: There is no æœ‰ in font cmti10!
Missing character: There is no ä¸€ in font cmti10!
Missing character: There is no ä¸ª in font cmti10!
Missing character: There is no é in font cmti10!
Missing character: There is no å¸¸ in font cmti10!
Missing character: There is no å— in font cmti10!
Missing character: There is no äºº in font cmti10!
Missing character: There is no æ¬¢ in font cmti10!
Missing character: There is no è¿ in font cmti10!
Missing character: There is no çš„ in font cmti10!
Missing character: There is no æ¸¸ in font cmti10!
Missing character: There is no æˆ in font cmti10!
Missing character: There is no ã€‚ in font cmti10!
Missing character: There is no è¯¥ in font cmti10!
Missing character: There is no æ¸¸ in font cmti10!
Missing character: There is no æˆ in font cmti10!
Missing character: There is no ç”± in font cmti10!
Missing character: There is no ä¸¤ in font cmti10!
Missing character: There is no äºº in font cmti10!
Missing character: There is no è¿› in font cmti10!
Missing character: There is no è¡Œ in font cmti10!
Missing character: There is no ã€‚ in font cmti10!
Missing character: There is no åˆš in font cmti10!
Missing character: There is no å¼€ in font cmti10!
Missing character: There is no å§‹ in font cmti10!
Missing character: There is no ï¼Œ in font cmti10!
Missing character: There is no ç¬¬ in font cmti10!
Missing character: There is no ä¸€ in font cmti10!
Missing character: There is no ä¸ª in font cmti10!
Missing character: There is no äºº in font cmti10!
Missing character: There is no å†™ in font cmti10!
Missing character: There is no ä¸‹ in font cmti10!
Missing character: There is no ä¸€ in font cmti10!
Missing character: There is no ä¸ª in font cmti10!
Missing character: There is no å­— in font cmti10!
Missing character: There is no ç¬¦ in font cmti10!
Missing character: There is no ä¸² in font cmti10!
LaTeX Font Info:    External font `cmex10' loaded for size
(Font)              <7> on input line 4.
LaTeX Font Info:    External font `cmex10' loaded for size
(Font)              <5> on input line 4.
Missing character: There is no ï¼Œ in font cmti10!
Missing character: There is no æ° in font cmti10!
Missing character: There is no å¥½ in font cmti10!
Missing character: There is no ç”± in font cmti10!
Missing character: There is no ä¹ in font cmti10!
Missing character: There is no ä¸ª in font cmti10!
Missing character: There is no æ•° in font cmti10!
Missing character: There is no å­— in font cmti10!
Missing character: There is no ç»„ in font cmti10!
Missing character: There is no æˆ in font cmti10!
Missing character: There is no ï¼Œ in font cmti10!
Missing character: There is no ä¸” in font cmti10!
Missing character: There is no ä¸ in font cmti10!
Missing character: There is no è¶… in font cmti10!
Missing character: There is no è¿‡ in font cmti10!
Missing character: There is no ã€‚ in font cmti10!
Missing character: There is no ç„¶ in font cmti10!
Missing character: There is no å in font cmti10!
Missing character: There is no ï¼Œ in font cmti10!
Missing character: There is no å¦ in font cmti10!
Missing character: There is no ä¸€ in font cmti10!
Missing character: There is no ä¸ª in font cmti10!
Missing character: There is no äºº in font cmti10!
Missing character: There is no å†™ in font cmti10!
Missing character: There is no ä¸‹ in font cmti10!
Missing character: There is no ä¸€ in font cmti10!
Missing character: There is no ä¸ª in font cmti10!
Missing character: There is no å­— in font cmti10!
Missing character: There is no ç¬¦ in font cmti10!
Missing character: There is no ä¸² in font cmti10!
Missing character: There is no ï¼Œ in font cmti10!
Missing character: There is no åŒ in font cmti10!
Missing character: There is no æ · in font cmti10!
Missing character: There is no æœ‰ in font cmti10!
Missing character: There is no ä¹ in font cmti10!
Missing character: There is no ä¸ª in font cmti10!
Missing character: There is no æ•° in font cmti10!
Missing character: There is no å­— in font cmti10!
Missing character: There is no ï¼Œ in font cmti10!
Missing character: There is no ä¸” in font cmti10!
Missing character: There is no ä¸ in font cmti10!
Missing character: There is no è¶… in font cmti10!
Missing character: There is no è¿‡ in font cmti10!
Missing character: There is no ã€‚ in font cmti10!
Missing character: There is no å…¶ in font cmti10!
Missing character: There is no ä¸­ in font cmti10!
Missing character: There is no ï¼Œ in font cmti10!
Missing character: There is no å’Œ in font cmti10!
Missing character: There is no æ˜¯ in font cmti10!
Missing character: There is no ç»™ in font cmti10!
Missing character: There is no å®š in font cmti10!
Missing character: There is no çš„ in font cmti10!
Missing character: There is no å¸¸ in font cmti10!
Missing character: There is no æ•° in font cmti10!
Missing character: There is no ï¼Œ in font cmti10!
Missing character: There is no è€Œ in font cmti10!
Missing character: There is no ä¸ in font cmti10!
Missing character: There is no åˆ™ in font cmti10!
Missing character: There is no æ˜¯ in font cmti10!
Missing character: There is no è®© in font cmti10!
Missing character: There is no ç© in font cmti10!
Missing character: There is no å®¶ in font cmti10!
Missing character: There is no æ¥ in font cmti10!
Missing character: There is no é€‰ in font cmti10!
Missing character: There is no æ‹© in font cmti10!
Missing character: There is no ã€‚ in font cmti10!
Missing character: There is no å… in font cmti10!
Missing character: There is no è®¸ in font cmti10!
Missing character: There is no å­˜ in font cmti10!
Missing character: There is no åœ¨ in font cmti10!
Missing character: There is no å‰ in font cmti10!
Missing character: There is no å¯¼ in font cmti10!
Missing character: There is no é›¶ in font cmti10!
Missing character: There is no ã€‚ in font cmti10!

Overfull \hbox (20.0pt too wide) in paragraph at lines 1--4
[]
 []


Overfull \hbox (55.84961pt too wide) in paragraph at lines 1--4
\OML/cmm/m/it/10 s[]$$a$$s[]$$b$$a$$b$$s[]$$s[]$ 
 []


! LaTeX Error: Missing \begin{document}.

See the LaTeX manual or LaTeX Companion for explanation.
Type  H <return>  for immediate help.
 ...                                              
                                                  
l.5 ^^Iå°†
          $s_1$ä¸$s_2$é¡ºæ¬¡è¿æ¥å¯ä»¥å¾—åˆ°ä¸€ä¸ªæ•°$x$ï¼Œå¦‚æœ$x$èƒ½è¢...

You're in trouble here.  Try typing  <return>  to proceed.
If that doesn't work, type  X <return>  to quit.

Missing character: There is no å°† in font cmti10!
Missing character: There is no ä¸ in font cmti10!
Missing character: There is no é¡º in font cmti10!
Missing character: There is no æ¬¡ in font cmti10!
Missing character: There is no è¿ in font cmti10!
Missing character: There is no æ¥ in font cmti10!
Missing character: There is no å¯ in font cmti10!
Missing character: There is no ä»¥ in font cmti10!
Missing character: There is no å¾— in font cmti10!
Missing character: There is no åˆ° in font cmti10!
Missing character: There is no ä¸€ in font cmti10!
Missing character: There is no ä¸ª in font cmti10!
Missing character: There is no æ•° in font cmti10!
Missing character: There is no ï¼Œ in font cmti10!
Missing character: There is no å¦‚ in font cmti10!
Missing character: There is no æœ in font cmti10!
Missing character: There is no èƒ½ in font cmti10!
Missing character: There is no è¢« in font cmti10!
Missing character: There is no æ•´ in font cmti10!
Missing character: There is no é™¤ in font cmti10!
Missing character: There is no ï¼Œ in font cmti10!
Missing character: There is no é‚£ in font cmti10!
Missing character: There is no ä¹ˆ in font cmti10!
Missing character: There is no ç¬¬ in font cmti10!
Missing character: There is no äºŒ in font cmti10!
Missing character: There is no ä¸ª in font cmti10!
Missing character: There is no äºº in font cmti10!
Missing character: There is no è· in font cmti10!
Missing character: There is no èƒœ in font cmti10!
Missing character: There is no ã€‚ in font cmti10!
Missing character: There is no å¦ in font cmti10!
Missing character: There is no åˆ™ in font cmti10!
Missing character: There is no ç¬¬ in font cmti10!
Missing character: There is no ä¸€ in font cmti10!
Missing character: There is no ä¸ª in font cmti10!
Missing character: There is no äºº in font cmti10!
Missing character: There is no è· in font cmti10!
Missing character: There is no èƒœ in font cmti10!
Missing character: There is no ã€‚ in font cmti10!

Overfull \hbox (54.80905pt too wide) in paragraph at lines 5--5
[]$\OML/cmm/m/it/10 s[]$$s[]$$x$$x$$p$ 
 []


! LaTeX Error: Missing \begin{document}.

See the LaTeX manual or LaTeX Companion for explanation.
Type  H <return>  for immediate help.
 ...                                              
                                                  
l.6 ^^Iä½ 
          çš„ä»»åŠ¡æ˜¯å¯¹äºç»™å®šçš„$a$ï¼Œ$b$ï¼Œ$p$ï¼Œåœ¨é‡‡å–æœ€ä¼˜ç­–ç•¥...

You're in trouble here.  Try typing  <return>  to proceed.
If that doesn't work, type  X <return>  to quit.

Missing character: There is no ä½  in font cmti10!
Missing character: There is no çš„ in font cmti10!
Missing character: There is no ä»» in font cmti10!
Missing character: There is no åŠ¡ in font cmti10!
Missing character: There is no æ˜¯ in font cmti10!
Missing character: There is no å¯¹ in font cmti10!
Missing character: There is no äº in font cmti10!
Missing character: There is no ç»™ in font cmti10!
Missing character: There is no å®š in font cmti10!
Missing character: There is no çš„ in font cmti10!
Missing character: There is no ï¼Œ in font cmti10!
Missing character: There is no ï¼Œ in font cmti10!
Missing character: There is no ï¼Œ in font cmti10!
Missing character: There is no åœ¨ in font cmti10!
Missing character: There is no é‡‡ in font cmti10!
Missing character: There is no å– in font cmti10!
Missing character: There is no æœ€ in font cmti10!
Missing character: There is no ä¼˜ in font cmti10!
Missing character: There is no ç­– in font cmti10!
Missing character: There is no ç•¥ in font cmti10!
Missing character: There is no çš„ in font cmti10!
Missing character: There is no å‰ in font cmti10!
Missing character: There is no æ in font cmti10!
Missing character: There is no ä¸‹ in font cmti10!
Missing character: There is no ï¼Œ in font cmti10!
Missing character: There is no åˆ¤ in font cmti10!
Missing character: There is no æ–­ in font cmti10!
Missing character: There is no è° in font cmti10!
Missing character: There is no ä¼š in font cmti10!
Missing character: There is no è· in font cmti10!
Missing character: There is no èƒœ in font cmti10!
Missing character: There is no ã€‚ in font cmti10!
Missing character: There is no å¦‚ in font cmti10!
Missing character: There is no æœ in font cmti10!
Missing character: There is no ç¬¬ in font cmti10!
Missing character: There is no ä¸€ in font cmti10!
Missing character: There is no ä¸ª in font cmti10!
Missing character: There is no äºº in font cmti10!
Missing character: There is no è· in font cmti10!
Missing character: There is no èƒœ in font cmti10!
Missing character: There is no ï¼Œ in font cmti10!
Missing character: There is no æ‰¾ in font cmti10!
Missing character: There is no åˆ° in font cmti10!
Missing character: There is no å­— in font cmti10!
Missing character: There is no å…¸ in font cmti10!
Missing character: There is no åº in font cmti10!
Missing character: There is no æœ€ in font cmti10!
Missing character: There is no å° in font cmti10!
Missing character: There is no çš„ in font cmti10!
Missing character: There is no æ–¹ in font cmti10!
Missing character: There is no æ¡ˆ in font cmti10!
Missing character: There is no ã€‚ in font cmti10!
! Undefined control sequence.
l.8 \subsection
               {è¾“å…¥æ ¼å¼}
The control sequence at the end of the top line
of your error message was never \def'ed. If you have
misspelled it (e.g., `\hobx'), type `I' and the correct
spelling (e.g., `I\hbox'). Otherwise just continue,
and I'll forget about whatever was undefined.

Missing character: There is no è¾“ in font nullfont!
Missing character: There is no å…¥ in font nullfont!
Missing character: There is no æ ¼ in font nullfont!
Missing character: There is no å¼ in font nullfont!
Missing character: There is no ç¬¬ in font cmti10!
Missing character: There is no ä¸€ in font cmti10!
Missing character: There is no è¡Œ in font cmti10!
Missing character: There is no ä¸º in font cmti10!
Missing character: There is no ä¸€ in font cmti10!
Missing character: There is no ä¸ª in font cmti10!
Missing character: There is no æ•° in font cmti10!
Missing character: There is no ï¼Œ in font cmti10!
Missing character: There is no è¡¨ in font cmti10!
Missing character: There is no ç¤º in font cmti10!
Missing character: There is no æµ‹ in font cmti10!
Missing character: There is no è¯• in font cmti10!
Missing character: There is no æ•° in font cmti10!
Missing character: There is no æ® in font cmti10!
Missing character: There is no çš„ in font cmti10!
Missing character: There is no ä¸ª in font cmti10!
Missing character: There is no æ•° in font cmti10!
Missing character: There is no ã€‚ in font cmti10!
Missing character: There is no æ¥ in font cmti10!
Missing character: There is no ä¸‹ in font cmti10!
Missing character: There is no æ¥ in font cmti10!
Missing character: There is no è¡Œ in font cmti10!
Missing character: There is no ï¼Œ in font cmti10!
Missing character: There is no æ¯ in font cmti10!
Missing character: There is no è¡Œ in font cmti10!
Missing character: There is no ä¸‰ in font cmti10!
Missing character: There is no ä¸ª in font cmti10!
Missing character: There is no æ•° in font cmti10!
Missing character: There is no ï¼Œ in font cmti10!
Missing character: There is no ï¼Œ in font cmti10!
Missing character: There is no ã€‚ in font cmti10!
! Undefined control sequence.
l.13 \subsection
                {è¾“å‡ºæ ¼å¼}
The control sequence at the end of the top line
of your error message was never \def'ed. If you have
misspelled it (e.g., `\hobx'), type `I' and the correct
spelling (e.g., `I\hbox'). Otherwise just continue,
and I'll forget about whatever was undefined.

Missing character: There is no è¾“ in font nullfont!
Missing character: There is no å‡º in font nullfont!
Missing character: There is no æ ¼ in font nullfont!
Missing character: There is no å¼ in font nullfont!
Missing character: There is no å…± in font cmti10!
Missing character: There is no è¡Œ in font cmti10!
Missing character: There is no ã€‚ in font cmti10!
Missing character: There is no å¯¹ in font cmti10!
Missing character: There is no äº in font cmti10!
Missing character: There is no æ¯ in font cmti10!
Missing character: There is no ä¸€ in font cmti10!
Missing character: There is no ä¸ª in font cmti10!
Missing character: There is no æµ‹ in font cmti10!
Missing character: There is no è¯• in font cmti10!
Missing character: There is no æ•° in font cmti10!
Missing character: There is no æ® in font cmti10!
Missing character: There is no ï¼Œ in font cmti10!
Missing character: There is no å¦‚ in font cmti10!
Missing character: There is no æœ in font cmti10!
Missing character: There is no ç¬¬ in font cmti10!
Missing character: There is no äºŒ in font cmti10!
Missing character: There is no ä¸ª in font cmti10!
Missing character: There is no äºº in font cmti10!
Missing character: There is no è· in font cmti10!
Missing character: There is no èƒœ in font cmti10!
Missing character: There is no ï¼Œ in font cmti10!
Missing character: There is no è¾“ in font cmti10!
Missing character: There is no å‡º in font cmti10!
Missing character: There is no ï¼Œ in font cmti10!
Missing character: There is no å¦ in font cmti10!
Missing character: There is no åˆ™ in font cmti10!
Missing character: There is no è¾“ in font cmti10!
Missing character: There is no å‡º in font cmti10!
Missing character: There is no ç¬¬ in font cmti10!
Missing character: There is no ä¸€ in font cmti10!
Missing character: There is no ä¸ª in font cmti10!
Missing character: There is no äºº in font cmti10!
Missing character: There is no å¿… in font cmti10!
Missing character: There is no èƒœ in font cmti10!
Missing character: There is no çš„ in font cmti10!
Missing character: There is no æœ€ in font cmti10!
Missing character: There is no å° in font cmti10!
Missing character: There is no å­— in font cmti10!
Missing character: There is no å…¸ in font cmti10!
Missing character: There is no åº in font cmti10!
Missing character: There is no æ–¹ in font cmti10!
Missing character: There is no æ¡ˆ in font cmti10!
Missing character: There is no ã€‚ in font cmti10!
! Undefined control sequence.
l.17 \subsection
                {æ ·ä¾‹è¾“å…¥}
The control sequence at the end of the top line
of your error message was never \def'ed. If you have
misspelled it (e.g., `\hobx'), type `I' and the correct
spelling (e.g., `I\hbox'). Otherwise just continue,
and I'll forget about whatever was undefined.

Missing character: There is no æ · in font nullfont!
Missing character: There is no ä¾‹ in font nullfont!
Missing character: There is no è¾“ in font nullfont!
Missing character: There is no å…¥ in font nullfont!
Missing character: There is no 2 in font nullfont!

Overfull \hbox (34.6088pt too wide) in paragraph at lines 6--18
[]$\OML/cmm/m/it/10 a$$b$$p$
 []


Overfull \hbox (7.23265pt too wide) in paragraph at lines 6--18
\OML/cmm/m/it/10 T$
 []


Overfull \hbox (21.84145pt too wide) in paragraph at lines 6--18
\OML/cmm/m/it/10 T$$a$$b$$p$
 []


Overfull \hbox (10.8104pt too wide) in paragraph at lines 6--18
\OML/cmm/m/it/10 T$\OT1/cmr/m/it/10 -
 []


Overfull \hbox (5.11108pt too wide) in paragraph at lines 6--18
\OT1/cmr/m/it/10 1
 []


! LaTeX Error: Missing \begin{document}.

See the LaTeX manual or LaTeX Companion for explanation.
Type  H <return>  for immediate help.
 ...                                              
                                                  
l.19 1
       10 7\par
You're in trouble here.  Try typing  <return>  to proceed.
If that doesn't work, type  X <return>  to quit.

Missing character: There is no 1 in font nullfont!
Missing character: There is no 1 in font nullfont!
Missing character: There is no 0 in font nullfont!
Missing character: There is no 7 in font nullfont!

Overfull \hbox (20.0pt too wide) in paragraph at lines 19--19
[]
 []


! LaTeX Error: Missing \begin{document}.

See the LaTeX manual or LaTeX Companion for explanation.
Type  H <return>  for immediate help.
 ...                                              
                                                  
l.20 4
       0 9
You're in trouble here.  Try typing  <return>  to proceed.
If that doesn't work, type  X <return>  to quit.

Missing character: There is no 4 in font nullfont!
Missing character: There is no 0 in font nullfont!
Missing character: There is no 9 in font nullfont!
! Undefined control sequence.
l.21 \subsection
                {æ ·ä¾‹è¾“å‡º}
The control sequence at the end of the top line
of your error message was never \def'ed. If you have
misspelled it (e.g., `\hobx'), type `I' and the correct
spelling (e.g., `I\hbox'). Otherwise just continue,
and I'll forget about whatever was undefined.

Missing character: There is no æ · in font nullfont!
Missing character: There is no ä¾‹ in font nullfont!
Missing character: There is no è¾“ in font nullfont!
Missing character: There is no å‡º in font nullfont!
Missing character: There is no - in font nullfont!
Missing character: There is no 1 in font nullfont!

Overfull \hbox (20.0pt too wide) in paragraph at lines 20--22
[]
 []


! LaTeX Error: Missing \begin{document}.

See the LaTeX manual or LaTeX Companion for explanation.
Type  H <return>  for immediate help.
 ...                                              
                                                  
l.23 0
      00000001
You're in trouble here.  Try typing  <return>  to proceed.
If that doesn't work, type  X <return>  to quit.

Missing character: There is no 0 in font nullfont!
Missing character: There is no 0 in font nullfont!
Missing character: There is no 0 in font nullfont!
Missing character: There is no 0 in font nullfont!
Missing character: There is no 0 in font nullfont!
Missing character: There is no 0 in font nullfont!
Missing character: There is no 0 in font nullfont!
Missing character: There is no 0 in font nullfont!
Missing character: There is no 1 in font nullfont!
! Undefined control sequence.
l.24 \subsection
                {æ•°æ®è§„æ¨¡}
The control sequence at the end of the top line
of your error message was never \def'ed. If you have
misspelled it (e.g., `\hobx'), type `I' and the correct
spelling (e.g., `I\hbox'). Otherwise just continue,
and I'll forget about whatever was undefined.

Missing character: There is no æ•° in font nullfont!
Missing character: There is no æ® in font nullfont!
Missing character: There is no è§„ in font nullfont!
Missing character: There is no æ¨¡ in font nullfont!
Missing character: There is no çš„ in font nullfont!
Missing character: There is no æ•° in font nullfont!
Missing character: There is no æ® in font nullfont!
Missing character: There is no æ»¡ in font nullfont!
Missing character: There is no è¶³ in font nullfont!
Missing character: There is no ï¼Œ in font nullfont!
Missing character: There is no , in font nullfont!
Missing character: There is no ã€‚ in font nullfont!
)
! Emergency stop.
<*> game.tex
            
*** (job aborted, no legal \end found)

 
Here is how much of TeX's memory you used:
 9 strings out of 495713
 83 string characters out of 1188882
 45203 words of memory out of 3000000
 3244 multiletter control sequences out of 15000+50000
 3986 words of font info for 15 fonts, out of 3000000 for 9000
 28 hyphenation exceptions out of 8191
 18i,1n,12p,182b,96s stack positions out of 5000i,500n,10000p,200000b,50000s
No pages of output.
