45148607316.61
45243014161.17
45298426693.38
45516309892.07
45347359863.94
45249693360.54
45335361348.57
44989274579.37
45293239671.30
45408839696.92
45352350918.73
45360860966.58
45311838561.34
45130305684.47
45153113633.94
45166944873.12
45197316953.16
45514643265.55
45289212391.48
45395340916.82
45557097749.65
45154398177.46
45238353581.94
45280260706.71
45403731039.94
45481307327.81
45466195647.79
45362106115.24
45428479751.05
45306450216.06
45339431453.67
45534277479.91
45160454634.66
45595155209.29
45369763892.12
45395032345.11
45318663543.48
45487757079.25
45290303123.46
45393014129.95
45160291046.37
45251838446.09
45474596250.36
45564557852.11
45210714301.65
45327689463.81
45444728241.40
45176627019.63
45263749094.03
45551586401.51
45408028915.65
45448011572.61
45421847998.91
45593677220.70
45115574483.20
45524054648.23
45206868776.88
45337291113.47
45019220347.13
45576831117.35
45303858446.16
45398071126.46
45377891839.10
44921658651.74
45448971198.92
45220598436.09
45334254371.10
45409047714.31
45426974904.06
45555301624.91
45354206415.84
45377643165.78
45241391947.94
45345259528.21
45355058126.81
45199717706.75
45158817395.59
45594771651.65
45021143954.91
45409313784.04
45582245557.44
45344574827.56
45183117276.12
45373046213.28
45436211827.18
45447613667.31
45475061243.02
45079170919.17
45423515174.36
45353311729.18
45204462735.77
45347595235.50
45261830627.57
45297207032.33
45182999135.98
45295201834.63
45256091318.01
45239814185.03
45345039604.81
45359378034.70
