2922275
-1209553
-2582885
-2241521
-3993868
-6855410
-2731040
-25765525
-899618
-16317993
-30782437
-17044324
-13546056
-5863859
-9276665
-15877616
-6203446
-3300645
-19738209
-25988044
-12735514
-13819303
-812129
-18108715
343490
-1874092
-22180437
-22296752
-2627656
-15245878
-16147040
-27935335
-7633750
-1962996
-5291014
-15227704
-30637854
-37038834
-5554123
-9409173
-2085812
-20182062
-26452937
-5974708
-6238735
-6326312
-42601137
-4766393
-16843546
-9572353
-44656348
-32770538
-1136212
-52589158
-10384744
-12706181
33000
-25779030
-48200249
-10697664
-178751
-9565224
-14495234
-49089843
-27997051
-4087897
-6857994
-10032765
-15494618
-19743102
-9228964
-55427640
-60568721
-19565302
-18133777
-21464343
-36301196
-28212612
-55469021
-56931012
-30057323
-5685152
-23035421
-37287702
-11388682
-38475974
-39983317
-1511332
-49011346
-40589244
-68827347
-44970141
-55796023
-13182453
-40183441
-31933222
-262061
-3032544
-28965896
-37398246
-2224884
-56674665
-15442354
-2031144
-69960710
-37317573
-26542967
-5439537
-3007145
-16227945
-16705243
-47779188
-7712174
-18713338
-18793468
-19901197
-34183848
-58356011
-49023616
-28476929
-47824758
-32878566
1491279
-45260702
-14488321
-12540145
-5355035
-1147540
-25061874
-37149308
-4442534
-6393756
-2336205
6483852
5872085
-43333125
-35639508
-1523
-78991
2580068
891343
-20931462
-40346659
-43332404
-39432739
-2875188
-2057591
-201272
-7463818
-27116918
-8607121
-6686469
-8515307
-36752238
-14723039
-18404796
-2743336
-12120
-53879300
-24794006
217848
-24559708
-17223264
-25809741
-3768587
-20726341
-6959875
-42372247
-30076076
-10007140
-71907592
2786845
-338273
2807951
-62856252
-33061425
-13315602
-32040786
-13748209
-61308036
-16484196
-1378569
-18977707
-5599097
-52886632
933207
-11816834
-7489320
-20178196
-4905705
-22334232
-11088355
-4927493
-5280289
-14476629
-30387323
-2797423
-10596202
3354622
-16906675
-2892519
-19254970
-9034656
-4115221
-42196204
-3477052
-4573353
-3735614
-6049397
-54287584
-21850792
-64873611
-48858568
-22897278
-10963146
-30077563
-16306175
-61335640
-37657185
-47052226
-4760993
-53377460
-1993425
-45431223
-41832605
-48665634
-47980061
-78538864
-5338464
-18488949
-19680427
-22792019
-17463274
-10317369
188176
-80250104
-23684707
-81404884
-37576863
-34250356
-46881089
-16474358
-14227645
-10841369
-9525359
-80955644
-89500106
-20322949
-2042533
-11979682
-35519796
-45322202
-61873992
-84034956
-88585193
-122036636
-25450463
-61448729
-80425667
-86049724
-147570174
-52037453
-8711671
-23866653
-51212137
-39470497
-109052370
-86468854
-154773334
-45466985
-94150852
-39054970
-91776566
-20041858
-36774911
-67836412
-124365358
-67295088
-162137833
-20616224
-59985901
-83274036
-33529916
-130151737
-71497901
-112403890
-148115357
-14064062
-161120836
-87549535
-22047017
740443
-43514301
-179309
-36224208
-10978195
-78014204
-61547516
-139247182
-17606423
-157238868
-27413204
-78125679
-69666390
-115188264
-7842248
-22675401
-55736486
-17885365
-12520477
-108829492
-34472311
-122401964
-94507088
-136788012
-170143717
-23236100
-48526027
-14928352
-82840518
-26276701
-56958347
-128965951
-78169289
-36590808
-21024582
-68038244
-39688893
-98646559
-30592946
-90526878
-50407115
-128920179
-67711575
-28343005
-128471001
-43068960
-39959890
-46515529
-21998429
-58813100
-159332087
-132591824
-103624105
-52867499
-107479204
-34047024
-12208512
-84390889
-74926664
-2402545
-44590622
-10922794
-19341624
-667260
-78439688
-50428663
-6421561
-50776583
-35478254
-30194749
-44248942
-33446110
-56848311
-90226188
-1416657
-77794482
-31482645
-46492308
-35570239
-21391753
-87981284
-133954519
3867578
-108151022
-87200621
-3230455
-59336803
-51888649
-59292591
-56576417
-19461253
-56864783
-150829745
-48657781
-30296817
-8586620
-429152
-157627134
-29614507
-58172971
-91319657
-64330109
-91465236
-31827125
-24854727
-23363149
-151556281
-38031867
-94519022
-62103239
-60515150
-104821121
-3426335
-53332902
-28927061
-58614622
-86210681
-34048489
-76310694
-144252832
-36431007
-11763709
-42889158
-38532285
-22282432
-8976632
-59173004
-64542719
-91616184
-101312273
-73720557
-28731187
-96437323
-103896819
-114854520
-2024713
-15162804
-61716147
-59854606
-105364590
-79847741
-79797071
-125067856
-13360802
-1441522
-15219026
183299
-17577230
-95085969
-72134994
-88774261
-45974555
-109916
-24342717
-37798709
-14242905
-11327372
-36872189
-8910954
-1644682
-20405931
-118560769
-25829103
-115243683
-62853556
-94205805
-41449405
-67912195
-51679628
-37688647
-75911578
-46823040
-38792958
-119176694
-2149668
-11202162
-82311518
-147380767
-39815978
-134056321
-18071570
-117462305
-148945495
-135467449
-46427189
-8321623
-51463763
-143716745
-72185399
-43182025
-162411766
-13607617
-14048899
-89988920
-204536743
-16227087
-171218032
-66235914
-41841722
-180620851
-116120809
-180498496
-37351169
-6113165
-19667317
-18787638
-221013
-75495045
-134328527
-91688465
-39006166
-131882357
-22290284
-88681421
-83342798
-676227
-73746079
-57109159
2132264
-105223301
-39231912
-82148232
-64763266
-52548782
-65080502
-144817343
-118752781
-33510957
-56281855
-36979212
-5453497
-50440159
-61174861
-164012178
-131603909
-98436649
-133102322
-39145759
-47869857
-7462860
-86992481
-28596042
-73247077
-113106831
-65346121
-73021752
-7659626
-1000675
-34485673
-3341849
-4198491
-5970237
-15667180
-6735722
-105219789
-798837
-49021298
-40945681
-102415734
-20024942
-3657727
-25389704
-4594888
-28787444
-32812342
-62995612
-17501784
-14786236
-93270592
-36865142
-67415878
-67126258
-107932703
-36978366
-20412471
-66056057
-42590007
-24479909
-56682307
-23137739
-83158791
-68236228
-15146896
-67349425
-70836455
-1124687
-7120120
-36960435
-16720341
-987632
-82505538
-69438945
-648155
-10868515
-593492
-4393312
-22788834
-77905407
-14155796
-2777457
-20022259
-20451169
-37141443
-43566926
-20661821
-49212945
-1846974
-2417895
-11684701
-10778332
-68055829
-54057589
-45702219
-12892266
-34706034
-36909235
-25948747
-11520484
-9481486
-35777496
-25672033
-21402523
-4562170
-35149731
-21584743
78985
-45432017
-37022039
-16202434
-7534181
-52052522
-48521396
-12837898
-79511951
-34676890
-29738572
-47853512
-2958056
-54205585
-14166088
-3090230
-24934094
-15437494
-30712039
-20405007
-7012075
1642108
-243687
-2528987
677914
-36858341
-17083163
-24402871
-28288203
-45860108
-22534102
-35623567
-44776026
-45573877
-25282605
819334
-6906558
-24087099
2814169
-21688037
-26280286
-2972341
-32554339
-20802720
-10475860
-4859691
-8003220
-7766507
-10631226
-18239146
-8053153
-5454467
-3589339
10338225
-14970445
-2683384
-30904341
-13840855
-16296673
4943052
25983524
-424662
-723194
24021975
-9913462
3813310
-3331410
-13813166
-6265890
4225874
-429440
-11401041
-9076588
4043277
9447184
-2474538
-15693044
2042578
-28843907
-18616847
-7485234
-27898444
-34014639
-7074741
-24202126
810248
4210914
-17803
-25297855
135454
-5473944
-1306428
-1853624
6743030
-23392039
-22515642
646146
-24173539
-57836
-28555143
-25708691
2141088
6094278
-39397258
-16532662
-16459837
-1977003
1177166
4851096
-465848
12011243
-6204785
12410464
-128041
-26316919
13998337
-11965564
3328261
-26620321
10703369
-34026216
-2211997
5697332
8110154
-25366964
-20769854
5450303
3932749
-29603969
-26950722
-42037517
-8932374
-56431907
-39986760
-23175094
-46932574
-37110675
-12086598
-31867484
-5521131
-9960741
-18070740
-5653399
-23626683
-19392534
-5676807
-27672723
-67507584
-5523708
-1932019
-58968431
-19078677
-5717206
-65716942
-6495582
-59741381
-10816891
-24641312
-65151914
-65721019
-43845050
-19503934
6972075
-40741571
-18476396
2903374
-8912334
-85921207
-23315391
-29902536
-19574024
-271487
-5290807
-22529954
-32144981
-30393432
-3170930
-3014449
-13064131
-49817672
-60982341
-44725817
-14407391
3707253
-4377866
1890364
-46788209
-11159953
3426028
-36076845
4594633
-12022596
-17429576
-32678268
-13891052
-34344116
-30125349
-58859091
1078456
3209038
-4874145
-22994823
-30410452
10432995
1308772
6380436
-32478919
-50075735
13554973
-13822073
-26511345
-34690960
-61148334
-70609660
-15693010
-15513383
-29116637
-17866472
9117928
-23613580
-15790626
13798079
-3883431
16860258
23325558
4276778
-214210
7075235
11849595
-22588771
-14038885
-2769104
9898215
4096158
-5651933
-931232
1556973
-4702234
-1367812
2566422
-16724363
-6842043
-1034798
-1868951
-7971906
-1961228
8234000
18491795
-30288177
13252513
8688444
22500810
23101918
-11572012
-6412325
8842427
1665522
13500139
-12409069
-72686
-15555084
28355713
-31725168
-13713122
6673748
-33583002
1175583
4597220
-41866674
-1215245
3028743
-6007649
8620099
15066461
-5403662
-16283665
-7235416
-15946
17595394
-9525963
-11838635
5519885
-18399212
8725580
-953564
19529340
662924
27248653
-18645722
7635911
-5245980
4081938
16390739
8561457
44805297
344386
44967086
48120620
38266032
-88892
21318195
8502665
-24177613
-10907174
57995255
43754128
3035775
55613646
2078860
-1924597
17925140
1310019
34657705
2472420
30586349
2699104
2441005
36134009
27207509
6245816
-9463699
5897960
5799836
7650315
9964444
-6639785
5746236
2337530
24735870
-13680237
-4228615
12397622
21844818
-3637786
46618295
23607073
20687795
14443232
-13408363
647556
11995357
15007428
17152274
-27663041
-22840498
15948853
34075874
-923500
48044597
30079099
7857621
-3045684
24037239
18483523
25061352
40601505
2566459
5775449
513849
50187429
41233301
-17229637
14547082
47932363
11894582
63901
1835717
14444863
6297019
24358081
13974943
40624550
45044952
1923855
39944580
-8946953
-7114164
14127304
1877204
12773040
-4779325
6804717
13876266
-36042365
8551259
39521906
-18442930
-39771704
34445618
27388759
2956160
26192951
1250256
49507052
46032446
36291293
35472332
7216235
36472485
2535640
-14349491
36652036
38620021
24301850
3084741
15882985
-22429459
14146761
39180659
-6787275
54609468
6994277
1499748
18164887
27421028
10626957
2646951
26260370
2909321
61242239
6732941
46946455
47986870
-2135187
-24314057
60078342
51224884
18516394
56750333
15613986
20542798
6572389
21652693
10941909
32366949
18001595
33799291
23839688
23631974
50539499
7516143
8491853
-5343641
33982762
19269806
36315751
