11126
12904309
-9011664
-1914665
2045238
-10187465
-4408521
583097
3815844
8436859
-1645830
5884822
2388135
-183759
-1817926
-1863722
-768652
-1265062
12128979
829537
-323209
-3104820
25476302
20983625
18572693
4534730
26204960
-258204
9040746
15867820
4919728
-4306353
3440480
5574108
2403372
8080910
2356685
-535210
8510723
-7103785
-6753568
2730164
11433277
3643164
7954145
6848851
4037148
10712201
15492144
19993553
22495461
8165468
3159042
-4186729
-7669775
1249089
-1010218
4914884
10916722
10428511
-7812314
9038871
10701847
12336659
-5395954
21402476
-2259336
-7382861
38401282
11839394
20411364
30117152
9994000
22223484
32755081
12820890
2853083
24547029
20417699
6648935
27889400
-4394246
15004796
-1372729
21821980
-3771547
33739316
15738595
22938771
13916215
6552898
-978168
7292328
9829229
414772
-4697920
1141879
9155433
20975189
-3865996
-6490340
-11085603
34117222
5687319
2375920
21597473
24841823
9037560
15359797
16798695
5924039
-161478
-903966
7454944
16399733
32754537
-7111979
34281221
34446155
20403561
13379827
-6676320
11476674
36822344
288475
-7311352
-4174090
14563317
19121377
6075682
24733189
13947928
27918486
25750770
6606375
16909708
10493851
6627446
7738639
-4504814
12624522
11370946
2465156
93877
958515
10158821
150787
6188037
1653587
-8252983
1241099
3944847
10309822
1331400
204465
26612353
-347659
1943137
9785391
9877481
13280501
3660971
15801211
7327215
14371467
22303002
24266179
2917770
3824189
12823247
-676540
13127938
14390545
5262435
12982144
-7389984
10292297
5113135
37521499
23089450
5443361
19944106
4316222
43474344
30875506
26796621
12519539
16355844
16792522
-332432
16262734
15983331
30044574
9350570
34911777
21778385
9469903
13529774
13667180
12408293
16084013
-3660841
9078716
16477139
18520889
-4086788
19976644
3976572
3198663
54829551
34223677
45159114
22593223
10994687
3949430
1880440
-775584
35822067
46402560
15041086
28856579
23444600
25300774
17535378
18916742
6070714
35488685
14908250
28656859
56256398
71943469
1506895
9356166
23314182
-3336023
4183284
52299058
39253785
36497966
41504335
13810047
19454344
739339
46639644
19851208
29449025
66616483
5591699
80938858
32568668
49391196
79772659
24527246
6594603
45256323
51422824
78113607
10134125
1553679
14232499
14647569
19295177
27584162
10770393
19346943
11352860
765818
15461306
10169509
29737675
33447996
1760387
17977752
1121463
18538205
12426748
27213361
37955521
8922284
18063135
9284134
26330873
29926203
2724371
-2949317
12297228
2431965
15370183
2808582
-83105
-2313331
4498800
13173515
3283574
12290877
10098577
10943326
10362891
19814673
3435203
13796812
6006380
5909968
3336169
7650795
4406119
13333577
-3758434
12978211
-5977296
9263031
5490145
8790481
8483253
-7594623
12461445
-3387209
-1533317
-18418474
13510768
7827784
-4099812
204484
3085088
6061113
12868813
-3549559
-2644047
-18272890
625129
11894679
162209
7132178
3194406
6307146
-8872127
-96652
1710107
-12297205
-5560687
700983
14569811
8764499
-610488
14281374
-1729641
-2073016
-12293591
765616
9608799
9138450
2925109
13639013
-4571694
12541392
-31876
6163883
881918
-3528784
1149458
-4989098
-1053608
-11101074
-6302722
-8438657
-7357819
-7923704
-3275481
12424516
-10501786
9120099
-14674612
-34122065
-1987161
-26461962
-11534537
-822515
-7519220
250564
-1480044
-2145611
-3758973
763311
-1615387
-2104381
1096078
-211444
-924704
8028289
-938298
2167799
-15061222
7540524
-15982666
-30460537
10511423
-17550869
1865672
-23717915
-2454281
9065700
-9910834
-5163240
6681059
-22219780
8711774
-24685799
-23089274
-4129087
-26415751
-1741359
-12090174
-23715898
-4739968
4405457
-2307316
930761
-2392699
-1701743
-21917646
-31989116
-30419874
-30450180
-30694806
730794
-21997691
-19262924
-14227706
-14125075
-177490
20099720
11897277
-5805887
68379
-15127449
-356713
7107026
3673103
-20762821
-19516158
-1569176
-8087679
12525434
21785060
-3737008
3828171
-28976725
13503769
9955151
-742684
-38128370
-22656053
11809206
-8985288
-18912194
-26705006
-3803611
-5805528
8622068
-2543951
15691418
10336546
3944054
585017
5652019
20453788
-28828910
-1510967
-13763114
15236946
-16377990
372193
-20