\BOOKMARK [1][-]{section.1}{Five Powers}{}
\BOOKMARK [2][-]{subsection.1.1}{题目描述}{section.1}
\BOOKMARK [2][-]{subsection.1.2}{输入格式}{section.1}
\BOOKMARK [2][-]{subsection.1.3}{输出格式}{section.1}
\BOOKMARK [2][-]{subsection.1.4}{样例输入1}{section.1}
\BOOKMARK [2][-]{subsection.1.5}{样例输出1}{section.1}
\BOOKMARK [2][-]{subsection.1.6}{样例输入2}{section.1}
\BOOKMARK [2][-]{subsection.1.7}{样例输出2}{section.1}
\BOOKMARK [2][-]{subsection.1.8}{数据范围}{section.1}
\BOOKMARK [2][-]{subsection.1.9}{提示}{section.1}
\BOOKMARK [1][-]{section.2}{Brick Towers}{}
\BOOKMARK [2][-]{subsection.2.1}{题目描述}{section.2}
\BOOKMARK [2][-]{subsection.2.2}{输入格式}{section.2}
\BOOKMARK [2][-]{subsection.2.3}{输出格式}{section.2}
\BOOKMARK [2][-]{subsection.2.4}{样例输入1}{section.2}
\BOOKMARK [2][-]{subsection.2.5}{样例输出1}{section.2}
\BOOKMARK [2][-]{subsection.2.6}{样例输入2}{section.2}
\BOOKMARK [2][-]{subsection.2.7}{样例输出2}{section.2}
\BOOKMARK [2][-]{subsection.2.8}{数据范围}{section.2}
\BOOKMARK [2][-]{subsection.2.9}{提示}{section.2}
\BOOKMARK [1][-]{section.3}{Cipher Matrix}{}
\BOOKMARK [2][-]{subsection.3.1}{题目描述}{section.3}
\BOOKMARK [2][-]{subsection.3.2}{输入格式}{section.3}
\BOOKMARK [2][-]{subsection.3.3}{输出格式}{section.3}
\BOOKMARK [2][-]{subsection.3.4}{样例输入}{section.3}
\BOOKMARK [2][-]{subsection.3.5}{样例输出}{section.3}
\BOOKMARK [2][-]{subsection.3.6}{数据范围}{section.3}
\BOOKMARK [2][-]{subsection.3.7}{提示}{section.3}
