373.4459
295.5913
291.7797
210.9880
0.0000
167.9373
304.5683
272.8339
210.1759
242.0944
239.4584
257.0251
200.8165
245.4490
268.9807
233.2560
273.3062
328.7520
162.2035
63.3158
204.9885
243.4780
25.3216
299.5082
220.9283
326.8913
171.4403
227.5228
68.4243
224.3828
79.5937
268.7260
363.0270
247.8729
104.1458
141.0008
266.1978
173.0353
216.2513
222.7980
239.5173
219.0801
212.8305
35.6195
150.9771
72.6912
151.4697
232.7189
185.8482
224.2044
241.6355
261.1292
225.0492
270.3990
198.5026
304.8508
240.2976
244.8323
106.6915
296.3764
231.0997
230.5819
268.2608
256.2611
190.8324
28.1676
192.1167
223.7962
265.4168
41.5067
70.6040
98.3889
285.5977
245.3200
220.3267
299.7964
220.7861
97.1680
215.8527
294.2382
230.3751
249.7002
281.1183
0.0000
314.2283
88.4937
277.1968
215.5819
282.8769
0.0000
139.9057
11.0396
130.1072
83.4444
219.5326
185.4311
222.7459
203.4977
236.1958
320.7493
277.4889
142.4530
198.6688
83.6769
237.7570
256.9928
304.8929
272.5738
258.6937
252.1447
200.5819
74.0545
43.8329
107.8006
5.0034
6.0111
171.1554
92.1522
323.3526
272.1207
200.4693
274.1763
250.5333
76.7843
193.2478
240.9449
7.4212
177.8147
19.5056
150.6809
326.2425
208.1599
223.9218
285.4400
243.5842
109.4446
200.1306
91.7871
208.5793
73.2574
207.5284
221.8357
238.6890
209.2820
215.0897
121.3090
57.2057
206.8019
259.7999
68.6334
165.0079
197.5691
206.5828
286.6844
129.6379
282.0704
186.8795
165.6850
318.2858
193.5295
197.4536
265.4338
0.0000
256.5346
228.9551
227.3395
168.3446
264.7376
101.7202
133.9447
204.1027
248.5864
24.1434
200.1876
13.6891
183.4079
355.0826
244.5866
213.5696
218.9734
276.0276
264.0002
115.1618
208.8382
200.4798
54.8363
220.1079
198.9158
264.1943
192.5207
204.5984
287.7285
39.0509
284.6358
265.5763
209.7898
258.7498
306.8873
211.1144
261.0398
30.8871
45.7574
60.4219
66.5430
262.5015
88.8153
246.6470
238.1307
208.9877
433.0530
235.0308
239.6454
269.4487
34.8462
241.7300
224.6634
222.4368
0.0000
317.1061
91.5899
290.5378
158.2732
0.0000
39.9378
178.7497
56.1025
19.9727
153.7942
264.9006
214.5038
232.7725
248.2525
215.0163
154.5097
259.7134
227.9236
231.5513
246.9961
158.3014
203.7570
358.2978
143.2947
231.9402
275.6921
293.2737
352.5741
69.4501
155.7957
17.0869
182.6629
303.1223
233.6839
253.6668
278.0673
220.3695
250.7153
205.3615
92.9881
192.8472
316.3818
33.1966
69.8645
207.1419
218.7481
321.7883
252.0350
214.0194
277.7681
288.7050
254.8522
49.6924
256.9282
209.0541
177.6652
243.8424
206.5067
258.9746
263.7543
359.1048
414.7401
101.6945
242.2062
24.1540
64.5807
250.5568
114.1210
262.0389
0.0000
168.0342
245.5734
211.4429
243.0413
140.8081
78.3716
254.8326
156.8960
250.8221
395.2689
238.8610
160.5883
77.3237
219.3887
256.7073
217.8801
223.0778
130.3775
151.4814
100.2022
241.0459
248.3281
283.8041
246.0412
37.4038
48.4223
206.4700
273.6823
311.1484
257.2427
3.4316
232.3766
271.7277
163.3679
168.5015
202.9802
279.5737
246.5116
58.2422
107.2112
91.9260
167.1925
245.7468
224.3556
125.9609
219.6859
233.3851
74.7025
317.1935
277.0762
212.3617
146.6138
283.8922
276.1486
244.5783
155.5191
274.3811
111.9048
288.1984
223.8437
210.6222
256.2257
248.2518
215.2646
272.7946
216.8858
89.3995
263.0617
256.5947
254.0194
259.6147
242.0645
242.2518
215.8111
309.4880
11.6787
274.2383
268.5091
196.2101
201.2305
172.5740
235.1588
222.7532
49.8554
248.7022
227.1251
135.5307
224.5486
57.3543
246.0356
289.7007
238.4322
259.6332
208.7286
304.6363
320.4565
241.0503
228.5815
148.8223
66.0031
58.8057
43.4540
246.1423
215.2699
294.1317
195.3634
44.2384
217.1469
238.1464
204.5386
176.5342
234.9889
16.0390
236.1524
208.0165
313.8016
232.2496
288.2853
243.6182
250.4221
235.6291
218.7696
109.2016
208.3648
233.0905
162.6575
188.1078
216.1496
178.4669
154.2166
209.5534
254.1108
215.4108
194.0446
264.0788
10.0119
61.1627
172.9789
74.7259
33.7052
178.6948
315.7216
107.9124
297.9751
217.6989
288.1580
230.9206
75.8405
216.7972
222.5474
189.8775
152.4108
229.8533
199.5807
26.2056
324.7937
3.3088
272.7051
218.0422
263.1134
254.3723
112.8282
145.3556
0.0000
227.2469
307.4985
161.7715
82.7370
363.0574
357.6883
157.9215
90.9867
232.8589
0.0000
146.3803
242.1881
265.0999
281.5786
28.5719
240.0678
245.1846
205.4307
147.0243
269.4835
326.1465
316.0964
105.5062
293.9684
38.8206
246.8186
49.5458
254.7003
10.1688
230.5894
248.8514
21.5827
243.9798
92.3741
279.7337
216.0229
30.1421
218.3850
205.4828
183.0426
59.2316
337.5803
288.0576
221.7783
64.3278
253.4269
8.4063
344.3448
109.4046
186.7031
279.2849
241.6568
27.3082
218.5031
144.9844
301.7370
219.6803
394.0717
166.8055
230.9384
245.4550
253.1895
204.5143
249.4441
241.5001
224.6522
190.8906
159.8240
245.9850
315.2921
328.5294
58.3669
265.3010
132.3877
240.9974
221.6485
296.4106
307.6673
192.8478
240.4085
227.5481
50.0339
171.0696
299.0705
220.6690
200.9336
157.7122
133.7827
238.6768
301.8730
373.6209
221.7404
224.5663
154.3242
316.9335
218.4539
262.1506
131.4882
270.7861
205.5718
288.7498
288.4998
235.3501
77.7761
284.8534
193.8015
240.8208
185.8117
207.6887
214.4395
71.2419
175.4743
195.5644
184.5669
271.0679
319.3993
244.1627
224.7200
33.1909
222.6579
294.4470
162.2777
125.7885
224.2723
258.8116
188.1195
221.3036
256.3828
279.1221
249.1985
280.2595
239.0498
158.1514
108.3718
161.8617
258.9054
244.3098
267.8456
202.4817
86.3147
286.6008
64.7037
23.3145
41.3924
98.4075
202.0970
170.3382
238.4116
107.2252
80.1054
285.6897
152.8847
173.7615
130.9989
298.8086
261.2643
385.3851
12.8051
21.4170
277.7402
298.5699
0.0000
10.1927
278.6519
292.6548
178.4846
24.1708
320.7401
56.0878
295.5388
248.5827
129.8162
141.5414
289.3790
47.4792
325.0070
232.1151
37.2609
283.4795
396.1166
309.1157
197.8578
260.8429
244.7537
191.2381
160.7887
150.3926
273.2874
241.6398
164.6555
293.7399
21.2560
304.5820
71.8465
60.3352
260.1564
351.6476
87.9841
203.5396
0.0000
146.7541
11.1925
206.9228
252.7170
193.5578
269.0116
236.2195
241.7821
264.9348
177.2718
239.6125
242.3341
122.4672
215.7319
242.9378
236.5877
218.6142
31.2551
0.0000
28.5902
225.9674
181.4765
263.0612
249.0354
181.3138
205.8653
32.2872
195.0416
205.7328
286.3332
12.2686
146.6774
231.7403
197.6122
197.1308
150.9596
243.3372
102.6166
270.4280
124.6143
241.7799
292.0288
219.8187
151.1797
245.1052
206.9232
232.6394
5.4367
313.7649
209.0531
258.7987
200.0929
238.5098
135.5591
286.6107
10.0025
91.9715
243.1439
186.7102
114.3243
144.2494
372.6859
190.4002
168.1999
260.8013
294.2812
239.9932
272.1182
5.0319
32.6275
293.0363
196.0154
208.4052
246.4221
243.5567
57.1056
280.7809
187.5182
237.6396
158.7144
218.3530
322.9607
341.7097
224.4394
208.3926
276.9926
325.6611
68.5072
248.4541
122.4654
240.4806
210.6054
211.8927
269.4080
204.5691
278.6529
233.8401
332.6983
95.7518
173.2473
275.6327
293.6211
205.7508
249.9456
165.9325
199.3892
228.2225
133.3118
98.4159
207.5375
221.4286
279.2481
249.2701
218.3669
234.4208
279.8325
269.3531
244.3835
181.8925
256.0712
4.0017
253.1955
20.1954
171.9762
58.1031
282.2996
194.0745
129.5260
50.9695
213.9715
232.0186
261.8126
221.8790
464.2275
112.8639
192.1266
346.7456
5.2804
257.5560
203.9037
268.9114
302.4513
355.9431
374.0940
65.5917
250.7039
272.9413
247.8509
215.3727
97.2433
244.3398
306.9938
225.8461
169.1416
59.2816
216.2274
212.3139
341.6866
237.1274
250.2617
321.3308
217.1973
76.0808
220.7540
110.0523
268.3186
207.8679
259.8141
291.6882
23.2688
249.4688
70.7716
151.1540
279.6423
188.0731
5.1459
253.4524
239.4566
218.4003
245.5323
161.6299
252.5839
236.4657
247.3325
150.1759
61.7733
293.7178
0.0000
258.4979
203.5801
200.1270
307.6286
286.3636
248.2457
270.0621
83.9910
212.7839
172.8894
319.2203
299.7508
331.1944
270.2552
283.0160
278.7116
235.2549
136.6592
112.6213
236.7188
264.7871
254.2312
205.4697
255.8594
41.9896
237.6935
61.3884
196.7043
84.7534
56.7348
102.3817
66.2628
252.6557
145.0680
255.2586
213.0263
240.5386
208.9764
310.2737
56.0999
243.6620
221.2837
281.5962
185.0733
283.9488
209.5486
275.7744
96.8169
232.3251
231.2282
255.8706
180.7025
253.6331
205.5446
193.8676
156.0904
143.2680
243.5899
270.2327
282.0810
123.8640
132.6915
245.3961
257.6129
325.8246
18.7324
0.0000
239.3195
285.3257
228.0356
204.3526
155.7101
106.1923
224.6258
80.1797
242.4660
155.2804
276.1136
273.5465
246.4360
206.1107
4.7700
34.1476
269.2151
235.6215
28.1924
39.3935
229.2626
160.4050
190.5709
200.6207
283.3332
233.2423
14.0210
242.2049
235.0909
259.8325
209.5946
221.4635
197.2715
285.7766
234.9251
116.0000
195.0035
220.4349
277.3689
13.3540
47.2609
243.2597
167.3440
254.2945
91.8870
266.1863
228.6730
158.1685
63.7682
38.5649
283.7113
205.4702
296.1357
186.3030
274.2495
240.3915
52.8290
224.4436
235.2349
233.2313
160.6022
51.6159
199.6401
222.6993
240.3011
0.0000
245.2403
155.9945
223.6038
214.1226
302.0705
123.4581
207.1549
160.6494
195.8304
163.3807
284.9501
207.6697
221.7766
261.9908
230.2479
26.2642
225.9445
240.7968
207.6864
260.3180
229.1202
211.1357
205.8964
248.7728
285.6903
249.7644
305.2873
