44.5552
272.1718
180.8952
215.1564
59.4638
15.0416
199.1005
385.4862
299.3290
156.0607
248.2454
293.3859
263.3790
73.5107
166.5138
273.8217
97.9827
136.6702
121.8698
169.9624
246.8573
319.9269
305.8186
285.2055
223.2307
199.2229
209.1848
351.0022
165.2693
169.5837
219.3473
75.6211
222.6593
148.6496
273.6650
255.1289
261.2227
143.5224
284.7196
266.6745
266.4782
287.1418
246.1278
28.2617
284.3931
198.2172
232.7852
203.4363
291.6723
205.8516
114.2380
100.8161
242.0794
263.7586
311.7840
254.8430
173.3439
338.5728
211.3625
23.0421
412.0176
234.0433
44.4504
240.3439
97.0476
279.1424
238.4606
254.5855
392.0043
0.0000
263.9277
145.4318
48.7687
247.4522
424.5226
240.7388
33.0048
290.3054
226.1309
108.8662
100.0725
37.2247
203.6640
197.0354
209.4968
263.7356
256.0784
231.7526
103.4751
250.5903
323.9180
285.2532
264.9229
156.6363
214.0076
237.5174
54.3401
245.0991
291.7219
216.1667
0.0000
250.9263
247.1225
207.7337
31.4736
261.9841
283.0699
83.3004
36.1048
80.7452
589.4912
225.9806
57.8632
236.0309
230.6421
437.7652
181.2817
220.5470
48.7512
276.8810
183.1498
250.6225
293.8490
223.8154
46.2899
207.9310
247.2930
227.0080
224.8768
35.3013
157.4436
336.1832
394.6218
226.2877
220.3305
61.2267
242.1788
98.2565
277.9371
118.8451
202.7889
47.3205
156.0614
163.6099
242.7782
301.4917
191.7314
190.1959
98.0968
191.0427
119.2302
296.7990
222.0188
217.2065
170.1603
210.3388
174.4638
206.3834
133.9644
288.2822
255.0135
299.5081
62.9519
94.9781
270.2069
246.4496
225.7859
232.0054
117.8155
217.7069
253.2858
180.1296
305.8087
356.5387
38.4576
263.8321
262.5357
168.6104
263.9573
71.2124
183.3997
234.8951
223.6652
276.5812
242.2679
258.0493
236.4925
146.5450
177.1169
4.0120
202.8364
228.0321
11.9519
276.1114
185.1099
19.1658
207.2102
211.7813
43.8252
240.2328
72.0217
126.3013
252.8421
13.0797
5.2174
213.3093
164.0986
74.9288
291.5283
21.4827
133.5336
263.1891
313.7244
234.8316
198.7129
142.3641
185.6745
0.0000
48.0287
266.5302
270.2326
219.5761
259.6049
121.4665
192.8267
182.5827
191.4281
283.4653
238.8116
230.8768
274.5119
276.2849
6.0496
183.0609
103.6905
281.9238
18.2592
251.2051
254.4224
71.2379
230.3904
185.5424
171.2240
219.1047
216.1058
294.0789
264.1271
140.0967
89.1971
0.0000
225.2426
215.4400
14.0416
214.2737
198.0987
331.5898
229.2911
214.4474
70.7523
89.6480
258.0432
84.8994
196.2400
237.9337
2.0099
215.6151
265.6863
413.8885
113.6926
229.7271
18.2560
225.4142
244.5020
282.8464
258.3581
244.8718
147.3445
84.0054
229.6948
234.6518
197.6217
111.7116
162.3626
381.2252
226.8383
231.4494
246.6580
228.0208
96.8623
242.9209
266.7523
56.8088
239.4308
81.2348
186.0434
208.3614
317.6757
166.4891
251.2968
300.7805
12.1516
237.0988
207.0302
136.9296
206.5413
216.5853
23.5543
274.3438
547.9589
282.8568
284.2854
45.0079
288.6609
205.8156
324.7324
253.2707
282.2688
194.8973
240.3106
6.0020
395.9661
274.6908
200.1191
17.3670
48.1817
120.3771
298.4785
0.0000
0.0000
362.0818
238.4306
168.2054
38.4413
305.5570
290.3057
144.2890
159.4433
41.4145
38.3493
234.0677
277.1629
306.1157
240.1105
250.2118
158.7317
304.4187
3.3417
30.0155
189.5512
220.6902
86.4441
181.0426
0.0000
246.4568
267.8045
338.2123
12.0433
272.4543
186.2907
159.4581
248.5027
182.4140
283.1518
232.4674
215.6171
253.0210
69.3881
37.4847
208.4691
327.9947
253.2464
136.2168
294.8593
265.9743
204.7281
255.2302
283.2819
256.1716
284.9862
63.3825
286.0798
76.2670
79.6099
238.6189
32.5569
128.4088
262.3499
132.0460
114.2154
101.2309
194.1425
41.5330
140.8130
250.3604
225.7061
230.7016
212.9383
283.2046
216.3381
268.6350
340.3597
201.1080
253.1393
368.0216
169.8565
246.0915
250.0901
282.0158
271.1439
209.6754
305.3159
127.7765
237.2009
108.7687
124.9893
94.1081
365.9383
216.7201
190.9172
270.2672
9.0164
265.2571
264.5038
243.4499
270.1570
241.5523
246.6020
199.5817
10.0186
314.7857
293.7012
267.7556
264.6118
180.6499
45.1883
309.6045
280.0842
47.8211
307.4724
112.3329
85.6152
86.8959
200.2916
176.5567
34.2729
253.8281
108.8750
228.1742
243.7651
121.6279
299.3371
217.2090
371.7601
132.5246
192.3940
375.5211
239.5603
276.0946
209.9661
29.3311
325.3096
74.2914
0.0000
94.4198
0.0000
250.1313
253.7855
219