253965
291505
280954
242153
274701
292597
273877
291013
271866
281431
292597
249125
267971
279181
147021
292597
285447
248750
280954
292597
253965
229153
271866
281611
218518
243837
296933
281431
275393
283965
248114
262563
218518
279086
257701
291505
291505
294975
281431
243526
257014
292597
292597
280954
242153
286146
280954
268576
291505
249125
285732
282250
284192
279181
294975
242153
294975
253965
299534
281431
291505
229153
292597
272216
286146
242153
218518
281672
291013
242703
292597
253965
292597
210201
286146
205749
235693
286146
292597
258952
290079
253965
257448
211972
229153
291635
274701
270540
271866
284192
205749
288306
292597
253965
194440
285732
270514
222494
281611
294975
298524
219504
265475
284192
292597
284887
249125
228386
219504
242153
275125
242153
242153
218518
294975
278543
292597
292597
292597
281672
285732
271866
218518
245139
259327
190074
273877
226435
273877
0
247135
196295
255837
292597
279597
290731
228386
253965
292597
284887
281431
228386
281611
281431
253965
265475
292597
228386
257014
228386
291635
228386
249125
294707
241827
288306
256532
292597
286146
287175
285058
218518
292597
243503
228386
257014
284192
253965
286146
290382
273877
273877
286146
242153
229153
281431
210201
229153
253965
292597
242153
287175
281431
251903
272874
229153
253965
253965
281431
292597
281672
292597
253965
286146
292597
219819
288306
248114
292597
292597
270941
253965
219819
265475
292597
258952
196295
249093
253965
243503
279181
281133
281133
242153
282250
227270
294975
275393
280954
294975
292597
294975
288985
253965
271866
291505
242153
228386
274701
242153
228386
295195
295195
245139
281431
211972
274701
281133
292597
292597
246644
241827
292597
204281
291505
242153
286146
262563
284192
284192
281431
287472
286146
274701
253965
228386
170970
291505
228386
294707
285732
280954
243837
205749
290382
291505
190074
273877
291013
251225
280954
280954
279636
284192
262563
249125
285732
295766
222494
291505
280954
292597
285058
299534
279181
249125
292597
294975
249125
254272
298524
281672
243503
234075
262901
295693
265475
292597
284192
290382
285732
266481
284887
242153
289837
228386
229153
271866
298524
286146
295195
251903
270540
292597
291505
257014
253965
205749
292597
280954
242153
291505
286146
246644
251903
292597
291505
270514
291013
290079
190074
287175
233340
276523
249125
162513
292597
205749
240284
291505
177398
286146
285732
265475
291505
289837
292597
295693
294975
284192
292597
292597
288985
271866
291505
219504
218518
292597
196295
282250
273877
286146
291635
281672
242153
292597
251903
280954
251646
253965
294707
230067
190074
209572
272078
229153
219504
283965
273877
290382
228386
281876
262563
271866
284192
242153
226776
234075
255837
233340
253965
286146
271866
242153
284192
242153
287472
285732
270514
281319
251903
284192
253965
262747
229153
249101
265475
242153
285732
284192
189849
281672
281672
279636
251903
281672
158665
281254
279181
180376
266481
253965
242153
253965
281133
273877
294975
251903
291505
242153
290079
228386
281672
242153
290079
249125
281431
292597
291505
299534
253965
292597
281431
243837
270514
265475
218518
292597
292597
287472
279636
292597
279181
285732
274701
218518
291505
243503
291505
219504
292597
281672
270540
286146
267971
263248
291013
292597
292597
60121
253965
291013
225461
292597
281431
281431
290079
196295
271866
265475
219819
196295
234248
292597
218518
270514
273877
287172
242153
267971
292597
242153
251903
180570
219819
292597
299534
279809
281431
292597
299534
280954
242703
257014
292597
265475
242153
285732
295195
242153
196295
242153
272216
229153
291505
256532
242570
291505
290079
251225
243837
292597
290731
290382
291505
281133
238947
292597
196295
290079
292597
250207
258246
70158
292597
225181
289837
219504
292597
273877
253965
273877
279597
219504
294402
280954
255075
290289
218518
251225
196295
292597
253965
225181
281133
185826
292597
205749
290079
297905
295766
286146
190074
242153
294707
295766
281431
242153
165569
222494
196295
286146
290731
218518
291505
272078
281431
281319
286146
291013
251903
249125
243503
248114
253965
253965
270233
249093
228386
291013
251225
288985
287472
292597
284192
291635
255837
295195
253965
219504
222494
294707
237164
287172
290079
273460
286146
279809
253965
242153
282250
243165
291505
278543
241827
279895
262901
291505
242153
292597
281431
242153
275393
248114
271866
222494
274701
291505
288306
196295
285732
242153
288306
284192
280954
292597
292597
295195
210406
279181
281672
288306
275393
292597
291505
218518
222494
253965
257014
196295
242153
242153
228386
292597
274701
238947
219504
219504
253965
295195
229153
292597
286146
281133
275562
262563
291013
279181
291013
292597
245139
251646
275393
285732
253965
290079
219504
284887
190074
249125
253965
281254
294975
281876
291505
251225
271866
291505
249093
219504
242153
210201
205749
273877
237228
239602
196295
241827
242570
262563
287472
235693
245139
228386
291505
248114
218518
291013
285311
205749
294975
256532
210201
238947
262901
257014
292597
292597
281672
242153
292597
219504
253965
294975
294975
292597
227270
257448
238314
95722
219504
292597
229153
294975
270233
273877
270540
251903
273877
291505
291505
248750
292597
228386
286146
280954
278543
242570
253965
292597
273877
292597
275562
291013
253965
229153
211972
288306
241827
256745
281431
289837
196295
272874
291013
285058
245139
227270
291505
288306
262563
292597
251903
274701
270540
229194
242153
282250
292597
251903
248114
280954
228386
292597
272524
292597
270514
242153
291013
287172
281431
138104
290382
294975
267971
274701
249093
295693
295766
249125
249093
270514
281672
271866
245139
273877
282250
271866
281611
281319
265475
242153
291505
288306
291505
280954
253965
292597
294975
281672
295195
249125
265475
249125
285732
292597
292597
291013
292597
219504
222494
291505
242153
251646
222494
284192
256532
249125
218518
292597
281672
290382
242703
265475
237164
196295
272874
281319
222494
287472
292597
218518
292597
251903
228386
294975
292597
281431
229153
185826
291013
286146
230067
291505
253965
285732
253965
196295
282250
253965
247135
278543
249125
285058
294975
291505
205216
243526
292597
281319
241827
292597
219504
285732
288481
292597
196295
251903
235693
279181
253965
245139
228386
229153
291505
291505
292597
286146
286146
270514
240284
279809
279181
228386
291505
270514
228386
218518
290731
249125
280954
240284
281254
292597
291505
231276
270514
205749
284887
242153
284887
281431
274701
243165
294975
253965
211972
288306
193322
229153
292597
271866
196295
292597
242153
189980
275562
243165
292597
291013
178623
289837
281431
284192
275125
264312
219504
246644
289837
275393
288306
242929
290382
299534
253965
292597
294975
257358
251225
232604
281431
291505
286146
253965
287472
290731
242153
249125
256532
268576
238947
292597
292597
228386
251903
280954
270540
270514
294402
219504
243526
229153
292597
292597
271866
291505
158398
209652
281319
242153
249125
251903
284192
249125
242570
292597
284887
228386
242153
244451
