999
999
999
999
999
794
277
277
447
1326
1326
1326
1326
1331
683
1400
1400
1418
974
1418
1345
1887
1887
1786
1786
-91
1181
1786
564
960
1647
1647
1817
1234
425
1760
1097
692
1760
921
705
634
705
921
1553
921
-203
995
-405
458
-58
1163
-405
292
953
953
953
267
267
-202
267
107
-137
410
410
-283
410
-283
996
905
905
-496
77
905
-496
905
49
1698
49
479
1698
-547
-547
369
369
1404
719
719
-160
319
341
341
319
994
343
343
-669
887
887
887
970
-669
970
970
-771
566
970
1599
950
1599
1599
169
-512
1516
407
263
407
-218
-29
271
1361
116
694
111
319
831
-204
-204
691
691
831
983
983
-668
983
19
289
-302
986
289
872
72
72
423
811
545
5
-1472
-171
369
535
423
998
-1508
-420
359
-1508
423
-420
422
422
422
914
719
422
422
-83
-765
-765
-83
-1333
85
-48
793
-48
793
549
549
597
597
310
597
-729
-739
1324
-739
-739
-739
983
242
983
983
343
-245
-128
983
-234
767
767
767
1233
-234
2260
-234
1632
790
790
556
1097
543
1097
-91
334
334
334
-296
-91
1945
1547
1547
2785
2022
2785
-188
1945
403
279
279
279
279
279
821
1945
821
601
821
821
952
1463
1348
1463
540
1348
1348
1373
1463
1373
1463
1463
1496
2180
1825
2180
565
565
1906
707
565
619
619
619
-54
907
-596
-312
412
412
412
-323
249
412
412
955
46
46
683
46
-536
-932
-546
143
417
-546
997
464
464
-809
-809
1165
-548
-548
904
-129
2390
1323
-548
-129
-548
-129
399
1323
-151
2400
2400
2400
-2044
-94
-209
998
-209
-141
688
688
688
-141
688
688
466
688
1169
1553
576
1417
1124
992
997
-106
992
932
133
358
358
1290
-65
932
2400
-390
1091
-89
-89
1714
1714
1343
-1170
-1170
1120
826
1714
826
826
826
826
826
781
826
472
472
472
826
472
-995
-995
-995
1589
-66
-66
-66
795
764
491
491
-228
72
-339
1046
185
913
-783
1661
1661
1553
2392
2392
2392
1917
1794
-752
-752
119
1794
119
-719
1794
1794
1794
240
240
-629
-537
-490
1794
228
228
240
-689
180
228
-689
180
-18
180
-43
-689
-1700
-6
637
562
150
88
761
-43
88
1550
1553
719
258
-43
1421
318
318
-322
241
241
761
241
684
908
241
-293
-617
-261
-1156
-293
-319
-209
432
432
432
597
375
597
1553
435
623
597
-296
-296
-296
390
390
2399
1412
3344
1412
954
734
734
1810
1810
1810
1556
1810
1810
496
576
496
-780
496
496
-208
945
862
1683
862
944
944
169
169
-1545
343
343
343
1362
1241
1362
1241
962
-520
910
962
910
962
829
910
829
910
910
910
829
829
484
484
634
484
484
634
365
365
603
705
705
358
358
603
65
65
116
116
256
103
256
603
759
-457
-81
-81
-987
-981
-514
-747
297
951
225
225
1298
1298
234
1298
1298
1298
1422
1422
1422
1422
-547
484
641
353
951
852
720
720
-330
-330
720
155
1655
2589
-202
1507
1507
-202
-202
1507
-202
290
691
691
691
976
122
976
976
682
682
682
777
984
-47
777
984
-1297
-355
-355
615
-889
615
-889
-396
615
-396
615
615
417
615
121
417
121
773
615
121
773
773
773
615
276
1531
1531
810
128
1138
1138
128
1186
239
460
986
634
634
634
634
419
824
824
824
231
231
824
231
347
231
-246
824
231
800
-246
-409
1635
589
-409
1635
2000
83
-642
1635
2000
-175
955
2779
979
955
892
-680
693
955
892
-680
-680
693
1635
693
955
-680
-1428
456
892
1635
719
1617
1635
1617
1902
646
1902
1902
952
646
955
952
1902
1902
1049
1049
743
-855
1902
50
676
39
1902
-267
-154
-36
955
-36
-36
883
883
587
-532
1314
733
1314
2042
1314
1018
-78
-78
-78
471
103
1151
-203
2132
2132
-947
1647
1647
-59
2042
-624
1647
404
404
-397
666
476
666
-348
1311
1239
1311
1311
1627
1455
935
1311
1239
1223
1223
880
778
880
658
30
1311
30
-78
907
544
544
907
907
544
907
907
544
-658
907
907
-1232
-442
-442
-390
-390
368
957
957
-390
476
414
414
957
-992
476
476
-145
115
-145
242
242
-71
-71
938
1573
891
891
951
891
1573
891
-388
-388
527
882
882
951
882
882
882
882
882
879
-735
882
135
879
537
879
951
537
537
951
-188
58
645
434
951
58
645
-188
434
951
645
300
645
-138
398
398
398
700
700
184
184
184
184
504
921
532
532
1055
532
532
1055
532
352
532
352
352
352
341
352
1055
783
783
889
1055
1055
624
624
624
-536
-587
615
615
615
615
615
615
753
615
543
615
615
647
719
647
719
901
901
901
383
255
731
804
255
1168
1168
1168
644
644
-792
853
901
853
853
853
853
853
1121
1121
940
901
1076
940
1121
853
1121
1121
-648
-553
853
524
524
524
1227
524
853
177
2129
2129
1079
2129
853
705
219
-63
906
906
906
219
-63
565
906
652
239
239
-96
234
-507
-554
234
-618
-246
533
-1692
533
533
486
239
533
533
533
533
486
-1550
906
134
-535
239
-1
-2545
203
492
492
-452
680
620
906
587
-381
906
-436
239
-381
-568
878
-905
906
-63
-63
492
503
627
627
627
-404
7
744
7
-404
-1105
906
560
560
492
560
560
560
560
560
560
1172
-326
1172
450
1619
2349
294
2234
540
2218
2218
-307
1190
163
1190
163
163
2218
955
955
1002
955
1117
360
955
955
755
1225
1586
816
677
816
677
63
-775
45
-775
-775
-242
677
1416
1416
1416
751
949
1416
1172
1416
1416
-312
1172
1416
-312
25
-312
1172
949
1416
1416
25
-281
1416
1120
1416
-961
-428
25
-428
1536
1536
771
-428
1536
-428
476
-247
670
853
853
231
383
383
383
383
383
-817
853
383
-59
816
-59
383
-849
383
-59
-59
-59
231
383
383
556
556
-849
-253
-245
-71
853
-71
127
332
325
-70
830
149
830
-70
-655
127
-655
830
149
887
-655
212
-576
-397
-397
25
-70
-576
-70
-576
332
-115
-115
-252
-25
-25
-25
-25
496
496
496
496
496
618
496
1640
1640
740
1699
740
-595
1253
854
1035
113
854
854
1035
1035
1035
1761
1761
1035
2078
2078
2077
2078
1020
2078
2078
1035
2078
2952
-76
-76
382
576
31
31
-7
-339
227
227
227
1203
1203
1203
1847
741
759
613
-807
1769
613
613
613
613
613
613
613
613
613
613
613
613
613
613
356
613
613
855
613
951
613
56
613
613
56
951
613
951
951
966
966
378
364
364
378
378
378
316
-168
-694
-694
-1090
-1090
-694
-1117
-321
601
1252
1252
939
48
48
-162
181
1252
-162
-162
301
301
-1113
-206
181
301
-162
656
656
656
443
937
937
937
656
937
726
937
937
1656
213
1196
656
214
213
1196
1196
195
1936
195
-101
-1417
-865
526
526
1130
588
588
30
30
588
621
1140
1140
1140
1036
159
245
245
-321
765
934
-600
245
749
-934
488
488
488
488
488
488
488
488
488
488
-507
324
-859
656
488
488
482
928
780
1372
482
235
1383
1383
1383
791
1383
1383
1383
2307
1548
2307
-378
595
2042
595
2042
656
2042
785
785
785
785
2042
363
363
363
363
1319
363
1319
-976
488
488
603
363
1769
-315
656
-860
-860
-860
-274
-616
-616
-274
-616
-616
-398
1390
531
1166
1166
550
346
700
1169
1169
585
585
1169
1169
1209
740
516
895
61
-180
-180
-180
1769
-180
-77
772
-84
-84
1265
772
987
1265
416
1272
1272
1272
1917
1917
846
1272
679
267
494
565
123
-1442
545
545
545
545
-16
-282
-16
223
223
464
464
464
464
-16
429
429
429
429
910
910
910
910
486
1388
1176
-756
486
486
910
1411
418
738
738
-504
738
814
201
738
738
-504
738
-504
-68
-68
-68
-537
-68
724
724
-253
1245
1245
1245
113
-16
1245
113
971
-480
971
-480
-1095
668
-115
-364
549
130
537
670
537
670
952
1802
1387
-454
1802
-345
-25
549
549
50
261
261
261
-226
883
883
883
883
617
617
617
-404
872
-2285
865
-332
872
-713
-878
865
638
166
631
-867
638
290
-41
-784
355
-41
355
613
613
348
348
348
-1051
-1051
-597
1893
834
834
-425
-894
-425
834
-894
834
397
397
397
592
592
592
592
592
592
592
592
-630
592
-353
-12
954
954
448
638
957
1769
957
957
859
957
957
534
957
779
954
1333
1079
954
1374
1374
1374
954
900
1102
1102
1396
1396
616
1396
1518
1396
1396
-176
946
946
-495
1373
1373
946
1373
1373
1373
946
946
1373
-526
1333
1373
1248
-331
1373
1248
104
1680
1333
1248
462
-1269
228
228
-689
1248
273
-689
273
1248
273
466
1221
1248
1221
833
1248
837
1221
-1146
1221
1221
1248
961
1248
466
920
925
925
920
920
246
920
689
1460
920
837
754
754
-86
604
-377
604
754
-484
754
754
1460
1460
1460
953
573
-339
539
539
1253
671
1253
1253
671
1253
1253
1253
671
598
1399
1253
1413
1413
1413
2260
1413
1413
-455
-455
4045
721
4045
4045
1695
4045
1695
873
1184
-150
436
874
1092
874
-1090
114
874
1715
1715
800
800
800
-1212
343
673
1092
699
699
-901
810
-901
-901
673
-766
-766
-766
650
673
-1482
884
69
-2289
77
673
673
1344
-1473
1344
673
-2745
838
956
956
956
956
956
372
1184
706
-1232
706
-523
-523
-523
-523
-523
598
-523
598
-76
-352
-352
-436
33
-992
-352
6
-76
-76
-581
-955
598
-76
-955
6
-436
6
981
981
-151
-480
-480
-480
-789
981
981
1512
981
1398
1398
487
487
-523
774
774
-125
-125
432
432
664
1331
432
432
432
1331
1331
187
187
-52
-245
-245
-245
-52
272
-245
863
863
863
863
-245
-100
1281
1281
1281
1281
848
1459
1459
-279
-368
1370
1254
-129
967
274
983
1559
2022
1156
2741
1559
1559
1559
1559
3287
3612
2211
3612
4481
1983
4481
4481
2493
3987
39
338
364
338
364
-57
364
942
942
942
942
942
942
1465
1465
942
22
22
22
942
22
57
57
942
1226
-311
-311
-655
-311
-663
-663
-663
992
1039
1039
1039
1179
1039
1714
408
1179
408
408
-54
246
246
1017
1135
1135
720
1259
1017
1259
839
712
1494
1328
207
720
439
712
712
439
712
212
444
-176
147
296
759
266
296
-844
173
173
38
994
994
710
-639
35
-131
57
595
57
57
1131
-478
1131
482
-934
-229
-440
304
-169
-433
805
805
805
805
805
805
805
805
-398
871
871
-263
-263
411
300
-237
1039
-11
864
1136
1136
1136
566
1136
1136
1785
393
-324
393
-324
-324
784
-324
99
393
805
401
401
401
-83
-83
303
479
561
644
676
76
676
452
452
692
-496
-496
-31
-1801
-1801
-1801
-1801
-1801
-14
601
-1220
-1036
162
-573
1067
-955
-955
162
-965
-1456
452
1067
-955
-955
-965
-2132
346
-461
346
-242
-461
-461
-461
33
863
1572
1938
1938
2031
2031
2031
2031
-731
-731
1322
456
1322
-1687
-731
1322
-731
-603
2928
464
709
-84
1890
1178
1178
-84
-84
1572
-169
1572
1524
339
339
132
619
748
1248
1465
1467
1248
1248
132
564
834
-81
-1471
338
666
-81
338
338
666
666
666
771
771
-1471
1611
1716
132
1716
1716
-526
1611
-314
-314
721
-101
729
729
586
586
1159
1625
1625
1625
1625
1625
765
1625
-289
31
-289
695
2289
-399
970
970
970
970
597
71
476
2621
895
2621
2621
494
597
-504
494
1269
139
139
588
588
703
1884
865
865
865
1197
619
750
1740
2072
1740
1787
1726
963
1789
1789
-442
-493
-493
-193
-293
-293
-293
351
53
53
351
53
-293
24
351
53
-45
53
114
114
-581
-249
-249
236
1787
-736
114
1787
-577
-577
-577
-143
-173
-1634
727
727
-1201
727
1612
-752
283
283
283
-503
276
1434
1434
1434
276
276
735
735
735
735
105
369
105
669
735
735
735
1331
1331
917
996
996
-291
-291
996
-51
1042
1042
449
1906
1906
-1700
-636
-1543
-1194
1783
-628
-628
476
729
-48
-48
1790
921
921
921
-233
881
-233
778
-453
1492
190
190
1492
190
-453
280
868
223
868
623
-55
1268
623
623
1268
623
223
579
223
566
566
566
310
310
-369
1107
1107
1107
-777
1107
-369
759
759
729
-139
-123
-139
-324
-230
169
169
169
169
866
866
169
350
350
1603
-689
-689
350
-55
664
664
-760
-1727
-864
664
664
-170
-170
-760
-167
-760
211
84
1355
477
735
735
896
66
66
177
664
896
-231
664
238
-207
311
1355
-256
1225
1321
1225
1321
1321
1025
1225
156
813
813
813
813
769
-284
1226
-1198
-1198
-63
1226
1226
542
1665
943
943
943
-88
943
943
943
943
852
344
-160
-88
242
640
1477
1477
902
2423
2423
1614
2819
1963
112
112
2819
-169
2423
112
297
716
716
425
90
716
-457
90
-24
-434
663
-434
663
-434
663
663
69
369
369
-220
-220
859
921
-70
-171
-171
-211
139
139
139
-21
182
182
182
139
-315
-171
182
779
139
-604
-1331
-175
-175
-884
861
861
277
277
-5
-5
985
23
486
-5
-8
666
985
985
985
666
985
510
666
152
135
135
528
528
135
135
135
528
135
1071
528
627
627
528
528
135
135
135
1268
1793
1793
1793
1793
1465
1793
714
714
1793
154
714
1793
1793
154
1214
503
503
503
503
983
134
-54
624
-66
931
1231
320
1231
1231
1231
1231
1191
2078
1694
2078
154
2136
2136
72
2136
2136
182
2006
641
641
869
869
869
869
1334
-777
570
1334
641
1334
1334
641
1304
-827
575
-827
514
640
640
902
902
902
-1487
-1487
429
429
192
1855
2092
2092
1061
2092
1223
192
-390
400
73
1354
1354
-510
-290
-290
603
863
863
546
863
863
603
863
863
1057
1057
833
833
833
1005
1041
298
1041
1041
-512
-512
-512
-512
481
-512
481
481
481
-1157
-307
-24
-717
1024
481
852
-77
852
417
417
-77
463
417
417
385
501
1343
1016
1259
198
1667
774
1794
1794
640
873
1794
330
330
1794
784
784
784
-152
174
784
1227
697
1227
1227
-152
784
-481
-256
-256
722
992
992
769
-196
1070
801
270
-340
1438
641
1438
-340
382
-207
382
164
1599
1599
1599
1758
701
950
950
477
477
477
2233
-385
477
477
477
744
2233
-860
477
2770
2770
561
1373
1035
894
894
682
2770
593
275
495
1785
-468
827
471
969
969
-11
-562
242
-182
242
401
-30
2385
2385
106
2385
2962
828
2385
828
2385
828
2362
1436
-492
1676
2667
1327
1760
565
991
2766
733
1105
1105
408
408
1105
1336
1105
408
408
1105
493
-453
-711
-453
-453
-453
-453
-453
-453
885
434
434
434
434
-208
109
488
-587
-269
-883
-118
-46
-335
-335
1363
26
65
-522
611
572
611
572
854
854
854
854
551
1028
854
-48
854
551
551
-57
551
551
-1172
-677
551
656
656
656
656
656
884
884
476
1290
98
1290
1020
773
773
773
-565
88
1062
792
970
378
378
1249
1933
-322
1249
1273
1624
830
1624
1624
830
430
1624
355
1755
1755
-245
701
701
-321
-321
-568
1363
-568
-245
884
1363
356
356
-495
-407
-636
884
-636
-636
-407
-78
-78
-78
718
718
718
64
718
680
-482
680
680
680
33
818
510
476
476
276
-685
-685
1800
293
293
293
293
293
468
-1265
-1012
468
468
468
1800
208
208
468
468
202
323
1800
934
934
-71
-71
-71
472
472
-27
930
930
930
930
930
930
930
930
-610
-610
-610
11
11
11
-610
-610
-283
1117
-61
-61
-610
416
416
416
-288
-288
-858
577
215
215
215
215
-127
215
215
930
798
215
1053
-508
470
215
1313
1020
1997
1997
2898
2643
2643
2643
-744
2642
2642
-576
2642
-819
-819
95
95
95
298
-74
-74
2197
794
1483
1514
1232
493
1514
1232
1232
564
564
12
1514
12
341
440
12
-233
410
1717
410
-322
953
1382
953
953
984
984
984
551
87
984
762
984
1382
213
-705
-705
-705
27
-535
-712
-535
728
728
771
728
771
1897
-263
1897
771
771
671
608
608
539
539
671
539
539
539
539
-844
939
501
11
11
381
1280
2632
1358
2632
1820
145
898
898
897
949
949
802
802
802
802
802
802
-578
802
897
329
329
802
1361
1641
1641
1641
1733
1531
385
-2
53
-2
-2
375
375
375
-2
375
518
-2
756
756
1707
1707
-2
1707
1707
1326
1361
1205
1845
975
671
348
832
975
1361
368
884
2067
1292
2067
961
961
961
961
961
961
986
986
961
1791
1791
1791
1791
305
305
305
305
583
583
923
645
645
305
501
1565
1565
151
140
826
-311
907
907
569
569
907
569
1645
1645
569
1396
-946
1396
977
1396
447
1396
1475
447
945
447
447
288
396
396
447
53
1836
447
288
471
471
-388
447
332
801
1678
-771
-771
-577
619
619
718
469
836
1711
1711
2086
933
933
933
1476
2269
1659
2269
3212
2551
2669
2551
3094
3212
3212
2602
1876
2602
3212
2914
3866
3866
3866
3866
2862
1185
1313
-1
1313
2323
2953
981
2266
2077
981
952
3795
469
481
952
-817
952
-581
952
-581
-581
-581
2919
952
-545
3795
727
-300
56
727
56
727
3795
727
952
3795
455
99
894
556
446
1864
-300
505
1142
1142
1618
1618
1618
446
868
887
297
857
297
1232
1018
297
1018
857
857
857
808
2199
2199
798
798
-584
1747
798
532
532
1747
2326
2729
1100
2729
478
3649
874
874
453
-340
1177
-629
1131
711
711
711
1684
1627
1627
1627
1627
1627
1627
1627
1627
1124
1627
1124
1627
-424
1124
1095
-614
-614
1124
601
1124
-614
-236
473
601
-236
473
1244
1073
473
473
1445
407
-478
473
173
-237
473
1475
1274
1274
-189
753
288
288
2015
2015
288
288
1395
-453
-164
-1273
1395
-1174
-485
-395
-1174
-952
-480
332
-379
-1211
993
993
993
993
993
993
438
438
438
847
614
614
-686
-506
444
-686
444
-17
961
516
516
516
516
516
516
516
-944
-276
265
-182
351
351
-182
-182
-182
673
673
823
673
810
769
338
-123
-678
-123
-123
-865
-678
-865
-123
-68
-62
58
259
815
58
1117
847
1797
1495
1797
365
365
1668
1797
365
1797
1797
1797
528
528
495
528
-410
-410
495
940
790
-482
128
857
328
1669
1669
1669
391
905
905
391
-801
1669
328
1669
586
586
-437
-848
1625
1625
1063
1625
1625
-3
-15
-15
-101
-15
-101
597
597
597
597
530
530
-103
-103
-310
-310
289
-433
-82
-310
-82
-168
-82
-1496
-1430
-540
-377
-377
429
429
429
-821
429
-2561
711
442
-622
470
452
331
331
841
962
962
-694
708
92
-625
-625
-625
-625
-625
962
-625
-625
-625
-318
-694
94
94
-694
1496
-694
1547
269
269
962
-517
555
269
634
269
555
634
-337
555
874
874
874
874
874
942
677
962
135
675
-600
451
-84
737
737
737
776
737
888
776
855
591
6
967
967
967
-339
107
1912
883
1843
1843
-197
563
563
-991
-991
1246
599
-530
599
1424
620
620
-655
620
-51
1246
162
-223
-223
305
-223
-601
305
-655
547
547
-559
547
547
547
940
940
1692
939
-179
325
325
-150
325
1238
325
48
48
48
-21
-21
-21
-113
48
531
84
402
366
-281
402
366
643
366
330
912
-101
330
2140
2140
2140
2140
1265
145
1696
145
146
225
104
290
-289
-289
108
108
108
104
104
-1004
354
354
374
354
1148
1068
1044
274
2443
1738
362
362
2444
1045
220
-853
-1517
362
-828
-1517
805
-828
552
-212
370
370
370
303
370
1144
370
-734
661
661
661
219
219
219
661
661
878
219
329
845
-161
845
757
845
618
193
-781
211
-781
-1827
211
-551
1805
-297
2507
2507
2507
2507
449
2507
2507
2507
2848
1502
647
-82
991
2678
446
2678
2678
896
2981
322
322
322
322
322
-548
322
322
322
878
-237
-260
431
878
441
441
441
712
712
712
712
712
739
739
120
739
739
-380
-380
535
-298
-1130
-472
-472
1047
805
1047
1047
315
743
1047
26
26
1405
527
26
1405
1405
571
1559
571
955
-113
256
582
256
201
201
223
223
223
217
206
1168
1168
1372
-252
-832
-1155
-447
-1155
-1155
112
112
112
7
-588
7
7
958
958
1935
1622
1935
1935
2639
2639
1743
-124
-738
274
-374
1176
1176
857
1176
-503
-143
-143
-143
266
-143
266
549
805
805
539
-143
549
490
490
1127
1127
-473
1141
2668
-473
1887
857
945
945
945
945
528
1743
197
1671
786
786
1671
1671
2211
2211
1671
1082
1082
-368
1082
-1036
1003
1155
339
-1081
557
910
910
549
549
549
549
534
534
494
804
1593
1505
494
2373
2070
2938
-86
1312
1593
1593
1505
1264
2070
3771
-494
-207
2070
-444
255
411
-288
411
411
-288
-288
555
268
268
555
876
268
-413
-480
419
900
900
268
900
1136
801
779
419
-431
-277
779
-891
419
779
-431
-199
-199
-277
-199
-277
-199
-277
-199
-431
-431
-431
-57
-46
-57
-46
280
550
213
550
550
324
324
1001
820
820
1001
1001
49
849
849
1001
-402
1946
1793
1793
1793
852
1793
1380
852
1380
1335
905
1184
-1109
825
1980
16
16
1980
-268
888
888
888
512
888
827
127
127
792
556
-479
512
-825
512
-323
263
792
127
127
263
512
-434
792
512
127
127
127
127
75
127
512
-786
127
544
-798
127
792
529
-10
1528
1528
1422
-277
1057
1057
965
164
334
334
334
1057
334
1057
1057
885
24
1099
1099
2535
885
-318
-318
-318
132
469
469
808
1006
988
1672
988
-1456
1006
988
988
988
1050
1050
1050
656
-385
-385
608
608
608
-385
-385
-385
-767
-459
-767
-1316
-1316
-937
-937
-937
-937
-937
-937
-238
-41
1136
-937
-937
-355
-1416
-1005
-934
1284
1002
-616
1002
1002
1002
194
1199
841
858
858
2020
-34
614
-320
2020
638
-145
638
638
2020
-34
1398
2780
751
751
751
751
751
8
8
751
8
8
962
962
1389
2071
2071
435
2071
-75
2071
2071
2071
2071
-75
182
182
182
182
112
412
412
412
445
1005
1005
1005
-1334
1085
973
1055
1055
697
1375
1375
697
697
1375
-81
697
-267
-81
-81
-267
1375
-81
1375
808
808
200
808
200
200
200
808
200
808
200
200
28
808
825
825
825
285
825
825
186
186
204
186
204
186
808
607
948
948
948
948
948
621
64
621
621
-198
605
605
-198
523
-198
-198
638
1508
771
1250
771
1591
756
1508
1591
-700
1591
1589
204
1589
1589
700
901
330
330
2254
432
808
-284
-760
-284
295
-651
295
52
-651
804
295
-1043
-320
578
-320
-41
807
360
1474
665
665
1474
665
807
1443
479
1443
459
459
459
459
1260
479
479
479
479
1395
1395
1395
1395
1395
1395
-540
361
795
361
1147
1147
795
1147
361
646
180
180
710
180
24
24
180
140
140
140
1511
-85
140
1511
42
1456
730
2213
2019
799
978
364
210
938
935
1267
1267
1267
607
14
607
607
1021
291
291
1368
1511
156
789
1503
548
1503
1503
-166
334
709
217
-158
-482
108
277
700
-15
-15
262
-530
-983
-355
-355
698
737
329
329
329
503
329
262
329
309
503
673
-438
448
-728
324
-263
238
-263
741
741
741
337
-199
-719
981
-2165
981
981
808
957
-711
957
1136
1114
-465
700
-697
-697
-697
-115
-697
-115
-115
783
-465
-440
783
639
356
800
800
639
-465
1471
986
443
986
615
986
986
443
443
353
615
700
-136
-136
-292
-935
-464
-292
-292
-292
-464
-554
-292
672
-464
358
407
358
358
407
338
575
139
1130
1130
139
170
1130
1130
1530
1138
738
-805
-805
-805
187
339
339
339
439
-547
511
511
1363
994
-275
994
467
994
994
-279
911
185
467
911
283
1014
467
1014
794
1014
1740
1740
467
880
960
706
1585
1585
1395
984
-621
984
325
927
-1505
-2048
-410
572
990
827
-55
666
634
359
724
724
634
359
634
202
634
1076
1351
309
1351
1076
704
840
1351
1351
1704
840
1149
2299
2299
2299
1919
738
1335
1636
-330
1636
1055
634
-383
634
-152
-823
-152
-152
-152
948
-98
-823
-98
-98
770
814
1441
837
1441
837
-16
-243
-504
-243
1113
117
1113
385
-558
1269
637
-104
1269
1251
462
893
407
869
-857
817
657
-857
657
1472
892
892
1657
888
-857
1394
-13
-13
-941
-120
1394
-120
1394
1394
-941
528
-807
627
-239
1394
-204
-204
-239
456
66
657
657
-1177
500
500
-859
66
1530
2192
1211
1211
313
1836
1211
958
460
-849
-148
-840
-840
710
-840
710
27
35
-168
-278
27
3089
272
341
272
272
-278
272
3089
843
1594
1971
653
2375
2933
2699
1711
1453
1453
821
821
1301
1301
1301
1133
395
140
906
906
1334
-847
-847
-847
1100
1781
453
-951
892
1639
892
892
1516
1516
1516
367
1801
1516
1516
1516
1516
1516
1801
1516
367
1516
1516
1516
508
508
839
991
141
506
939
-672
939
-1694
-206
939
-263
939
1343
1343
1343
1343
939
939
1288
392
1471
1297
530
-89
-460
530
-89
982
982
982
681
681
681
-142
690
-885
-885
-885
-298
-298
632
632
-922
-272
632
553
632
553
-474
-320
553
291
832
291
798
553
592
14
592
592
14
832
-255
-274
-255
-49
-274
795
616
-42
291
-42
-42
-42
206
798
-42
959
798
206
553
959
798
-862
533
533
-192
533
566
533
566
570
570
5
606
606
5
606
570
606
570
1102
1138
-932
1381
2767
2767
1138
1138
2430
1585
946
655
-533
-533
1585
1336
1336
1336
1336
533
770
3256
640
2445
640
3256
3256
3256
486
886
486
240
669
669
669
669
759
759
1067
1067
1067
1681
1681
827
734
734
734
734
734
734
615
615
920
615
920
920
920
920
920
1467
734
671
1617
1506
2044
2044
2488
2449
2409
2449
849
-915
849
2409
442
-139
2409
-139
-195
118
1127
442
417
1374
1374
1127
-881
60
1131
1301
949
949
949
949
949
-376
-131
-131
-773
561
561
561
-1425
1301
-1280
-808
473
659
876
876
876
876
876
-320
103
-551
-117
-437
690
690
690
1106
690
690
690
-624
690
-624
-745
-624
-745
1443
1443
-301
1443
-301
1443
928
928
909
928
909
-301
909
-1147
452
-33
-418
-418
1327
-23
-23
-418
-23
270
226
950
-871
950
950
950
950
950
950
950
430
950
950
950
1129
430
1129
337
2394
950
-636
1210
818
90
478
189
825
825
1309
-356
1309
-60
294
913
-418
913
640
1049
504
481
1049
1049
913
520
1049
1049
377
377
1049
377
-54
159
-54
-54
1049
377
1049
1049
-54
1049
772
1203
1203
1875
1395
1875
1395
-35
950
959
-35
959
460
959
696
696
506
506
506
-650
980
-691
941
941
498
-691
1280
1648
-572
-572
-572
1175
1175
-729
950
-729
227
476
396
1960
-198
-198
476
318
318
1960
428
-31
-1387
428
-547
-1387
96
950
428
96
-1387
428
-744
999
-471
999
1373
966
-353
-353
428
673
1373
-487
-487
-1084
1373
776
802
-1084
-1306
1373
-487
1960
-425
-425
-853
605
-853
732
732
252
1184
1184
1184
704
862
603
603
603
950
704
424
125
1559
67
862
653
366
862
542
1487
1487
950
1772
1772
1613
2424
2424
2424
2424
862
2424
-476
740
519
-459
517
-459
-233
519
-233
1313
1313
1186
442
1186
990
428
442
708
708
708
708
708
708
484
537
-12
537
-585
1466
-307
1466
815
815
708
484
645
712
-918
28
265
265
377
-725
-327
-370
521
-631
241
590
1736
-356
1581
-356
1736
1736
1581
2595
3421
941
470
205
893
1822
980
1822
470
1822
893
893
2239
1892
893
980
1892
1892
980
980
980
1892
-885
-35
-35
-211
-211
893
711
711
711
893
1431
1431
1312
1088
1780
1136
2334
2334
1642
1088
1224
721
-857
-857
-857
-347
167
1579
2036
107
747
915
910
843
215
785
984
413
843
413
-721
22
776
776
776
776
776
22
-999
-999
-188
400
-321
-321
412
-317
371
842
842
371
842
1378
1378
1378
711
711
1378
-181
242
242
1378
179
738
1015
738
2125
997
1112
-2464
686
253
264
264
253
264
264
506
1114
616
1897
1897
1897
1492
1198
1897
1535
2367
-539
-539
-199
2367
-199
-199
564
471
530
530
530
-822
530
17
161
471
2367
-961
-961
-961
-1109
471
-103
471
-103
471
233
233
233
233
741
741
299
1058
618
1058
515
515
2367
1058
618
1395
1395
498
498
-600
215
498
498
498
498
215
264
715
1254
755
2367
1472
2489
1689
1615
1615
1423
-129
-171
1393
1428
2367
465
568
1116
1393
690
1495
690
-261
869
917
917
917
917
2367
917
917
917
917
2367
1591
1591
1591
1591
2367
1410
1591
1591
2137
2137
908
903
908
1802
496
908
1393
891
891
1634
602
1634
1659
1109
2066
2066
1539
1539
1651
819
2433
-493
-229
194
194
-493
365
-805
-178
-178
256
256
-800
-495
-800
625
256
625
915
-751
-132
-132
-540
-540
-751
-991
-291
-991
21
-132
-74
-74
-528
-311
-1249
-74
-1466
-1249
2674
1169
1169
684
1169
684
684
684
684
684
304
684
1902
1902
-304
-587
1522
358
913
913
147
630
147
765
765
404
3195
1068
1068
254
3195
523
1068
1068
3195
1989
1892
1989
919
919
919
919
1989
2266
2266
717
509
1173
1173
982
1173
982
-84
717
636
-957
978
978
717
919
-328
-328
-328
919
919
-151
1496
-151
-101
-776
718
-573
-573
594
800
800
800
223
800
800
384
384
-547
1035
1035
93
717
799
799
799
799
799
26
1013
1786
1391
1786
1786
2953
2511
1391
1700
2453
976
2953
1391
1391
3056
1391
3056
3056
1391
1323
997
1391
997
997
997
1391
997
997
697
1391
997
1497
1103
979
979
211
979
979
979
2414
531
531
-756
2414
-314
-66
-411
211
-32
630
1153
630
519
630
519
1321
2414
1321
1321
1321
1321
1153
630
258
258
992
992
992
992
992
992
258
992
-658
862
-125
-125
-125
-125
1155
817
1400
1155
969
1850
-588
4352
969
381
838
1153
838
838
-336
-1378
-2152
-236
-236
818
818
-236
-236
4352
23
23
143
1123
1123
1003
1003
1003
499
499
499
499
4352
1415
413
-365
54
711
711
190
711
1850
190
-365
-365
190
543
543
4352
543
299
299
685
685
299
685
543
299
-1216
554
554
-1216
967
967
123
123
-85
1850
1850
225
-275
225
227
227
-803
956
956
956
1081
403
768
499
227
432
542
1850
542
542
1538
499
4352
2102
676
1273
2102
2102
-873
-873
-873
676
-892
653
653
976
1119
1119
-841
-868
41
75
75
3724
75
75
75
75
946
572
572
683
572
321
247
4595
637
637
69
637
742
276
637
637
1148
-260
182
770
943
900
900
900
900
981
981
246
496
234
-461
-461
234
-344
4223
-243
-243
-243
248
-829
583
1182
-494
1182
4913
-454
-970
-970
153
269
828
-782
828
399
1158
1158
1158
1158
1158
1158
-305
1158
1669
577
887
1851
1541
-873
-93
2377
2067
2377
2377
-1585
-646
216
216
1735
1735
1735
-140
373
373
373
-876
1103
373
373
-247
261
652
285
-1679
157
285
1103
285
157
-454
1103
285
1103
1428
-205
157
-205
1103
1394
-772
603
-663
603
-663
-663
-993
-993
-429
-993
-589
-415
323
-415
-1151
633
284
628
-964
628
-964
-454
725
725
725
906
-778
906
631
-964
344
631
-840
631
631
1428
631
631
1636
1636
1169
1139
164
1606
230
164
164
1493
1493
1493
1493
-143
810
578
908
908
5
908
1517
678
678
678
890
1057
1153
1153
1498
2257
2257
2085
2085
2257
2085
2822
3333
2485
-680
-680
1057
1067
964
1734
1734
1734
2184
2184
2184
2699
1096
2699
2699
2699
1096
2699
1559
1115
-550
-193
80
80
-123
1115
866
549
890
890
890
890
588
890
890
549
253
243
243
754
-972
754
848
492
944
848
848
1530
243
118
1575
1575
1148
1174
106
1174
-810
1174
628
1174
1483
1483
1052
710
2029
710
710
816
710
-572
378
378
543
825
543
-1476
-64
-182
825
543
825
-182
-64
710
825
377
377
560
560
1472
1472
-1691
-2460
-2460
-1691
-883
690
-689
1472
287
588
1517
1472
1099
1099
287
1099
990
990
725
990
725
1413
2160
498
1149
1240
1240
1240
234
-85
1521
1521
1521
1254
312
1254
1254
1254
1254
-1218
991
489
465
491
491
332
489
498
498
498
-938
504
431
715
715
715
440
715
715
-703
858
305
305
1718
3029
2689
3029
4013
3632
3490
-69
-69
3490
2552
-69
2552
3491
225
-140
364
364
2978
1998
1124
2821
1912
1998
1124
944
2978
932
698
932
932
932
-90
711
-109
932
225
932
-375
-375
901
-725
104
83
462
-85
-514
-1201
-417
-417
-417
-417
-791
245
-1201
245
-22
479
479
-183
779
714
779
118
118
118
1154
-1185
710
748
748
748
1425
742
365
365
-6
-516
-62
-62
1244
448
448
1244
332
1244
-448
1008
658
-1496
1008
1008
1332
1332
83
1332
1332
631
886
926
631
-81
886
351
631
2467
1293
2467
2467
880
570
1565
880
2467
2479
3014
3014
3014
3014
857
2467
649
649
1565
1425
1565
722
649
649
-359
649
649
1154
-529
-468
-468
649
649
649
850
-158
722
-1088
1154
722
-128
578
707
916
916
516
916
916
534
534
342
722
1913
222
2429
929
2015
1303
-548
977
2003
1303
1303
748
1956
1956
748
454
1956
1956
1227
1227
428
428
872
872
956
1173
1886
2065
2358
1981
1981
2481
629
1107
900
900
900
980
407
622
622
1821
1821
905
731
905
-378
-543
-1270
1673
-142
-142
147
-114
-197
0
1673
-566
222
-390
971
971
971
275
364
801
801
-599
909
-986
909
1673
1203
1889
1889
2304
2304
1673
641
1432
641
1126
-812
-812
165
165
-1497
832
-592
-615
-1206
-615
128
379
1278
704
824
1242
1242
898
1180
1180
1170
429
1413
1425
1413
1130
1130
1130
1242
809
809
809
809
2076
2076
2079
1351
2079
268
268
1351
227
753
753
415
1351
-429
1975
514
1351
1975
572
556
936
633
936
-360
227
-72
2007
496
511
2611
-919
-919
-896
1943
-896
-919
996
492
1625
1625
1625
1625
-277
618
1629
1182
882
1182
822
822
1933
-725
279
379
-255
279
758
758
1004
-107
296
296
296
148
-328
-328
-576
467
467
467
467
719
-2330
583
719
719
-87
586
586
586
586
722
586
586
-239
-239
1718
386
230
1718
1718
876
-639
1290
586
-639
-639
-639
1290
1290
703
703
703
703
703
608
703
1436
137
1531
896
1661
896
719
1649
1649
1649
1649
1649
1649
1649
1649
1649
2403
-515
2768
-526
2768
-246
2768
25
1361
25
25
25
705
705
1328
1328
827
705
2288
1204
482
1898
436
-540
-593
-593
-593
419
-120
-180
-141
454
454
454
165
-558
625
419
-274
-274
88
331
419
88
419
-504
-261
-452
-135
-765
-765
-425
-425
419
241
-765
-765
-919
-919
-919
-919
-919
-919
-919
-69
-69
-118
679
-590
1432
202
827
202
202
202
202
399
399
399
202
1125
202
399
-897
1125
1125
1125
202
937
937
937
937
707
937
707
707
26
707
983
983
983
352
983
488
-237
-237
488
603
544
544
544
860
1428
490
718
718
598
718
643
651
651
2368
1149
2203
822
931
931
1720
822
1720
1720
1253
82
1312
1258
1533
-278
58
580
1219
639
1219
1312
1135
1727
1648
-191
-191
-191
879
523
-671
2346
2346
2297
2500
2500
2297
2297
2242
1843
-726
-650
1631
-650
-315
-103
941
941
1064
941
941
1081
303
1081
-427
1081
113
113
-502
-502
113
-502
612
612
-570
-222
582
582
582
656
240
331
1599
-121
1599
1599
-121
980
980
245
245
-30
-692
-375
791
791
955
976
976
-351
154
154
629
629
976
629
629
629
1303
976
-430
158
840
840
-906
253
-314
-314
457
378
2088
2088
2612
3084
1504
1376
909
762
574
762
762
574
1411
574
574
1320
693
1001
759
1001
1001
759
442
759
442
906
906
-1042
1692
1692
1692
-622
1073
1073
-622
-178
305
305
305
305
1035
1035
245
39
245
1692
1146
888
1692
1513
1513
1513
-116
1318
1318
888
638
1318
1318
1941
1941
-523
1941
877
1242
819
1357
1357
1260
1941
205
1260
-232
-105
-105
877
1145
-246
-154
-375
-154
-379
-379
-379
-154
351
1005
351
-119
351
351
1005
1647
1647
1586
1586
1586
506
1431
785
785
1005
1005
282
785
-152
-152
-152
658
658
658
658
375
658
-386
-386
652
652
791
674
791
-745
-745
644
-160
-160
-160
1005
-950
-257
-257
-257
-160
-257
279
279
644
279
279
-1241
-2383
-651
-651
-651
-651
-651
-651
-651
-651
-576
-1241
-446
26
26
26
26
849
849
849
211
211
211
1149
1310
-248
1310
1739
1739
26
1128
1687
-855
1687
675
1687
1687
629
1687
269
269
269
269
269
925
670
670
620
377
-150
-150
858
858
858
428
1118
630
846
306
306
638
-421
939
-224
663
-115
73
40
-709
818
1950
2794
1161
126
84
502
996
713
1790
713
-266
1790
1788
911
911
911
911
427
427
463
630
-235
463
-235
360
911
360
360
894
-263
526
990
142
142
142
15
225
-1383
1053
-847
1053
1053
1053
739
739
785
1189
-66
792
-66
1211
705
1016
1016
96
74
288
288
88
-425
893
893
893
893
-268
682
893
893
-505
-1479
-505
-505
-505
-505
893
41
41
-628
41
-1479
41
38
893
-759
-1479
-134
-688
20
411
-240
-240
-240
880
57
880
582
324
1014
1014
1380
324
1014
324
324
582
-222
-924
-17
311
-39
-39
-456
1428
-456
-957
823
331
331
-890
648
648
648
648
648
517
517
814
-907
331
716
75
832
719
990
990
990
990
270
327
327
1632
113
-561
113
-598
657
-598
328
926
1010
607
607
-689
607
-66
1631
979
1631
-66
1631
300
1297
1297
-469
180
760
1297
1389
1389
1389
1389
1389
1389
1099
1236
1236
1259
1855
969
985
442
969
985
985
-161
985
-161
-6
572
-6
572
572
-350
607
-807
465
-807
465
465
465
465
465
465
465
607
-460
-444
465
465
940
-792
465
465
465
465
465
-444
320
-963
352
-557
522
-387
-1395
-807
-807
-615
1843
573
890
522
1426
522
522
834
1426
1578
986
-387
-874
-874
-156
552
552
552
420
60
552
552
694
1317
1317
552
1317
224
1317
1317
-1336
522
552
522
945
945
945
1133
715
1133
-973
1354
1187
1187
30
1354
1187
988
1155
119
716
-26
119
-537
-26
812
812
442
812
1451
614
1451
1451
1451
205
1605
1451
1605
1073
1013
1038
1038
-52
-70
1128
-70
1365
49
49
-559
-559
699
699
-613
-507
45
916
1995
45
-70
916
916
1995
611
916
940
-284
278
1995
863
1088
863
866
866
1526
866
2109
866
866
863
577
1207
1493
577
924
1009
924
1484
1475
632
1484
342
632
1493
662
792
1972
-38
-1036
-38
795
795
927
927
927
927
-829
1475
1972
1963
1963
272
1963
1453
1453
1095
404
404
404
404
2649
1095
-1078
393
2649
711
711
-775
-775
-1339
1528
-1994
143
-652
-301
311
959
-959
-301
-959
-959
-154
-240
-240
143
-729
-949
-729
28
143
28
-716
235
235
774
774
774
885
885
-189
-1077
943
1843
-390
-1077
-1077
757
757
757
757
1677
2253
2253
2253
1518
419
1518
1518
2253
-927
322
3357
3357
3357
1523
1551
-718
538
143
143
896
896
896
896
896
896
761
761
1208
1256
1256
614
614
1208
618
618
322
614
1350
1127
1350
1079
672
-538
-538
366
148
250
50
-1227
250
50
-48
250
-48
-963
250
293
1102
293
1102
1102
293
1102
293
784
1000
635
-85
-85
111
111
111
407
-549
26
26
-549
26
-1184
26
26
-549
231
26
-820
-947
1686
2027
2027
68
1370
1370
68
-18
-18
-18
984
984
-18
973
973
973
973
973
70
70
1729
1767
210
-409
-549
-549
878
1148
926
1148
1110
834
-198
926
-204
-204
-983
-983
-1430
707
707
745
745
745
707
745
-27
-27
-27
-27
-576
724
724
724
724
724
665
873
873
873
772
1490
227
873
873
348
1444
1689
1167
-307
306
-307
1463
1463
306
1463
976
976
976
871
-45
-26
245
245
1437
836
1437
-67
-1368
1010
336
1287
1287
1961
1961
336
1097
-706
336
-706
-706
713
-121
-121
382
411
382
382
382
572
-339
572
-748
921
-736
933
-819
-266
-266
921
300
1691
78
78
1452
183
219
60
1153
783
783
243
265
-688
78
470
470
511
511
470
511
18
894
894
894
519
452
519
774
2407
2407
2407
1153
2407
3285
652
-1059
58
2033
670
-544
529
94
906
94
652
-310
652
347
652
347
347
347
-778
-1277
18
347
-778
18
-778
-310
481
481
481
339
-462
-1664
-2024
106
106
-421
-421
-253
-253
-253
181
-253
654
235
609
609
51
260
590
590
590
590
590
590
1586
1586
1586
1586
389
79
-349
389
-349
755
1652
1652
1652
1139
1652
208
1139
651
535
403
773
534
901
901
901
901
901
493
-119
901
635
901
901
-889
1097
-889
711
1243
664
1167
1131
1131
1131
-1503
-665
-130
572
1155
1155
1155
1152
1155
1284
1611
1718
1718
1718
1718
1611
1031
-734
1256
534
1040
1040
1040
1040
1040
1040
1040
1040
-698
-698
1040
-698
25
572
25
220
220
25
220
-472
1000
1000
1000
949
1000
-228
335
68
-140
277
79
647
357
-561
647
357
647
623
623
623
623
623
623
-312
647
212
647
-513
1097
756
756
2875
2875
3860
-127
3860
3860
2471
1304
1486
1486
1486
402
900
900
-905
2270
418
482
1076
482
482
831
482
1010
1320
797
797
1320
1459
1459
75
681
1343
1343
1343
1343
932
932
-405
1422
1422
764
721
66
1171
748
672
1461
-260
672
1016
672
2147
2699
1585
793
-901
381
-1193
381
381
-583
381
471
730
471
1261
1261
1261
1261
-631
-458
-631
101
101
101
478
1461
-72
-72
478
478
557
557
557
979
979
-492
557
-492
-492
-492
101
855
101
-492
1461
164
164
-492
-492
164
-492
-1194
1461
101
557
148
164
189
979
-97
-97
-239
-97
-239
-239
-97
-328
-1000
-726
-740
1711
1711
-629
-51
-37
-37
-37
382
3
422
1461
1143
1420
423
1001
1001
423
423
423
663
-240
663
1013
225
1461
-247
721
721
721
640
1285
-915
379
912
912
912
1461
912
912
357
697
912
-106
592
214
214
697
-148
-363
357
400
-168
894
-511
894
1285
1285
894
1285
1285
13
815
1461
894
438
438
894
-292
507
507
507
507
-292
507
507
507
-626
1036
839
839
920
1485
920
822
871
50
1063
-879
194
52
-879
52
52
-211
772
1262
1262
1312
1262
1312
651
1262
-680
1262
-680
1063
1063
1843
-376
1262
1063
-356
1282
-356
-356
562
397
1517
567
1063
524
529
567
747
529
747
747
-805
-805
95
1517
1662
-176
227
1517
997
997
580
751
751
751
751
751
751
302
417
531
1278
243
-750
531
-209
-750
-750
531
637
637
637
637
353
952
952
704
1465
-990
495
531
1133
495
531
1146
1146
1133
790
-194
-194
-194
-194
2196
-194
-194
2039
1063
-58
847
575
-274
618
618
330
550
550
550
550
550
1595
1595
550
2010
798
2010
2010
2010
2010
-76
2165
437
3446
3168
3446
437
1217
1217
1217
1088
-752
1217
-51
979
1588
1588
1627
643
643
-599
667
667
-355
1342
1342
-169
-169
949
1376
402
1376
402
949
-169
1376
1536
1536
1098
-486
-230
1098
809
809
809
938
938
938
938
-1025
193
938
173
-626
605
628
-85
938
710
710
710
628
-39
-313
1276
1276
1852
1852
250
-816
1816
-816
-276
1816
-816
250
1816
-816
-324
171
938
250
2495
-635
2195
-816
1714
544
245
1213
-64
560
50
-863
-863
-863
-863
817
2558
-17
2346
2346
2346
2216
2216
2346
1500
-644
2346
2346
890
365
365
365
410
365
1309
906
906
-545
-274
-274
590
590
590
590
590
-992
-992
-992
-992
-992
-992
-1337
1309
-1642
-561
-859
-1121
-827
-649
-992
-649
872
355
872
355
355
-5
872
872
633
-940
633
693
693
-483
1845
693
693
693
-185
704
1845
704
-483
-185
-185
704
-483
-483
704
-483
907
907
907
-945
693
693
-375
-375
381
-129
108
-152
108
850
1335
590
541
1335
-21
138
1335
911
911
911
911
1085
911
109
470
596
1686
868
1686
807
807
807
825
807
812
812
70
1270
932
1311
482
1311
1311
7
7
1170
7
482
-17
1140
-17
-473
1170
630
472
472
1401
211
211
793
211
426
1140
426
-546
1140
1925
1925
-618
221
221
221
1237
1237
-326
-326
-326
-326
1212
-135
722
1925
-135
-135
1925
1111
896
868
868
192
868
1129
1129
192
868
192
868
192
1129
192
1129
1129
1129
192
1129
963
316
-587
1535
75
950
950
822
822
617
1001
741
-329
822
-98
837
1446
1446
1446
837
176
1446
1446
1655
1446
1446
1091
781
1091
1446
1446
497
930
930
-924
810
1240
40
1940
1655
-873
1027
1655
1655
439
546
546
439
439
439
920
883
883
1740
1527
2427
1740
1740
1740
1527
1527
1527
883
706
723
723
1105
919
79
919
1105
-866
1829
634
-1089
1491
1491
1491
1120
1
1816
1816
1816
1816
1987
-791
767
767
767
767
-903
-465
-465
-465
246
-656
471
1453
630
271
425
271
69
897
897
475
897
897
897
-95
573
1143
1781
2600
888
2030
629
-34
-542
383
-442
1871
1871
1871
-692
-34
1497
-694
1320
2544
2544
112
583
69
1234
1413
241
194
241
-259
241
1234
-335
-280
847
643
643
1086
2144
1059
2021
-53
-53
-560
2144
-560
-560
314
2144
314
-53
911
1031
911
1031
436
1031
1031
1031
911
1031
1031
911
-247
728
435
-398
-398
879
1056
59
1598
1598
987
2547
987
702
1378
709
1378
2547
1524
269
1524
195
1828
497
848
2547
848
767
-725
-696
800
954
954
663
659
659
659
659
659
659
659
-243
333
344
-243
344
875
875
-448
182
659
-625
182
333
771
659
-888
-888
-11
-11
-11
-11
-11
-162
347
-337
-11
-11
-888
1048
1344
667
1431
1697
629
1431
378
629
565
565
1324
1324
1768
1330
1330
-594
-594
679
-594
1768
160
183
1768
-666
679
679
-605
459
679
493
951
2007
2007
2021
2060
942
1602
512
2007
512
512
-488
-488
512
-755
-707
-1530
-707
-707
116
493
329
329
329
-597
493
-597
1084
-123
-597
-257
-123
493
456
116
-38
-625
493
-38
925
1797
-913
25
-85
-85
-913
239
-913
-358
1797
1797
934
-85
-11
1797
-703
1468
-94
-2576
-1631
1797
316
316
316
-1631
316
179
316
316
-2495
-2495
363
363
413
413
413
854
413
413
301
301
413
267
155
-861
267
267
-298
-692
-1034
-877
89
248
1617
1234
799
2168
799
516
799
799
2168
516
2168
1182
1182
-188
1182
-188
1182
301
-720
318
970
970
970
-224
970
700
970
347
545
935
935
-463
1054
891
988
988
711
1201
1201
1201
924
711
711
711
924
72
1879
1003
1003
1879
450
450
1843
711
450
-941
-941
450
-713
-713
1104
-140
791
1104
1890
628
1104
158
158
494
792
1262
1262
1262
858
858
1262
858
1262
892
797
688
316
688
1104
1168
1168
316
928
928
1825
1037
140
-111
928
76
603
1455
603
497
497
-247
672
953
782
1147
1147
1147
1147
1147
1147
1147
1182
122
-674
122
1612
723
723
-674
723
723
808
-1096
738
104
-201
-1096
-870
-870
-870
-870
-870
462
1589
462
442
462
-414
-201
-549
-481
-481
62
567
567
784
784
784
630
1208
1420
1208
-75
593
1689
2085
266
593
163
1077
163
2429
2429
573
-11
1535
1535
18
1535
861
322
-447
82
455
82
82
833
1050
1050
1050
-350
220
1440
1440
1440
1440
-682
1032
1165
1165
1165
2164
-901
473
-467
2164
-60
-60
179
179
-378
-477
-31
2085
662
178
1119
1785
1785
-330
1785
1785
1638
1785
1638
-992
-992
580
580
437
-992
437
1111
-256
1111
364
1111
507
507
-660
-194
393
684
114
393
-194
896
886
-274
-274
946
-274
-274
946
946
361
887
962
887
962
962
962
360
360
285
285
604
604
285
-144
840
840
609
1014
898
898
1014
1014
898
1014
959
-422
-422
840
-422
887
840
330
609
330
330
330
-946
-426
919
919
919
919
919
1396
773
840
773
1092
1092
2057
2057
2057
2057
2958
248
1159
971
858
971
971
1159
1159
919
858
971
971
971
2100
2855
2855
2815
1914
2855
2325
-63
1633
2407
647
2331
3309
3309
3121
1918
-90
2199
1918
-664
-704
-685
216
-685
216
216
-685
1263
1369
1369
897
-63
795
1369
-63
754
447
1885
887
1885
1714
-520
447
447
1885
-1333
1334
1334
1885
447
14
14
-855
1119
1119
-742
-742
898
530
591
1065
1065
-195
898
208
208
1815
1815
1815
208
105
999
999
1524
1813
1689
2214
-282
1682
2523
2523
415
1975
332
-16
415
332
1975
332
1975
659
-696
-696
939
939
939
1443
939
855
935
935
1975
935
861
728
728
808
-128
-282
481
1004
-465
746
480
61
480
481
-788
481
194
1188
1188
1188
1188
61
131
131
131
123
-564
421
-564
1328
-564
-564
-52
1328
909
261
1039
452
481
1039
452
1039
261
452
1033
1039
452
646
304
646
646
591
591
646
646
591
-510
-398
1618
591
888
2202
888
888
1175
2202
1175
500
2202
2202
2202
1620
1620
973
1982
1982
3158
3158
973
764
633
764
764
4074
4074
892
4074
860
860
860
536
536
315
320
315
315
858
858
1274
1274
1398
1044
1660
1784
780
780
780
514
780
1045
780
860
-976
780
56
780
1045
1045
1045
780
780
780
780
-899
253
780
780
-184
904
1669
1669
1669
1669
1669
1669
-39
1209
1057
887
574
-996
1150
1150
1150
998
428
1150
1150
727
727
727
727
727
727
1150
739
1150
739
1277
1630
1630
1630
1630
1630
1630
386
386
1541
1136
741
22
22
903
741
970
-208
-208
970
251
-208
934
386
386
-947
-947
-947
386
386
21
-416
21
-416
527
522
522
522
607
753
753
912
585
753
912
585
522
1119
452
462
-69
56
793
-282
455
1240
-595
912
-293
-293
1240
1240
885
542
885
-481
-69
885
670
-528
772
772
670
772
1000
1000
1105
1105
1000
839
944
-137
944
-137
839
846
846
839
846
493
846
1393
101
708
877
1453
268
1453
877
-279
877
877
-757
877
877
877
454
877
877
716
101
1501
1501
867
-1624
1501
1279
867
-1624
1367
2806
2806
3357
716
170
772
-759
-827
-827
772
690
-759
336
779
1495
1495
1495
1495
1495
534
534
471
778
1488
-914
-43
1488
57
-175
-33
1772
1772
1772
2218
718
1198
571
1749
571
571
134
-38
-38
-111
692
-761
925
-1056
159
726
762
762
762
925
-998
762
762
925
591
-329
762
-329
762
591
442
-649
398
933
1183
2075
251
251
251
251
879
879
879
879
1437
879
1437
1437
1437
711
161
1357
142
348
-46
894
-1093
-46
343
621
621
193
-905
106
783
783
783
1198
783
938
938
1357
938
-129
903
938
903
320
-218
-75
203
-75
-75
-129
938
636
-597
938
938
-597
-597
-254
903
903
151
-481
834
534
767
1150
1150
241
1150
1150
506
603
920
1054
920
920
-264
1054
116
920
1054
920
462
200
687
486
569
-788
1054
-1433
448
727
448
448
448
448
448
448
1033
1181
1181
987
1068
360
360
360
765
765
765
1402
1402
958
1402
1402
1402
443
1402
1402
589
589
502
-617
1151
-1179
200
967
1082
1082
1317
1082
1082
1082
1082
591
591
1912
862
1000
1000
1186
550
1912
364
1710
364
1710
559
1912
559
1912
652
652
1710
1710
-416
-416
-416
-43
2886
-416
841
2
-416
841
-692
841
272
-795
756
180
267
771
771
451
113
917
917
917
1357
1277
1277
917
1277
1277
-680
1500
1277
1244
1277
968
968
1133
1133
926
926
1741
1005
1741
1005
540
2432
2944
3430
1538
3624
1817
3948
287
3754
3754
2621
3948
3948
2156
2621
3948
3442
2285
3368
3056
3012
3056
3056
2424
1959
3265
974
-1234
974
1791
2961
1657
-841
1654
1657
2218
2218
2218
1005
2081
2961
2084
2352
2961
2084
2218
2961
2218
2961
2218
2961
2961
-286
1873
1390
104
1390
1231
1231
1231
-195
-313
663
1250
327
327
375
-603
-603
-1043
375
-786
133
375
375
375
871
1472
1472
1472
737
856
856
185
-398
-398
856
454
998
998
856
-398
808
820
856
202
-928
165
657
554
554
554
-721
-928
-721
703
450
176
-1215
522
522
-381
522
821
-469
581
485
581
485
485
581
581
461
882
472
882
-859
-114
882
882
-859
1489
1489
1489
1489
594
115
1342
210
450
880
1077
294
1077
294
498
1077
1077
1077
1401
1077
1197
2946
1077
2946
2148
2946
2946
2148
-794
410
982
2616
2616
982
-842
1980
-1469
62
992
992
-161
992
701
1561
-547
1561
367
2475
1232
1615
2907
2907
2610
2610
2610
1229
369
-255
-519
1477
1477
460
1477
686
-552
686
686
928
-466
398
1419
-507
857
857
1419
1419
928
1772
1683
1683
1683
868
127
1772
1772
-201
127
127
127
204
1772
554
1772
554
358
554
358
554
1772
894
2097
402
2097
-1004
-844
933
-844
591
-80
-448
-448
-448
12
-404
-448
12
-404
591
334
334
1268
486
-424
591
2185
2185
2436
2436
737
737
1035
655
655
1035
1406
655
1397
1162
1162
2251
308
308
308
559
559
576
226
276
2
171
171
-270
727
727
161
-88
-88
-705
171
161
-186
-705
161
-705
161
-765
-186
-120
161
-120
-667
-667
-121
-20
370
370
-345
-345
-389
-1307
823
978
978
275
1200
1200
242
1200
-384
716
66
671
66
66
-384
1489
618
1984
618
1071
449
-382
-904
-904
22
618
1984
618
-1109
-904
-1259
618
449
-431
626
626
1023
1023
1023
474
1023
1350
2286
2266
1023
1452
1023
1452
137
566
925
618
310
310
310
1039
193
310
-887
75
746
746
746
746
746
1769
2033
551
2033
515
515
2227
2139
2227
1990
515
-44
515
692
337
337
337
675
675
675
675
716
675
675
675
675
675
675
675
675
675
675
716
675
675
675
675
675
1539
1460
1539
-661
-233
1389
551
604
1189
1189
292
825
-1237
825
825
825
771
825
825
257
-873
-873
-268
-873
-268
-233
590
590
515
515
462
515
462
209
637
995
995
725
1944
628
848
1423
883
1944
995
939
171
918
1944
918
1944
918
918
918
1944
1377
1377
1377
240
240
1952
-797
1952
2192
807
1952
532
1604
507
507
507
336
498
498
498
498
498
-599
1047
544
1783
1783
1360
1490
1490
-649
-753
-753
-932
1042
-1571
-234
-2570
-541
922
922
-1056
-2179
-651
1887
1465
-564
-2570
370
1326
1326
513
1326
513
-860
886
886
1941
-1061
1941
193
648
648
648
481
648
1941
193
647
647
647
1941
1941
1941
680
680
680
680
680
-588
878
878
465
465
465
646
690
646
-512
833
646
833
833
833
690
833
596
833
596
484
484
833
833
596
-149
1941
833
690
690
970
269
269
1497
1594
1594
1648
1648
1648
1497
1648
1497
1941
1497
1497
1941
1497
807
-1265
1528
1528
1143
753
32
-1344
-1545
799
799
-547
-182
-182
917
322
652
652
322
977
659
977
659
1592
977
1060
977
1389
2322
2322
1592
454
-447
-521
454
-447
119
119
454
495
-1247
-1632
728
-675
-1314
-412
-461
-370
-56
-370
1671
1671
-806
1457
1671
1306
1306
423
36
1092
-629
-518
-518
427
427
427
427
42
427
-91
751
61
1237
-1553
705
705
122
705
-271
705
-903
705
688
-903
860
860
-903
1457
1457
625
625
625
821
839
-32
548
-32
729
548
159
971
1706
971
800
67
67
67
67
-831
800
147
880
1153
880
1173
1173
1217
880
880
592
-908
1063
-382
1217
-382
1217
-571
592
1217
592
1217
-658
-571
-571
-171
874
109
223
223
1089
1089
1217
223
1089
104
-225
-225
1217
-111
489
1089
1089
223
489
880
603
1217
489
603
603
880
634
1091
1625
100
-128
1625
100
1625
2168
567
-155
2168
847
847
847
847
847
847
847
847
-438
867
432
932
415
567
567
696
696
253
932
667
-150
910
910
-150
932
779
254
254
144
434
939
1087
635
635
635
912
632
912
912
1758
-562
-562
1909
-223
1371
1041
1041
-511
330
1097
816
1097
156
-312
179
-340
-474
-493
-493
293
-175
-127
790
-460
-117
-160
-117
419
-160
-470
2223
54
1191
54
1191
54
-1059
-152
1344
-152
-155
442
-152
321
901
901
901
1344
1159
-690
1159
379
1159
414
761
1142
1289
1221
1289
1261
1261
1289
-786
-786
-786
176
-240
176
-35
-76
-76
381
-205
-205
-205
-205
381
381
-360
386
966
-143
-3
-3
-3
10
-240
934
934
304
1314
1314
1314
-1425
582
-924
998
620
252
252
252
871
-924
-924
-999
620
620
252
252
-926
761
112
112
112
112
112
252
-712
-712
-712
-247
-247
-712
-670
252
252
-393
1235
582
590
868
1087
582
868
1675
1427
1041
1675
1041
-513
2495
2209
1235
1861
-395
-395
393
118
764
1063
1063
1063
1427
1063
1063
765
765
1063
1843
216
1843
-215
216
947
1843
1843
1843
1843
1843
1843
1235
1843
1843
1843
443
-177
-731
947
987
987
987
987
-821
987
218
218
218
218
1075
259
296
259
514
1416
1416
2314
3616
964
3616
379
1842
-758
-758
3616
333
-758
796
1508
1508
796
1508
1508
1508
1508
1508
411
356
1054
1054
-441
268
774
833
833
833
833
833
833
833
924
924
924
924
833
292
-120
608
292
933
933
933
292
557
557
933
933
354
-337
833
354
-1705
-1591
-104
354
-803
650
327
-1614
-415
76
-415
76
326
759
759
326
326
326
326
326
326
880
880
880
880
831
880
1070
880
880
952
385
6
952
-639
-639
443
668
-251
813
1659
-105
-586
72
72
1038
1163
1163
1163
-586
-928
1163
655
502
967
502
1285
-615
967
-133
967
799
317
312
521
-1180
851
502
-1056
696
626
237
267
267
-273
495
495
873
873
594
967
967
1560
1636
-600
724
724
724
724
439
724
724
439
724
439
731
-600
873
428
428
-356
-356
-662
601
601
601
873
967
694
694
873
1222
601
1222
967
534
534
-298
-298
182
617
866
866
873
866
866
866
866
534
646
866
-295
1978
2283
2283
743
2283
2283
54
2283
283
2283
283
2283
2283
743
441
542
743
1599
1398
1427
1427
1427
1242
1141
1242
-139
-1305
-139
-139
-309
307
-2360
-309
1114
-624
662
1423
136
720
720
1015
1709
131
816
-128
-128
-128
-128
-128
833
-128
-128
-128
629
629
-626
1081
560
1142
-61
454
1142
1663
-725
-61
-93
-802
399
579
386
386
386
-599
-811
386
1003
-649
151
-171
-171
82
82
-868
-171
82
-868
-165
-559
82
179
179
179
291
291
1003
291
924
291
291
291
637
637
637
637
637
-559
-578
-928
-498
637
480
480
480
82
480
-576
829
829
829
876
876
1404
1143
1295
-1046
805
805
805
805
805
805
490
805
805
829
161
1206
1206
755
550
-452
1298
1298
1298
1298
405
-721
885
957
834
1644
1018
1368
1546
1644
1546
1546
862
-914
1546
1405
1405
-396
1644
1750
750
1644
815
815
815
815
1785
1785
-909
-869
-869
1785
-246
-246
-246
-909
879
-246
1420
1699
1699
-246
1699
1756
1699
1106
879
312
-807
1644
312
-1
-1
879
-1
178
642
-615
879
1653
1653
259
1196
-960
1843
1843
1843
-960
1818
-1