99
95
959
738
738
1145
657
657
821
821
586
982
657
2396
1549
755
1607
-203
1501
-895
915
857
915
-441
-2459
61
-1448
1108
1108
759
-521
1446
905
905
1533
631
1533
1533
1533
1618
671
1618
-1
-1
67
-1
764
764
51
1556
764
61
51
61
764
51
1217
514
1217
458
831
831
831
582
582
582
714
831
130
222
222
731
-211
-106
-98
615
-854
615
-48
948
1524
469
469
1421
469
469
136
469
136
469
469
484
484
940
940
494
848
494
2283
2283
2514
2908
2908
-517
966
966
966
372
-999
372
-999
516
1556
-311
-999
625
625
-311
372
625
625
-311
-182
-1366
618
1514
1514
1660
-1034
-847
956
-700
956
-700
1826
956
69
956
1556
-701
956
1556
-701
69
69
69
774
774
774
1591
344
1591
1591
1591
774
774
-47
774
-666
21
-905
21
721
21
-900
-900
21
-900
-600
21
-198
-32
-198
623
623
789
479
479
855
855
509
479
928
918
1010
-231
-483
-440
-440
-440
-483
934
934
934
-302
934
917
-302
-302
934
-302
934
1032
560
560
1452
1452
306
-1075
-946
-87
-946
-87
-1260
212
-29
998
1151
1151
965
212
94
94
94
965
94
164
-85
259
164
-1881
-935
1151
1315
-771
1315
1819
1315
328
1315
1315
1315
980
628
669
669
894
628
2311
2311
60
628
314
754
754
398
519
-1520
519
1441
1441
613
519
1441
-140
519
-534
-261
519
1804
-104
519
-104
704
521
789
1399
1322
1322
274
302
625
581
581
581
-634
568
-636
353
581
-636
-636
-165
-636
-165
-165
-165
1343
629
1343
1343
521
1343
1343
-636
1383
1383
629
669
669
669
1461
1461
1455
1455
1455
1455
1574
705
1574
1574
865
1538
1538
-73
382
1212
888
-790
-790
-488
-1147
-284
-284
451
52
193
193
685
700
562
-122
562
685
521
358
614
73
1211
670
835
835
-464
-440
-440
-440
101
101
293
1347
731
39
847
440
128
255
847
847
847
1623
904
904
1623
664
202
1219
1623
-951
-951
-683
1057
781
781
377
1057
781
781
861
861
1733
-194
1291
1291
1291
1788
1716
1716
1716
1716
1082
520
1716
152
-965
1684
1565
1122
547
547
277
659
893
893
1732
1732
1732
893
317
317
893
893
893
877
792
893
-492
918
99
751
918
-4
-4
-4
-72
699
-4
120
120
918
751
120
918
601
1069
601
751
1069
601
601
1676
1749
1676
1676
1749
1676
1749
1749
-668
994
1047
1127
1127
1127
918
918
1127
110
110
2744
-172
2361
1545
932
932
1545
-31
932
75
574
574
15
1660
534
2064
1093
622
622
2064
625
2064
2064
60
498
498
1034
264
1034
952
1034
1034
1034
60
2513
716
707
1695
2707
869
707
707
-887
-887
-887
-887
913
913
913
913
913
913
781
48
506
-149
48
506
506
389
506
506
506
1074
647
647
48
-147
-19
-147
-80
-147
-147
-19
-147
912
-147
1061
-80
-80
-1225
109
109
-203
1103
356
356
356
356
918
356
639
-291
-333
-1224
-150
-333
-972
-1673
1451
352
251
1497
1991
352
352
352
1991
2258
2641
-446
3447
-935
757
-574
3447
-825
-825
3447
269
3146
3447
-689
1497
445
3447
-380
-58
-826
3146
3146
-344
-344
312
1497
730
9
690
690
53
785
53
-209
228
1439
785
1111
2539
785
2539
2779
2464
2779
2779
303
2213
2256
1385
-1000
52
-1713
1128
746
160
303
1128
1408
965
1128
1408
1408
1128
317
1408
1408
936
293
-539
-69
-539
1408
136
279
279
832
1679
-69
-922
1355
36
36
36
36
-262
-262
-262
-262
929
-313
-69
-69
929
-262
-1193
-1193
900
900
900
-291
-262
900
900
186
900
900
186
-69
-273
900
276
276
142
142
539
186
464
-299
1060
1060
456
-576
-576
27
27
27
641
-843
27
1112
-372
228
-885
513
539
539
351
461
1215
351
993
993
993
993
351
993
-417
-969
-130
993
993
993
351
142
-432
-972
-432
-972
314
-288
-253
197
197
-59
-286
751
552
552
552
552
552
552
-225
-631
349
1205
-583
491
186
1760
1760
637
1760
-270
-176
1760
2746
-142
-480
-142
-480
-142
-303
534
534
-246
-246
162
162
542
-599
646
1348
-668
338
141
141
141
141
234
137
185
1134
1134
1134
1134
1041
2001
2001
2001
2001
1118
1118
436
-972
436
430
430
436
342
436
-800
436
701
701
141
141
-872
-872
-800
598
710
710
710
339
824
-454
824
1541
1541
710
-215
854
1541
1541
572
991
1766
197
1376
973
973
533
973
973
973
973
533
1206
1206
642
-175
-175
448
699
1994
699
738
1876
1105
1876
1105
323
1843
2550
1256
1030
2550
1030
913
1771
2550
-115
2550
2550
2561
334
2561
-364
653
653
3537
3201
1609
196
196
407
407
3537
407
407
948
154
-405
-834
3537
-834
551
-238
-238
731
731
1019
-865
-748
154
133
151
151
-232
-841
174
174
-841
-70
-70
635
635
635
-773
635
635
-368
635
635
-120
635
-306
706
706
1587
1516
498
498
1617
483
1346
1346
540
718
723
1369
1270
2305
736
32
32
719
-659
-659
713
1397
-435
18
873
873
2127
873
80
80
80
2127
-1097
541
-169
78
78
80
669
669
669
669
-639
-639
-832
-203
-736
-203
918
-142
-681
-474
669
236
669
236
236
669
236
623
623
623
-664
408
1244
1412
408
429
549
549
429
1924
1924
1928
1358
801
110
1400
1400
1505
215
215
1505
1505
1505
719
1376
1505
1376
503
93
929
-86
-503
121
2048
-206
-316
277
2048
945
945
859
597
597
704
256
945
645
1698
597
1698
810
810
810
1684
1773
1438
1773
1773
1775
1560
1775
1773
1919
-49
1917
1919
1919
-804
291
780
-544
780
-24
780
397
-544
-544
665
-692
665
-692
142
142
142
1104
901
569
569
569
569
569
-253
975
569
975
975
975
975
580
580
975
975
330
975
1080
975
580
975
580
1821
1426
1080
660
788
660
660
660
43
-121
533
800
-224
800
533
800
800
800
-125
800
-256
1038
1038
1176
-196
875
875
875
875
875
875
875
875
875
840
840
840
840
840
342
342
63
63
-236
1176
1176
-258
-159
-339
-655
-736
406
896
487
206
-686
896
896
1590
-797
566
-1518
-1518
-279
-279
-279
-714
-353
-279
-353
566
-246
-246
557
557
566
557
557
557
-246
1152
1552
-198
-198
137
970
-115
846
843
692
692
692
843
843
-1563
957
-109
843
957
957
843
957
926
926
957
-384
-384
926
926
772
926
696
772
-379
630
-520
772
772
-520
772
772
772
772
241
241
1071
1673
1071
-106
-981
-86
-86
1673
923
1067
1737
1737
1737
1241
1034
1034
1034
1241
1790
2492
-336
2492
-336
1594
923
2571
2571
1673
2571
1869
514
860
1937
894
1639
2413
1112
1033
249
553
324
553
-143
235
612
181
546
661
122
1143
122
1143
1143
1143
-802
-802
-802
122
122
-790
-1202
-790
-1504
-3127
-401
-401
-401
-401
-401
878
878
878
878
878
431
878
731
731
731
878
731
731
878
872
-20
1342
1342
591
-277
-499
2776
-1
-1
-1
-1
-1
-1
-1
-1
401
-245
-344
-388
-1
-787
320
2296
417
417
553
553
553
417
2296
553
140
553
-668
553
816
553
553
553
-881
-881
-881
203
78
-532
462
1100
-81
794
996
996
626
996
1235
1235
626
-1631
1235
373
626
-773
-773
-323
608
507
-128
107
-50
507
-50
-934
504
-50
-50
504
-8
-8
504
-50
-623
-50
-50
-8
504
-915
-623
125
-623
948
-773
-69
-299
878
200
27
878
1093
1093
1093
1093
1093
803
803
803
803
803
821
-716
175
-494
863
300
300
778
465
465
-423
-273
-1259
239
1706
-649
856
856
856
992
269
269
687
119
119
1425
-916
346
-651
-73
51
51
107
897
1572
1572
1484
578
578
315
467
467
578
315
1939
542
808
315
315
-48
848
1939
848
433
-802
433
848
-94
848
433
1939
-94
-94
848
433
-94
848
-348
1727
1239
1239
312
1239
412
-758
-664
-240
-240
219
657
657
769
-374
-374
-374
-374
109
109
663
-864
80
587
1071
587
1159
1345
2040
-272
107
-272
-272
-272
-1059
818
-272
212
-575
564
-159
412
-159
623
623
543
623
623
623
543
543
827
-272
996
1125
1125
57
1501
1501
1372
1428
-284
1428
780
-86
-86
780
-284
1428
219
-284
279
1210
1960
1210
-156
970
1210
-123
-313
1210
1210
1210
349
577
-246
-246
259
1011
1476
-246
1011
259
-246
130
1476
130
1476
1476
1476
1476
1476
1011
130
130
1476
31
655
-876
655
656
1476
1243
656
-438
968
355
-219
-308
729
729
729
763
-98
-697
-697
727
727
128
514
514
1304
1304
1113
729
1304
1304
1113
1304
14
1304
1679
2010
2010
1433
1817
696
1058
1433
767
696
-223
-50
1215
1215
1215
-330
135
135
-330
135
-929
135
-769
770
770
770
-929
770
588
588
-923
588
1032
722
1138
1138
473
578
618
-353
1052
-47
1213
1213
649
-566
352
352
871
200
-677
-677
-950
511
511
511
850
850
1554
1554
1554
1554
664
-868
1103
1103
1586
1586
982
1586
1000
664
982
942
247
194
194
942
1586
272
942
272
-123
-123
323
-28
-28
1000
810
810
-739
762
1516
1516
1178
2172
463
2172
1178
551
551
-212
-1527
551
463
1655
1655
290
1601
2189
2189
2189
2172
2172
1326
1214
1326
1326
1326
1326
1326
2172
2172
996
996
746
1214
2172
736
996
1457
118
185
716
487
1085
774
-98
1958
115
1360
1958
1958
-599
-552
-88
1958
1457
1244
162
1958
646
311
-816
230
646
1587
0
0
0
1587
710
1457
0
1587
806
661
510
1386
-272
-31
1457
510
1177
1687
724
1908
326
-312
2115
-312
1466
1466
204
204
2115
1346
1346
1346
717
1346
597
-778
714
353
353
1587
714
963
714
353
963
353
-460
963
963
353
353
863
963
-2599
882
846
846
846
-760
-760
-182
-198
591
591
591
962
1334
369
369
369
369
-191
369
1334
369
-502
432
-1049
432
-1049
1352
1352
308
1352
432
1352
1352
1352
1352
467
1334
467
159
-487
159
467
-134
-134
-134
-134
265
213
213
867
1334
198
-134
583
1151
1151
213
254
1195
602
-750
680
233
145
-376
233
-970
233
52
52
905
52
-97
1534
-569
-363
-363
856
1249
1249
-956
-781
-509
-399
1249
1249
-509
-509
-781
-509
-509
-117
-509
427
-117
-509
-117
-117
-117
427
427
140
140
140
458
-117
511
348
589
853
855
855
855
855
772
772
772
772
772
772
772
772
982
772
-64
772
-64
-64
772
589
589
-417
496
589
1222
728
-31
878
1619
717
681
717
28
864
530
864
1053
566
530
530
1767
2003
2003
1091
449
681
1023
1052
695
898
1008
2230
1497
2230
1497
1008
1576
1576
1648
1648
1196
542
542
954
542
542
1571
542
-440
559
-819
238
559
559
447
232
854
854
1218
1218
854
1710
734
854
1218
361
886
1697
87
1083
733
645
213
645
733
-10
-813
-10
645
-813
920
920
920
1597
647
-948
647
338
1719
767
721
733
-613
736
736
-174
736
239
239
239
239
969
969
164
926
1400
1400
1400
1749
1749
946
-776
842
842
-967
1390
1390
942
43
43
641
-759
-1193
-551
954
954
-682
-682
222
-733
-351
-733
-70
-163
800
893
800
800
800
550
954
550
979
1535
1539
1539
1539
1535
1535
1539
1539
2493
223
1303
1303
979
954
-1401
3405
-489
-333
3156
461
222
4114
4968
4968
1414
4968
1090
6422
220
220
220
220
2058
17
426
17
2058
998
1391
3364
635
3364
391
-24
66
1625
66
923
923
923
923
-546
645
-28
2058
-304
986
2058
1542
1617
1617
148
1617
-462
2395
1617
2395
223
1617
281
281
281
1640
538
2400
857
1786
1480
189
427
2122
2567
2567
538
433
2567
3340
3340
154
3340
554
433
2400
473
1578
2229
1443
-48
-48
47
208
208
-473
472
1804
-522
-522
-123
1852
-522
-123
865
1852
865
865
294
294
-577
741
294
-71
-896
1852
577
577
577
577
577
1852
577
1852
577
27
1553
27
1852
1553
27
1962
-423
2001
843
-423
843
843
2001
95
-503
47
-687
472
472
472
-687
677
677
613
677
-676
1343
1343
974
1992
627
-10
641
1992
1992
2740
2740
1375
2740
2740
2740
2740
1375
1869
283
1869
-246
-450
-342
-342
1220
382
382
344
-852
1473
1473
1473
1473
1473
1473
1473
981
981
344
991
466
549
549
1572
1572
1572
2421
549
1896
549
-645
-645
344
-485
-485
-485
-485
-460
-460
-265
-235
-645
-383
-1262
82
-188
859
-802
-324
-324
785
-570
785
-617
-570
785
785
-782
897
897
550
859
851
851
851
-886
859
448
448
781
-242
781
-727
858
-363
296
1088
580
1106
-154
621
621
621
-1174
729
729
729
-603
679
-475
-475
-475
-475
-475
679
-1417
-1417
-2398
-40
-2343
163
833
14
823
439
-829
439
368
368
828
439
-400
368
831
457
831
368
1080
149
1080
144
1080
439
1080
1080
884
1080
884
368
269
-507
1075
1075
1497
2065
1497
2065
2108
583
2108
791
613
613
-123
1256
-909
474
569
662
123
360
569
729
57
57
215
495
810
810
810
575
1404
2014
2014
2278
2278
1719
80
173
173
-431
569
1277
1277
1277
-728
1067
-727
-728
1277
1067
1067
120
694
1277
1406
1277
1406
979
525
856
117
1543
1543
1001
1485
1543
1001
-625
-251
996
230
1221
719
793
1581
-664
1581
1581
-392
-337
959
-624
-38
-624
-779
1581
-490
1581
-348
1695
1581
1276
996
-348
517
1276
338
1581
-92
1726
1726
1726
996
1726
1726
1726
996
-213
1954
1464
-475
1464
880
1649
1954
932
996
752
752
932
-373
996
996
7
7
428
-190
-190
-190
989
692
877
663
1363
1363
877
877
-95
-95
877
871
871
871
871
871
871
871
871
-123
-123
-123
-213
-97
-97
-69
-97
-97
-922
-567
-97
59
407
-1274
59
-187
615
615
-480
193
193
-745
714
-745
615
216
115
115
115
115
570
570
570
-393
570
208
-393
208
-118
115
-395
-395
-395
613
-649
302
-649
-94
561
561
-94
1116
-648
-648
-648
-94
534
-77
534
22
479
479
1023
1828
1828
-385
-1653
1828
1828
1147
1147
1147
576
1147
830
830
339
830
830
443
830
830
443
830
443
830
618
110
22
110
443
347
347
347
603
603
603
603
995
995
693
1383
693
305
167
640
167
640
167
1302
1469
1974
1469
1974
1469
1974
-515
1974
1321
886
2650
886
886
886
886
-954
-954
-75
-954
-196
938
938
1434
938
1434
202
-196
522
472
1018
446
666
373
2699
373
832
-347
-767
-1020
666
-284
-253
-690
376
376
376
376
136
136
423
136
423
423
423
136
136
136
136
136
-1157
1343
1343
1079
1079
1079
1079
1079
-846
488
488
488
488
910
-844
1329
679
1329
-659
865
865
-467
-96
-467
-551
-165
-436
658
-551
-551
-436
-551
581
581
581
-825
581
-825
581
-119
-119
-111
5