\BOOKMARK [1][-]{section.1}{300. Train}{}
\BOOKMARK [1][-]{section.2}{301. Boring. Hot. Summer...}{}
\BOOKMARK [1][-]{section.3}{302. BHTML 1.0}{}
\BOOKMARK [1][-]{section.4}{303. Great Berland Wall}{}
\BOOKMARK [1][-]{section.5}{304. Mars Stomatology}{}
\BOOKMARK [1][-]{section.6}{305. Exhibition}{}
\BOOKMARK [1][-]{section.7}{306. Balance}{}
\BOOKMARK [1][-]{section.8}{307. Cipher}{}
\BOOKMARK [1][-]{section.9}{309. Real Fun}{}
\BOOKMARK [1][-]{section.10}{310. Hippopotamus}{}
\BOOKMARK [1][-]{section.11}{311. Ice-cream Tycoon}{}
\BOOKMARK [1][-]{section.12}{312. 4-3 King}{}
\BOOKMARK [1][-]{section.13}{313. Circular Railway}{}
\BOOKMARK [1][-]{section.14}{314. Shortest Paths}{}
\BOOKMARK [1][-]{section.15}{316. Code Tanks}{}
\BOOKMARK [1][-]{section.16}{317. Fast Ride}{}
\BOOKMARK [1][-]{section.17}{318. Grants}{}
\BOOKMARK [1][-]{section.18}{319. Kalevich Strikes Back}{}
\BOOKMARK [1][-]{section.19}{321. The Spy Network}{}
\BOOKMARK [1][-]{section.20}{322. The Great Union}{}
\BOOKMARK [1][-]{section.21}{323. The Great Union}{}
\BOOKMARK [1][-]{section.22}{324. The Text Formatting}{}
\BOOKMARK [1][-]{section.23}{325. Palindrome}{}
\BOOKMARK [1][-]{section.24}{326. Perspective}{}
\BOOKMARK [1][-]{section.25}{327. Yet Another Palindrome}{}
\BOOKMARK [1][-]{section.26}{327. Yet Another Palindrome}{}
\BOOKMARK [1][-]{section.27}{328. A Coloring Game}{}
\BOOKMARK [1][-]{section.28}{329. Black-and-White Triangle}{}
\BOOKMARK [1][-]{section.29}{330. Numbers}{}
\BOOKMARK [1][-]{section.30}{332. Largest Circle}{}
\BOOKMARK [1][-]{section.31}{334. Tiny Puzzle}{}
\BOOKMARK [1][-]{section.32}{335. Thiefs and Cops}{}
